2025-10-01T11:20:40,888 INFO [main] org.hibernate.validator.internal.util.Version - HV000001: Hibernate Validator 6.2.5.Final
2025-10-01T11:20:42,107 INFO [main] org.apache.druid.guice.ExtensionsLoader - Loading extension [druid-hdfs-storage], jars: aws-java-sdk-s3-1.12.638.jar, httpclient-4.5.13.jar, hadoop-client-api-3.3.6.jar, hadoop-aws-3.3.6.jar, aws-java-sdk-core-1.12.638.jar, jmespath-java-1.12.638.jar, hadoop-client-runtime-3.3.6.jar, druid-hdfs-storage-29.0.0.jar, commons-codec-1.16.0.jar, jsr305-2.0.1.jar, slf4j-api-1.7.36.jar, httpcore-4.4.11.jar, aws-java-sdk-kms-1.12.638.jar, jackson-dataformat-cbor-2.12.7.jar, commons-logging-1.1.1.jar, wildfly-openssl-1.1.3.Final.jar, joda-time-2.12.5.jar, snappy-java-1.1.10.4.jar
2025-10-01T11:20:42,127 INFO [main] org.apache.druid.guice.ExtensionsLoader - Loading extension [druid-kafka-indexing-service], jars: kafka-clients-3.6.1.jar, zstd-jni-1.5.2-3.jar, druid-kafka-indexing-service-29.0.0.jar, snappy-java-1.1.10.4.jar, lz4-java-1.8.0.jar
2025-10-01T11:20:42,143 INFO [main] org.apache.druid.guice.ExtensionsLoader - Loading extension [druid-datasketches], jars: druid-datasketches-29.0.0.jar, commons-math3-3.6.1.jar
2025-10-01T11:20:42,146 INFO [main] org.apache.druid.guice.ExtensionsLoader - Loading extension [druid-multi-stage-query], jars: druid-multi-stage-query-29.0.0.jar
2025-10-01T11:20:42,148 INFO [main] org.apache.druid.guice.ExtensionsLoader - Loading extension [postgresql-metadata-storage], jars: postgresql-42.6.0.jar, checker-qual-3.31.0.jar, postgresql-metadata-storage-29.0.0.jar
2025-10-01T11:20:42,836 INFO [main] org.apache.druid.guice.ExtensionsLoader - Loading extension [druid-hdfs-storage], jars: aws-java-sdk-s3-1.12.638.jar, httpclient-4.5.13.jar, hadoop-client-api-3.3.6.jar, hadoop-aws-3.3.6.jar, aws-java-sdk-core-1.12.638.jar, jmespath-java-1.12.638.jar, hadoop-client-runtime-3.3.6.jar, druid-hdfs-storage-29.0.0.jar, commons-codec-1.16.0.jar, jsr305-2.0.1.jar, slf4j-api-1.7.36.jar, httpcore-4.4.11.jar, aws-java-sdk-kms-1.12.638.jar, jackson-dataformat-cbor-2.12.7.jar, commons-logging-1.1.1.jar, wildfly-openssl-1.1.3.Final.jar, joda-time-2.12.5.jar, snappy-java-1.1.10.4.jar
2025-10-01T11:20:42,843 INFO [main] org.apache.druid.guice.ExtensionsLoader - Loading extension [druid-kafka-indexing-service], jars: kafka-clients-3.6.1.jar, zstd-jni-1.5.2-3.jar, druid-kafka-indexing-service-29.0.0.jar, snappy-java-1.1.10.4.jar, lz4-java-1.8.0.jar
2025-10-01T11:20:42,849 INFO [main] org.apache.druid.guice.ExtensionsLoader - Loading extension [druid-datasketches], jars: druid-datasketches-29.0.0.jar, commons-math3-3.6.1.jar
2025-10-01T11:20:42,862 INFO [main] org.apache.druid.guice.ExtensionsLoader - Loading extension [druid-multi-stage-query], jars: druid-multi-stage-query-29.0.0.jar
2025-10-01T11:20:42,883 INFO [main] org.apache.druid.guice.ExtensionsLoader - Loading extension [postgresql-metadata-storage], jars: postgresql-42.6.0.jar, checker-qual-3.31.0.jar, postgresql-metadata-storage-29.0.0.jar
2025-10-01T11:20:45,566 WARN [main] org.apache.hadoop.util.NativeCodeLoader - Unable to load native-hadoop library for your platform... using builtin-java classes where applicable
2025-10-01T11:20:49,511 INFO [main] org.apache.druid.server.emitter.EmitterModule - Using emitter [NoopEmitter{}] for metrics and alerts, with dimensions [{version=29.0.0}].
2025-10-01T11:20:49,881 INFO [main] org.apache.druid.server.metrics.MetricsModule - Loaded 6 monitors: org.apache.druid.java.util.metrics.JvmMonitor, org.apache.druid.server.metrics.ServiceStatusMonitor, org.apache.druid.query.ExecutorServiceMonitor, org.apache.druid.sql.avatica.AvaticaMonitor, org.apache.druid.curator.DruidConnectionStateListener, org.apache.druid.server.initialization.jetty.JettyServerModule$JettyMonitor
2025-10-01T11:20:49,937 INFO [main] org.apache.druid.cli.CliBroker - Starting up with processors [10], memory [1,073,741,824], maxMemory [1,073,741,824], directMemory [1,073,741,824]. Properties follow.
2025-10-01T11:20:49,940 INFO [main] org.apache.druid.cli.CliBroker - * druid.broker.cache.populateCache: false
2025-10-01T11:20:49,941 INFO [main] org.apache.druid.cli.CliBroker - * druid.broker.cache.useCache: false
2025-10-01T11:20:49,941 INFO [main] org.apache.druid.cli.CliBroker - * druid.broker.http.maxQueuedBytes: 8MiB
2025-10-01T11:20:49,941 INFO [main] org.apache.druid.cli.CliBroker - * druid.broker.http.numConnections: 40
2025-10-01T11:20:49,942 INFO [main] org.apache.druid.cli.CliBroker - * druid.emitter: noop
2025-10-01T11:20:49,942 INFO [main] org.apache.druid.cli.CliBroker - * druid.emitter.logging.logLevel: info
2025-10-01T11:20:49,943 INFO [main] org.apache.druid.cli.CliBroker - * druid.expressions.useStrictBooleans: true
2025-10-01T11:20:49,943 INFO [main] org.apache.druid.cli.CliBroker - * druid.extensions.loadList: ["druid-hdfs-storage", "druid-kafka-indexing-service", "druid-datasketches", "druid-multi-stage-query", "postgresql-metadata-storage"]
2025-10-01T11:20:49,943 INFO [main] org.apache.druid.cli.CliBroker - * druid.host: broker
2025-10-01T11:20:49,943 INFO [main] org.apache.druid.cli.CliBroker - * druid.indexer.logs.directory: var/druid/indexing-logs
2025-10-01T11:20:49,944 INFO [main] org.apache.druid.cli.CliBroker - * druid.indexer.logs.type: file
2025-10-01T11:20:49,944 INFO [main] org.apache.druid.cli.CliBroker - * druid.indexing.doubleStorage: double
2025-10-01T11:20:49,944 INFO [main] org.apache.druid.cli.CliBroker - * druid.lookup.enableLookupSyncOnStartup: false
2025-10-01T11:20:49,944 INFO [main] org.apache.druid.cli.CliBroker - * druid.metadata.storage.connector.connectURI: jdbc:postgresql://metadata-storage:5432/druid
2025-10-01T11:20:49,944 INFO [main] org.apache.druid.cli.CliBroker - * druid.metadata.storage.connector.password: <masked>
2025-10-01T11:20:49,945 INFO [main] org.apache.druid.cli.CliBroker - * druid.metadata.storage.connector.user: druid
2025-10-01T11:20:49,945 INFO [main] org.apache.druid.cli.CliBroker - * druid.metadata.storage.type: postgresql
2025-10-01T11:20:49,945 INFO [main] org.apache.druid.cli.CliBroker - * druid.monitoring.monitors: ["org.apache.druid.java.util.metrics.JvmMonitor", "org.apache.druid.server.metrics.ServiceStatusMonitor"]
2025-10-01T11:20:49,946 INFO [main] org.apache.druid.cli.CliBroker - * druid.node.type: broker
2025-10-01T11:20:49,946 INFO [main] org.apache.druid.cli.CliBroker - * druid.plaintextPort: 8082
2025-10-01T11:20:49,947 INFO [main] org.apache.druid.cli.CliBroker - * druid.processing.buffer.sizeBytes: 134217728
2025-10-01T11:20:49,947 INFO [main] org.apache.druid.cli.CliBroker - * druid.processing.numMergeBuffers: 2
2025-10-01T11:20:49,948 INFO [main] org.apache.druid.cli.CliBroker - * druid.processing.numThreads: 2
2025-10-01T11:20:49,951 INFO [main] org.apache.druid.cli.CliBroker - * druid.processing.tmpDir: var/druid/processing
2025-10-01T11:20:49,952 INFO [main] org.apache.druid.cli.CliBroker - * druid.selectors.coordinator.serviceName: druid/coordinator
2025-10-01T11:20:49,952 INFO [main] org.apache.druid.cli.CliBroker - * druid.selectors.indexing.serviceName: druid/overlord
2025-10-01T11:20:49,952 INFO [main] org.apache.druid.cli.CliBroker - * druid.server.hiddenProperties: ["druid.s3.accessKey","druid.s3.secretKey","druid.metadata.storage.connector.password", "password", "key", "token", "pwd"]
2025-10-01T11:20:49,953 INFO [main] org.apache.druid.cli.CliBroker - * druid.server.http.numThreads: 40
2025-10-01T11:20:49,953 INFO [main] org.apache.druid.cli.CliBroker - * druid.service: druid/broker
2025-10-01T11:20:49,954 INFO [main] org.apache.druid.cli.CliBroker - * druid.sql.enable: true
2025-10-01T11:20:49,954 INFO [main] org.apache.druid.cli.CliBroker - * druid.sql.planner.useGroupingSetForExactDistinct: true
2025-10-01T11:20:49,956 INFO [main] org.apache.druid.cli.CliBroker - * druid.startup.logging.logProperties: true
2025-10-01T11:20:49,957 INFO [main] org.apache.druid.cli.CliBroker - * druid.storage.storageDirectory: var/druid/segments
2025-10-01T11:20:49,957 INFO [main] org.apache.druid.cli.CliBroker - * druid.storage.type: local
2025-10-01T11:20:49,958 INFO [main] org.apache.druid.cli.CliBroker - * druid.zk.paths.base: /druid
2025-10-01T11:20:49,961 INFO [main] org.apache.druid.cli.CliBroker - * druid.zk.service.host: zookeeper
2025-10-01T11:20:49,961 INFO [main] org.apache.druid.cli.CliBroker - * file.encoding: UTF-8
2025-10-01T11:20:49,962 INFO [main] org.apache.druid.cli.CliBroker - * file.separator: /
2025-10-01T11:20:49,963 INFO [main] org.apache.druid.cli.CliBroker - * java.class.path: /opt/druid/overrides/*:/tmp/conf/druid/cluster/_common:/tmp/conf/druid/cluster/query/broker:lib/async-http-client-netty-utils-2.5.3.jar:lib/maven-settings-builder-3.1.1.jar:lib/json-simple-1.1.1.jar:lib/checker-qual-2.5.7.jar:lib/jetty-rewrite-9.4.53.v20231009.jar:lib/netty-resolver-4.1.100.Final.jar:lib/guice-4.1.0.jar:lib/jackson-datatype-guava-2.12.7.jar:lib/netty-reactive-streams-2.0.0.jar:lib/google-http-client-apache-v2-1.42.3.jar:lib/aws-java-sdk-sts-1.12.638.jar:lib/async-http-client-2.5.3.jar:lib/guice-assistedinject-4.1.0.jar:lib/jackson-databind-2.12.7.1.jar:lib/google-http-client-jackson2-1.42.3.jar:lib/jackson-jq-0.0.10.jar:lib/maven-model-builder-3.1.1.jar:lib/asm-commons-9.3.jar:lib/aether-connector-file-0.9.0.M2.jar:lib/accessors-smart-2.4.11.jar:lib/aws-java-sdk-ec2-1.12.638.jar:lib/aws-java-sdk-s3-1.12.638.jar:lib/jcodings-1.0.43.jar:lib/zookeeper-jute-3.8.3.jar:lib/disruptor-3.3.6.jar:lib/javax.activation-api-1.2.0.jar:lib/calcite-linq4j-1.35.0.jar:lib/derbyclient-10.14.2.0.jar:lib/google-http-client-1.42.3.jar:lib/netty-transport-classes-epoll-4.1.100.Final.jar:lib/maven-artifact-3.6.0.jar:lib/icu4j-73.2.jar:lib/reactive-streams-1.0.2.jar:lib/netty-resolver-dns-4.1.100.Final.jar:lib/guice-servlet-4.1.0.jar:lib/commons-collections-3.2.2.jar:lib/jna-platform-5.13.0.jar:lib/druid-indexing-hadoop-29.0.0.jar:lib/derbynet-10.14.2.0.jar:lib/txw2-2.3.1.jar:lib/guava-32.0.1-jre.jar:lib/asm-analysis-9.3.jar:lib/jcl-over-slf4j-1.7.36.jar:lib/curator-recipes-5.5.0.jar:lib/log4j-jul-2.18.0.jar:lib/log4j-1.2-api-2.18.0.jar:lib/netty-codec-4.1.100.Final.jar:lib/protobuf-java-3.24.0.jar:lib/httpclient-4.5.13.jar:lib/ipaddress-5.3.4.jar:lib/audience-annotations-0.12.0.jar:lib/druid-sql-29.0.0.jar:lib/maven-settings-3.1.1.jar:lib/airline-2.8.4.jar:lib/stax-ex-1.8.jar:lib/jaxb-runtime-2.3.1.jar:lib/druid-indexing-service-29.0.0.jar:lib/grpc-context-1.27.2.jar:lib/druid-processing-29.0.0.jar:lib/fastutil-extra-8.5.4.jar:lib/json-smart-2.4.11.jar:lib/jts-core-1.19.0.jar:lib/log4j-api-2.18.0.jar:lib/resilience4j-bulkhead-1.3.1.jar:lib/jetty-servlets-9.4.53.v20231009.jar:lib/okhttp-1.0.2.jar:lib/netty-codec-dns-4.1.100.Final.jar:lib/commons-math3-3.6.1.jar:lib/aws-java-sdk-core-1.12.638.jar:lib/FastInfoset-1.2.15.jar:lib/netty-common-4.1.100.Final.jar:lib/derby-10.14.2.0.jar:lib/log4j-slf4j-impl-2.18.0.jar:lib/jboss-logging-3.4.1.Final.jar:lib/curator-x-discovery-5.5.0.jar:lib/jmespath-java-1.12.638.jar:lib/error_prone_annotations-2.20.0.jar:lib/jetty-util-9.4.53.v20231009.jar:lib/cron-scheduler-0.1.jar:lib/vavr-match-0.10.2.jar:lib/aggdesigner-algorithm-6.0.jar:lib/airline-io-2.8.4.jar:lib/httpcore5-h2-5.1.3.jar:lib/jackson-jaxrs-base-2.12.7.jar:lib/jackson-module-guice-2.12.7.jar:lib/jetty-proxy-9.4.53.v20231009.jar:lib/zookeeper-3.8.3.jar:lib/hibernate-validator-6.2.5.Final.jar:lib/log4j-core-2.18.0.jar:lib/janino-3.1.9.jar:lib/jetty-http-9.4.53.v20231009.jar:lib/avatica-core-1.23.0.jar:lib/fastutil-core-8.5.4.jar:lib/maven-aether-provider-3.1.1.jar:lib/tesla-aether-0.0.5.jar:lib/uzaygezen-core-0.2.jar:lib/elasticache-java-cluster-client-1.2.0.jar:lib/commons-lang3-3.12.0.jar:lib/aether-spi-0.9.0.M2.jar:lib/jersey-servlet-1.19.4.jar:lib/druid-aws-common-29.0.0.jar:lib/json-path-2.3.0.jar:lib/druid-services-29.0.0.jar:lib/jaxb-api-2.3.1.jar:lib/metrics-core-4.2.22.jar:lib/aether-connector-okhttp-0.0.9.jar:lib/javax.inject-1.jar:lib/curator-framework-5.5.0.jar:lib/compress-lzf-1.0.4.jar:lib/zstd-jni-1.5.2-3.jar:lib/avatica-metrics-1.23.0.jar:lib/jetty-server-9.4.53.v20231009.jar:lib/netty-handler-proxy-4.1.100.Final.jar:lib/xz-1.9.jar:lib/commons-io-2.11.0.jar:lib/commons-codec-1.16.0.jar:lib/failureaccess-1.0.1.jar:lib/httpclient5-5.1.3.jar:lib/apiguardian-api-1.1.2.jar:lib/jetty-continuation-9.4.53.v20231009.jar:lib/avatica-server-1.23.0.jar:lib/jsr305-2.0.1.jar:lib/jersey-guice-1.19.4.jar:lib/guice-multibindings-4.1.0.jar:lib/aether-impl-0.9.0.M2.jar:lib/jetty-servlet-9.4.53.v20231009.jar:lib/netty-transport-native-unix-common-4.1.100.Final.jar:lib/druid-server-29.0.0.jar:lib/proj4j-1.2.2.jar:lib/asm-tree-9.3.jar:lib/netty-codec-http-4.1.100.Final.jar:lib/slf4j-api-1.7.36.jar:lib/javax.el-api-3.0.0.jar:lib/jackson-core-2.12.7.jar:lib/aether-api-0.9.0.M2.jar:lib/httpcore-4.4.11.jar:lib/jackson-jaxrs-smile-provider-2.12.7.jar:lib/jetty-security-9.4.53.v20231009.jar:lib/gson-2.10.jar:lib/plexus-utils-3.0.24.jar:lib/datasketches-memory-2.2.0.jar:lib/jackson-module-jaxb-annotations-2.12.7.jar:lib/jackson-jaxrs-json-provider-2.12.7.jar:lib/google-http-client-gson-1.42.3.jar:lib/jakarta.xml.bind-api-2.3.2.jar:lib/antlr4-runtime-4.5.3.jar:lib/commons-compiler-3.1.9.jar:lib/jdbi-2.63.1.jar:lib/rhino-1.7.14.jar:lib/aws-java-sdk-kms-1.12.638.jar:lib/j2objc-annotations-2.8.jar:lib/netty-3.10.6.Final.jar:lib/jakarta.activation-api-1.2.1.jar:lib/resilience4j-core-1.3.1.jar:lib/commons-beanutils-1.9.4.jar:lib/caffeine-2.8.0.jar:lib/sigar-1.6.5.132.jar:lib/jakarta.validation-api-2.0.2.jar:lib/calcite-core-1.35.0.jar:lib/opencensus-contrib-http-util-0.31.1.jar:lib/jetty-client-9.4.53.v20231009.jar:lib/jackson-dataformat-cbor-2.12.7.jar:lib/aether-util-0.9.0.M2.jar:lib/maven-repository-metadata-3.1.1.jar:lib/netty-transport-native-epoll-4.1.100.Final-linux-x86_64.jar:lib/druid-gcp-common-29.0.0.jar:lib/istack-commons-runtime-3.0.7.jar:lib/jna-5.13.0.jar:lib/jackson-dataformat-smile-2.12.7.jar:lib/asm-9.3.jar:lib/netty-buffer-4.1.100.Final.jar:lib/commons-lang-2.6.jar:lib/commons-logging-1.1.1.jar:lib/commons-collections4-4.2.jar:lib/maven-model-3.1.1.jar:lib/jts-io-common-1.19.0.jar:lib/vavr-0.10.2.jar:lib/commons-compress-1.24.0.jar:lib/fastutil-8.5.4.jar:lib/joni-2.1.27.jar:lib/joda-time-2.12.5.jar:lib/commons-text-1.10.0.jar:lib/plexus-interpolation-1.19.jar:lib/aopalliance-1.0.jar:lib/web-console-29.0.0.jar:lib/RoaringBitmap-0.9.49.jar:lib/datasketches-java-4.2.0.jar:lib/curator-client-5.5.0.jar:lib/opencsv-4.6.jar:lib/jetty-util-ajax-9.4.53.v20231009.jar:lib/javax.activation-1.2.0.jar:lib/jersey-core-1.19.4.jar:lib/commons-dbcp2-2.0.1.jar:lib/javax.servlet-api-3.1.0.jar:lib/jakarta.inject-api-1.0.3.jar:lib/netty-codec-socks-4.1.100.Final.jar:lib/netty-handler-4.1.100.Final.jar:lib/commons-pool2-2.2.jar:lib/jackson-annotations-2.12.7.jar:lib/httpcore5-5.1.3.jar:lib/google-oauth-client-1.34.1.jar:lib/jersey-server-1.19.4.jar:lib/oshi-core-6.4.4.jar:lib/wagon-provider-api-2.4.jar:lib/snappy-java-1.1.10.4.jar:lib/google-api-client-2.2.0.jar:lib/config-magic-0.9.jar:lib/shims-0.9.49.jar:lib/jakarta.el-3.0.4.jar:lib/jackson-datatype-joda-2.12.7.jar:lib/classmate-1.5.1.jar:lib/netty-transport-4.1.100.Final.jar:lib/jsr311-api-1.1.1.jar:lib/lz4-java-1.8.0.jar:lib/opencensus-api-0.31.1.jar:lib/jetty-io-9.4.53.v20231009.jar:
2025-10-01T11:20:49,963 INFO [main] org.apache.druid.cli.CliBroker - * java.class.version: 61.0
2025-10-01T11:20:49,964 INFO [main] org.apache.druid.cli.CliBroker - * java.home: /usr/lib/jvm/java-17-openjdk-amd64
2025-10-01T11:20:49,964 INFO [main] org.apache.druid.cli.CliBroker - * java.io.tmpdir: var/tmp
2025-10-01T11:20:49,964 INFO [main] org.apache.druid.cli.CliBroker - * java.library.path: /usr/java/packages/lib:/usr/lib/x86_64-linux-gnu/jni:/lib/x86_64-linux-gnu:/usr/lib/x86_64-linux-gnu:/usr/lib/jni:/lib:/usr/lib
2025-10-01T11:20:49,964 INFO [main] org.apache.druid.cli.CliBroker - * java.runtime.name: OpenJDK Runtime Environment
2025-10-01T11:20:49,965 INFO [main] org.apache.druid.cli.CliBroker - * java.runtime.version: 17.0.10+7-Debian-1deb12u1
2025-10-01T11:20:49,965 INFO [main] org.apache.druid.cli.CliBroker - * java.specification.name: Java Platform API Specification
2025-10-01T11:20:49,966 INFO [main] org.apache.druid.cli.CliBroker - * java.specification.vendor: Oracle Corporation
2025-10-01T11:20:49,968 INFO [main] org.apache.druid.cli.CliBroker - * java.specification.version: 17
2025-10-01T11:20:49,968 INFO [main] org.apache.druid.cli.CliBroker - * java.util.logging.manager: org.apache.logging.log4j.jul.LogManager
2025-10-01T11:20:49,969 INFO [main] org.apache.druid.cli.CliBroker - * java.vendor: Debian
2025-10-01T11:20:49,970 INFO [main] org.apache.druid.cli.CliBroker - * java.vendor.url: https://tracker.debian.org/openjdk-17
2025-10-01T11:20:49,970 INFO [main] org.apache.druid.cli.CliBroker - * java.vendor.url.bug: https://bugs.debian.org/openjdk-17
2025-10-01T11:20:49,970 INFO [main] org.apache.druid.cli.CliBroker - * java.version: 17.0.10
2025-10-01T11:20:49,970 INFO [main] org.apache.druid.cli.CliBroker - * java.version.date: 2024-01-16
2025-10-01T11:20:49,970 INFO [main] org.apache.druid.cli.CliBroker - * java.vm.compressedOopsMode: 32-bit
2025-10-01T11:20:49,971 INFO [main] org.apache.druid.cli.CliBroker - * java.vm.info: mixed mode, sharing
2025-10-01T11:20:49,971 INFO [main] org.apache.druid.cli.CliBroker - * java.vm.name: OpenJDK 64-Bit Server VM
2025-10-01T11:20:49,972 INFO [main] org.apache.druid.cli.CliBroker - * java.vm.specification.name: Java Virtual Machine Specification
2025-10-01T11:20:49,973 INFO [main] org.apache.druid.cli.CliBroker - * java.vm.specification.vendor: Oracle Corporation
2025-10-01T11:20:49,973 INFO [main] org.apache.druid.cli.CliBroker - * java.vm.specification.version: 17
2025-10-01T11:20:49,973 INFO [main] org.apache.druid.cli.CliBroker - * java.vm.vendor: Debian
2025-10-01T11:20:49,974 INFO [main] org.apache.druid.cli.CliBroker - * java.vm.version: 17.0.10+7-Debian-1deb12u1
2025-10-01T11:20:49,974 INFO [main] org.apache.druid.cli.CliBroker - * jdk.debug: release
2025-10-01T11:20:49,974 INFO [main] org.apache.druid.cli.CliBroker - * line.separator: 

2025-10-01T11:20:49,974 INFO [main] org.apache.druid.cli.CliBroker - * log4j.shutdownCallbackRegistry: org.apache.druid.common.config.Log4jShutdown
2025-10-01T11:20:49,976 INFO [main] org.apache.druid.cli.CliBroker - * log4j.shutdownHookEnabled: true
2025-10-01T11:20:49,981 INFO [main] org.apache.druid.cli.CliBroker - * log4j2.is.webapp: false
2025-10-01T11:20:49,982 INFO [main] org.apache.druid.cli.CliBroker - * native.encoding: UTF-8
2025-10-01T11:20:49,983 INFO [main] org.apache.druid.cli.CliBroker - * os.arch: amd64
2025-10-01T11:20:49,986 INFO [main] org.apache.druid.cli.CliBroker - * os.name: Linux
2025-10-01T11:20:49,988 INFO [main] org.apache.druid.cli.CliBroker - * os.version: 6.10.14-linuxkit
2025-10-01T11:20:49,990 INFO [main] org.apache.druid.cli.CliBroker - * path.separator: :
2025-10-01T11:20:49,991 INFO [main] org.apache.druid.cli.CliBroker - * sun.arch.data.model: 64
2025-10-01T11:20:49,991 INFO [main] org.apache.druid.cli.CliBroker - * sun.boot.library.path: /usr/lib/jvm/java-17-openjdk-amd64/lib
2025-10-01T11:20:49,991 INFO [main] org.apache.druid.cli.CliBroker - * sun.cpu.endian: little
2025-10-01T11:20:49,992 INFO [main] org.apache.druid.cli.CliBroker - * sun.io.unicode.encoding: UnicodeLittle
2025-10-01T11:20:49,992 INFO [main] org.apache.druid.cli.CliBroker - * sun.java.command: org.apache.druid.cli.Main server broker
2025-10-01T11:20:49,992 INFO [main] org.apache.druid.cli.CliBroker - * sun.java.launcher: SUN_STANDARD
2025-10-01T11:20:49,994 INFO [main] org.apache.druid.cli.CliBroker - * sun.jnu.encoding: UTF-8
2025-10-01T11:20:49,994 INFO [main] org.apache.druid.cli.CliBroker - * sun.management.compiler: HotSpot 64-Bit Tiered Compilers
2025-10-01T11:20:49,995 INFO [main] org.apache.druid.cli.CliBroker - * user.dir: /opt/druid
2025-10-01T11:20:49,997 INFO [main] org.apache.druid.cli.CliBroker - * user.home: /opt/druid
2025-10-01T11:20:49,997 INFO [main] org.apache.druid.cli.CliBroker - * user.language: en
2025-10-01T11:20:49,997 INFO [main] org.apache.druid.cli.CliBroker - * user.name: druid
2025-10-01T11:20:49,998 INFO [main] org.apache.druid.cli.CliBroker - * user.timezone: UTC
2025-10-01T11:20:50,218 INFO [main] org.apache.druid.query.DruidProcessingConfig - Detected max direct memory size of [1,073,741,824] bytes
2025-10-01T11:20:50,231 INFO [main] org.apache.druid.offheap.OffheapBufferGenerator - Allocating new result merging buffer[0] of size[134,217,728]
2025-10-01T11:20:50,239 INFO [main] org.apache.druid.offheap.OffheapBufferGenerator - Allocating new result merging buffer[1] of size[134,217,728]
2025-10-01T11:20:51,063 INFO [main] org.apache.druid.segment.loading.SegmentLocalCacheManager - Using storage location strategy: [LeastBytesUsedStorageLocationSelectorStrategy]
2025-10-01T11:20:51,104 INFO [main] org.apache.druid.server.SubqueryGuardrailHelper - Took [2] ms to initialize the SubqueryGuardrailHelper.
2025-10-01T11:20:51,105 INFO [main] org.apache.druid.server.SubqueryGuardrailHelper - Each query has a memory limit of [13421772] bytes to materialize its subqueries' results if auto limit is used
2025-10-01T11:20:52,167 INFO [main] org.eclipse.jetty.util.log - Logging initialized @13913ms to org.eclipse.jetty.util.log.Slf4jLog
2025-10-01T11:20:52,179 INFO [main] org.apache.druid.server.initialization.jetty.JettyServerModule - Creating http connector with port [8082]
2025-10-01T11:20:52,521 WARN [main] org.eclipse.jetty.server.handler.gzip.GzipHandler - minGzipSize of 0 is inefficient for short content, break even is size 23
2025-10-01T11:20:52,590 INFO [main] org.apache.druid.guice.StorageNodeModule - Segment cache not configured on ServerType [broker]. It will not be assignable for segment placement
2025-10-01T11:20:52,590 INFO [main] org.apache.druid.cli.ServerRunnable - Service[dataNodeService] is not discoverable. This will not be listed as a service provided by this node.
2025-10-01T11:20:52,619 INFO [main] org.apache.druid.java.util.common.lifecycle.Lifecycle - Starting lifecycle [module] stage [INIT]
2025-10-01T11:20:52,620 INFO [main] org.apache.druid.java.util.common.lifecycle.Lifecycle - Starting lifecycle [module] stage [NORMAL]
2025-10-01T11:20:52,620 INFO [main] org.apache.curator.framework.imps.CuratorFrameworkImpl - Starting
2025-10-01T11:20:52,628 INFO [main] org.apache.zookeeper.ZooKeeper - Client environment:zookeeper.version=3.8.3-6ad6d364c7c0bcf0de452d54ebefa3058098ab56, built on 2023-10-05 10:34 UTC
2025-10-01T11:20:52,628 INFO [main] org.apache.zookeeper.ZooKeeper - Client environment:host.name=36924ba5ca7d
2025-10-01T11:20:52,628 INFO [main] org.apache.zookeeper.ZooKeeper - Client environment:java.version=17.0.10
2025-10-01T11:20:52,628 INFO [main] org.apache.zookeeper.ZooKeeper - Client environment:java.vendor=Debian
2025-10-01T11:20:52,629 INFO [main] org.apache.zookeeper.ZooKeeper - Client environment:java.home=/usr/lib/jvm/java-17-openjdk-amd64
2025-10-01T11:20:52,629 INFO [main] org.apache.zookeeper.ZooKeeper - Client environment:java.class.path=/opt/druid/overrides/*:/tmp/conf/druid/cluster/_common:/tmp/conf/druid/cluster/query/broker:lib/async-http-client-netty-utils-2.5.3.jar:lib/maven-settings-builder-3.1.1.jar:lib/json-simple-1.1.1.jar:lib/checker-qual-2.5.7.jar:lib/jetty-rewrite-9.4.53.v20231009.jar:lib/netty-resolver-4.1.100.Final.jar:lib/guice-4.1.0.jar:lib/jackson-datatype-guava-2.12.7.jar:lib/netty-reactive-streams-2.0.0.jar:lib/google-http-client-apache-v2-1.42.3.jar:lib/aws-java-sdk-sts-1.12.638.jar:lib/async-http-client-2.5.3.jar:lib/guice-assistedinject-4.1.0.jar:lib/jackson-databind-2.12.7.1.jar:lib/google-http-client-jackson2-1.42.3.jar:lib/jackson-jq-0.0.10.jar:lib/maven-model-builder-3.1.1.jar:lib/asm-commons-9.3.jar:lib/aether-connector-file-0.9.0.M2.jar:lib/accessors-smart-2.4.11.jar:lib/aws-java-sdk-ec2-1.12.638.jar:lib/aws-java-sdk-s3-1.12.638.jar:lib/jcodings-1.0.43.jar:lib/zookeeper-jute-3.8.3.jar:lib/disruptor-3.3.6.jar:lib/javax.activation-api-1.2.0.jar:lib/calcite-linq4j-1.35.0.jar:lib/derbyclient-10.14.2.0.jar:lib/google-http-client-1.42.3.jar:lib/netty-transport-classes-epoll-4.1.100.Final.jar:lib/maven-artifact-3.6.0.jar:lib/icu4j-73.2.jar:lib/reactive-streams-1.0.2.jar:lib/netty-resolver-dns-4.1.100.Final.jar:lib/guice-servlet-4.1.0.jar:lib/commons-collections-3.2.2.jar:lib/jna-platform-5.13.0.jar:lib/druid-indexing-hadoop-29.0.0.jar:lib/derbynet-10.14.2.0.jar:lib/txw2-2.3.1.jar:lib/guava-32.0.1-jre.jar:lib/asm-analysis-9.3.jar:lib/jcl-over-slf4j-1.7.36.jar:lib/curator-recipes-5.5.0.jar:lib/log4j-jul-2.18.0.jar:lib/log4j-1.2-api-2.18.0.jar:lib/netty-codec-4.1.100.Final.jar:lib/protobuf-java-3.24.0.jar:lib/httpclient-4.5.13.jar:lib/ipaddress-5.3.4.jar:lib/audience-annotations-0.12.0.jar:lib/druid-sql-29.0.0.jar:lib/maven-settings-3.1.1.jar:lib/airline-2.8.4.jar:lib/stax-ex-1.8.jar:lib/jaxb-runtime-2.3.1.jar:lib/druid-indexing-service-29.0.0.jar:lib/grpc-context-1.27.2.jar:lib/druid-processing-29.0.0.jar:lib/fastutil-extra-8.5.4.jar:lib/json-smart-2.4.11.jar:lib/jts-core-1.19.0.jar:lib/log4j-api-2.18.0.jar:lib/resilience4j-bulkhead-1.3.1.jar:lib/jetty-servlets-9.4.53.v20231009.jar:lib/okhttp-1.0.2.jar:lib/netty-codec-dns-4.1.100.Final.jar:lib/commons-math3-3.6.1.jar:lib/aws-java-sdk-core-1.12.638.jar:lib/FastInfoset-1.2.15.jar:lib/netty-common-4.1.100.Final.jar:lib/derby-10.14.2.0.jar:lib/log4j-slf4j-impl-2.18.0.jar:lib/jboss-logging-3.4.1.Final.jar:lib/curator-x-discovery-5.5.0.jar:lib/jmespath-java-1.12.638.jar:lib/error_prone_annotations-2.20.0.jar:lib/jetty-util-9.4.53.v20231009.jar:lib/cron-scheduler-0.1.jar:lib/vavr-match-0.10.2.jar:lib/aggdesigner-algorithm-6.0.jar:lib/airline-io-2.8.4.jar:lib/httpcore5-h2-5.1.3.jar:lib/jackson-jaxrs-base-2.12.7.jar:lib/jackson-module-guice-2.12.7.jar:lib/jetty-proxy-9.4.53.v20231009.jar:lib/zookeeper-3.8.3.jar:lib/hibernate-validator-6.2.5.Final.jar:lib/log4j-core-2.18.0.jar:lib/janino-3.1.9.jar:lib/jetty-http-9.4.53.v20231009.jar:lib/avatica-core-1.23.0.jar:lib/fastutil-core-8.5.4.jar:lib/maven-aether-provider-3.1.1.jar:lib/tesla-aether-0.0.5.jar:lib/uzaygezen-core-0.2.jar:lib/elasticache-java-cluster-client-1.2.0.jar:lib/commons-lang3-3.12.0.jar:lib/aether-spi-0.9.0.M2.jar:lib/jersey-servlet-1.19.4.jar:lib/druid-aws-common-29.0.0.jar:lib/json-path-2.3.0.jar:lib/druid-services-29.0.0.jar:lib/jaxb-api-2.3.1.jar:lib/metrics-core-4.2.22.jar:lib/aether-connector-okhttp-0.0.9.jar:lib/javax.inject-1.jar:lib/curator-framework-5.5.0.jar:lib/compress-lzf-1.0.4.jar:lib/zstd-jni-1.5.2-3.jar:lib/avatica-metrics-1.23.0.jar:lib/jetty-server-9.4.53.v20231009.jar:lib/netty-handler-proxy-4.1.100.Final.jar:lib/xz-1.9.jar:lib/commons-io-2.11.0.jar:lib/commons-codec-1.16.0.jar:lib/failureaccess-1.0.1.jar:lib/httpclient5-5.1.3.jar:lib/apiguardian-api-1.1.2.jar:lib/jetty-continuation-9.4.53.v20231009.jar:lib/avatica-server-1.23.0.jar:lib/jsr305-2.0.1.jar:lib/jersey-guice-1.19.4.jar:lib/guice-multibindings-4.1.0.jar:lib/aether-impl-0.9.0.M2.jar:lib/jetty-servlet-9.4.53.v20231009.jar:lib/netty-transport-native-unix-common-4.1.100.Final.jar:lib/druid-server-29.0.0.jar:lib/proj4j-1.2.2.jar:lib/asm-tree-9.3.jar:lib/netty-codec-http-4.1.100.Final.jar:lib/slf4j-api-1.7.36.jar:lib/javax.el-api-3.0.0.jar:lib/jackson-core-2.12.7.jar:lib/aether-api-0.9.0.M2.jar:lib/httpcore-4.4.11.jar:lib/jackson-jaxrs-smile-provider-2.12.7.jar:lib/jetty-security-9.4.53.v20231009.jar:lib/gson-2.10.jar:lib/plexus-utils-3.0.24.jar:lib/datasketches-memory-2.2.0.jar:lib/jackson-module-jaxb-annotations-2.12.7.jar:lib/jackson-jaxrs-json-provider-2.12.7.jar:lib/google-http-client-gson-1.42.3.jar:lib/jakarta.xml.bind-api-2.3.2.jar:lib/antlr4-runtime-4.5.3.jar:lib/commons-compiler-3.1.9.jar:lib/jdbi-2.63.1.jar:lib/rhino-1.7.14.jar:lib/aws-java-sdk-kms-1.12.638.jar:lib/j2objc-annotations-2.8.jar:lib/netty-3.10.6.Final.jar:lib/jakarta.activation-api-1.2.1.jar:lib/resilience4j-core-1.3.1.jar:lib/commons-beanutils-1.9.4.jar:lib/caffeine-2.8.0.jar:lib/sigar-1.6.5.132.jar:lib/jakarta.validation-api-2.0.2.jar:lib/calcite-core-1.35.0.jar:lib/opencensus-contrib-http-util-0.31.1.jar:lib/jetty-client-9.4.53.v20231009.jar:lib/jackson-dataformat-cbor-2.12.7.jar:lib/aether-util-0.9.0.M2.jar:lib/maven-repository-metadata-3.1.1.jar:lib/netty-transport-native-epoll-4.1.100.Final-linux-x86_64.jar:lib/druid-gcp-common-29.0.0.jar:lib/istack-commons-runtime-3.0.7.jar:lib/jna-5.13.0.jar:lib/jackson-dataformat-smile-2.12.7.jar:lib/asm-9.3.jar:lib/netty-buffer-4.1.100.Final.jar:lib/commons-lang-2.6.jar:lib/commons-logging-1.1.1.jar:lib/commons-collections4-4.2.jar:lib/maven-model-3.1.1.jar:lib/jts-io-common-1.19.0.jar:lib/vavr-0.10.2.jar:lib/commons-compress-1.24.0.jar:lib/fastutil-8.5.4.jar:lib/joni-2.1.27.jar:lib/joda-time-2.12.5.jar:lib/commons-text-1.10.0.jar:lib/plexus-interpolation-1.19.jar:lib/aopalliance-1.0.jar:lib/web-console-29.0.0.jar:lib/RoaringBitmap-0.9.49.jar:lib/datasketches-java-4.2.0.jar:lib/curator-client-5.5.0.jar:lib/opencsv-4.6.jar:lib/jetty-util-ajax-9.4.53.v20231009.jar:lib/javax.activation-1.2.0.jar:lib/jersey-core-1.19.4.jar:lib/commons-dbcp2-2.0.1.jar:lib/javax.servlet-api-3.1.0.jar:lib/jakarta.inject-api-1.0.3.jar:lib/netty-codec-socks-4.1.100.Final.jar:lib/netty-handler-4.1.100.Final.jar:lib/commons-pool2-2.2.jar:lib/jackson-annotations-2.12.7.jar:lib/httpcore5-5.1.3.jar:lib/google-oauth-client-1.34.1.jar:lib/jersey-server-1.19.4.jar:lib/oshi-core-6.4.4.jar:lib/wagon-provider-api-2.4.jar:lib/snappy-java-1.1.10.4.jar:lib/google-api-client-2.2.0.jar:lib/config-magic-0.9.jar:lib/shims-0.9.49.jar:lib/jakarta.el-3.0.4.jar:lib/jackson-datatype-joda-2.12.7.jar:lib/classmate-1.5.1.jar:lib/netty-transport-4.1.100.Final.jar:lib/jsr311-api-1.1.1.jar:lib/lz4-java-1.8.0.jar:lib/opencensus-api-0.31.1.jar:lib/jetty-io-9.4.53.v20231009.jar:
2025-10-01T11:20:52,630 INFO [main] org.apache.zookeeper.ZooKeeper - Client environment:java.library.path=/usr/java/packages/lib:/usr/lib/x86_64-linux-gnu/jni:/lib/x86_64-linux-gnu:/usr/lib/x86_64-linux-gnu:/usr/lib/jni:/lib:/usr/lib
2025-10-01T11:20:52,630 INFO [main] org.apache.zookeeper.ZooKeeper - Client environment:java.io.tmpdir=var/tmp
2025-10-01T11:20:52,630 INFO [main] org.apache.zookeeper.ZooKeeper - Client environment:java.compiler=<NA>
2025-10-01T11:20:52,631 INFO [main] org.apache.zookeeper.ZooKeeper - Client environment:os.name=Linux
2025-10-01T11:20:52,631 INFO [main] org.apache.zookeeper.ZooKeeper - Client environment:os.arch=amd64
2025-10-01T11:20:52,631 INFO [main] org.apache.zookeeper.ZooKeeper - Client environment:os.version=6.10.14-linuxkit
2025-10-01T11:20:52,631 INFO [main] org.apache.zookeeper.ZooKeeper - Client environment:user.name=druid
2025-10-01T11:20:52,632 INFO [main] org.apache.zookeeper.ZooKeeper - Client environment:user.home=/opt/druid
2025-10-01T11:20:52,633 INFO [main] org.apache.zookeeper.ZooKeeper - Client environment:user.dir=/opt/druid
2025-10-01T11:20:52,634 INFO [main] org.apache.zookeeper.ZooKeeper - Client environment:os.memory.free=972MB
2025-10-01T11:20:52,634 INFO [main] org.apache.zookeeper.ZooKeeper - Client environment:os.memory.max=1024MB
2025-10-01T11:20:52,635 INFO [main] org.apache.zookeeper.ZooKeeper - Client environment:os.memory.total=1024MB
2025-10-01T11:20:52,638 INFO [main] org.apache.zookeeper.ZooKeeper - Initiating client connection, connectString=zookeeper sessionTimeout=30000 watcher=org.apache.curator.ConnectionState@3c717ef2
2025-10-01T11:20:52,640 INFO [main] org.apache.zookeeper.common.X509Util - Setting -D jdk.tls.rejectClientInitiatedRenegotiation=true to disable client-initiated TLS renegotiation
2025-10-01T11:20:52,643 INFO [main] org.apache.zookeeper.ClientCnxnSocket - jute.maxbuffer value is 1048575 Bytes
2025-10-01T11:20:52,648 INFO [main] org.apache.zookeeper.ClientCnxn - zookeeper.request.timeout value is 0. feature enabled=false
2025-10-01T11:20:52,654 INFO [main] org.apache.curator.framework.imps.CuratorFrameworkImpl - Default schema
2025-10-01T11:20:52,658 INFO [main-SendThread(zookeeper:2181)] org.apache.zookeeper.ClientCnxn - Opening socket connection to server zookeeper/172.18.0.2:2181.
2025-10-01T11:20:52,659 INFO [main-SendThread(zookeeper:2181)] org.apache.zookeeper.ClientCnxn - SASL config status: Will not attempt to authenticate using SASL (unknown error)
2025-10-01T11:20:52,669 INFO [main-SendThread(zookeeper:2181)] org.apache.zookeeper.ClientCnxn - Socket connection established, initiating session, client: /172.18.0.6:46040, server: zookeeper/172.18.0.2:2181
2025-10-01T11:20:52,673 INFO [main] org.apache.druid.client.HttpServerInventoryView - Starting executor[FilteredHttpServerInventoryView].
2025-10-01T11:20:52,675 INFO [main-SendThread(zookeeper:2181)] org.apache.zookeeper.ClientCnxn - Session establishment complete on server zookeeper/172.18.0.2:2181, session id = 0x10000c4f5270005, negotiated timeout = 30000
2025-10-01T11:20:52,678 INFO [main] org.apache.druid.client.HttpServerInventoryView - Started executor[FilteredHttpServerInventoryView].
2025-10-01T11:20:52,680 INFO [main] org.apache.druid.client.BrokerServerView - BrokerServerView waiting for initialization.
2025-10-01T11:20:52,679 INFO [main-EventThread] org.apache.curator.framework.state.ConnectionStateManager - State change: CONNECTED
2025-10-01T11:20:52,692 INFO [main-EventThread] org.apache.curator.framework.imps.EnsembleTracker - New config event received: {}
2025-10-01T11:20:52,693 INFO [main-EventThread] org.apache.curator.framework.imps.EnsembleTracker - New config event received: {}
2025-10-01T11:20:52,725 WARN [NodeRoleWatcher[INDEXER]] org.apache.druid.curator.discovery.CuratorDruidNodeDiscoveryProvider$NodeRoleWatcher - Ignored event type [CONNECTION_RECONNECTED] for node watcher of role [indexer].
2025-10-01T11:20:52,725 WARN [NodeRoleWatcher[PEON]] org.apache.druid.curator.discovery.CuratorDruidNodeDiscoveryProvider$NodeRoleWatcher - Ignored event type [CONNECTION_RECONNECTED] for node watcher of role [peon].
2025-10-01T11:20:52,725 WARN [NodeRoleWatcher[HISTORICAL]] org.apache.druid.curator.discovery.CuratorDruidNodeDiscoveryProvider$NodeRoleWatcher - Ignored event type [CONNECTION_RECONNECTED] for node watcher of role [historical].
2025-10-01T11:20:52,725 WARN [NodeRoleWatcher[BROKER]] org.apache.druid.curator.discovery.CuratorDruidNodeDiscoveryProvider$NodeRoleWatcher - Ignored event type [CONNECTION_RECONNECTED] for node watcher of role [broker].
2025-10-01T11:20:52,726 WARN [NodeRoleWatcher[OVERLORD]] org.apache.druid.curator.discovery.CuratorDruidNodeDiscoveryProvider$NodeRoleWatcher - Ignored event type [CONNECTION_RECONNECTED] for node watcher of role [overlord].
2025-10-01T11:20:52,730 INFO [NodeRoleWatcher[BROKER]] org.apache.druid.discovery.BaseNodeRoleWatcher - Node watcher of role [broker] is now initialized with 0 nodes.
2025-10-01T11:20:52,732 INFO [NodeRoleWatcher[PEON]] org.apache.druid.discovery.BaseNodeRoleWatcher - Node watcher of role [peon] is now initialized with 0 nodes.
2025-10-01T11:20:52,732 INFO [NodeRoleWatcher[INDEXER]] org.apache.druid.discovery.BaseNodeRoleWatcher - Node watcher of role [indexer] is now initialized with 0 nodes.
2025-10-01T11:20:52,784 INFO [NodeRoleWatcher[OVERLORD]] org.apache.druid.discovery.BaseNodeRoleWatcher - Node [http://overlord:8090] of role [overlord] detected.
2025-10-01T11:20:52,785 INFO [NodeRoleWatcher[OVERLORD]] org.apache.druid.discovery.BaseNodeRoleWatcher - Node watcher of role [overlord] is now initialized with 1 nodes.
2025-10-01T11:20:52,795 INFO [NodeRoleWatcher[HISTORICAL]] org.apache.druid.discovery.BaseNodeRoleWatcher - Node [http://historical:8083] of role [historical] detected.
2025-10-01T11:20:52,796 INFO [NodeRoleWatcher[HISTORICAL]] org.apache.druid.discovery.BaseNodeRoleWatcher - Node watcher of role [historical] is now initialized with 1 nodes.
2025-10-01T11:20:52,798 INFO [CuratorDruidNodeDiscoveryProvider-ListenerExecutor] org.apache.druid.client.HttpServerInventoryView - Server[historical:8083] appeared.
2025-10-01T11:20:52,803 INFO [CuratorDruidNodeDiscoveryProvider-ListenerExecutor] org.apache.druid.server.coordination.ChangeRequestHttpSyncer - Starting sync for server[http://historical:8083/_1759317652802].
2025-10-01T11:20:52,918 INFO [FilteredHttpServerInventoryView-0] org.apache.druid.server.coordination.ChangeRequestHttpSyncer - Server[http://historical:8083/_1759317652802] synced successfully for the first time.
2025-10-01T11:20:57,807 INFO [FilteredHttpServerInventoryView-1] org.apache.druid.client.HttpServerInventoryView - Waiting for [1] servers to sync successfully.
2025-10-01T11:20:57,809 INFO [FilteredHttpServerInventoryView-1] org.apache.druid.client.HttpServerInventoryView - All servers have been synced successfully at least once.
2025-10-01T11:20:57,809 INFO [FilteredHttpServerInventoryView-1] org.apache.druid.client.HttpServerInventoryView - Invoking segment view initialized callbacks.
2025-10-01T11:20:57,812 INFO [main] org.apache.druid.client.BrokerServerView - BrokerServerView initialized in [5,131] ms.
2025-10-01T11:20:57,816 INFO [main] org.apache.druid.segment.metadata.AbstractSegmentMetadataCache - BrokerSegmentMetadataCache starting cache initialization.
2025-10-01T11:20:57,817 INFO [DruidSchema-Cache-0] org.apache.druid.segment.metadata.AbstractSegmentMetadataCache - BrokerSegmentMetadataCache initialized in [0] ms.
2025-10-01T11:20:57,818 INFO [main] org.apache.druid.sql.calcite.schema.MetadataSegmentView - MetadataSegmentView is started.
2025-10-01T11:20:57,818 INFO [main] org.apache.druid.server.coordination.SegmentLoadDropHandler - Starting...
2025-10-01T11:20:57,818 INFO [main] org.apache.druid.server.coordination.SegmentLoadDropHandler - Started.
2025-10-01T11:20:57,819 INFO [main] org.apache.druid.server.coordination.ZkCoordinator - Starting zkCoordinator for server[broker:8082]
2025-10-01T11:20:57,823 INFO [NodeRoleWatcher[COORDINATOR]] org.apache.druid.discovery.BaseNodeRoleWatcher - Node [http://coordinator:8081] of role [coordinator] detected.
2025-10-01T11:20:57,823 INFO [NodeRoleWatcher[COORDINATOR]] org.apache.druid.discovery.BaseNodeRoleWatcher - Node watcher of role [coordinator] is now initialized with 1 nodes.
2025-10-01T11:20:57,829 INFO [main] org.apache.druid.java.util.common.lifecycle.Lifecycle - Starting lifecycle [module] stage [SERVER]
2025-10-01T11:20:57,830 INFO [main] org.eclipse.jetty.server.Server - jetty-9.4.53.v20231009; built: 2023-10-09T12:29:09.265Z; git: 27bde00a0b95a1d5bbee0eae7984f891d2d0f8c9; jvm 17.0.10+7-Debian-1deb12u1
2025-10-01T11:20:57,846 INFO [main] org.eclipse.jetty.server.session - DefaultSessionIdManager workerName=node0
2025-10-01T11:20:57,847 INFO [main] org.eclipse.jetty.server.session - No SessionScavenger set, using defaults
2025-10-01T11:20:57,847 INFO [main] org.eclipse.jetty.server.session - node0 Scavenging every 600000ms
2025-10-01T11:20:57,907 INFO [main] com.sun.jersey.server.impl.application.WebApplicationImpl - Initiating Jersey application, version 'Jersey: 1.19.4 05/24/2017 03:20 PM'
2025-10-01T11:20:58,236 INFO [main] org.eclipse.jetty.server.handler.ContextHandler - Started o.e.j.s.ServletContextHandler@7ecf4608{/,null,AVAILABLE}
2025-10-01T11:20:58,267 INFO [main] org.eclipse.jetty.server.AbstractConnector - Started ServerConnector@553d72ed{HTTP/1.1, (http/1.1)}{0.0.0.0:8082}
2025-10-01T11:20:58,270 INFO [main] org.eclipse.jetty.server.Server - Started @20017ms
2025-10-01T11:20:58,301 INFO [main] org.apache.druid.java.util.common.lifecycle.Lifecycle - Starting lifecycle [module] stage [ANNOUNCEMENTS]
2025-10-01T11:20:58,341 INFO [main] org.apache.druid.curator.discovery.CuratorDruidNodeAnnouncer - Announced self [{"druidNode":{"service":"druid/broker","host":"broker","bindOnHost":false,"plaintextPort":8082,"port":-1,"tlsPort":-1,"enablePlaintextPort":true,"enableTlsPort":false},"nodeType":"broker","services":{"lookupNodeService":{"type":"lookupNodeService","lookupTier":"__default"}},"startTime":"2025-10-01T11:20:52.591Z"}].
2025-10-01T11:20:58,353 INFO [main] org.apache.druid.curator.discovery.CuratorServiceAnnouncer - Announcing service[DruidNode{serviceName='druid/broker', host='broker', bindOnHost=false, port=-1, plaintextPort=8082, enablePlaintextPort=true, tlsPort=-1, enableTlsPort=false}]
2025-10-01T11:20:58,365 INFO [NodeRoleWatcher[BROKER]] org.apache.druid.discovery.BaseNodeRoleWatcher - Node [http://broker:8082] of role [broker] detected.
2025-10-01T11:20:58,368 WARN [CuratorDruidNodeDiscoveryProvider-ListenerExecutor] org.apache.druid.discovery.DruidNodeDiscoveryProvider$ServiceDruidNodeDiscovery - Node[DiscoveryDruidNode{druidNode=DruidNode{serviceName='druid/broker', host='broker', bindOnHost=false, port=-1, plaintextPort=8082, enablePlaintextPort=true, tlsPort=-1, enableTlsPort=false}, nodeRole='BROKER', services={lookupNodeService=LookupNodeService{lookupTier='__default'}}', startTime=2025-10-01T11:20:52.591Z}] discovered but doesn't have service[dataNodeService]. Ignored.
2025-10-01T11:20:58,388 INFO [main] org.apache.druid.java.util.common.lifecycle.Lifecycle - Successfully started lifecycle [module]
2025-10-01T11:23:19,031 INFO [NodeRoleWatcher[HISTORICAL]] org.apache.druid.discovery.BaseNodeRoleWatcher - Node [http://historical:8083] of role [historical] went offline.
2025-10-01T11:23:19,043 INFO [CuratorDruidNodeDiscoveryProvider-ListenerExecutor] org.apache.druid.client.HttpServerInventoryView - Server[historical:8083] disappeared.
2025-10-01T11:23:19,044 INFO [CuratorDruidNodeDiscoveryProvider-ListenerExecutor] org.apache.druid.server.coordination.ChangeRequestHttpSyncer - Stopping sync for server[http://historical:8083/_1759317652802].
2025-10-01T11:23:19,044 INFO [CuratorDruidNodeDiscoveryProvider-ListenerExecutor] org.apache.druid.server.coordination.ChangeRequestHttpSyncer - Stopped sync for server[http://historical:8083/_1759317652802].
2025-10-01T11:23:19,078 INFO [FilteredHttpServerInventoryView-0] org.apache.druid.server.coordination.ChangeRequestHttpSyncer - Not handling response for server[http://historical:8083/_1759317652802] as syncer has not started yet.
2025-10-01T11:23:19,402 INFO [Thread-52] org.apache.druid.java.util.common.lifecycle.Lifecycle - Lifecycle [module] running shutdown hook
2025-10-01T11:23:19,407 INFO [Thread-52] org.apache.druid.java.util.common.lifecycle.Lifecycle - Stopping lifecycle [module] stage [ANNOUNCEMENTS]
2025-10-01T11:23:19,408 INFO [Thread-52] org.apache.druid.curator.discovery.CuratorServiceAnnouncer - Unannouncing service[DruidNode{serviceName='druid/broker', host='broker', bindOnHost=false, port=-1, plaintextPort=8082, enablePlaintextPort=true, tlsPort=-1, enableTlsPort=false}]
2025-10-01T11:23:19,424 INFO [Thread-52] org.apache.druid.curator.announcement.Announcer - Unannouncing [/druid/internal-discovery/BROKER/broker:8082]
2025-10-01T11:23:19,435 INFO [Thread-52] org.apache.druid.curator.discovery.CuratorDruidNodeAnnouncer - Unannounced self [{"druidNode":{"service":"druid/broker","host":"broker","bindOnHost":false,"plaintextPort":8082,"port":-1,"tlsPort":-1,"enablePlaintextPort":true,"enableTlsPort":false},"nodeType":"broker","services":{"lookupNodeService":{"type":"lookupNodeService","lookupTier":"__default"}},"startTime":"2025-10-01T11:20:52.591Z"}].
2025-10-01T11:23:19,445 INFO [NodeRoleWatcher[BROKER]] org.apache.druid.discovery.BaseNodeRoleWatcher - Node [http://broker:8082] of role [broker] went offline.
2025-10-01T11:23:19,447 INFO [Thread-52] org.apache.druid.java.util.common.lifecycle.Lifecycle - Stopping lifecycle [module] stage [SERVER]
2025-10-01T11:23:19,447 WARN [CuratorDruidNodeDiscoveryProvider-ListenerExecutor] org.apache.druid.discovery.DruidNodeDiscoveryProvider$ServiceDruidNodeDiscovery - Node[DiscoveryDruidNode{druidNode=DruidNode{serviceName='druid/broker', host='broker', bindOnHost=false, port=-1, plaintextPort=8082, enablePlaintextPort=true, tlsPort=-1, enableTlsPort=false}, nodeRole='BROKER', services={lookupNodeService=LookupNodeService{lookupTier='__default'}}', startTime=2025-10-01T11:20:52.591Z}] disappeared but was unknown for service listener [dataNodeService].
2025-10-01T11:23:19,459 INFO [Thread-52] org.eclipse.jetty.server.AbstractConnector - Stopped ServerConnector@553d72ed{HTTP/1.1, (http/1.1)}{0.0.0.0:8082}
2025-10-01T11:23:19,460 INFO [Thread-52] org.eclipse.jetty.server.session - node0 Stopped scavenging
2025-10-01T11:23:19,462 INFO [Thread-52] org.eclipse.jetty.server.handler.ContextHandler - Stopped o.e.j.s.ServletContextHandler@7ecf4608{/,null,STOPPED}
2025-10-01T11:23:19,468 INFO [Thread-52] org.apache.druid.java.util.common.lifecycle.Lifecycle - Stopping lifecycle [module] stage [NORMAL]
2025-10-01T11:23:19,471 INFO [Thread-52] org.apache.druid.server.coordination.ZkCoordinator - Stopping ZkCoordinator for [DruidServerMetadata{name='broker:8082', hostAndPort='broker:8082', hostAndTlsPort='null', maxSize=0, tier='_default_tier', type=broker, priority=0}]
2025-10-01T11:23:19,477 INFO [Thread-52] org.apache.druid.server.coordination.SegmentLoadDropHandler - Stopping...
2025-10-01T11:23:19,478 INFO [Thread-52] org.apache.druid.server.coordination.SegmentLoadDropHandler - Stopped.
2025-10-01T11:23:19,479 INFO [Thread-52] org.apache.druid.sql.calcite.schema.MetadataSegmentView - MetadataSegmentView is stopping.
2025-10-01T11:23:19,479 INFO [Thread-52] org.apache.druid.sql.calcite.schema.MetadataSegmentView - MetadataSegmentView is stopped.
2025-10-01T11:23:19,481 INFO [LookupExtractorFactoryContainerProvider-MainThread] org.apache.druid.query.lookup.LookupReferencesManager - Lookup Management loop exited. Lookup notices are not handled anymore.
2025-10-01T11:23:19,483 INFO [DruidSchema-Cache-0] org.apache.druid.segment.metadata.AbstractSegmentMetadataCache - Metadata refresh stopped.
2025-10-01T11:23:19,484 INFO [Thread-52] org.apache.druid.guice.LifecycleForkJoinPoolProvider - Shutting down ForkJoinPool [org.apache.druid.guice.LifecycleForkJoinPoolProvider@35932200]
2025-10-01T11:23:19,486 INFO [Thread-52] org.apache.druid.client.HttpServerInventoryView - Stopping executor[FilteredHttpServerInventoryView].
2025-10-01T11:23:19,486 INFO [Thread-52] org.apache.druid.client.HttpServerInventoryView - Stopped executor[FilteredHttpServerInventoryView].
2025-10-01T11:23:19,529 INFO [Curator-Framework-0] org.apache.curator.framework.imps.CuratorFrameworkImpl - backgroundOperationsLoop exiting
2025-10-01T11:23:19,636 INFO [main-EventThread] org.apache.zookeeper.ClientCnxn - EventThread shut down for session: 0x10000c4f5270005
2025-10-01T11:23:19,636 INFO [Thread-52] org.apache.zookeeper.ZooKeeper - Session: 0x10000c4f5270005 closed
2025-10-01T11:23:19,636 INFO [Thread-52] org.apache.druid.java.util.common.lifecycle.Lifecycle - Stopping lifecycle [module] stage [INIT]
2025-10-01T11:23:40,749 INFO [main] org.hibernate.validator.internal.util.Version - HV000001: Hibernate Validator 6.2.5.Final
2025-10-01T11:23:42,123 INFO [main] org.apache.druid.guice.ExtensionsLoader - Loading extension [druid-hdfs-storage], jars: aws-java-sdk-s3-1.12.638.jar, httpclient-4.5.13.jar, hadoop-client-api-3.3.6.jar, hadoop-aws-3.3.6.jar, aws-java-sdk-core-1.12.638.jar, jmespath-java-1.12.638.jar, hadoop-client-runtime-3.3.6.jar, druid-hdfs-storage-29.0.0.jar, commons-codec-1.16.0.jar, jsr305-2.0.1.jar, slf4j-api-1.7.36.jar, httpcore-4.4.11.jar, aws-java-sdk-kms-1.12.638.jar, jackson-dataformat-cbor-2.12.7.jar, commons-logging-1.1.1.jar, wildfly-openssl-1.1.3.Final.jar, joda-time-2.12.5.jar, snappy-java-1.1.10.4.jar
2025-10-01T11:23:42,142 INFO [main] org.apache.druid.guice.ExtensionsLoader - Loading extension [druid-kafka-indexing-service], jars: kafka-clients-3.6.1.jar, zstd-jni-1.5.2-3.jar, druid-kafka-indexing-service-29.0.0.jar, snappy-java-1.1.10.4.jar, lz4-java-1.8.0.jar
2025-10-01T11:23:42,161 INFO [main] org.apache.druid.guice.ExtensionsLoader - Loading extension [druid-datasketches], jars: druid-datasketches-29.0.0.jar, commons-math3-3.6.1.jar
2025-10-01T11:23:42,167 INFO [main] org.apache.druid.guice.ExtensionsLoader - Loading extension [druid-multi-stage-query], jars: druid-multi-stage-query-29.0.0.jar
2025-10-01T11:23:42,173 INFO [main] org.apache.druid.guice.ExtensionsLoader - Loading extension [postgresql-metadata-storage], jars: postgresql-42.6.0.jar, checker-qual-3.31.0.jar, postgresql-metadata-storage-29.0.0.jar
2025-10-01T11:23:42,807 INFO [main] org.apache.druid.guice.ExtensionsLoader - Loading extension [druid-hdfs-storage], jars: aws-java-sdk-s3-1.12.638.jar, httpclient-4.5.13.jar, hadoop-client-api-3.3.6.jar, hadoop-aws-3.3.6.jar, aws-java-sdk-core-1.12.638.jar, jmespath-java-1.12.638.jar, hadoop-client-runtime-3.3.6.jar, druid-hdfs-storage-29.0.0.jar, commons-codec-1.16.0.jar, jsr305-2.0.1.jar, slf4j-api-1.7.36.jar, httpcore-4.4.11.jar, aws-java-sdk-kms-1.12.638.jar, jackson-dataformat-cbor-2.12.7.jar, commons-logging-1.1.1.jar, wildfly-openssl-1.1.3.Final.jar, joda-time-2.12.5.jar, snappy-java-1.1.10.4.jar
2025-10-01T11:23:42,817 INFO [main] org.apache.druid.guice.ExtensionsLoader - Loading extension [druid-kafka-indexing-service], jars: kafka-clients-3.6.1.jar, zstd-jni-1.5.2-3.jar, druid-kafka-indexing-service-29.0.0.jar, snappy-java-1.1.10.4.jar, lz4-java-1.8.0.jar
2025-10-01T11:23:42,822 INFO [main] org.apache.druid.guice.ExtensionsLoader - Loading extension [druid-datasketches], jars: druid-datasketches-29.0.0.jar, commons-math3-3.6.1.jar
2025-10-01T11:23:42,836 INFO [main] org.apache.druid.guice.ExtensionsLoader - Loading extension [druid-multi-stage-query], jars: druid-multi-stage-query-29.0.0.jar
2025-10-01T11:23:42,850 INFO [main] org.apache.druid.guice.ExtensionsLoader - Loading extension [postgresql-metadata-storage], jars: postgresql-42.6.0.jar, checker-qual-3.31.0.jar, postgresql-metadata-storage-29.0.0.jar
2025-10-01T11:23:45,569 WARN [main] org.apache.hadoop.util.NativeCodeLoader - Unable to load native-hadoop library for your platform... using builtin-java classes where applicable
2025-10-01T11:23:48,854 INFO [main] org.apache.druid.server.emitter.EmitterModule - Using emitter [NoopEmitter{}] for metrics and alerts, with dimensions [{version=29.0.0}].
2025-10-01T11:23:49,187 INFO [main] org.apache.druid.server.metrics.MetricsModule - Loaded 6 monitors: org.apache.druid.java.util.metrics.JvmMonitor, org.apache.druid.server.metrics.ServiceStatusMonitor, org.apache.druid.query.ExecutorServiceMonitor, org.apache.druid.sql.avatica.AvaticaMonitor, org.apache.druid.curator.DruidConnectionStateListener, org.apache.druid.server.initialization.jetty.JettyServerModule$JettyMonitor
2025-10-01T11:23:49,218 INFO [main] org.apache.druid.cli.CliBroker - Starting up with processors [10], memory [1,073,741,824], maxMemory [1,073,741,824], directMemory [1,073,741,824]. Properties follow.
2025-10-01T11:23:49,220 INFO [main] org.apache.druid.cli.CliBroker - * druid.broker.cache.populateCache: false
2025-10-01T11:23:49,220 INFO [main] org.apache.druid.cli.CliBroker - * druid.broker.cache.useCache: false
2025-10-01T11:23:49,221 INFO [main] org.apache.druid.cli.CliBroker - * druid.broker.http.maxQueuedBytes: 8MiB
2025-10-01T11:23:49,221 INFO [main] org.apache.druid.cli.CliBroker - * druid.broker.http.numConnections: 40
2025-10-01T11:23:49,221 INFO [main] org.apache.druid.cli.CliBroker - * druid.emitter: noop
2025-10-01T11:23:49,222 INFO [main] org.apache.druid.cli.CliBroker - * druid.emitter.logging.logLevel: info
2025-10-01T11:23:49,222 INFO [main] org.apache.druid.cli.CliBroker - * druid.expressions.useStrictBooleans: true
2025-10-01T11:23:49,222 INFO [main] org.apache.druid.cli.CliBroker - * druid.extensions.loadList: ["druid-hdfs-storage", "druid-kafka-indexing-service", "druid-datasketches", "druid-multi-stage-query", "postgresql-metadata-storage"]
2025-10-01T11:23:49,222 INFO [main] org.apache.druid.cli.CliBroker - * druid.host: broker
2025-10-01T11:23:49,222 INFO [main] org.apache.druid.cli.CliBroker - * druid.indexer.logs.directory: var/druid/indexing-logs
2025-10-01T11:23:49,223 INFO [main] org.apache.druid.cli.CliBroker - * druid.indexer.logs.type: file
2025-10-01T11:23:49,223 INFO [main] org.apache.druid.cli.CliBroker - * druid.indexing.doubleStorage: double
2025-10-01T11:23:49,223 INFO [main] org.apache.druid.cli.CliBroker - * druid.lookup.enableLookupSyncOnStartup: false
2025-10-01T11:23:49,223 INFO [main] org.apache.druid.cli.CliBroker - * druid.metadata.storage.connector.connectURI: jdbc:postgresql://metadata-storage:5432/druid
2025-10-01T11:23:49,224 INFO [main] org.apache.druid.cli.CliBroker - * druid.metadata.storage.connector.password: <masked>
2025-10-01T11:23:49,225 INFO [main] org.apache.druid.cli.CliBroker - * druid.metadata.storage.connector.user: druid
2025-10-01T11:23:49,226 INFO [main] org.apache.druid.cli.CliBroker - * druid.metadata.storage.type: postgresql
2025-10-01T11:23:49,227 INFO [main] org.apache.druid.cli.CliBroker - * druid.monitoring.monitors: ["org.apache.druid.java.util.metrics.JvmMonitor", "org.apache.druid.server.metrics.ServiceStatusMonitor"]
2025-10-01T11:23:49,227 INFO [main] org.apache.druid.cli.CliBroker - * druid.node.type: broker
2025-10-01T11:23:49,228 INFO [main] org.apache.druid.cli.CliBroker - * druid.plaintextPort: 8082
2025-10-01T11:23:49,228 INFO [main] org.apache.druid.cli.CliBroker - * druid.processing.buffer.sizeBytes: 134217728
2025-10-01T11:23:49,228 INFO [main] org.apache.druid.cli.CliBroker - * druid.processing.numMergeBuffers: 2
2025-10-01T11:23:49,229 INFO [main] org.apache.druid.cli.CliBroker - * druid.processing.numThreads: 2
2025-10-01T11:23:49,230 INFO [main] org.apache.druid.cli.CliBroker - * druid.processing.tmpDir: var/druid/processing
2025-10-01T11:23:49,230 INFO [main] org.apache.druid.cli.CliBroker - * druid.selectors.coordinator.serviceName: druid/coordinator
2025-10-01T11:23:49,230 INFO [main] org.apache.druid.cli.CliBroker - * druid.selectors.indexing.serviceName: druid/overlord
2025-10-01T11:23:49,230 INFO [main] org.apache.druid.cli.CliBroker - * druid.server.hiddenProperties: ["druid.s3.accessKey","druid.s3.secretKey","druid.metadata.storage.connector.password", "password", "key", "token", "pwd"]
2025-10-01T11:23:49,231 INFO [main] org.apache.druid.cli.CliBroker - * druid.server.http.numThreads: 40
2025-10-01T11:23:49,231 INFO [main] org.apache.druid.cli.CliBroker - * druid.service: druid/broker
2025-10-01T11:23:49,231 INFO [main] org.apache.druid.cli.CliBroker - * druid.sql.enable: true
2025-10-01T11:23:49,232 INFO [main] org.apache.druid.cli.CliBroker - * druid.sql.planner.useGroupingSetForExactDistinct: true
2025-10-01T11:23:49,232 INFO [main] org.apache.druid.cli.CliBroker - * druid.startup.logging.logProperties: true
2025-10-01T11:23:49,232 INFO [main] org.apache.druid.cli.CliBroker - * druid.storage.storageDirectory: var/druid/segments
2025-10-01T11:23:49,232 INFO [main] org.apache.druid.cli.CliBroker - * druid.storage.type: local
2025-10-01T11:23:49,232 INFO [main] org.apache.druid.cli.CliBroker - * druid.zk.paths.base: /druid
2025-10-01T11:23:49,233 INFO [main] org.apache.druid.cli.CliBroker - * druid.zk.service.host: zookeeper
2025-10-01T11:23:49,233 INFO [main] org.apache.druid.cli.CliBroker - * file.encoding: UTF-8
2025-10-01T11:23:49,234 INFO [main] org.apache.druid.cli.CliBroker - * file.separator: /
2025-10-01T11:23:49,235 INFO [main] org.apache.druid.cli.CliBroker - * java.class.path: /opt/druid/overrides/*:/tmp/conf/druid/cluster/_common:/tmp/conf/druid/cluster/query/broker:lib/async-http-client-netty-utils-2.5.3.jar:lib/maven-settings-builder-3.1.1.jar:lib/json-simple-1.1.1.jar:lib/checker-qual-2.5.7.jar:lib/jetty-rewrite-9.4.53.v20231009.jar:lib/netty-resolver-4.1.100.Final.jar:lib/guice-4.1.0.jar:lib/jackson-datatype-guava-2.12.7.jar:lib/netty-reactive-streams-2.0.0.jar:lib/google-http-client-apache-v2-1.42.3.jar:lib/aws-java-sdk-sts-1.12.638.jar:lib/async-http-client-2.5.3.jar:lib/guice-assistedinject-4.1.0.jar:lib/jackson-databind-2.12.7.1.jar:lib/google-http-client-jackson2-1.42.3.jar:lib/jackson-jq-0.0.10.jar:lib/maven-model-builder-3.1.1.jar:lib/asm-commons-9.3.jar:lib/aether-connector-file-0.9.0.M2.jar:lib/accessors-smart-2.4.11.jar:lib/aws-java-sdk-ec2-1.12.638.jar:lib/aws-java-sdk-s3-1.12.638.jar:lib/jcodings-1.0.43.jar:lib/zookeeper-jute-3.8.3.jar:lib/disruptor-3.3.6.jar:lib/javax.activation-api-1.2.0.jar:lib/calcite-linq4j-1.35.0.jar:lib/derbyclient-10.14.2.0.jar:lib/google-http-client-1.42.3.jar:lib/netty-transport-classes-epoll-4.1.100.Final.jar:lib/maven-artifact-3.6.0.jar:lib/icu4j-73.2.jar:lib/reactive-streams-1.0.2.jar:lib/netty-resolver-dns-4.1.100.Final.jar:lib/guice-servlet-4.1.0.jar:lib/commons-collections-3.2.2.jar:lib/jna-platform-5.13.0.jar:lib/druid-indexing-hadoop-29.0.0.jar:lib/derbynet-10.14.2.0.jar:lib/txw2-2.3.1.jar:lib/guava-32.0.1-jre.jar:lib/asm-analysis-9.3.jar:lib/jcl-over-slf4j-1.7.36.jar:lib/curator-recipes-5.5.0.jar:lib/log4j-jul-2.18.0.jar:lib/log4j-1.2-api-2.18.0.jar:lib/netty-codec-4.1.100.Final.jar:lib/protobuf-java-3.24.0.jar:lib/httpclient-4.5.13.jar:lib/ipaddress-5.3.4.jar:lib/audience-annotations-0.12.0.jar:lib/druid-sql-29.0.0.jar:lib/maven-settings-3.1.1.jar:lib/airline-2.8.4.jar:lib/stax-ex-1.8.jar:lib/jaxb-runtime-2.3.1.jar:lib/druid-indexing-service-29.0.0.jar:lib/grpc-context-1.27.2.jar:lib/druid-processing-29.0.0.jar:lib/fastutil-extra-8.5.4.jar:lib/json-smart-2.4.11.jar:lib/jts-core-1.19.0.jar:lib/log4j-api-2.18.0.jar:lib/resilience4j-bulkhead-1.3.1.jar:lib/jetty-servlets-9.4.53.v20231009.jar:lib/okhttp-1.0.2.jar:lib/netty-codec-dns-4.1.100.Final.jar:lib/commons-math3-3.6.1.jar:lib/aws-java-sdk-core-1.12.638.jar:lib/FastInfoset-1.2.15.jar:lib/netty-common-4.1.100.Final.jar:lib/derby-10.14.2.0.jar:lib/log4j-slf4j-impl-2.18.0.jar:lib/jboss-logging-3.4.1.Final.jar:lib/curator-x-discovery-5.5.0.jar:lib/jmespath-java-1.12.638.jar:lib/error_prone_annotations-2.20.0.jar:lib/jetty-util-9.4.53.v20231009.jar:lib/cron-scheduler-0.1.jar:lib/vavr-match-0.10.2.jar:lib/aggdesigner-algorithm-6.0.jar:lib/airline-io-2.8.4.jar:lib/httpcore5-h2-5.1.3.jar:lib/jackson-jaxrs-base-2.12.7.jar:lib/jackson-module-guice-2.12.7.jar:lib/jetty-proxy-9.4.53.v20231009.jar:lib/zookeeper-3.8.3.jar:lib/hibernate-validator-6.2.5.Final.jar:lib/log4j-core-2.18.0.jar:lib/janino-3.1.9.jar:lib/jetty-http-9.4.53.v20231009.jar:lib/avatica-core-1.23.0.jar:lib/fastutil-core-8.5.4.jar:lib/maven-aether-provider-3.1.1.jar:lib/tesla-aether-0.0.5.jar:lib/uzaygezen-core-0.2.jar:lib/elasticache-java-cluster-client-1.2.0.jar:lib/commons-lang3-3.12.0.jar:lib/aether-spi-0.9.0.M2.jar:lib/jersey-servlet-1.19.4.jar:lib/druid-aws-common-29.0.0.jar:lib/json-path-2.3.0.jar:lib/druid-services-29.0.0.jar:lib/jaxb-api-2.3.1.jar:lib/metrics-core-4.2.22.jar:lib/aether-connector-okhttp-0.0.9.jar:lib/javax.inject-1.jar:lib/curator-framework-5.5.0.jar:lib/compress-lzf-1.0.4.jar:lib/zstd-jni-1.5.2-3.jar:lib/avatica-metrics-1.23.0.jar:lib/jetty-server-9.4.53.v20231009.jar:lib/netty-handler-proxy-4.1.100.Final.jar:lib/xz-1.9.jar:lib/commons-io-2.11.0.jar:lib/commons-codec-1.16.0.jar:lib/failureaccess-1.0.1.jar:lib/httpclient5-5.1.3.jar:lib/apiguardian-api-1.1.2.jar:lib/jetty-continuation-9.4.53.v20231009.jar:lib/avatica-server-1.23.0.jar:lib/jsr305-2.0.1.jar:lib/jersey-guice-1.19.4.jar:lib/guice-multibindings-4.1.0.jar:lib/aether-impl-0.9.0.M2.jar:lib/jetty-servlet-9.4.53.v20231009.jar:lib/netty-transport-native-unix-common-4.1.100.Final.jar:lib/druid-server-29.0.0.jar:lib/proj4j-1.2.2.jar:lib/asm-tree-9.3.jar:lib/netty-codec-http-4.1.100.Final.jar:lib/slf4j-api-1.7.36.jar:lib/javax.el-api-3.0.0.jar:lib/jackson-core-2.12.7.jar:lib/aether-api-0.9.0.M2.jar:lib/httpcore-4.4.11.jar:lib/jackson-jaxrs-smile-provider-2.12.7.jar:lib/jetty-security-9.4.53.v20231009.jar:lib/gson-2.10.jar:lib/plexus-utils-3.0.24.jar:lib/datasketches-memory-2.2.0.jar:lib/jackson-module-jaxb-annotations-2.12.7.jar:lib/jackson-jaxrs-json-provider-2.12.7.jar:lib/google-http-client-gson-1.42.3.jar:lib/jakarta.xml.bind-api-2.3.2.jar:lib/antlr4-runtime-4.5.3.jar:lib/commons-compiler-3.1.9.jar:lib/jdbi-2.63.1.jar:lib/rhino-1.7.14.jar:lib/aws-java-sdk-kms-1.12.638.jar:lib/j2objc-annotations-2.8.jar:lib/netty-3.10.6.Final.jar:lib/jakarta.activation-api-1.2.1.jar:lib/resilience4j-core-1.3.1.jar:lib/commons-beanutils-1.9.4.jar:lib/caffeine-2.8.0.jar:lib/sigar-1.6.5.132.jar:lib/jakarta.validation-api-2.0.2.jar:lib/calcite-core-1.35.0.jar:lib/opencensus-contrib-http-util-0.31.1.jar:lib/jetty-client-9.4.53.v20231009.jar:lib/jackson-dataformat-cbor-2.12.7.jar:lib/aether-util-0.9.0.M2.jar:lib/maven-repository-metadata-3.1.1.jar:lib/netty-transport-native-epoll-4.1.100.Final-linux-x86_64.jar:lib/druid-gcp-common-29.0.0.jar:lib/istack-commons-runtime-3.0.7.jar:lib/jna-5.13.0.jar:lib/jackson-dataformat-smile-2.12.7.jar:lib/asm-9.3.jar:lib/netty-buffer-4.1.100.Final.jar:lib/commons-lang-2.6.jar:lib/commons-logging-1.1.1.jar:lib/commons-collections4-4.2.jar:lib/maven-model-3.1.1.jar:lib/jts-io-common-1.19.0.jar:lib/vavr-0.10.2.jar:lib/commons-compress-1.24.0.jar:lib/fastutil-8.5.4.jar:lib/joni-2.1.27.jar:lib/joda-time-2.12.5.jar:lib/commons-text-1.10.0.jar:lib/plexus-interpolation-1.19.jar:lib/aopalliance-1.0.jar:lib/web-console-29.0.0.jar:lib/RoaringBitmap-0.9.49.jar:lib/datasketches-java-4.2.0.jar:lib/curator-client-5.5.0.jar:lib/opencsv-4.6.jar:lib/jetty-util-ajax-9.4.53.v20231009.jar:lib/javax.activation-1.2.0.jar:lib/jersey-core-1.19.4.jar:lib/commons-dbcp2-2.0.1.jar:lib/javax.servlet-api-3.1.0.jar:lib/jakarta.inject-api-1.0.3.jar:lib/netty-codec-socks-4.1.100.Final.jar:lib/netty-handler-4.1.100.Final.jar:lib/commons-pool2-2.2.jar:lib/jackson-annotations-2.12.7.jar:lib/httpcore5-5.1.3.jar:lib/google-oauth-client-1.34.1.jar:lib/jersey-server-1.19.4.jar:lib/oshi-core-6.4.4.jar:lib/wagon-provider-api-2.4.jar:lib/snappy-java-1.1.10.4.jar:lib/google-api-client-2.2.0.jar:lib/config-magic-0.9.jar:lib/shims-0.9.49.jar:lib/jakarta.el-3.0.4.jar:lib/jackson-datatype-joda-2.12.7.jar:lib/classmate-1.5.1.jar:lib/netty-transport-4.1.100.Final.jar:lib/jsr311-api-1.1.1.jar:lib/lz4-java-1.8.0.jar:lib/opencensus-api-0.31.1.jar:lib/jetty-io-9.4.53.v20231009.jar:
2025-10-01T11:23:49,235 INFO [main] org.apache.druid.cli.CliBroker - * java.class.version: 61.0
2025-10-01T11:23:49,236 INFO [main] org.apache.druid.cli.CliBroker - * java.home: /usr/lib/jvm/java-17-openjdk-amd64
2025-10-01T11:23:49,236 INFO [main] org.apache.druid.cli.CliBroker - * java.io.tmpdir: var/tmp
2025-10-01T11:23:49,236 INFO [main] org.apache.druid.cli.CliBroker - * java.library.path: /usr/java/packages/lib:/usr/lib/x86_64-linux-gnu/jni:/lib/x86_64-linux-gnu:/usr/lib/x86_64-linux-gnu:/usr/lib/jni:/lib:/usr/lib
2025-10-01T11:23:49,236 INFO [main] org.apache.druid.cli.CliBroker - * java.runtime.name: OpenJDK Runtime Environment
2025-10-01T11:23:49,236 INFO [main] org.apache.druid.cli.CliBroker - * java.runtime.version: 17.0.10+7-Debian-1deb12u1
2025-10-01T11:23:49,237 INFO [main] org.apache.druid.cli.CliBroker - * java.specification.name: Java Platform API Specification
2025-10-01T11:23:49,237 INFO [main] org.apache.druid.cli.CliBroker - * java.specification.vendor: Oracle Corporation
2025-10-01T11:23:49,238 INFO [main] org.apache.druid.cli.CliBroker - * java.specification.version: 17
2025-10-01T11:23:49,239 INFO [main] org.apache.druid.cli.CliBroker - * java.util.logging.manager: org.apache.logging.log4j.jul.LogManager
2025-10-01T11:23:49,239 INFO [main] org.apache.druid.cli.CliBroker - * java.vendor: Debian
2025-10-01T11:23:49,240 INFO [main] org.apache.druid.cli.CliBroker - * java.vendor.url: https://tracker.debian.org/openjdk-17
2025-10-01T11:23:49,240 INFO [main] org.apache.druid.cli.CliBroker - * java.vendor.url.bug: https://bugs.debian.org/openjdk-17
2025-10-01T11:23:49,240 INFO [main] org.apache.druid.cli.CliBroker - * java.version: 17.0.10
2025-10-01T11:23:49,240 INFO [main] org.apache.druid.cli.CliBroker - * java.version.date: 2024-01-16
2025-10-01T11:23:49,240 INFO [main] org.apache.druid.cli.CliBroker - * java.vm.compressedOopsMode: 32-bit
2025-10-01T11:23:49,240 INFO [main] org.apache.druid.cli.CliBroker - * java.vm.info: mixed mode, sharing
2025-10-01T11:23:49,241 INFO [main] org.apache.druid.cli.CliBroker - * java.vm.name: OpenJDK 64-Bit Server VM
2025-10-01T11:23:49,241 INFO [main] org.apache.druid.cli.CliBroker - * java.vm.specification.name: Java Virtual Machine Specification
2025-10-01T11:23:49,241 INFO [main] org.apache.druid.cli.CliBroker - * java.vm.specification.vendor: Oracle Corporation
2025-10-01T11:23:49,241 INFO [main] org.apache.druid.cli.CliBroker - * java.vm.specification.version: 17
2025-10-01T11:23:49,241 INFO [main] org.apache.druid.cli.CliBroker - * java.vm.vendor: Debian
2025-10-01T11:23:49,242 INFO [main] org.apache.druid.cli.CliBroker - * java.vm.version: 17.0.10+7-Debian-1deb12u1
2025-10-01T11:23:49,243 INFO [main] org.apache.druid.cli.CliBroker - * jdk.debug: release
2025-10-01T11:23:49,243 INFO [main] org.apache.druid.cli.CliBroker - * line.separator: 

2025-10-01T11:23:49,244 INFO [main] org.apache.druid.cli.CliBroker - * log4j.shutdownCallbackRegistry: org.apache.druid.common.config.Log4jShutdown
2025-10-01T11:23:49,244 INFO [main] org.apache.druid.cli.CliBroker - * log4j.shutdownHookEnabled: true
2025-10-01T11:23:49,245 INFO [main] org.apache.druid.cli.CliBroker - * log4j2.is.webapp: false
2025-10-01T11:23:49,245 INFO [main] org.apache.druid.cli.CliBroker - * native.encoding: UTF-8
2025-10-01T11:23:49,246 INFO [main] org.apache.druid.cli.CliBroker - * os.arch: amd64
2025-10-01T11:23:49,246 INFO [main] org.apache.druid.cli.CliBroker - * os.name: Linux
2025-10-01T11:23:49,246 INFO [main] org.apache.druid.cli.CliBroker - * os.version: 6.10.14-linuxkit
2025-10-01T11:23:49,247 INFO [main] org.apache.druid.cli.CliBroker - * path.separator: :
2025-10-01T11:23:49,247 INFO [main] org.apache.druid.cli.CliBroker - * sun.arch.data.model: 64
2025-10-01T11:23:49,247 INFO [main] org.apache.druid.cli.CliBroker - * sun.boot.library.path: /usr/lib/jvm/java-17-openjdk-amd64/lib
2025-10-01T11:23:49,247 INFO [main] org.apache.druid.cli.CliBroker - * sun.cpu.endian: little
2025-10-01T11:23:49,248 INFO [main] org.apache.druid.cli.CliBroker - * sun.io.unicode.encoding: UnicodeLittle
2025-10-01T11:23:49,248 INFO [main] org.apache.druid.cli.CliBroker - * sun.java.command: org.apache.druid.cli.Main server broker
2025-10-01T11:23:49,248 INFO [main] org.apache.druid.cli.CliBroker - * sun.java.launcher: SUN_STANDARD
2025-10-01T11:23:49,249 INFO [main] org.apache.druid.cli.CliBroker - * sun.jnu.encoding: UTF-8
2025-10-01T11:23:49,249 INFO [main] org.apache.druid.cli.CliBroker - * sun.management.compiler: HotSpot 64-Bit Tiered Compilers
2025-10-01T11:23:49,249 INFO [main] org.apache.druid.cli.CliBroker - * user.dir: /opt/druid
2025-10-01T11:23:49,250 INFO [main] org.apache.druid.cli.CliBroker - * user.home: /opt/druid
2025-10-01T11:23:49,250 INFO [main] org.apache.druid.cli.CliBroker - * user.language: en
2025-10-01T11:23:49,250 INFO [main] org.apache.druid.cli.CliBroker - * user.name: druid
2025-10-01T11:23:49,250 INFO [main] org.apache.druid.cli.CliBroker - * user.timezone: UTC
2025-10-01T11:23:49,436 INFO [main] org.apache.druid.query.DruidProcessingConfig - Detected max direct memory size of [1,073,741,824] bytes
2025-10-01T11:23:49,478 INFO [main] org.apache.druid.offheap.OffheapBufferGenerator - Allocating new result merging buffer[0] of size[134,217,728]
2025-10-01T11:23:49,499 INFO [main] org.apache.druid.offheap.OffheapBufferGenerator - Allocating new result merging buffer[1] of size[134,217,728]
2025-10-01T11:23:50,248 INFO [main] org.apache.druid.segment.loading.SegmentLocalCacheManager - Using storage location strategy: [LeastBytesUsedStorageLocationSelectorStrategy]
2025-10-01T11:23:50,269 INFO [main] org.apache.druid.server.SubqueryGuardrailHelper - Took [1] ms to initialize the SubqueryGuardrailHelper.
2025-10-01T11:23:50,270 INFO [main] org.apache.druid.server.SubqueryGuardrailHelper - Each query has a memory limit of [13421772] bytes to materialize its subqueries' results if auto limit is used
2025-10-01T11:23:51,195 INFO [main] org.eclipse.jetty.util.log - Logging initialized @12911ms to org.eclipse.jetty.util.log.Slf4jLog
2025-10-01T11:23:51,209 INFO [main] org.apache.druid.server.initialization.jetty.JettyServerModule - Creating http connector with port [8082]
2025-10-01T11:23:51,627 WARN [main] org.eclipse.jetty.server.handler.gzip.GzipHandler - minGzipSize of 0 is inefficient for short content, break even is size 23
2025-10-01T11:23:51,676 INFO [main] org.apache.druid.guice.StorageNodeModule - Segment cache not configured on ServerType [broker]. It will not be assignable for segment placement
2025-10-01T11:23:51,679 INFO [main] org.apache.druid.cli.ServerRunnable - Service[dataNodeService] is not discoverable. This will not be listed as a service provided by this node.
2025-10-01T11:23:51,709 INFO [main] org.apache.druid.java.util.common.lifecycle.Lifecycle - Starting lifecycle [module] stage [INIT]
2025-10-01T11:23:51,710 INFO [main] org.apache.druid.java.util.common.lifecycle.Lifecycle - Starting lifecycle [module] stage [NORMAL]
2025-10-01T11:23:51,710 INFO [main] org.apache.curator.framework.imps.CuratorFrameworkImpl - Starting
2025-10-01T11:23:51,716 INFO [main] org.apache.zookeeper.ZooKeeper - Client environment:zookeeper.version=3.8.3-6ad6d364c7c0bcf0de452d54ebefa3058098ab56, built on 2023-10-05 10:34 UTC
2025-10-01T11:23:51,716 INFO [main] org.apache.zookeeper.ZooKeeper - Client environment:host.name=3a484911c0d1
2025-10-01T11:23:51,717 INFO [main] org.apache.zookeeper.ZooKeeper - Client environment:java.version=17.0.10
2025-10-01T11:23:51,717 INFO [main] org.apache.zookeeper.ZooKeeper - Client environment:java.vendor=Debian
2025-10-01T11:23:51,717 INFO [main] org.apache.zookeeper.ZooKeeper - Client environment:java.home=/usr/lib/jvm/java-17-openjdk-amd64
2025-10-01T11:23:51,717 INFO [main] org.apache.zookeeper.ZooKeeper - Client environment:java.class.path=/opt/druid/overrides/*:/tmp/conf/druid/cluster/_common:/tmp/conf/druid/cluster/query/broker:lib/async-http-client-netty-utils-2.5.3.jar:lib/maven-settings-builder-3.1.1.jar:lib/json-simple-1.1.1.jar:lib/checker-qual-2.5.7.jar:lib/jetty-rewrite-9.4.53.v20231009.jar:lib/netty-resolver-4.1.100.Final.jar:lib/guice-4.1.0.jar:lib/jackson-datatype-guava-2.12.7.jar:lib/netty-reactive-streams-2.0.0.jar:lib/google-http-client-apache-v2-1.42.3.jar:lib/aws-java-sdk-sts-1.12.638.jar:lib/async-http-client-2.5.3.jar:lib/guice-assistedinject-4.1.0.jar:lib/jackson-databind-2.12.7.1.jar:lib/google-http-client-jackson2-1.42.3.jar:lib/jackson-jq-0.0.10.jar:lib/maven-model-builder-3.1.1.jar:lib/asm-commons-9.3.jar:lib/aether-connector-file-0.9.0.M2.jar:lib/accessors-smart-2.4.11.jar:lib/aws-java-sdk-ec2-1.12.638.jar:lib/aws-java-sdk-s3-1.12.638.jar:lib/jcodings-1.0.43.jar:lib/zookeeper-jute-3.8.3.jar:lib/disruptor-3.3.6.jar:lib/javax.activation-api-1.2.0.jar:lib/calcite-linq4j-1.35.0.jar:lib/derbyclient-10.14.2.0.jar:lib/google-http-client-1.42.3.jar:lib/netty-transport-classes-epoll-4.1.100.Final.jar:lib/maven-artifact-3.6.0.jar:lib/icu4j-73.2.jar:lib/reactive-streams-1.0.2.jar:lib/netty-resolver-dns-4.1.100.Final.jar:lib/guice-servlet-4.1.0.jar:lib/commons-collections-3.2.2.jar:lib/jna-platform-5.13.0.jar:lib/druid-indexing-hadoop-29.0.0.jar:lib/derbynet-10.14.2.0.jar:lib/txw2-2.3.1.jar:lib/guava-32.0.1-jre.jar:lib/asm-analysis-9.3.jar:lib/jcl-over-slf4j-1.7.36.jar:lib/curator-recipes-5.5.0.jar:lib/log4j-jul-2.18.0.jar:lib/log4j-1.2-api-2.18.0.jar:lib/netty-codec-4.1.100.Final.jar:lib/protobuf-java-3.24.0.jar:lib/httpclient-4.5.13.jar:lib/ipaddress-5.3.4.jar:lib/audience-annotations-0.12.0.jar:lib/druid-sql-29.0.0.jar:lib/maven-settings-3.1.1.jar:lib/airline-2.8.4.jar:lib/stax-ex-1.8.jar:lib/jaxb-runtime-2.3.1.jar:lib/druid-indexing-service-29.0.0.jar:lib/grpc-context-1.27.2.jar:lib/druid-processing-29.0.0.jar:lib/fastutil-extra-8.5.4.jar:lib/json-smart-2.4.11.jar:lib/jts-core-1.19.0.jar:lib/log4j-api-2.18.0.jar:lib/resilience4j-bulkhead-1.3.1.jar:lib/jetty-servlets-9.4.53.v20231009.jar:lib/okhttp-1.0.2.jar:lib/netty-codec-dns-4.1.100.Final.jar:lib/commons-math3-3.6.1.jar:lib/aws-java-sdk-core-1.12.638.jar:lib/FastInfoset-1.2.15.jar:lib/netty-common-4.1.100.Final.jar:lib/derby-10.14.2.0.jar:lib/log4j-slf4j-impl-2.18.0.jar:lib/jboss-logging-3.4.1.Final.jar:lib/curator-x-discovery-5.5.0.jar:lib/jmespath-java-1.12.638.jar:lib/error_prone_annotations-2.20.0.jar:lib/jetty-util-9.4.53.v20231009.jar:lib/cron-scheduler-0.1.jar:lib/vavr-match-0.10.2.jar:lib/aggdesigner-algorithm-6.0.jar:lib/airline-io-2.8.4.jar:lib/httpcore5-h2-5.1.3.jar:lib/jackson-jaxrs-base-2.12.7.jar:lib/jackson-module-guice-2.12.7.jar:lib/jetty-proxy-9.4.53.v20231009.jar:lib/zookeeper-3.8.3.jar:lib/hibernate-validator-6.2.5.Final.jar:lib/log4j-core-2.18.0.jar:lib/janino-3.1.9.jar:lib/jetty-http-9.4.53.v20231009.jar:lib/avatica-core-1.23.0.jar:lib/fastutil-core-8.5.4.jar:lib/maven-aether-provider-3.1.1.jar:lib/tesla-aether-0.0.5.jar:lib/uzaygezen-core-0.2.jar:lib/elasticache-java-cluster-client-1.2.0.jar:lib/commons-lang3-3.12.0.jar:lib/aether-spi-0.9.0.M2.jar:lib/jersey-servlet-1.19.4.jar:lib/druid-aws-common-29.0.0.jar:lib/json-path-2.3.0.jar:lib/druid-services-29.0.0.jar:lib/jaxb-api-2.3.1.jar:lib/metrics-core-4.2.22.jar:lib/aether-connector-okhttp-0.0.9.jar:lib/javax.inject-1.jar:lib/curator-framework-5.5.0.jar:lib/compress-lzf-1.0.4.jar:lib/zstd-jni-1.5.2-3.jar:lib/avatica-metrics-1.23.0.jar:lib/jetty-server-9.4.53.v20231009.jar:lib/netty-handler-proxy-4.1.100.Final.jar:lib/xz-1.9.jar:lib/commons-io-2.11.0.jar:lib/commons-codec-1.16.0.jar:lib/failureaccess-1.0.1.jar:lib/httpclient5-5.1.3.jar:lib/apiguardian-api-1.1.2.jar:lib/jetty-continuation-9.4.53.v20231009.jar:lib/avatica-server-1.23.0.jar:lib/jsr305-2.0.1.jar:lib/jersey-guice-1.19.4.jar:lib/guice-multibindings-4.1.0.jar:lib/aether-impl-0.9.0.M2.jar:lib/jetty-servlet-9.4.53.v20231009.jar:lib/netty-transport-native-unix-common-4.1.100.Final.jar:lib/druid-server-29.0.0.jar:lib/proj4j-1.2.2.jar:lib/asm-tree-9.3.jar:lib/netty-codec-http-4.1.100.Final.jar:lib/slf4j-api-1.7.36.jar:lib/javax.el-api-3.0.0.jar:lib/jackson-core-2.12.7.jar:lib/aether-api-0.9.0.M2.jar:lib/httpcore-4.4.11.jar:lib/jackson-jaxrs-smile-provider-2.12.7.jar:lib/jetty-security-9.4.53.v20231009.jar:lib/gson-2.10.jar:lib/plexus-utils-3.0.24.jar:lib/datasketches-memory-2.2.0.jar:lib/jackson-module-jaxb-annotations-2.12.7.jar:lib/jackson-jaxrs-json-provider-2.12.7.jar:lib/google-http-client-gson-1.42.3.jar:lib/jakarta.xml.bind-api-2.3.2.jar:lib/antlr4-runtime-4.5.3.jar:lib/commons-compiler-3.1.9.jar:lib/jdbi-2.63.1.jar:lib/rhino-1.7.14.jar:lib/aws-java-sdk-kms-1.12.638.jar:lib/j2objc-annotations-2.8.jar:lib/netty-3.10.6.Final.jar:lib/jakarta.activation-api-1.2.1.jar:lib/resilience4j-core-1.3.1.jar:lib/commons-beanutils-1.9.4.jar:lib/caffeine-2.8.0.jar:lib/sigar-1.6.5.132.jar:lib/jakarta.validation-api-2.0.2.jar:lib/calcite-core-1.35.0.jar:lib/opencensus-contrib-http-util-0.31.1.jar:lib/jetty-client-9.4.53.v20231009.jar:lib/jackson-dataformat-cbor-2.12.7.jar:lib/aether-util-0.9.0.M2.jar:lib/maven-repository-metadata-3.1.1.jar:lib/netty-transport-native-epoll-4.1.100.Final-linux-x86_64.jar:lib/druid-gcp-common-29.0.0.jar:lib/istack-commons-runtime-3.0.7.jar:lib/jna-5.13.0.jar:lib/jackson-dataformat-smile-2.12.7.jar:lib/asm-9.3.jar:lib/netty-buffer-4.1.100.Final.jar:lib/commons-lang-2.6.jar:lib/commons-logging-1.1.1.jar:lib/commons-collections4-4.2.jar:lib/maven-model-3.1.1.jar:lib/jts-io-common-1.19.0.jar:lib/vavr-0.10.2.jar:lib/commons-compress-1.24.0.jar:lib/fastutil-8.5.4.jar:lib/joni-2.1.27.jar:lib/joda-time-2.12.5.jar:lib/commons-text-1.10.0.jar:lib/plexus-interpolation-1.19.jar:lib/aopalliance-1.0.jar:lib/web-console-29.0.0.jar:lib/RoaringBitmap-0.9.49.jar:lib/datasketches-java-4.2.0.jar:lib/curator-client-5.5.0.jar:lib/opencsv-4.6.jar:lib/jetty-util-ajax-9.4.53.v20231009.jar:lib/javax.activation-1.2.0.jar:lib/jersey-core-1.19.4.jar:lib/commons-dbcp2-2.0.1.jar:lib/javax.servlet-api-3.1.0.jar:lib/jakarta.inject-api-1.0.3.jar:lib/netty-codec-socks-4.1.100.Final.jar:lib/netty-handler-4.1.100.Final.jar:lib/commons-pool2-2.2.jar:lib/jackson-annotations-2.12.7.jar:lib/httpcore5-5.1.3.jar:lib/google-oauth-client-1.34.1.jar:lib/jersey-server-1.19.4.jar:lib/oshi-core-6.4.4.jar:lib/wagon-provider-api-2.4.jar:lib/snappy-java-1.1.10.4.jar:lib/google-api-client-2.2.0.jar:lib/config-magic-0.9.jar:lib/shims-0.9.49.jar:lib/jakarta.el-3.0.4.jar:lib/jackson-datatype-joda-2.12.7.jar:lib/classmate-1.5.1.jar:lib/netty-transport-4.1.100.Final.jar:lib/jsr311-api-1.1.1.jar:lib/lz4-java-1.8.0.jar:lib/opencensus-api-0.31.1.jar:lib/jetty-io-9.4.53.v20231009.jar:
2025-10-01T11:23:51,718 INFO [main] org.apache.zookeeper.ZooKeeper - Client environment:java.library.path=/usr/java/packages/lib:/usr/lib/x86_64-linux-gnu/jni:/lib/x86_64-linux-gnu:/usr/lib/x86_64-linux-gnu:/usr/lib/jni:/lib:/usr/lib
2025-10-01T11:23:51,721 INFO [main] org.apache.zookeeper.ZooKeeper - Client environment:java.io.tmpdir=var/tmp
2025-10-01T11:23:51,722 INFO [main] org.apache.zookeeper.ZooKeeper - Client environment:java.compiler=<NA>
2025-10-01T11:23:51,722 INFO [main] org.apache.zookeeper.ZooKeeper - Client environment:os.name=Linux
2025-10-01T11:23:51,722 INFO [main] org.apache.zookeeper.ZooKeeper - Client environment:os.arch=amd64
2025-10-01T11:23:51,722 INFO [main] org.apache.zookeeper.ZooKeeper - Client environment:os.version=6.10.14-linuxkit
2025-10-01T11:23:51,722 INFO [main] org.apache.zookeeper.ZooKeeper - Client environment:user.name=druid
2025-10-01T11:23:51,723 INFO [main] org.apache.zookeeper.ZooKeeper - Client environment:user.home=/opt/druid
2025-10-01T11:23:51,724 INFO [main] org.apache.zookeeper.ZooKeeper - Client environment:user.dir=/opt/druid
2025-10-01T11:23:51,724 INFO [main] org.apache.zookeeper.ZooKeeper - Client environment:os.memory.free=975MB
2025-10-01T11:23:51,725 INFO [main] org.apache.zookeeper.ZooKeeper - Client environment:os.memory.max=1024MB
2025-10-01T11:23:51,725 INFO [main] org.apache.zookeeper.ZooKeeper - Client environment:os.memory.total=1024MB
2025-10-01T11:23:51,728 INFO [main] org.apache.zookeeper.ZooKeeper - Initiating client connection, connectString=zookeeper sessionTimeout=30000 watcher=org.apache.curator.ConnectionState@1104ad6a
2025-10-01T11:23:51,730 INFO [main] org.apache.zookeeper.common.X509Util - Setting -D jdk.tls.rejectClientInitiatedRenegotiation=true to disable client-initiated TLS renegotiation
2025-10-01T11:23:51,733 INFO [main] org.apache.zookeeper.ClientCnxnSocket - jute.maxbuffer value is 1048575 Bytes
2025-10-01T11:23:51,738 INFO [main] org.apache.zookeeper.ClientCnxn - zookeeper.request.timeout value is 0. feature enabled=false
2025-10-01T11:23:51,745 INFO [main] org.apache.curator.framework.imps.CuratorFrameworkImpl - Default schema
2025-10-01T11:23:51,746 INFO [main-SendThread(zookeeper:2181)] org.apache.zookeeper.ClientCnxn - Opening socket connection to server zookeeper/172.18.0.3:2181.
2025-10-01T11:23:51,750 INFO [main-SendThread(zookeeper:2181)] org.apache.zookeeper.ClientCnxn - SASL config status: Will not attempt to authenticate using SASL (unknown error)
2025-10-01T11:23:51,759 INFO [main-SendThread(zookeeper:2181)] org.apache.zookeeper.ClientCnxn - Socket connection established, initiating session, client: /172.18.0.7:35788, server: zookeeper/172.18.0.3:2181
2025-10-01T11:23:51,764 INFO [main-SendThread(zookeeper:2181)] org.apache.zookeeper.ClientCnxn - Session establishment complete on server zookeeper/172.18.0.3:2181, session id = 0x10000c7b4d50005, negotiated timeout = 30000
2025-10-01T11:23:51,767 INFO [main-EventThread] org.apache.curator.framework.state.ConnectionStateManager - State change: CONNECTED
2025-10-01T11:23:51,769 INFO [main] org.apache.druid.client.HttpServerInventoryView - Starting executor[FilteredHttpServerInventoryView].
2025-10-01T11:23:51,790 INFO [main-EventThread] org.apache.curator.framework.imps.EnsembleTracker - New config event received: {}
2025-10-01T11:23:51,793 INFO [main-EventThread] org.apache.curator.framework.imps.EnsembleTracker - New config event received: {}
2025-10-01T11:23:51,803 INFO [main] org.apache.druid.client.HttpServerInventoryView - Started executor[FilteredHttpServerInventoryView].
2025-10-01T11:23:51,804 INFO [main] org.apache.druid.client.BrokerServerView - BrokerServerView waiting for initialization.
2025-10-01T11:23:51,815 WARN [NodeRoleWatcher[OVERLORD]] org.apache.druid.curator.discovery.CuratorDruidNodeDiscoveryProvider$NodeRoleWatcher - Ignored event type [CONNECTION_RECONNECTED] for node watcher of role [overlord].
2025-10-01T11:23:51,815 WARN [NodeRoleWatcher[HISTORICAL]] org.apache.druid.curator.discovery.CuratorDruidNodeDiscoveryProvider$NodeRoleWatcher - Ignored event type [CONNECTION_RECONNECTED] for node watcher of role [historical].
2025-10-01T11:23:51,823 INFO [NodeRoleWatcher[PEON]] org.apache.druid.discovery.BaseNodeRoleWatcher - Node watcher of role [peon] is now initialized with 0 nodes.
2025-10-01T11:23:51,823 INFO [NodeRoleWatcher[INDEXER]] org.apache.druid.discovery.BaseNodeRoleWatcher - Node watcher of role [indexer] is now initialized with 0 nodes.
2025-10-01T11:23:51,825 INFO [NodeRoleWatcher[BROKER]] org.apache.druid.discovery.BaseNodeRoleWatcher - Node watcher of role [broker] is now initialized with 0 nodes.
2025-10-01T11:23:51,861 INFO [NodeRoleWatcher[OVERLORD]] org.apache.druid.discovery.BaseNodeRoleWatcher - Node [http://overlord:8090] of role [overlord] detected.
2025-10-01T11:23:51,862 INFO [NodeRoleWatcher[OVERLORD]] org.apache.druid.discovery.BaseNodeRoleWatcher - Node watcher of role [overlord] is now initialized with 1 nodes.
2025-10-01T11:23:51,869 INFO [NodeRoleWatcher[HISTORICAL]] org.apache.druid.discovery.BaseNodeRoleWatcher - Node [http://historical:8083] of role [historical] detected.
2025-10-01T11:23:51,869 INFO [NodeRoleWatcher[HISTORICAL]] org.apache.druid.discovery.BaseNodeRoleWatcher - Node watcher of role [historical] is now initialized with 1 nodes.
2025-10-01T11:23:51,871 INFO [CuratorDruidNodeDiscoveryProvider-ListenerExecutor] org.apache.druid.client.HttpServerInventoryView - Server[historical:8083] appeared.
2025-10-01T11:23:51,874 INFO [CuratorDruidNodeDiscoveryProvider-ListenerExecutor] org.apache.druid.server.coordination.ChangeRequestHttpSyncer - Starting sync for server[http://historical:8083/_1759317831873].
2025-10-01T11:23:51,960 INFO [FilteredHttpServerInventoryView-0] org.apache.druid.server.coordination.ChangeRequestHttpSyncer - Server[http://historical:8083/_1759317831873] synced successfully for the first time.
2025-10-01T11:23:56,882 INFO [FilteredHttpServerInventoryView-1] org.apache.druid.client.HttpServerInventoryView - Waiting for [1] servers to sync successfully.
2025-10-01T11:23:56,887 INFO [FilteredHttpServerInventoryView-1] org.apache.druid.client.HttpServerInventoryView - All servers have been synced successfully at least once.
2025-10-01T11:23:56,888 INFO [FilteredHttpServerInventoryView-1] org.apache.druid.client.HttpServerInventoryView - Invoking segment view initialized callbacks.
2025-10-01T11:23:56,902 INFO [main] org.apache.druid.client.BrokerServerView - BrokerServerView initialized in [5,094] ms.
2025-10-01T11:23:56,912 INFO [main] org.apache.druid.segment.metadata.AbstractSegmentMetadataCache - BrokerSegmentMetadataCache starting cache initialization.
2025-10-01T11:23:56,914 INFO [DruidSchema-Cache-0] org.apache.druid.segment.metadata.AbstractSegmentMetadataCache - BrokerSegmentMetadataCache initialized in [0] ms.
2025-10-01T11:23:56,914 INFO [main] org.apache.druid.sql.calcite.schema.MetadataSegmentView - MetadataSegmentView is started.
2025-10-01T11:23:56,915 INFO [main] org.apache.druid.server.coordination.SegmentLoadDropHandler - Starting...
2025-10-01T11:23:56,915 INFO [main] org.apache.druid.server.coordination.SegmentLoadDropHandler - Started.
2025-10-01T11:23:56,915 INFO [main] org.apache.druid.server.coordination.ZkCoordinator - Starting zkCoordinator for server[broker:8082]
2025-10-01T11:23:56,923 INFO [NodeRoleWatcher[COORDINATOR]] org.apache.druid.discovery.BaseNodeRoleWatcher - Node [http://coordinator:8081] of role [coordinator] detected.
2025-10-01T11:23:56,924 INFO [NodeRoleWatcher[COORDINATOR]] org.apache.druid.discovery.BaseNodeRoleWatcher - Node watcher of role [coordinator] is now initialized with 1 nodes.
2025-10-01T11:23:56,932 INFO [main] org.apache.druid.java.util.common.lifecycle.Lifecycle - Starting lifecycle [module] stage [SERVER]
2025-10-01T11:23:56,934 INFO [main] org.eclipse.jetty.server.Server - jetty-9.4.53.v20231009; built: 2023-10-09T12:29:09.265Z; git: 27bde00a0b95a1d5bbee0eae7984f891d2d0f8c9; jvm 17.0.10+7-Debian-1deb12u1
2025-10-01T11:23:56,953 INFO [main] org.eclipse.jetty.server.session - DefaultSessionIdManager workerName=node0
2025-10-01T11:23:56,953 INFO [main] org.eclipse.jetty.server.session - No SessionScavenger set, using defaults
2025-10-01T11:23:56,954 INFO [main] org.eclipse.jetty.server.session - node0 Scavenging every 660000ms
2025-10-01T11:23:57,012 INFO [main] com.sun.jersey.server.impl.application.WebApplicationImpl - Initiating Jersey application, version 'Jersey: 1.19.4 05/24/2017 03:20 PM'
2025-10-01T11:23:57,395 INFO [main] org.eclipse.jetty.server.handler.ContextHandler - Started o.e.j.s.ServletContextHandler@19ea65f4{/,null,AVAILABLE}
2025-10-01T11:23:57,407 INFO [main] org.eclipse.jetty.server.AbstractConnector - Started ServerConnector@27ea7c8f{HTTP/1.1, (http/1.1)}{0.0.0.0:8082}
2025-10-01T11:23:57,407 INFO [main] org.eclipse.jetty.server.Server - Started @19125ms
2025-10-01T11:23:57,420 INFO [main] org.apache.druid.java.util.common.lifecycle.Lifecycle - Starting lifecycle [module] stage [ANNOUNCEMENTS]
2025-10-01T11:23:57,457 INFO [main] org.apache.druid.curator.discovery.CuratorDruidNodeAnnouncer - Announced self [{"druidNode":{"service":"druid/broker","host":"broker","bindOnHost":false,"plaintextPort":8082,"port":-1,"tlsPort":-1,"enablePlaintextPort":true,"enableTlsPort":false},"nodeType":"broker","services":{"lookupNodeService":{"type":"lookupNodeService","lookupTier":"__default"}},"startTime":"2025-10-01T11:23:51.681Z"}].
2025-10-01T11:23:57,462 INFO [main] org.apache.druid.curator.discovery.CuratorServiceAnnouncer - Announcing service[DruidNode{serviceName='druid/broker', host='broker', bindOnHost=false, port=-1, plaintextPort=8082, enablePlaintextPort=true, tlsPort=-1, enableTlsPort=false}]
2025-10-01T11:23:57,480 INFO [NodeRoleWatcher[BROKER]] org.apache.druid.discovery.BaseNodeRoleWatcher - Node [http://broker:8082] of role [broker] detected.
2025-10-01T11:23:57,482 WARN [CuratorDruidNodeDiscoveryProvider-ListenerExecutor] org.apache.druid.discovery.DruidNodeDiscoveryProvider$ServiceDruidNodeDiscovery - Node[DiscoveryDruidNode{druidNode=DruidNode{serviceName='druid/broker', host='broker', bindOnHost=false, port=-1, plaintextPort=8082, enablePlaintextPort=true, tlsPort=-1, enableTlsPort=false}, nodeRole='BROKER', services={lookupNodeService=LookupNodeService{lookupTier='__default'}}', startTime=2025-10-01T11:23:51.681Z}] discovered but doesn't have service[dataNodeService]. Ignored.
2025-10-01T11:23:57,492 INFO [main] org.apache.druid.java.util.common.lifecycle.Lifecycle - Successfully started lifecycle [module]
2025-10-01T11:24:23,223 INFO [NodeRoleWatcher[ROUTER]] org.apache.druid.discovery.BaseNodeRoleWatcher - Node [http://router:8888] of role [router] detected.
2025-10-01T11:24:23,225 INFO [NodeRoleWatcher[ROUTER]] org.apache.druid.discovery.BaseNodeRoleWatcher - Node watcher of role [router] is now initialized with 1 nodes.
2025-10-01T11:24:23,255 INFO [NodeRoleWatcher[MIDDLE_MANAGER]] org.apache.druid.discovery.BaseNodeRoleWatcher - Node [http://middlemanager:8091] of role [middleManager] detected.
2025-10-01T11:24:23,256 INFO [NodeRoleWatcher[MIDDLE_MANAGER]] org.apache.druid.discovery.BaseNodeRoleWatcher - Node watcher of role [middleManager] is now initialized with 1 nodes.
