2025-10-02T06:15:43,545 INFO [Thread-52] org.apache.druid.java.util.common.lifecycle.Lifecycle - Lifecycle [module] running shutdown hook
2025-10-02T06:15:43,591 INFO [Thread-52] org.apache.druid.java.util.common.lifecycle.Lifecycle - Stopping lifecycle [module] stage [ANNOUNCEMENTS]
2025-10-02T06:15:43,603 INFO [Thread-52] org.apache.druid.curator.announcement.Announcer - Unannouncing [/druid/internal-discovery/HISTORICAL/historical:8083]
2025-10-02T06:15:43,635 INFO [Thread-52] org.apache.druid.curator.discovery.CuratorDruidNodeAnnouncer - Unannounced self [{"druidNode":{"service":"druid/historical","host":"historical","bindOnHost":false,"plaintextPort":8083,"port":-1,"tlsPort":-1,"enablePlaintextPort":true,"enableTlsPort":false},"nodeType":"historical","services":{"dataNodeService":{"type":"dataNodeService","tier":"_default_tier","maxSize":50000000000,"type":"historical","serverType":"historical","priority":0},"lookupNodeService":{"type":"lookupNodeService","lookupTier":"__default"}},"startTime":"2025-10-01T11:23:49.401Z"}].
2025-10-02T06:15:43,674 INFO [Thread-52] org.apache.druid.curator.announcement.Announcer - Unannouncing [/druid/announcements/historical:8083]
2025-10-02T06:15:43,678 INFO [Thread-52] org.apache.druid.curator.announcement.Announcer - Unannouncing [/druid/segments/historical:8083/historical:8083_historical__default_tier_2025-10-01T11:23:49.692Z_62389d13160b4f0896962ab1121213fc0]
2025-10-02T06:15:43,681 INFO [Thread-52] org.apache.druid.java.util.common.lifecycle.Lifecycle - Stopping lifecycle [module] stage [SERVER]
2025-10-02T06:15:43,691 INFO [Thread-52] org.eclipse.jetty.server.AbstractConnector - Stopped ServerConnector@2ba08f26{HTTP/1.1, (http/1.1)}{0.0.0.0:8083}
2025-10-02T06:15:43,692 INFO [Thread-52] org.eclipse.jetty.server.session - node0 Stopped scavenging
2025-10-02T06:15:43,695 INFO [Thread-52] org.eclipse.jetty.server.handler.ContextHandler - Stopped o.e.j.s.ServletContextHandler@7db2b614{/,null,STOPPED}
2025-10-02T06:15:43,704 INFO [Thread-52] org.apache.druid.java.util.common.lifecycle.Lifecycle - Stopping lifecycle [module] stage [NORMAL]
2025-10-02T06:15:43,708 INFO [Thread-52] org.apache.druid.server.coordination.ZkCoordinator - Stopping ZkCoordinator for [DruidServerMetadata{name='historical:8083', hostAndPort='historical:8083', hostAndTlsPort='null', maxSize=50000000000, tier='_default_tier', type=historical, priority=0}]
2025-10-02T06:15:43,709 INFO [Thread-52] org.apache.druid.server.coordination.SegmentLoadDropHandler - Stopping...
2025-10-02T06:15:43,710 INFO [Thread-52] org.apache.druid.server.coordination.SegmentLoadDropHandler - Stopped.
2025-10-02T06:15:43,711 INFO [LookupExtractorFactoryContainerProvider-MainThread] org.apache.druid.query.lookup.LookupReferencesManager - Lookup Management loop exited. Lookup notices are not handled anymore.
2025-10-02T06:15:43,743 INFO [Curator-Framework-0] org.apache.curator.framework.imps.CuratorFrameworkImpl - backgroundOperationsLoop exiting
2025-10-02T06:15:43,849 INFO [Thread-52] org.apache.zookeeper.ZooKeeper - Session: 0x10000c7b4d50002 closed
2025-10-02T06:15:43,849 INFO [main-EventThread] org.apache.zookeeper.ClientCnxn - EventThread shut down for session: 0x10000c7b4d50002
2025-10-02T06:15:43,850 INFO [Thread-52] org.apache.druid.java.util.common.lifecycle.Lifecycle - Stopping lifecycle [module] stage [INIT]
2025-10-02T07:15:10,004 INFO [main] org.hibernate.validator.internal.util.Version - HV000001: Hibernate Validator 6.2.5.Final
2025-10-02T07:15:11,308 INFO [main] org.apache.druid.guice.ExtensionsLoader - Loading extension [druid-hdfs-storage], jars: aws-java-sdk-s3-1.12.638.jar, httpclient-4.5.13.jar, hadoop-client-api-3.3.6.jar, hadoop-aws-3.3.6.jar, aws-java-sdk-core-1.12.638.jar, jmespath-java-1.12.638.jar, hadoop-client-runtime-3.3.6.jar, druid-hdfs-storage-29.0.0.jar, commons-codec-1.16.0.jar, jsr305-2.0.1.jar, slf4j-api-1.7.36.jar, httpcore-4.4.11.jar, aws-java-sdk-kms-1.12.638.jar, jackson-dataformat-cbor-2.12.7.jar, commons-logging-1.1.1.jar, wildfly-openssl-1.1.3.Final.jar, joda-time-2.12.5.jar, snappy-java-1.1.10.4.jar
2025-10-02T07:15:11,334 INFO [main] org.apache.druid.guice.ExtensionsLoader - Loading extension [druid-kafka-indexing-service], jars: kafka-clients-3.6.1.jar, zstd-jni-1.5.2-3.jar, druid-kafka-indexing-service-29.0.0.jar, snappy-java-1.1.10.4.jar, lz4-java-1.8.0.jar
2025-10-02T07:15:11,348 INFO [main] org.apache.druid.guice.ExtensionsLoader - Loading extension [druid-datasketches], jars: druid-datasketches-29.0.0.jar, commons-math3-3.6.1.jar
2025-10-02T07:15:11,350 INFO [main] org.apache.druid.guice.ExtensionsLoader - Loading extension [druid-multi-stage-query], jars: druid-multi-stage-query-29.0.0.jar
2025-10-02T07:15:11,352 INFO [main] org.apache.druid.guice.ExtensionsLoader - Loading extension [postgresql-metadata-storage], jars: postgresql-42.6.0.jar, checker-qual-3.31.0.jar, postgresql-metadata-storage-29.0.0.jar
2025-10-02T07:15:11,901 INFO [main] org.apache.druid.guice.ExtensionsLoader - Loading extension [druid-hdfs-storage], jars: aws-java-sdk-s3-1.12.638.jar, httpclient-4.5.13.jar, hadoop-client-api-3.3.6.jar, hadoop-aws-3.3.6.jar, aws-java-sdk-core-1.12.638.jar, jmespath-java-1.12.638.jar, hadoop-client-runtime-3.3.6.jar, druid-hdfs-storage-29.0.0.jar, commons-codec-1.16.0.jar, jsr305-2.0.1.jar, slf4j-api-1.7.36.jar, httpcore-4.4.11.jar, aws-java-sdk-kms-1.12.638.jar, jackson-dataformat-cbor-2.12.7.jar, commons-logging-1.1.1.jar, wildfly-openssl-1.1.3.Final.jar, joda-time-2.12.5.jar, snappy-java-1.1.10.4.jar
2025-10-02T07:15:11,908 INFO [main] org.apache.druid.guice.ExtensionsLoader - Loading extension [druid-kafka-indexing-service], jars: kafka-clients-3.6.1.jar, zstd-jni-1.5.2-3.jar, druid-kafka-indexing-service-29.0.0.jar, snappy-java-1.1.10.4.jar, lz4-java-1.8.0.jar
2025-10-02T07:15:11,912 INFO [main] org.apache.druid.guice.ExtensionsLoader - Loading extension [druid-datasketches], jars: druid-datasketches-29.0.0.jar, commons-math3-3.6.1.jar
2025-10-02T07:15:11,918 INFO [main] org.apache.druid.guice.ExtensionsLoader - Loading extension [druid-multi-stage-query], jars: druid-multi-stage-query-29.0.0.jar
2025-10-02T07:15:11,938 INFO [main] org.apache.druid.guice.ExtensionsLoader - Loading extension [postgresql-metadata-storage], jars: postgresql-42.6.0.jar, checker-qual-3.31.0.jar, postgresql-metadata-storage-29.0.0.jar
2025-10-02T07:15:14,027 WARN [main] org.apache.hadoop.util.NativeCodeLoader - Unable to load native-hadoop library for your platform... using builtin-java classes where applicable
2025-10-02T07:15:17,329 INFO [main] org.apache.druid.server.emitter.EmitterModule - Using emitter [NoopEmitter{}] for metrics and alerts, with dimensions [{version=29.0.0}].
2025-10-02T07:15:17,606 INFO [main] org.apache.druid.server.metrics.MetricsModule - Loaded 5 monitors: org.apache.druid.java.util.metrics.JvmMonitor, org.apache.druid.server.metrics.ServiceStatusMonitor, org.apache.druid.query.ExecutorServiceMonitor, org.apache.druid.curator.DruidConnectionStateListener, org.apache.druid.server.initialization.jetty.JettyServerModule$JettyMonitor
2025-10-02T07:15:17,646 INFO [main] org.apache.druid.cli.CliHistorical - Starting up with processors [10], memory [2,147,483,648], maxMemory [2,147,483,648], directMemory [2,147,483,648]. Properties follow.
2025-10-02T07:15:17,647 INFO [main] org.apache.druid.cli.CliHistorical - * druid.cache.sizeInBytes: 134217728
2025-10-02T07:15:17,648 INFO [main] org.apache.druid.cli.CliHistorical - * druid.cache.type: caffeine
2025-10-02T07:15:17,649 INFO [main] org.apache.druid.cli.CliHistorical - * druid.emitter: noop
2025-10-02T07:15:17,651 INFO [main] org.apache.druid.cli.CliHistorical - * druid.emitter.logging.logLevel: info
2025-10-02T07:15:17,651 INFO [main] org.apache.druid.cli.CliHistorical - * druid.expressions.useStrictBooleans: true
2025-10-02T07:15:17,651 INFO [main] org.apache.druid.cli.CliHistorical - * druid.extensions.loadList: ["druid-hdfs-storage", "druid-kafka-indexing-service", "druid-datasketches", "druid-multi-stage-query", "postgresql-metadata-storage"]
2025-10-02T07:15:17,652 INFO [main] org.apache.druid.cli.CliHistorical - * druid.historical.cache.populateCache: true
2025-10-02T07:15:17,654 INFO [main] org.apache.druid.cli.CliHistorical - * druid.historical.cache.useCache: true
2025-10-02T07:15:17,657 INFO [main] org.apache.druid.cli.CliHistorical - * druid.host: historical
2025-10-02T07:15:17,657 INFO [main] org.apache.druid.cli.CliHistorical - * druid.indexer.logs.directory: var/druid/indexing-logs
2025-10-02T07:15:17,658 INFO [main] org.apache.druid.cli.CliHistorical - * druid.indexer.logs.type: file
2025-10-02T07:15:17,658 INFO [main] org.apache.druid.cli.CliHistorical - * druid.indexing.doubleStorage: double
2025-10-02T07:15:17,659 INFO [main] org.apache.druid.cli.CliHistorical - * druid.lookup.enableLookupSyncOnStartup: false
2025-10-02T07:15:17,659 INFO [main] org.apache.druid.cli.CliHistorical - * druid.metadata.storage.connector.connectURI: jdbc:postgresql://metadata-storage:5432/druid
2025-10-02T07:15:17,659 INFO [main] org.apache.druid.cli.CliHistorical - * druid.metadata.storage.connector.password: <masked>
2025-10-02T07:15:17,660 INFO [main] org.apache.druid.cli.CliHistorical - * druid.metadata.storage.connector.user: druid
2025-10-02T07:15:17,661 INFO [main] org.apache.druid.cli.CliHistorical - * druid.metadata.storage.type: postgresql
2025-10-02T07:15:17,662 INFO [main] org.apache.druid.cli.CliHistorical - * druid.monitoring.monitors: ["org.apache.druid.java.util.metrics.JvmMonitor", "org.apache.druid.server.metrics.ServiceStatusMonitor"]
2025-10-02T07:15:17,662 INFO [main] org.apache.druid.cli.CliHistorical - * druid.node.type: historical
2025-10-02T07:15:17,666 INFO [main] org.apache.druid.cli.CliHistorical - * druid.plaintextPort: 8083
2025-10-02T07:15:17,667 INFO [main] org.apache.druid.cli.CliHistorical - * druid.processing.buffer.sizeBytes: 134217728
2025-10-02T07:15:17,668 INFO [main] org.apache.druid.cli.CliHistorical - * druid.processing.numMergeBuffers: 2
2025-10-02T07:15:17,668 INFO [main] org.apache.druid.cli.CliHistorical - * druid.processing.numThreads: 4
2025-10-02T07:15:17,669 INFO [main] org.apache.druid.cli.CliHistorical - * druid.processing.tmpDir: var/druid/processing
2025-10-02T07:15:17,669 INFO [main] org.apache.druid.cli.CliHistorical - * druid.segmentCache.locations: [{"path":"var/druid/segment-cache","maxSize":"50g"}]
2025-10-02T07:15:17,672 INFO [main] org.apache.druid.cli.CliHistorical - * druid.selectors.coordinator.serviceName: druid/coordinator
2025-10-02T07:15:17,673 INFO [main] org.apache.druid.cli.CliHistorical - * druid.selectors.indexing.serviceName: druid/overlord
2025-10-02T07:15:17,673 INFO [main] org.apache.druid.cli.CliHistorical - * druid.server.hiddenProperties: ["druid.s3.accessKey","druid.s3.secretKey","druid.metadata.storage.connector.password", "password", "key", "token", "pwd"]
2025-10-02T07:15:17,673 INFO [main] org.apache.druid.cli.CliHistorical - * druid.server.http.numThreads: 40
2025-10-02T07:15:17,674 INFO [main] org.apache.druid.cli.CliHistorical - * druid.service: druid/historical
2025-10-02T07:15:17,674 INFO [main] org.apache.druid.cli.CliHistorical - * druid.sql.enable: true
2025-10-02T07:15:17,674 INFO [main] org.apache.druid.cli.CliHistorical - * druid.sql.planner.useGroupingSetForExactDistinct: true
2025-10-02T07:15:17,675 INFO [main] org.apache.druid.cli.CliHistorical - * druid.startup.logging.logProperties: true
2025-10-02T07:15:17,675 INFO [main] org.apache.druid.cli.CliHistorical - * druid.storage.storageDirectory: var/druid/segments
2025-10-02T07:15:17,675 INFO [main] org.apache.druid.cli.CliHistorical - * druid.storage.type: local
2025-10-02T07:15:17,676 INFO [main] org.apache.druid.cli.CliHistorical - * druid.zk.paths.base: /druid
2025-10-02T07:15:17,676 INFO [main] org.apache.druid.cli.CliHistorical - * druid.zk.service.host: zookeeper
2025-10-02T07:15:17,676 INFO [main] org.apache.druid.cli.CliHistorical - * file.encoding: UTF-8
2025-10-02T07:15:17,677 INFO [main] org.apache.druid.cli.CliHistorical - * file.separator: /
2025-10-02T07:15:17,677 INFO [main] org.apache.druid.cli.CliHistorical - * java.class.path: /opt/druid/overrides/*:/tmp/conf/druid/cluster/_common:/tmp/conf/druid/cluster/data/historical:lib/async-http-client-netty-utils-2.5.3.jar:lib/maven-settings-builder-3.1.1.jar:lib/json-simple-1.1.1.jar:lib/checker-qual-2.5.7.jar:lib/jetty-rewrite-9.4.53.v20231009.jar:lib/netty-resolver-4.1.100.Final.jar:lib/guice-4.1.0.jar:lib/jackson-datatype-guava-2.12.7.jar:lib/netty-reactive-streams-2.0.0.jar:lib/google-http-client-apache-v2-1.42.3.jar:lib/aws-java-sdk-sts-1.12.638.jar:lib/async-http-client-2.5.3.jar:lib/guice-assistedinject-4.1.0.jar:lib/jackson-databind-2.12.7.1.jar:lib/google-http-client-jackson2-1.42.3.jar:lib/jackson-jq-0.0.10.jar:lib/maven-model-builder-3.1.1.jar:lib/asm-commons-9.3.jar:lib/aether-connector-file-0.9.0.M2.jar:lib/accessors-smart-2.4.11.jar:lib/aws-java-sdk-ec2-1.12.638.jar:lib/aws-java-sdk-s3-1.12.638.jar:lib/jcodings-1.0.43.jar:lib/zookeeper-jute-3.8.3.jar:lib/disruptor-3.3.6.jar:lib/javax.activation-api-1.2.0.jar:lib/calcite-linq4j-1.35.0.jar:lib/derbyclient-10.14.2.0.jar:lib/google-http-client-1.42.3.jar:lib/netty-transport-classes-epoll-4.1.100.Final.jar:lib/maven-artifact-3.6.0.jar:lib/icu4j-73.2.jar:lib/reactive-streams-1.0.2.jar:lib/netty-resolver-dns-4.1.100.Final.jar:lib/guice-servlet-4.1.0.jar:lib/commons-collections-3.2.2.jar:lib/jna-platform-5.13.0.jar:lib/druid-indexing-hadoop-29.0.0.jar:lib/derbynet-10.14.2.0.jar:lib/txw2-2.3.1.jar:lib/guava-32.0.1-jre.jar:lib/asm-analysis-9.3.jar:lib/jcl-over-slf4j-1.7.36.jar:lib/curator-recipes-5.5.0.jar:lib/log4j-jul-2.18.0.jar:lib/log4j-1.2-api-2.18.0.jar:lib/netty-codec-4.1.100.Final.jar:lib/protobuf-java-3.24.0.jar:lib/httpclient-4.5.13.jar:lib/ipaddress-5.3.4.jar:lib/audience-annotations-0.12.0.jar:lib/druid-sql-29.0.0.jar:lib/maven-settings-3.1.1.jar:lib/airline-2.8.4.jar:lib/stax-ex-1.8.jar:lib/jaxb-runtime-2.3.1.jar:lib/druid-indexing-service-29.0.0.jar:lib/grpc-context-1.27.2.jar:lib/druid-processing-29.0.0.jar:lib/fastutil-extra-8.5.4.jar:lib/json-smart-2.4.11.jar:lib/jts-core-1.19.0.jar:lib/log4j-api-2.18.0.jar:lib/resilience4j-bulkhead-1.3.1.jar:lib/jetty-servlets-9.4.53.v20231009.jar:lib/okhttp-1.0.2.jar:lib/netty-codec-dns-4.1.100.Final.jar:lib/commons-math3-3.6.1.jar:lib/aws-java-sdk-core-1.12.638.jar:lib/FastInfoset-1.2.15.jar:lib/netty-common-4.1.100.Final.jar:lib/derby-10.14.2.0.jar:lib/log4j-slf4j-impl-2.18.0.jar:lib/jboss-logging-3.4.1.Final.jar:lib/curator-x-discovery-5.5.0.jar:lib/jmespath-java-1.12.638.jar:lib/error_prone_annotations-2.20.0.jar:lib/jetty-util-9.4.53.v20231009.jar:lib/cron-scheduler-0.1.jar:lib/vavr-match-0.10.2.jar:lib/aggdesigner-algorithm-6.0.jar:lib/airline-io-2.8.4.jar:lib/httpcore5-h2-5.1.3.jar:lib/jackson-jaxrs-base-2.12.7.jar:lib/jackson-module-guice-2.12.7.jar:lib/jetty-proxy-9.4.53.v20231009.jar:lib/zookeeper-3.8.3.jar:lib/hibernate-validator-6.2.5.Final.jar:lib/log4j-core-2.18.0.jar:lib/janino-3.1.9.jar:lib/jetty-http-9.4.53.v20231009.jar:lib/avatica-core-1.23.0.jar:lib/fastutil-core-8.5.4.jar:lib/maven-aether-provider-3.1.1.jar:lib/tesla-aether-0.0.5.jar:lib/uzaygezen-core-0.2.jar:lib/elasticache-java-cluster-client-1.2.0.jar:lib/commons-lang3-3.12.0.jar:lib/aether-spi-0.9.0.M2.jar:lib/jersey-servlet-1.19.4.jar:lib/druid-aws-common-29.0.0.jar:lib/json-path-2.3.0.jar:lib/druid-services-29.0.0.jar:lib/jaxb-api-2.3.1.jar:lib/metrics-core-4.2.22.jar:lib/aether-connector-okhttp-0.0.9.jar:lib/javax.inject-1.jar:lib/curator-framework-5.5.0.jar:lib/compress-lzf-1.0.4.jar:lib/zstd-jni-1.5.2-3.jar:lib/avatica-metrics-1.23.0.jar:lib/jetty-server-9.4.53.v20231009.jar:lib/netty-handler-proxy-4.1.100.Final.jar:lib/xz-1.9.jar:lib/commons-io-2.11.0.jar:lib/commons-codec-1.16.0.jar:lib/failureaccess-1.0.1.jar:lib/httpclient5-5.1.3.jar:lib/apiguardian-api-1.1.2.jar:lib/jetty-continuation-9.4.53.v20231009.jar:lib/avatica-server-1.23.0.jar:lib/jsr305-2.0.1.jar:lib/jersey-guice-1.19.4.jar:lib/guice-multibindings-4.1.0.jar:lib/aether-impl-0.9.0.M2.jar:lib/jetty-servlet-9.4.53.v20231009.jar:lib/netty-transport-native-unix-common-4.1.100.Final.jar:lib/druid-server-29.0.0.jar:lib/proj4j-1.2.2.jar:lib/asm-tree-9.3.jar:lib/netty-codec-http-4.1.100.Final.jar:lib/slf4j-api-1.7.36.jar:lib/javax.el-api-3.0.0.jar:lib/jackson-core-2.12.7.jar:lib/aether-api-0.9.0.M2.jar:lib/httpcore-4.4.11.jar:lib/jackson-jaxrs-smile-provider-2.12.7.jar:lib/jetty-security-9.4.53.v20231009.jar:lib/gson-2.10.jar:lib/plexus-utils-3.0.24.jar:lib/datasketches-memory-2.2.0.jar:lib/jackson-module-jaxb-annotations-2.12.7.jar:lib/jackson-jaxrs-json-provider-2.12.7.jar:lib/google-http-client-gson-1.42.3.jar:lib/jakarta.xml.bind-api-2.3.2.jar:lib/antlr4-runtime-4.5.3.jar:lib/commons-compiler-3.1.9.jar:lib/jdbi-2.63.1.jar:lib/rhino-1.7.14.jar:lib/aws-java-sdk-kms-1.12.638.jar:lib/j2objc-annotations-2.8.jar:lib/netty-3.10.6.Final.jar:lib/jakarta.activation-api-1.2.1.jar:lib/resilience4j-core-1.3.1.jar:lib/commons-beanutils-1.9.4.jar:lib/caffeine-2.8.0.jar:lib/sigar-1.6.5.132.jar:lib/jakarta.validation-api-2.0.2.jar:lib/calcite-core-1.35.0.jar:lib/opencensus-contrib-http-util-0.31.1.jar:lib/jetty-client-9.4.53.v20231009.jar:lib/jackson-dataformat-cbor-2.12.7.jar:lib/aether-util-0.9.0.M2.jar:lib/maven-repository-metadata-3.1.1.jar:lib/netty-transport-native-epoll-4.1.100.Final-linux-x86_64.jar:lib/druid-gcp-common-29.0.0.jar:lib/istack-commons-runtime-3.0.7.jar:lib/jna-5.13.0.jar:lib/jackson-dataformat-smile-2.12.7.jar:lib/asm-9.3.jar:lib/netty-buffer-4.1.100.Final.jar:lib/commons-lang-2.6.jar:lib/commons-logging-1.1.1.jar:lib/commons-collections4-4.2.jar:lib/maven-model-3.1.1.jar:lib/jts-io-common-1.19.0.jar:lib/vavr-0.10.2.jar:lib/commons-compress-1.24.0.jar:lib/fastutil-8.5.4.jar:lib/joni-2.1.27.jar:lib/joda-time-2.12.5.jar:lib/commons-text-1.10.0.jar:lib/plexus-interpolation-1.19.jar:lib/aopalliance-1.0.jar:lib/web-console-29.0.0.jar:lib/RoaringBitmap-0.9.49.jar:lib/datasketches-java-4.2.0.jar:lib/curator-client-5.5.0.jar:lib/opencsv-4.6.jar:lib/jetty-util-ajax-9.4.53.v20231009.jar:lib/javax.activation-1.2.0.jar:lib/jersey-core-1.19.4.jar:lib/commons-dbcp2-2.0.1.jar:lib/javax.servlet-api-3.1.0.jar:lib/jakarta.inject-api-1.0.3.jar:lib/netty-codec-socks-4.1.100.Final.jar:lib/netty-handler-4.1.100.Final.jar:lib/commons-pool2-2.2.jar:lib/jackson-annotations-2.12.7.jar:lib/httpcore5-5.1.3.jar:lib/google-oauth-client-1.34.1.jar:lib/jersey-server-1.19.4.jar:lib/oshi-core-6.4.4.jar:lib/wagon-provider-api-2.4.jar:lib/snappy-java-1.1.10.4.jar:lib/google-api-client-2.2.0.jar:lib/config-magic-0.9.jar:lib/shims-0.9.49.jar:lib/jakarta.el-3.0.4.jar:lib/jackson-datatype-joda-2.12.7.jar:lib/classmate-1.5.1.jar:lib/netty-transport-4.1.100.Final.jar:lib/jsr311-api-1.1.1.jar:lib/lz4-java-1.8.0.jar:lib/opencensus-api-0.31.1.jar:lib/jetty-io-9.4.53.v20231009.jar:
2025-10-02T07:15:17,678 INFO [main] org.apache.druid.cli.CliHistorical - * java.class.version: 61.0
2025-10-02T07:15:17,678 INFO [main] org.apache.druid.cli.CliHistorical - * java.home: /usr/lib/jvm/java-17-openjdk-amd64
2025-10-02T07:15:17,679 INFO [main] org.apache.druid.cli.CliHistorical - * java.io.tmpdir: var/tmp
2025-10-02T07:15:17,679 INFO [main] org.apache.druid.cli.CliHistorical - * java.library.path: /usr/java/packages/lib:/usr/lib/x86_64-linux-gnu/jni:/lib/x86_64-linux-gnu:/usr/lib/x86_64-linux-gnu:/usr/lib/jni:/lib:/usr/lib
2025-10-02T07:15:17,679 INFO [main] org.apache.druid.cli.CliHistorical - * java.runtime.name: OpenJDK Runtime Environment
2025-10-02T07:15:17,679 INFO [main] org.apache.druid.cli.CliHistorical - * java.runtime.version: 17.0.10+7-Debian-1deb12u1
2025-10-02T07:15:17,679 INFO [main] org.apache.druid.cli.CliHistorical - * java.specification.name: Java Platform API Specification
2025-10-02T07:15:17,680 INFO [main] org.apache.druid.cli.CliHistorical - * java.specification.vendor: Oracle Corporation
2025-10-02T07:15:17,681 INFO [main] org.apache.druid.cli.CliHistorical - * java.specification.version: 17
2025-10-02T07:15:17,681 INFO [main] org.apache.druid.cli.CliHistorical - * java.util.logging.manager: org.apache.logging.log4j.jul.LogManager
2025-10-02T07:15:17,681 INFO [main] org.apache.druid.cli.CliHistorical - * java.vendor: Debian
2025-10-02T07:15:17,681 INFO [main] org.apache.druid.cli.CliHistorical - * java.vendor.url: https://tracker.debian.org/openjdk-17
2025-10-02T07:15:17,682 INFO [main] org.apache.druid.cli.CliHistorical - * java.vendor.url.bug: https://bugs.debian.org/openjdk-17
2025-10-02T07:15:17,682 INFO [main] org.apache.druid.cli.CliHistorical - * java.version: 17.0.10
2025-10-02T07:15:17,682 INFO [main] org.apache.druid.cli.CliHistorical - * java.version.date: 2024-01-16
2025-10-02T07:15:17,683 INFO [main] org.apache.druid.cli.CliHistorical - * java.vm.compressedOopsMode: 32-bit
2025-10-02T07:15:17,683 INFO [main] org.apache.druid.cli.CliHistorical - * java.vm.info: mixed mode, sharing
2025-10-02T07:15:17,683 INFO [main] org.apache.druid.cli.CliHistorical - * java.vm.name: OpenJDK 64-Bit Server VM
2025-10-02T07:15:17,683 INFO [main] org.apache.druid.cli.CliHistorical - * java.vm.specification.name: Java Virtual Machine Specification
2025-10-02T07:15:17,684 INFO [main] org.apache.druid.cli.CliHistorical - * java.vm.specification.vendor: Oracle Corporation
2025-10-02T07:15:17,685 INFO [main] org.apache.druid.cli.CliHistorical - * java.vm.specification.version: 17
2025-10-02T07:15:17,685 INFO [main] org.apache.druid.cli.CliHistorical - * java.vm.vendor: Debian
2025-10-02T07:15:17,686 INFO [main] org.apache.druid.cli.CliHistorical - * java.vm.version: 17.0.10+7-Debian-1deb12u1
2025-10-02T07:15:17,686 INFO [main] org.apache.druid.cli.CliHistorical - * jdk.debug: release
2025-10-02T07:15:17,686 INFO [main] org.apache.druid.cli.CliHistorical - * line.separator: 

2025-10-02T07:15:17,686 INFO [main] org.apache.druid.cli.CliHistorical - * log4j.shutdownCallbackRegistry: org.apache.druid.common.config.Log4jShutdown
2025-10-02T07:15:17,686 INFO [main] org.apache.druid.cli.CliHistorical - * log4j.shutdownHookEnabled: true
2025-10-02T07:15:17,687 INFO [main] org.apache.druid.cli.CliHistorical - * log4j2.is.webapp: false
2025-10-02T07:15:17,688 INFO [main] org.apache.druid.cli.CliHistorical - * native.encoding: UTF-8
2025-10-02T07:15:17,688 INFO [main] org.apache.druid.cli.CliHistorical - * os.arch: amd64
2025-10-02T07:15:17,688 INFO [main] org.apache.druid.cli.CliHistorical - * os.name: Linux
2025-10-02T07:15:17,690 INFO [main] org.apache.druid.cli.CliHistorical - * os.version: 6.10.14-linuxkit
2025-10-02T07:15:17,690 INFO [main] org.apache.druid.cli.CliHistorical - * path.separator: :
2025-10-02T07:15:17,694 INFO [main] org.apache.druid.cli.CliHistorical - * sun.arch.data.model: 64
2025-10-02T07:15:17,695 INFO [main] org.apache.druid.cli.CliHistorical - * sun.boot.library.path: /usr/lib/jvm/java-17-openjdk-amd64/lib
2025-10-02T07:15:17,696 INFO [main] org.apache.druid.cli.CliHistorical - * sun.cpu.endian: little
2025-10-02T07:15:17,697 INFO [main] org.apache.druid.cli.CliHistorical - * sun.io.unicode.encoding: UnicodeLittle
2025-10-02T07:15:17,697 INFO [main] org.apache.druid.cli.CliHistorical - * sun.java.command: org.apache.druid.cli.Main server historical
2025-10-02T07:15:17,697 INFO [main] org.apache.druid.cli.CliHistorical - * sun.java.launcher: SUN_STANDARD
2025-10-02T07:15:17,699 INFO [main] org.apache.druid.cli.CliHistorical - * sun.jnu.encoding: UTF-8
2025-10-02T07:15:17,699 INFO [main] org.apache.druid.cli.CliHistorical - * sun.management.compiler: HotSpot 64-Bit Tiered Compilers
2025-10-02T07:15:17,700 INFO [main] org.apache.druid.cli.CliHistorical - * user.dir: /opt/druid
2025-10-02T07:15:17,700 INFO [main] org.apache.druid.cli.CliHistorical - * user.home: /opt/druid
2025-10-02T07:15:17,700 INFO [main] org.apache.druid.cli.CliHistorical - * user.language: en
2025-10-02T07:15:17,700 INFO [main] org.apache.druid.cli.CliHistorical - * user.name: druid
2025-10-02T07:15:17,700 INFO [main] org.apache.druid.cli.CliHistorical - * user.timezone: UTC
2025-10-02T07:15:17,805 INFO [main] org.eclipse.jetty.util.log - Logging initialized @10595ms to org.eclipse.jetty.util.log.Slf4jLog
2025-10-02T07:15:17,824 INFO [main] org.apache.druid.server.initialization.jetty.JettyServerModule - Creating http connector with port [8083]
2025-10-02T07:15:17,997 WARN [main] org.eclipse.jetty.server.handler.gzip.GzipHandler - minGzipSize of 0 is inefficient for short content, break even is size 23
2025-10-02T07:15:18,034 INFO [main] org.apache.druid.query.DruidProcessingConfig - Detected max direct memory size of [2,147,483,648] bytes
2025-10-02T07:15:18,047 INFO [main] org.apache.druid.offheap.OffheapBufferGenerator - Allocating new intermediate processing buffer[0] of size[134,217,728]
2025-10-02T07:15:18,081 INFO [main] org.apache.druid.offheap.OffheapBufferGenerator - Allocating new intermediate processing buffer[1] of size[134,217,728]
2025-10-02T07:15:18,107 INFO [main] org.apache.druid.offheap.OffheapBufferGenerator - Allocating new intermediate processing buffer[2] of size[134,217,728]
2025-10-02T07:15:18,145 INFO [main] org.apache.druid.offheap.OffheapBufferGenerator - Allocating new intermediate processing buffer[3] of size[134,217,728]
2025-10-02T07:15:18,166 INFO [main] org.apache.druid.offheap.OffheapBufferGenerator - Allocating new result merging buffer[0] of size[134,217,728]
2025-10-02T07:15:18,195 INFO [main] org.apache.druid.offheap.OffheapBufferGenerator - Allocating new result merging buffer[1] of size[134,217,728]
2025-10-02T07:15:18,507 INFO [main] org.apache.druid.segment.loading.SegmentLocalCacheManager - Using storage location strategy: [LeastBytesUsedStorageLocationSelectorStrategy]
2025-10-02T07:15:18,898 INFO [main] org.apache.druid.java.util.common.lifecycle.Lifecycle - Starting lifecycle [module] stage [INIT]
2025-10-02T07:15:18,900 INFO [main] org.apache.druid.java.util.common.lifecycle.Lifecycle - Starting lifecycle [module] stage [NORMAL]
2025-10-02T07:15:18,901 INFO [main] org.apache.curator.framework.imps.CuratorFrameworkImpl - Starting
2025-10-02T07:15:18,927 INFO [main] org.apache.zookeeper.ZooKeeper - Client environment:zookeeper.version=3.8.3-6ad6d364c7c0bcf0de452d54ebefa3058098ab56, built on 2023-10-05 10:34 UTC
2025-10-02T07:15:18,930 INFO [main] org.apache.zookeeper.ZooKeeper - Client environment:host.name=d32ab7e302ca
2025-10-02T07:15:18,932 INFO [main] org.apache.zookeeper.ZooKeeper - Client environment:java.version=17.0.10
2025-10-02T07:15:18,934 INFO [main] org.apache.zookeeper.ZooKeeper - Client environment:java.vendor=Debian
2025-10-02T07:15:18,936 INFO [main] org.apache.zookeeper.ZooKeeper - Client environment:java.home=/usr/lib/jvm/java-17-openjdk-amd64
2025-10-02T07:15:18,939 INFO [main] org.apache.zookeeper.ZooKeeper - Client environment:java.class.path=/opt/druid/overrides/*:/tmp/conf/druid/cluster/_common:/tmp/conf/druid/cluster/data/historical:lib/async-http-client-netty-utils-2.5.3.jar:lib/maven-settings-builder-3.1.1.jar:lib/json-simple-1.1.1.jar:lib/checker-qual-2.5.7.jar:lib/jetty-rewrite-9.4.53.v20231009.jar:lib/netty-resolver-4.1.100.Final.jar:lib/guice-4.1.0.jar:lib/jackson-datatype-guava-2.12.7.jar:lib/netty-reactive-streams-2.0.0.jar:lib/google-http-client-apache-v2-1.42.3.jar:lib/aws-java-sdk-sts-1.12.638.jar:lib/async-http-client-2.5.3.jar:lib/guice-assistedinject-4.1.0.jar:lib/jackson-databind-2.12.7.1.jar:lib/google-http-client-jackson2-1.42.3.jar:lib/jackson-jq-0.0.10.jar:lib/maven-model-builder-3.1.1.jar:lib/asm-commons-9.3.jar:lib/aether-connector-file-0.9.0.M2.jar:lib/accessors-smart-2.4.11.jar:lib/aws-java-sdk-ec2-1.12.638.jar:lib/aws-java-sdk-s3-1.12.638.jar:lib/jcodings-1.0.43.jar:lib/zookeeper-jute-3.8.3.jar:lib/disruptor-3.3.6.jar:lib/javax.activation-api-1.2.0.jar:lib/calcite-linq4j-1.35.0.jar:lib/derbyclient-10.14.2.0.jar:lib/google-http-client-1.42.3.jar:lib/netty-transport-classes-epoll-4.1.100.Final.jar:lib/maven-artifact-3.6.0.jar:lib/icu4j-73.2.jar:lib/reactive-streams-1.0.2.jar:lib/netty-resolver-dns-4.1.100.Final.jar:lib/guice-servlet-4.1.0.jar:lib/commons-collections-3.2.2.jar:lib/jna-platform-5.13.0.jar:lib/druid-indexing-hadoop-29.0.0.jar:lib/derbynet-10.14.2.0.jar:lib/txw2-2.3.1.jar:lib/guava-32.0.1-jre.jar:lib/asm-analysis-9.3.jar:lib/jcl-over-slf4j-1.7.36.jar:lib/curator-recipes-5.5.0.jar:lib/log4j-jul-2.18.0.jar:lib/log4j-1.2-api-2.18.0.jar:lib/netty-codec-4.1.100.Final.jar:lib/protobuf-java-3.24.0.jar:lib/httpclient-4.5.13.jar:lib/ipaddress-5.3.4.jar:lib/audience-annotations-0.12.0.jar:lib/druid-sql-29.0.0.jar:lib/maven-settings-3.1.1.jar:lib/airline-2.8.4.jar:lib/stax-ex-1.8.jar:lib/jaxb-runtime-2.3.1.jar:lib/druid-indexing-service-29.0.0.jar:lib/grpc-context-1.27.2.jar:lib/druid-processing-29.0.0.jar:lib/fastutil-extra-8.5.4.jar:lib/json-smart-2.4.11.jar:lib/jts-core-1.19.0.jar:lib/log4j-api-2.18.0.jar:lib/resilience4j-bulkhead-1.3.1.jar:lib/jetty-servlets-9.4.53.v20231009.jar:lib/okhttp-1.0.2.jar:lib/netty-codec-dns-4.1.100.Final.jar:lib/commons-math3-3.6.1.jar:lib/aws-java-sdk-core-1.12.638.jar:lib/FastInfoset-1.2.15.jar:lib/netty-common-4.1.100.Final.jar:lib/derby-10.14.2.0.jar:lib/log4j-slf4j-impl-2.18.0.jar:lib/jboss-logging-3.4.1.Final.jar:lib/curator-x-discovery-5.5.0.jar:lib/jmespath-java-1.12.638.jar:lib/error_prone_annotations-2.20.0.jar:lib/jetty-util-9.4.53.v20231009.jar:lib/cron-scheduler-0.1.jar:lib/vavr-match-0.10.2.jar:lib/aggdesigner-algorithm-6.0.jar:lib/airline-io-2.8.4.jar:lib/httpcore5-h2-5.1.3.jar:lib/jackson-jaxrs-base-2.12.7.jar:lib/jackson-module-guice-2.12.7.jar:lib/jetty-proxy-9.4.53.v20231009.jar:lib/zookeeper-3.8.3.jar:lib/hibernate-validator-6.2.5.Final.jar:lib/log4j-core-2.18.0.jar:lib/janino-3.1.9.jar:lib/jetty-http-9.4.53.v20231009.jar:lib/avatica-core-1.23.0.jar:lib/fastutil-core-8.5.4.jar:lib/maven-aether-provider-3.1.1.jar:lib/tesla-aether-0.0.5.jar:lib/uzaygezen-core-0.2.jar:lib/elasticache-java-cluster-client-1.2.0.jar:lib/commons-lang3-3.12.0.jar:lib/aether-spi-0.9.0.M2.jar:lib/jersey-servlet-1.19.4.jar:lib/druid-aws-common-29.0.0.jar:lib/json-path-2.3.0.jar:lib/druid-services-29.0.0.jar:lib/jaxb-api-2.3.1.jar:lib/metrics-core-4.2.22.jar:lib/aether-connector-okhttp-0.0.9.jar:lib/javax.inject-1.jar:lib/curator-framework-5.5.0.jar:lib/compress-lzf-1.0.4.jar:lib/zstd-jni-1.5.2-3.jar:lib/avatica-metrics-1.23.0.jar:lib/jetty-server-9.4.53.v20231009.jar:lib/netty-handler-proxy-4.1.100.Final.jar:lib/xz-1.9.jar:lib/commons-io-2.11.0.jar:lib/commons-codec-1.16.0.jar:lib/failureaccess-1.0.1.jar:lib/httpclient5-5.1.3.jar:lib/apiguardian-api-1.1.2.jar:lib/jetty-continuation-9.4.53.v20231009.jar:lib/avatica-server-1.23.0.jar:lib/jsr305-2.0.1.jar:lib/jersey-guice-1.19.4.jar:lib/guice-multibindings-4.1.0.jar:lib/aether-impl-0.9.0.M2.jar:lib/jetty-servlet-9.4.53.v20231009.jar:lib/netty-transport-native-unix-common-4.1.100.Final.jar:lib/druid-server-29.0.0.jar:lib/proj4j-1.2.2.jar:lib/asm-tree-9.3.jar:lib/netty-codec-http-4.1.100.Final.jar:lib/slf4j-api-1.7.36.jar:lib/javax.el-api-3.0.0.jar:lib/jackson-core-2.12.7.jar:lib/aether-api-0.9.0.M2.jar:lib/httpcore-4.4.11.jar:lib/jackson-jaxrs-smile-provider-2.12.7.jar:lib/jetty-security-9.4.53.v20231009.jar:lib/gson-2.10.jar:lib/plexus-utils-3.0.24.jar:lib/datasketches-memory-2.2.0.jar:lib/jackson-module-jaxb-annotations-2.12.7.jar:lib/jackson-jaxrs-json-provider-2.12.7.jar:lib/google-http-client-gson-1.42.3.jar:lib/jakarta.xml.bind-api-2.3.2.jar:lib/antlr4-runtime-4.5.3.jar:lib/commons-compiler-3.1.9.jar:lib/jdbi-2.63.1.jar:lib/rhino-1.7.14.jar:lib/aws-java-sdk-kms-1.12.638.jar:lib/j2objc-annotations-2.8.jar:lib/netty-3.10.6.Final.jar:lib/jakarta.activation-api-1.2.1.jar:lib/resilience4j-core-1.3.1.jar:lib/commons-beanutils-1.9.4.jar:lib/caffeine-2.8.0.jar:lib/sigar-1.6.5.132.jar:lib/jakarta.validation-api-2.0.2.jar:lib/calcite-core-1.35.0.jar:lib/opencensus-contrib-http-util-0.31.1.jar:lib/jetty-client-9.4.53.v20231009.jar:lib/jackson-dataformat-cbor-2.12.7.jar:lib/aether-util-0.9.0.M2.jar:lib/maven-repository-metadata-3.1.1.jar:lib/netty-transport-native-epoll-4.1.100.Final-linux-x86_64.jar:lib/druid-gcp-common-29.0.0.jar:lib/istack-commons-runtime-3.0.7.jar:lib/jna-5.13.0.jar:lib/jackson-dataformat-smile-2.12.7.jar:lib/asm-9.3.jar:lib/netty-buffer-4.1.100.Final.jar:lib/commons-lang-2.6.jar:lib/commons-logging-1.1.1.jar:lib/commons-collections4-4.2.jar:lib/maven-model-3.1.1.jar:lib/jts-io-common-1.19.0.jar:lib/vavr-0.10.2.jar:lib/commons-compress-1.24.0.jar:lib/fastutil-8.5.4.jar:lib/joni-2.1.27.jar:lib/joda-time-2.12.5.jar:lib/commons-text-1.10.0.jar:lib/plexus-interpolation-1.19.jar:lib/aopalliance-1.0.jar:lib/web-console-29.0.0.jar:lib/RoaringBitmap-0.9.49.jar:lib/datasketches-java-4.2.0.jar:lib/curator-client-5.5.0.jar:lib/opencsv-4.6.jar:lib/jetty-util-ajax-9.4.53.v20231009.jar:lib/javax.activation-1.2.0.jar:lib/jersey-core-1.19.4.jar:lib/commons-dbcp2-2.0.1.jar:lib/javax.servlet-api-3.1.0.jar:lib/jakarta.inject-api-1.0.3.jar:lib/netty-codec-socks-4.1.100.Final.jar:lib/netty-handler-4.1.100.Final.jar:lib/commons-pool2-2.2.jar:lib/jackson-annotations-2.12.7.jar:lib/httpcore5-5.1.3.jar:lib/google-oauth-client-1.34.1.jar:lib/jersey-server-1.19.4.jar:lib/oshi-core-6.4.4.jar:lib/wagon-provider-api-2.4.jar:lib/snappy-java-1.1.10.4.jar:lib/google-api-client-2.2.0.jar:lib/config-magic-0.9.jar:lib/shims-0.9.49.jar:lib/jakarta.el-3.0.4.jar:lib/jackson-datatype-joda-2.12.7.jar:lib/classmate-1.5.1.jar:lib/netty-transport-4.1.100.Final.jar:lib/jsr311-api-1.1.1.jar:lib/lz4-java-1.8.0.jar:lib/opencensus-api-0.31.1.jar:lib/jetty-io-9.4.53.v20231009.jar:
2025-10-02T07:15:18,941 INFO [main] org.apache.zookeeper.ZooKeeper - Client environment:java.library.path=/usr/java/packages/lib:/usr/lib/x86_64-linux-gnu/jni:/lib/x86_64-linux-gnu:/usr/lib/x86_64-linux-gnu:/usr/lib/jni:/lib:/usr/lib
2025-10-02T07:15:18,943 INFO [main] org.apache.zookeeper.ZooKeeper - Client environment:java.io.tmpdir=var/tmp
2025-10-02T07:15:18,944 INFO [main] org.apache.zookeeper.ZooKeeper - Client environment:java.compiler=<NA>
2025-10-02T07:15:18,944 INFO [main] org.apache.zookeeper.ZooKeeper - Client environment:os.name=Linux
2025-10-02T07:15:18,945 INFO [main] org.apache.zookeeper.ZooKeeper - Client environment:os.arch=amd64
2025-10-02T07:15:18,946 INFO [main] org.apache.zookeeper.ZooKeeper - Client environment:os.version=6.10.14-linuxkit
2025-10-02T07:15:18,946 INFO [main] org.apache.zookeeper.ZooKeeper - Client environment:user.name=druid
2025-10-02T07:15:18,947 INFO [main] org.apache.zookeeper.ZooKeeper - Client environment:user.home=/opt/druid
2025-10-02T07:15:18,947 INFO [main] org.apache.zookeeper.ZooKeeper - Client environment:user.dir=/opt/druid
2025-10-02T07:15:18,947 INFO [main] org.apache.zookeeper.ZooKeeper - Client environment:os.memory.free=2011MB
2025-10-02T07:15:18,947 INFO [main] org.apache.zookeeper.ZooKeeper - Client environment:os.memory.max=2048MB
2025-10-02T07:15:18,948 INFO [main] org.apache.zookeeper.ZooKeeper - Client environment:os.memory.total=2048MB
2025-10-02T07:15:18,956 INFO [main] org.apache.zookeeper.ZooKeeper - Initiating client connection, connectString=zookeeper sessionTimeout=30000 watcher=org.apache.curator.ConnectionState@1aee6d14
2025-10-02T07:15:18,963 INFO [main] org.apache.zookeeper.common.X509Util - Setting -D jdk.tls.rejectClientInitiatedRenegotiation=true to disable client-initiated TLS renegotiation
2025-10-02T07:15:18,970 INFO [main] org.apache.zookeeper.ClientCnxnSocket - jute.maxbuffer value is 1048575 Bytes
2025-10-02T07:15:18,980 INFO [main] org.apache.zookeeper.ClientCnxn - zookeeper.request.timeout value is 0. feature enabled=false
2025-10-02T07:15:18,999 INFO [main] org.apache.curator.framework.imps.CuratorFrameworkImpl - Default schema
2025-10-02T07:15:19,005 INFO [main-SendThread(zookeeper:2181)] org.apache.zookeeper.ClientCnxn - Opening socket connection to server zookeeper/172.18.0.3:2181.
2025-10-02T07:15:19,009 INFO [main-SendThread(zookeeper:2181)] org.apache.zookeeper.ClientCnxn - SASL config status: Will not attempt to authenticate using SASL (unknown error)
2025-10-02T07:15:19,027 INFO [main-SendThread(zookeeper:2181)] org.apache.zookeeper.ClientCnxn - Socket connection established, initiating session, client: /172.18.0.7:45392, server: zookeeper/172.18.0.3:2181
2025-10-02T07:15:19,044 INFO [main-SendThread(zookeeper:2181)] org.apache.zookeeper.ClientCnxn - Session establishment complete on server zookeeper/172.18.0.3:2181, session id = 0x10001be5df60002, negotiated timeout = 30000
2025-10-02T07:15:19,059 INFO [main-EventThread] org.apache.curator.framework.state.ConnectionStateManager - State change: CONNECTED
2025-10-02T07:15:19,075 INFO [main-EventThread] org.apache.curator.framework.imps.EnsembleTracker - New config event received: {}
2025-10-02T07:15:19,077 INFO [main-EventThread] org.apache.curator.framework.imps.EnsembleTracker - New config event received: {}
2025-10-02T07:15:19,094 INFO [main] org.apache.druid.server.coordination.SegmentLoadDropHandler - Starting...
2025-10-02T07:15:19,115 INFO [main] org.apache.druid.server.coordination.SegmentLoadDropHandler$BackgroundSegmentAnnouncer - Completed background segment announcing
2025-10-02T07:15:19,119 INFO [main] org.apache.druid.server.coordination.SegmentLoadDropHandler - Cache load took 22 ms
2025-10-02T07:15:19,120 INFO [main] org.apache.druid.server.coordination.CuratorDataSegmentServerAnnouncer - Announcing self[DruidServerMetadata{name='historical:8083', hostAndPort='historical:8083', hostAndTlsPort='null', maxSize=50000000000, tier='_default_tier', type=historical, priority=0}] at [/druid/announcements/historical:8083]
2025-10-02T07:15:19,133 WARN [NodeRoleWatcher[COORDINATOR]] org.apache.druid.curator.discovery.CuratorDruidNodeDiscoveryProvider$NodeRoleWatcher - Ignored event type [CONNECTION_RECONNECTED] for node watcher of role [coordinator].
2025-10-02T07:15:19,139 INFO [main] org.apache.druid.server.coordination.SegmentLoadDropHandler - Started.
2025-10-02T07:15:19,140 INFO [main] org.apache.druid.server.coordination.ZkCoordinator - Starting zkCoordinator for server[historical:8083]
2025-10-02T07:15:19,152 INFO [NodeRoleWatcher[COORDINATOR]] org.apache.druid.discovery.BaseNodeRoleWatcher - Node watcher of role [coordinator] is now initialized with 0 nodes.
2025-10-02T07:15:19,184 INFO [main] org.apache.druid.java.util.common.lifecycle.Lifecycle - Starting lifecycle [module] stage [SERVER]
2025-10-02T07:15:19,194 INFO [main] org.eclipse.jetty.server.Server - jetty-9.4.53.v20231009; built: 2023-10-09T12:29:09.265Z; git: 27bde00a0b95a1d5bbee0eae7984f891d2d0f8c9; jvm 17.0.10+7-Debian-1deb12u1
2025-10-02T07:15:19,277 INFO [main] org.eclipse.jetty.server.session - DefaultSessionIdManager workerName=node0
2025-10-02T07:15:19,278 INFO [main] org.eclipse.jetty.server.session - No SessionScavenger set, using defaults
2025-10-02T07:15:19,285 INFO [main] org.eclipse.jetty.server.session - node0 Scavenging every 660000ms
2025-10-02T07:15:19,604 INFO [main] com.sun.jersey.server.impl.application.WebApplicationImpl - Initiating Jersey application, version 'Jersey: 1.19.4 05/24/2017 03:20 PM'
2025-10-02T07:15:20,406 INFO [main] org.eclipse.jetty.server.handler.ContextHandler - Started o.e.j.s.ServletContextHandler@47994b51{/,null,AVAILABLE}
2025-10-02T07:15:20,423 INFO [main] org.eclipse.jetty.server.AbstractConnector - Started ServerConnector@2ea4e762{HTTP/1.1, (http/1.1)}{0.0.0.0:8083}
2025-10-02T07:15:20,424 INFO [main] org.eclipse.jetty.server.Server - Started @13215ms
2025-10-02T07:15:20,461 INFO [main] org.apache.druid.java.util.common.lifecycle.Lifecycle - Starting lifecycle [module] stage [ANNOUNCEMENTS]
2025-10-02T07:15:20,533 INFO [main] org.apache.druid.curator.discovery.CuratorDruidNodeAnnouncer - Announced self [{"druidNode":{"service":"druid/historical","host":"historical","bindOnHost":false,"plaintextPort":8083,"port":-1,"tlsPort":-1,"enablePlaintextPort":true,"enableTlsPort":false},"nodeType":"historical","services":{"dataNodeService":{"type":"dataNodeService","tier":"_default_tier","maxSize":50000000000,"type":"historical","serverType":"historical","priority":0},"lookupNodeService":{"type":"lookupNodeService","lookupTier":"__default"}},"startTime":"2025-10-02T07:15:18.813Z"}].
2025-10-02T07:15:20,533 INFO [main] org.apache.druid.java.util.common.lifecycle.Lifecycle - Successfully started lifecycle [module]
2025-10-02T07:15:21,240 INFO [NodeRoleWatcher[COORDINATOR]] org.apache.druid.discovery.BaseNodeRoleWatcher - Node [http://coordinator:8081] of role [coordinator] detected.
2025-10-02T07:17:36,348 INFO [SimpleDataSegmentChangeHandler-0] org.apache.druid.server.coordination.SegmentLoadDropHandler - Loading segment wikipedia_2015-09-12T00:00:00.000Z_2015-09-13T00:00:00.000Z_2025-10-02T07:17:22.371Z
2025-10-02T07:17:36,375 INFO [SimpleDataSegmentChangeHandler-0] org.apache.druid.segment.loading.LocalDataSegmentPuller - Linked 5473972 bytes from [/opt/druid/var/druid/segments/wikipedia/2015-09-12T00:00:00.000Z_2015-09-13T00:00:00.000Z/2025-10-02T07:17:22.371Z/0/index] to [/opt/druid/var/druid/segment-cache/wikipedia/2015-09-12T00:00:00.000Z_2015-09-13T00:00:00.000Z/2025-10-02T07:17:22.371Z/0]
2025-10-02T07:17:36,479 INFO [SimpleDataSegmentChangeHandler-0] org.apache.druid.server.coordination.BatchDataSegmentAnnouncer - Announcing segment[wikipedia_2015-09-12T00:00:00.000Z_2015-09-13T00:00:00.000Z_2025-10-02T07:17:22.371Z] at new path[/druid/segments/historical:8083/historical:8083_historical__default_tier_2025-10-02T07:17:36.478Z_3f88fe600f42435a833dd312e077ec471]
2025-10-02T07:17:51,249 INFO [SimpleDataSegmentChangeHandler-0] org.apache.druid.server.coordination.SegmentLoadDropHandler - Loading segment wikipedia_2015-09-12T00:00:00.000Z_2015-09-13T00:00:00.000Z_2025-10-02T07:17:39.400Z
2025-10-02T07:17:51,259 INFO [SimpleDataSegmentChangeHandler-0] org.apache.druid.segment.loading.LocalDataSegmentPuller - Linked 5473972 bytes from [/opt/druid/var/druid/segments/wikipedia/2015-09-12T00:00:00.000Z_2015-09-13T00:00:00.000Z/2025-10-02T07:17:39.400Z/0/index] to [/opt/druid/var/druid/segment-cache/wikipedia/2015-09-12T00:00:00.000Z_2015-09-13T00:00:00.000Z/2025-10-02T07:17:39.400Z/0]
2025-10-02T07:17:51,294 INFO [SimpleDataSegmentChangeHandler-0] org.apache.druid.server.coordination.BatchDataSegmentAnnouncer - Announcing segment[wikipedia_2015-09-12T00:00:00.000Z_2015-09-13T00:00:00.000Z_2025-10-02T07:17:39.400Z] at existing path[/druid/segments/historical:8083/historical:8083_historical__default_tier_2025-10-02T07:17:36.478Z_3f88fe600f42435a833dd312e077ec471]
2025-10-02T07:27:45,265 INFO [Thread-52] org.apache.druid.java.util.common.lifecycle.Lifecycle - Lifecycle [module] running shutdown hook
2025-10-02T07:27:45,268 INFO [Thread-52] org.apache.druid.java.util.common.lifecycle.Lifecycle - Stopping lifecycle [module] stage [ANNOUNCEMENTS]
2025-10-02T07:27:45,274 INFO [Thread-52] org.apache.druid.curator.announcement.Announcer - Unannouncing [/druid/internal-discovery/HISTORICAL/historical:8083]
2025-10-02T07:27:45,298 INFO [Thread-52] org.apache.druid.curator.discovery.CuratorDruidNodeAnnouncer - Unannounced self [{"druidNode":{"service":"druid/historical","host":"historical","bindOnHost":false,"plaintextPort":8083,"port":-1,"tlsPort":-1,"enablePlaintextPort":true,"enableTlsPort":false},"nodeType":"historical","services":{"dataNodeService":{"type":"dataNodeService","tier":"_default_tier","maxSize":50000000000,"type":"historical","serverType":"historical","priority":0},"lookupNodeService":{"type":"lookupNodeService","lookupTier":"__default"}},"startTime":"2025-10-02T07:15:18.813Z"}].
2025-10-02T07:27:45,323 INFO [Thread-52] org.apache.druid.curator.announcement.Announcer - Unannouncing [/druid/announcements/historical:8083]
2025-10-02T07:27:45,328 INFO [Thread-52] org.apache.druid.curator.announcement.Announcer - Unannouncing [/druid/segments/historical:8083/historical:8083_historical__default_tier_2025-10-02T07:15:19.104Z_2a7e79b118e147eb8c06399c302808d20]
2025-10-02T07:27:45,332 INFO [Thread-52] org.apache.druid.curator.announcement.Announcer - Unannouncing [/druid/segments/historical:8083/historical:8083_historical__default_tier_2025-10-02T07:17:36.478Z_3f88fe600f42435a833dd312e077ec471]
2025-10-02T07:27:45,336 INFO [Thread-52] org.apache.druid.java.util.common.lifecycle.Lifecycle - Stopping lifecycle [module] stage [SERVER]
2025-10-02T07:27:45,355 INFO [Thread-52] org.eclipse.jetty.server.AbstractConnector - Stopped ServerConnector@2ea4e762{HTTP/1.1, (http/1.1)}{0.0.0.0:8083}
2025-10-02T07:27:45,355 INFO [Thread-52] org.eclipse.jetty.server.session - node0 Stopped scavenging
2025-10-02T07:27:45,358 INFO [Thread-52] org.eclipse.jetty.server.handler.ContextHandler - Stopped o.e.j.s.ServletContextHandler@47994b51{/,null,STOPPED}
2025-10-02T07:27:45,365 INFO [Thread-52] org.apache.druid.java.util.common.lifecycle.Lifecycle - Stopping lifecycle [module] stage [NORMAL]
2025-10-02T07:27:45,366 INFO [Thread-52] org.apache.druid.server.coordination.ZkCoordinator - Stopping ZkCoordinator for [DruidServerMetadata{name='historical:8083', hostAndPort='historical:8083', hostAndTlsPort='null', maxSize=50000000000, tier='_default_tier', type=historical, priority=0}]
2025-10-02T07:27:45,367 INFO [Thread-52] org.apache.druid.server.coordination.SegmentLoadDropHandler - Stopping...
2025-10-02T07:27:45,367 INFO [Thread-52] org.apache.druid.server.coordination.SegmentLoadDropHandler - Stopped.
2025-10-02T07:27:45,368 INFO [LookupExtractorFactoryContainerProvider-MainThread] org.apache.druid.query.lookup.LookupReferencesManager - Lookup Management loop exited. Lookup notices are not handled anymore.
2025-10-02T07:27:45,396 INFO [Curator-Framework-0] org.apache.curator.framework.imps.CuratorFrameworkImpl - backgroundOperationsLoop exiting
2025-10-02T07:27:45,505 INFO [Thread-52] org.apache.zookeeper.ZooKeeper - Session: 0x10001be5df60002 closed
2025-10-02T07:27:45,505 INFO [main-EventThread] org.apache.zookeeper.ClientCnxn - EventThread shut down for session: 0x10001be5df60002
2025-10-02T07:27:45,505 INFO [Thread-52] org.apache.druid.java.util.common.lifecycle.Lifecycle - Stopping lifecycle [module] stage [INIT]
2025-10-02T07:45:33,122 INFO [main] org.hibernate.validator.internal.util.Version - HV000001: Hibernate Validator 6.2.5.Final
2025-10-02T07:45:34,385 INFO [main] org.apache.druid.guice.ExtensionsLoader - Loading extension [druid-hdfs-storage], jars: aws-java-sdk-s3-1.12.638.jar, httpclient-4.5.13.jar, hadoop-client-api-3.3.6.jar, hadoop-aws-3.3.6.jar, aws-java-sdk-core-1.12.638.jar, jmespath-java-1.12.638.jar, hadoop-client-runtime-3.3.6.jar, druid-hdfs-storage-29.0.0.jar, commons-codec-1.16.0.jar, jsr305-2.0.1.jar, slf4j-api-1.7.36.jar, httpcore-4.4.11.jar, aws-java-sdk-kms-1.12.638.jar, jackson-dataformat-cbor-2.12.7.jar, commons-logging-1.1.1.jar, wildfly-openssl-1.1.3.Final.jar, joda-time-2.12.5.jar, snappy-java-1.1.10.4.jar
2025-10-02T07:45:34,413 INFO [main] org.apache.druid.guice.ExtensionsLoader - Loading extension [druid-kafka-indexing-service], jars: kafka-clients-3.6.1.jar, zstd-jni-1.5.2-3.jar, druid-kafka-indexing-service-29.0.0.jar, snappy-java-1.1.10.4.jar, lz4-java-1.8.0.jar
2025-10-02T07:45:34,426 INFO [main] org.apache.druid.guice.ExtensionsLoader - Loading extension [druid-datasketches], jars: druid-datasketches-29.0.0.jar, commons-math3-3.6.1.jar
2025-10-02T07:45:34,429 INFO [main] org.apache.druid.guice.ExtensionsLoader - Loading extension [druid-multi-stage-query], jars: druid-multi-stage-query-29.0.0.jar
2025-10-02T07:45:34,432 INFO [main] org.apache.druid.guice.ExtensionsLoader - Loading extension [postgresql-metadata-storage], jars: postgresql-42.6.0.jar, checker-qual-3.31.0.jar, postgresql-metadata-storage-29.0.0.jar
2025-10-02T07:45:35,000 INFO [main] org.apache.druid.guice.ExtensionsLoader - Loading extension [druid-hdfs-storage], jars: aws-java-sdk-s3-1.12.638.jar, httpclient-4.5.13.jar, hadoop-client-api-3.3.6.jar, hadoop-aws-3.3.6.jar, aws-java-sdk-core-1.12.638.jar, jmespath-java-1.12.638.jar, hadoop-client-runtime-3.3.6.jar, druid-hdfs-storage-29.0.0.jar, commons-codec-1.16.0.jar, jsr305-2.0.1.jar, slf4j-api-1.7.36.jar, httpcore-4.4.11.jar, aws-java-sdk-kms-1.12.638.jar, jackson-dataformat-cbor-2.12.7.jar, commons-logging-1.1.1.jar, wildfly-openssl-1.1.3.Final.jar, joda-time-2.12.5.jar, snappy-java-1.1.10.4.jar
2025-10-02T07:45:35,017 INFO [main] org.apache.druid.guice.ExtensionsLoader - Loading extension [druid-kafka-indexing-service], jars: kafka-clients-3.6.1.jar, zstd-jni-1.5.2-3.jar, druid-kafka-indexing-service-29.0.0.jar, snappy-java-1.1.10.4.jar, lz4-java-1.8.0.jar
2025-10-02T07:45:35,019 INFO [main] org.apache.druid.guice.ExtensionsLoader - Loading extension [druid-datasketches], jars: druid-datasketches-29.0.0.jar, commons-math3-3.6.1.jar
2025-10-02T07:45:35,036 INFO [main] org.apache.druid.guice.ExtensionsLoader - Loading extension [druid-multi-stage-query], jars: druid-multi-stage-query-29.0.0.jar
2025-10-02T07:45:35,056 INFO [main] org.apache.druid.guice.ExtensionsLoader - Loading extension [postgresql-metadata-storage], jars: postgresql-42.6.0.jar, checker-qual-3.31.0.jar, postgresql-metadata-storage-29.0.0.jar
