2025-10-02T06:15:43,541 INFO [Thread-51] org.apache.druid.java.util.common.lifecycle.Lifecycle - Lifecycle [module] running shutdown hook
2025-10-02T06:15:43,572 INFO [Thread-51] org.apache.druid.java.util.common.lifecycle.Lifecycle - Stopping lifecycle [module] stage [ANNOUNCEMENTS]
2025-10-02T06:15:43,576 INFO [Thread-51] org.apache.druid.curator.announcement.Announcer - Unannouncing [/druid/internal-discovery/MIDDLE_MANAGER/middlemanager:8091]
2025-10-02T06:15:43,619 INFO [Thread-51] org.apache.druid.curator.discovery.CuratorDruidNodeAnnouncer - Unannounced self [{"druidNode":{"service":"druid/middleManager","host":"middlemanager","bindOnHost":false,"plaintextPort":8091,"port":-1,"tlsPort":-1,"enablePlaintextPort":true,"enableTlsPort":false},"nodeType":"middleManager","services":{"workerNodeService":{"type":"workerNodeService","ip":"ad6482da0a45","capacity":2,"version":"0","category":"_default_worker_category"}},"startTime":"2025-10-01T11:23:49.006Z"}].
2025-10-02T06:15:43,630 INFO [Thread-51] org.apache.druid.java.util.common.lifecycle.Lifecycle - Stopping lifecycle [module] stage [SERVER]
2025-10-02T06:15:43,651 INFO [Thread-51] org.eclipse.jetty.server.AbstractConnector - Stopped ServerConnector@7682bf66{HTTP/1.1, (http/1.1)}{0.0.0.0:8091}
2025-10-02T06:15:43,653 INFO [Thread-51] org.eclipse.jetty.server.session - node0 Stopped scavenging
2025-10-02T06:15:43,658 INFO [Thread-51] org.eclipse.jetty.server.handler.ContextHandler - Stopped o.e.j.s.ServletContextHandler@31b91435{/,null,STOPPED}
2025-10-02T06:15:43,681 INFO [Thread-51] org.apache.druid.java.util.common.lifecycle.Lifecycle - Stopping lifecycle [module] stage [NORMAL]
2025-10-02T06:15:43,684 INFO [Thread-51] org.apache.druid.indexing.overlord.ForkingTaskRunner - Waiting up to 300,000ms for shutdown.
2025-10-02T06:15:43,685 INFO [Thread-51] org.apache.druid.indexing.overlord.ForkingTaskRunner - Finished stopping in 1ms.
2025-10-02T06:15:43,728 INFO [Thread-51] org.apache.druid.indexing.worker.WorkerCuratorCoordinator - Stopping WorkerCuratorCoordinator for worker[middlemanager:8091]
2025-10-02T06:15:43,728 INFO [Thread-51] org.apache.druid.curator.announcement.Announcer - Unannouncing [/druid/indexer/announcements/middlemanager:8091]
2025-10-02T06:15:43,732 INFO [Thread-51] org.apache.druid.indexing.overlord.ForkingTaskRunner - Waiting up to 300,000ms for shutdown.
2025-10-02T06:15:43,733 INFO [Thread-51] org.apache.druid.indexing.overlord.ForkingTaskRunner - Finished stopping in 0ms.
2025-10-02T06:15:43,734 INFO [Curator-Framework-0] org.apache.curator.framework.imps.CuratorFrameworkImpl - backgroundOperationsLoop exiting
2025-10-02T06:15:43,846 INFO [main-EventThread] org.apache.zookeeper.ClientCnxn - EventThread shut down for session: 0x10000c7b4d50000
2025-10-02T06:15:43,846 INFO [Thread-51] org.apache.zookeeper.ZooKeeper - Session: 0x10000c7b4d50000 closed
2025-10-02T06:15:43,846 INFO [Thread-51] org.apache.druid.java.util.common.lifecycle.Lifecycle - Stopping lifecycle [module] stage [INIT]
2025-10-02T07:15:10,118 INFO [main] org.hibernate.validator.internal.util.Version - HV000001: Hibernate Validator 6.2.5.Final
2025-10-02T07:15:11,394 INFO [main] org.apache.druid.guice.ExtensionsLoader - Loading extension [druid-hdfs-storage], jars: aws-java-sdk-s3-1.12.638.jar, httpclient-4.5.13.jar, hadoop-client-api-3.3.6.jar, hadoop-aws-3.3.6.jar, aws-java-sdk-core-1.12.638.jar, jmespath-java-1.12.638.jar, hadoop-client-runtime-3.3.6.jar, druid-hdfs-storage-29.0.0.jar, commons-codec-1.16.0.jar, jsr305-2.0.1.jar, slf4j-api-1.7.36.jar, httpcore-4.4.11.jar, aws-java-sdk-kms-1.12.638.jar, jackson-dataformat-cbor-2.12.7.jar, commons-logging-1.1.1.jar, wildfly-openssl-1.1.3.Final.jar, joda-time-2.12.5.jar, snappy-java-1.1.10.4.jar
2025-10-02T07:15:11,420 INFO [main] org.apache.druid.guice.ExtensionsLoader - Loading extension [druid-kafka-indexing-service], jars: kafka-clients-3.6.1.jar, zstd-jni-1.5.2-3.jar, druid-kafka-indexing-service-29.0.0.jar, snappy-java-1.1.10.4.jar, lz4-java-1.8.0.jar
2025-10-02T07:15:11,438 INFO [main] org.apache.druid.guice.ExtensionsLoader - Loading extension [druid-datasketches], jars: druid-datasketches-29.0.0.jar, commons-math3-3.6.1.jar
2025-10-02T07:15:11,441 INFO [main] org.apache.druid.guice.ExtensionsLoader - Loading extension [druid-multi-stage-query], jars: druid-multi-stage-query-29.0.0.jar
2025-10-02T07:15:11,445 INFO [main] org.apache.druid.guice.ExtensionsLoader - Loading extension [postgresql-metadata-storage], jars: postgresql-42.6.0.jar, checker-qual-3.31.0.jar, postgresql-metadata-storage-29.0.0.jar
2025-10-02T07:15:11,976 INFO [main] org.apache.druid.guice.ExtensionsLoader - Loading extension [druid-hdfs-storage], jars: aws-java-sdk-s3-1.12.638.jar, httpclient-4.5.13.jar, hadoop-client-api-3.3.6.jar, hadoop-aws-3.3.6.jar, aws-java-sdk-core-1.12.638.jar, jmespath-java-1.12.638.jar, hadoop-client-runtime-3.3.6.jar, druid-hdfs-storage-29.0.0.jar, commons-codec-1.16.0.jar, jsr305-2.0.1.jar, slf4j-api-1.7.36.jar, httpcore-4.4.11.jar, aws-java-sdk-kms-1.12.638.jar, jackson-dataformat-cbor-2.12.7.jar, commons-logging-1.1.1.jar, wildfly-openssl-1.1.3.Final.jar, joda-time-2.12.5.jar, snappy-java-1.1.10.4.jar
2025-10-02T07:15:11,984 INFO [main] org.apache.druid.guice.ExtensionsLoader - Loading extension [druid-kafka-indexing-service], jars: kafka-clients-3.6.1.jar, zstd-jni-1.5.2-3.jar, druid-kafka-indexing-service-29.0.0.jar, snappy-java-1.1.10.4.jar, lz4-java-1.8.0.jar
2025-10-02T07:15:11,986 INFO [main] org.apache.druid.guice.ExtensionsLoader - Loading extension [druid-datasketches], jars: druid-datasketches-29.0.0.jar, commons-math3-3.6.1.jar
2025-10-02T07:15:12,001 INFO [main] org.apache.druid.guice.ExtensionsLoader - Loading extension [druid-multi-stage-query], jars: druid-multi-stage-query-29.0.0.jar
2025-10-02T07:15:12,026 INFO [main] org.apache.druid.guice.ExtensionsLoader - Loading extension [postgresql-metadata-storage], jars: postgresql-42.6.0.jar, checker-qual-3.31.0.jar, postgresql-metadata-storage-29.0.0.jar
2025-10-02T07:15:14,031 WARN [main] org.apache.hadoop.util.NativeCodeLoader - Unable to load native-hadoop library for your platform... using builtin-java classes where applicable
2025-10-02T07:15:16,487 INFO [main] org.apache.druid.server.emitter.EmitterModule - Using emitter [NoopEmitter{}] for metrics and alerts, with dimensions [{version=29.0.0}].
2025-10-02T07:15:17,144 WARN [main] org.apache.druid.indexing.common.config.TaskConfig - Batch processing mode argument value is null or not valid:[null], defaulting to[CLOSED_SEGMENTS] 
2025-10-02T07:15:17,534 INFO [main] org.apache.druid.server.metrics.MetricsModule - Loaded 4 monitors: org.apache.druid.java.util.metrics.JvmMonitor, org.apache.druid.server.metrics.ServiceStatusMonitor, org.apache.druid.curator.DruidConnectionStateListener, org.apache.druid.server.initialization.jetty.JettyServerModule$JettyMonitor
2025-10-02T07:15:17,542 INFO [main] org.apache.druid.cli.CliMiddleManager - Starting up with processors [10], memory [268,435,456], maxMemory [268,435,456], directMemory [268,435,456]. Properties follow.
2025-10-02T07:15:17,544 INFO [main] org.apache.druid.cli.CliMiddleManager - * druid.emitter: noop
2025-10-02T07:15:17,545 INFO [main] org.apache.druid.cli.CliMiddleManager - * druid.emitter.logging.logLevel: info
2025-10-02T07:15:17,546 INFO [main] org.apache.druid.cli.CliMiddleManager - * druid.expressions.useStrictBooleans: true
2025-10-02T07:15:17,546 INFO [main] org.apache.druid.cli.CliMiddleManager - * druid.extensions.loadList: ["druid-hdfs-storage", "druid-kafka-indexing-service", "druid-datasketches", "druid-multi-stage-query", "postgresql-metadata-storage"]
2025-10-02T07:15:17,547 INFO [main] org.apache.druid.cli.CliMiddleManager - * druid.host: middlemanager
2025-10-02T07:15:17,547 INFO [main] org.apache.druid.cli.CliMiddleManager - * druid.indexer.fork.property.druid.processing.buffer.sizeBytes: 67108864
2025-10-02T07:15:17,547 INFO [main] org.apache.druid.cli.CliMiddleManager - * druid.indexer.fork.property.druid.processing.numMergeBuffers: 2
2025-10-02T07:15:17,548 INFO [main] org.apache.druid.cli.CliMiddleManager - * druid.indexer.fork.property.druid.processing.numThreads: 1
2025-10-02T07:15:17,548 INFO [main] org.apache.druid.cli.CliMiddleManager - * druid.indexer.logs.directory: var/druid/indexing-logs
2025-10-02T07:15:17,548 INFO [main] org.apache.druid.cli.CliMiddleManager - * druid.indexer.logs.type: file
2025-10-02T07:15:17,548 INFO [main] org.apache.druid.cli.CliMiddleManager - * druid.indexer.runner.javaOptsArray: ["-server","-Xms512m","-Xmx512m","-XX:MaxDirectMemorySize=512m","-Duser.timezone=UTC","-Dfile.encoding=UTF-8","-XX:+ExitOnOutOfMemoryError","-Djava.util.logging.manager=org.apache.logging.log4j.jul.LogManager"]
2025-10-02T07:15:17,549 INFO [main] org.apache.druid.cli.CliMiddleManager - * druid.indexer.task.hadoopWorkingPath: var/druid/hadoop-tmp
2025-10-02T07:15:17,549 INFO [main] org.apache.druid.cli.CliMiddleManager - * druid.indexing.doubleStorage: double
2025-10-02T07:15:17,549 INFO [main] org.apache.druid.cli.CliMiddleManager - * druid.lookup.enableLookupSyncOnStartup: false
2025-10-02T07:15:17,549 INFO [main] org.apache.druid.cli.CliMiddleManager - * druid.metadata.storage.connector.connectURI: jdbc:postgresql://metadata-storage:5432/druid
2025-10-02T07:15:17,549 INFO [main] org.apache.druid.cli.CliMiddleManager - * druid.metadata.storage.connector.password: <masked>
2025-10-02T07:15:17,550 INFO [main] org.apache.druid.cli.CliMiddleManager - * druid.metadata.storage.connector.user: druid
2025-10-02T07:15:17,550 INFO [main] org.apache.druid.cli.CliMiddleManager - * druid.metadata.storage.type: postgresql
2025-10-02T07:15:17,554 INFO [main] org.apache.druid.cli.CliMiddleManager - * druid.monitoring.monitors: ["org.apache.druid.java.util.metrics.JvmMonitor", "org.apache.druid.server.metrics.ServiceStatusMonitor"]
2025-10-02T07:15:17,554 INFO [main] org.apache.druid.cli.CliMiddleManager - * druid.node.type: middleManager
2025-10-02T07:15:17,554 INFO [main] org.apache.druid.cli.CliMiddleManager - * druid.plaintextPort: 8091
2025-10-02T07:15:17,555 INFO [main] org.apache.druid.cli.CliMiddleManager - * druid.selectors.coordinator.serviceName: druid/coordinator
2025-10-02T07:15:17,555 INFO [main] org.apache.druid.cli.CliMiddleManager - * druid.selectors.indexing.serviceName: druid/overlord
2025-10-02T07:15:17,556 INFO [main] org.apache.druid.cli.CliMiddleManager - * druid.server.hiddenProperties: ["druid.s3.accessKey","druid.s3.secretKey","druid.metadata.storage.connector.password", "password", "key", "token", "pwd"]
2025-10-02T07:15:17,556 INFO [main] org.apache.druid.cli.CliMiddleManager - * druid.server.http.numThreads: 40
2025-10-02T07:15:17,561 INFO [main] org.apache.druid.cli.CliMiddleManager - * druid.service: druid/middleManager
2025-10-02T07:15:17,562 INFO [main] org.apache.druid.cli.CliMiddleManager - * druid.sql.enable: true
2025-10-02T07:15:17,563 INFO [main] org.apache.druid.cli.CliMiddleManager - * druid.sql.planner.useGroupingSetForExactDistinct: true
2025-10-02T07:15:17,563 INFO [main] org.apache.druid.cli.CliMiddleManager - * druid.startup.logging.logProperties: true
2025-10-02T07:15:17,564 INFO [main] org.apache.druid.cli.CliMiddleManager - * druid.storage.storageDirectory: var/druid/segments
2025-10-02T07:15:17,564 INFO [main] org.apache.druid.cli.CliMiddleManager - * druid.storage.type: local
2025-10-02T07:15:17,564 INFO [main] org.apache.druid.cli.CliMiddleManager - * druid.worker.baseTaskDirs: ["var/druid/task"]
2025-10-02T07:15:17,564 INFO [main] org.apache.druid.cli.CliMiddleManager - * druid.worker.capacity: 2
2025-10-02T07:15:17,565 INFO [main] org.apache.druid.cli.CliMiddleManager - * druid.zk.paths.base: /druid
2025-10-02T07:15:17,565 INFO [main] org.apache.druid.cli.CliMiddleManager - * druid.zk.service.host: zookeeper
2025-10-02T07:15:17,565 INFO [main] org.apache.druid.cli.CliMiddleManager - * file.encoding: UTF-8
2025-10-02T07:15:17,567 INFO [main] org.apache.druid.cli.CliMiddleManager - * file.separator: /
2025-10-02T07:15:17,568 INFO [main] org.apache.druid.cli.CliMiddleManager - * java.class.path: /opt/druid/overrides/*:/tmp/conf/druid/cluster/_common:/tmp/conf/druid/cluster/data/middleManager:lib/async-http-client-netty-utils-2.5.3.jar:lib/maven-settings-builder-3.1.1.jar:lib/json-simple-1.1.1.jar:lib/checker-qual-2.5.7.jar:lib/jetty-rewrite-9.4.53.v20231009.jar:lib/netty-resolver-4.1.100.Final.jar:lib/guice-4.1.0.jar:lib/jackson-datatype-guava-2.12.7.jar:lib/netty-reactive-streams-2.0.0.jar:lib/google-http-client-apache-v2-1.42.3.jar:lib/aws-java-sdk-sts-1.12.638.jar:lib/async-http-client-2.5.3.jar:lib/guice-assistedinject-4.1.0.jar:lib/jackson-databind-2.12.7.1.jar:lib/google-http-client-jackson2-1.42.3.jar:lib/jackson-jq-0.0.10.jar:lib/maven-model-builder-3.1.1.jar:lib/asm-commons-9.3.jar:lib/aether-connector-file-0.9.0.M2.jar:lib/accessors-smart-2.4.11.jar:lib/aws-java-sdk-ec2-1.12.638.jar:lib/aws-java-sdk-s3-1.12.638.jar:lib/jcodings-1.0.43.jar:lib/zookeeper-jute-3.8.3.jar:lib/disruptor-3.3.6.jar:lib/javax.activation-api-1.2.0.jar:lib/calcite-linq4j-1.35.0.jar:lib/derbyclient-10.14.2.0.jar:lib/google-http-client-1.42.3.jar:lib/netty-transport-classes-epoll-4.1.100.Final.jar:lib/maven-artifact-3.6.0.jar:lib/icu4j-73.2.jar:lib/reactive-streams-1.0.2.jar:lib/netty-resolver-dns-4.1.100.Final.jar:lib/guice-servlet-4.1.0.jar:lib/commons-collections-3.2.2.jar:lib/jna-platform-5.13.0.jar:lib/druid-indexing-hadoop-29.0.0.jar:lib/derbynet-10.14.2.0.jar:lib/txw2-2.3.1.jar:lib/guava-32.0.1-jre.jar:lib/asm-analysis-9.3.jar:lib/jcl-over-slf4j-1.7.36.jar:lib/curator-recipes-5.5.0.jar:lib/log4j-jul-2.18.0.jar:lib/log4j-1.2-api-2.18.0.jar:lib/netty-codec-4.1.100.Final.jar:lib/protobuf-java-3.24.0.jar:lib/httpclient-4.5.13.jar:lib/ipaddress-5.3.4.jar:lib/audience-annotations-0.12.0.jar:lib/druid-sql-29.0.0.jar:lib/maven-settings-3.1.1.jar:lib/airline-2.8.4.jar:lib/stax-ex-1.8.jar:lib/jaxb-runtime-2.3.1.jar:lib/druid-indexing-service-29.0.0.jar:lib/grpc-context-1.27.2.jar:lib/druid-processing-29.0.0.jar:lib/fastutil-extra-8.5.4.jar:lib/json-smart-2.4.11.jar:lib/jts-core-1.19.0.jar:lib/log4j-api-2.18.0.jar:lib/resilience4j-bulkhead-1.3.1.jar:lib/jetty-servlets-9.4.53.v20231009.jar:lib/okhttp-1.0.2.jar:lib/netty-codec-dns-4.1.100.Final.jar:lib/commons-math3-3.6.1.jar:lib/aws-java-sdk-core-1.12.638.jar:lib/FastInfoset-1.2.15.jar:lib/netty-common-4.1.100.Final.jar:lib/derby-10.14.2.0.jar:lib/log4j-slf4j-impl-2.18.0.jar:lib/jboss-logging-3.4.1.Final.jar:lib/curator-x-discovery-5.5.0.jar:lib/jmespath-java-1.12.638.jar:lib/error_prone_annotations-2.20.0.jar:lib/jetty-util-9.4.53.v20231009.jar:lib/cron-scheduler-0.1.jar:lib/vavr-match-0.10.2.jar:lib/aggdesigner-algorithm-6.0.jar:lib/airline-io-2.8.4.jar:lib/httpcore5-h2-5.1.3.jar:lib/jackson-jaxrs-base-2.12.7.jar:lib/jackson-module-guice-2.12.7.jar:lib/jetty-proxy-9.4.53.v20231009.jar:lib/zookeeper-3.8.3.jar:lib/hibernate-validator-6.2.5.Final.jar:lib/log4j-core-2.18.0.jar:lib/janino-3.1.9.jar:lib/jetty-http-9.4.53.v20231009.jar:lib/avatica-core-1.23.0.jar:lib/fastutil-core-8.5.4.jar:lib/maven-aether-provider-3.1.1.jar:lib/tesla-aether-0.0.5.jar:lib/uzaygezen-core-0.2.jar:lib/elasticache-java-cluster-client-1.2.0.jar:lib/commons-lang3-3.12.0.jar:lib/aether-spi-0.9.0.M2.jar:lib/jersey-servlet-1.19.4.jar:lib/druid-aws-common-29.0.0.jar:lib/json-path-2.3.0.jar:lib/druid-services-29.0.0.jar:lib/jaxb-api-2.3.1.jar:lib/metrics-core-4.2.22.jar:lib/aether-connector-okhttp-0.0.9.jar:lib/javax.inject-1.jar:lib/curator-framework-5.5.0.jar:lib/compress-lzf-1.0.4.jar:lib/zstd-jni-1.5.2-3.jar:lib/avatica-metrics-1.23.0.jar:lib/jetty-server-9.4.53.v20231009.jar:lib/netty-handler-proxy-4.1.100.Final.jar:lib/xz-1.9.jar:lib/commons-io-2.11.0.jar:lib/commons-codec-1.16.0.jar:lib/failureaccess-1.0.1.jar:lib/httpclient5-5.1.3.jar:lib/apiguardian-api-1.1.2.jar:lib/jetty-continuation-9.4.53.v20231009.jar:lib/avatica-server-1.23.0.jar:lib/jsr305-2.0.1.jar:lib/jersey-guice-1.19.4.jar:lib/guice-multibindings-4.1.0.jar:lib/aether-impl-0.9.0.M2.jar:lib/jetty-servlet-9.4.53.v20231009.jar:lib/netty-transport-native-unix-common-4.1.100.Final.jar:lib/druid-server-29.0.0.jar:lib/proj4j-1.2.2.jar:lib/asm-tree-9.3.jar:lib/netty-codec-http-4.1.100.Final.jar:lib/slf4j-api-1.7.36.jar:lib/javax.el-api-3.0.0.jar:lib/jackson-core-2.12.7.jar:lib/aether-api-0.9.0.M2.jar:lib/httpcore-4.4.11.jar:lib/jackson-jaxrs-smile-provider-2.12.7.jar:lib/jetty-security-9.4.53.v20231009.jar:lib/gson-2.10.jar:lib/plexus-utils-3.0.24.jar:lib/datasketches-memory-2.2.0.jar:lib/jackson-module-jaxb-annotations-2.12.7.jar:lib/jackson-jaxrs-json-provider-2.12.7.jar:lib/google-http-client-gson-1.42.3.jar:lib/jakarta.xml.bind-api-2.3.2.jar:lib/antlr4-runtime-4.5.3.jar:lib/commons-compiler-3.1.9.jar:lib/jdbi-2.63.1.jar:lib/rhino-1.7.14.jar:lib/aws-java-sdk-kms-1.12.638.jar:lib/j2objc-annotations-2.8.jar:lib/netty-3.10.6.Final.jar:lib/jakarta.activation-api-1.2.1.jar:lib/resilience4j-core-1.3.1.jar:lib/commons-beanutils-1.9.4.jar:lib/caffeine-2.8.0.jar:lib/sigar-1.6.5.132.jar:lib/jakarta.validation-api-2.0.2.jar:lib/calcite-core-1.35.0.jar:lib/opencensus-contrib-http-util-0.31.1.jar:lib/jetty-client-9.4.53.v20231009.jar:lib/jackson-dataformat-cbor-2.12.7.jar:lib/aether-util-0.9.0.M2.jar:lib/maven-repository-metadata-3.1.1.jar:lib/netty-transport-native-epoll-4.1.100.Final-linux-x86_64.jar:lib/druid-gcp-common-29.0.0.jar:lib/istack-commons-runtime-3.0.7.jar:lib/jna-5.13.0.jar:lib/jackson-dataformat-smile-2.12.7.jar:lib/asm-9.3.jar:lib/netty-buffer-4.1.100.Final.jar:lib/commons-lang-2.6.jar:lib/commons-logging-1.1.1.jar:lib/commons-collections4-4.2.jar:lib/maven-model-3.1.1.jar:lib/jts-io-common-1.19.0.jar:lib/vavr-0.10.2.jar:lib/commons-compress-1.24.0.jar:lib/fastutil-8.5.4.jar:lib/joni-2.1.27.jar:lib/joda-time-2.12.5.jar:lib/commons-text-1.10.0.jar:lib/plexus-interpolation-1.19.jar:lib/aopalliance-1.0.jar:lib/web-console-29.0.0.jar:lib/RoaringBitmap-0.9.49.jar:lib/datasketches-java-4.2.0.jar:lib/curator-client-5.5.0.jar:lib/opencsv-4.6.jar:lib/jetty-util-ajax-9.4.53.v20231009.jar:lib/javax.activation-1.2.0.jar:lib/jersey-core-1.19.4.jar:lib/commons-dbcp2-2.0.1.jar:lib/javax.servlet-api-3.1.0.jar:lib/jakarta.inject-api-1.0.3.jar:lib/netty-codec-socks-4.1.100.Final.jar:lib/netty-handler-4.1.100.Final.jar:lib/commons-pool2-2.2.jar:lib/jackson-annotations-2.12.7.jar:lib/httpcore5-5.1.3.jar:lib/google-oauth-client-1.34.1.jar:lib/jersey-server-1.19.4.jar:lib/oshi-core-6.4.4.jar:lib/wagon-provider-api-2.4.jar:lib/snappy-java-1.1.10.4.jar:lib/google-api-client-2.2.0.jar:lib/config-magic-0.9.jar:lib/shims-0.9.49.jar:lib/jakarta.el-3.0.4.jar:lib/jackson-datatype-joda-2.12.7.jar:lib/classmate-1.5.1.jar:lib/netty-transport-4.1.100.Final.jar:lib/jsr311-api-1.1.1.jar:lib/lz4-java-1.8.0.jar:lib/opencensus-api-0.31.1.jar:lib/jetty-io-9.4.53.v20231009.jar:
2025-10-02T07:15:17,569 INFO [main] org.apache.druid.cli.CliMiddleManager - * java.class.version: 61.0
2025-10-02T07:15:17,570 INFO [main] org.apache.druid.cli.CliMiddleManager - * java.home: /usr/lib/jvm/java-17-openjdk-amd64
2025-10-02T07:15:17,571 INFO [main] org.apache.druid.cli.CliMiddleManager - * java.io.tmpdir: var/tmp
2025-10-02T07:15:17,571 INFO [main] org.apache.druid.cli.CliMiddleManager - * java.library.path: /usr/java/packages/lib:/usr/lib/x86_64-linux-gnu/jni:/lib/x86_64-linux-gnu:/usr/lib/x86_64-linux-gnu:/usr/lib/jni:/lib:/usr/lib
2025-10-02T07:15:17,571 INFO [main] org.apache.druid.cli.CliMiddleManager - * java.runtime.name: OpenJDK Runtime Environment
2025-10-02T07:15:17,571 INFO [main] org.apache.druid.cli.CliMiddleManager - * java.runtime.version: 17.0.10+7-Debian-1deb12u1
2025-10-02T07:15:17,571 INFO [main] org.apache.druid.cli.CliMiddleManager - * java.specification.name: Java Platform API Specification
2025-10-02T07:15:17,571 INFO [main] org.apache.druid.cli.CliMiddleManager - * java.specification.vendor: Oracle Corporation
2025-10-02T07:15:17,572 INFO [main] org.apache.druid.cli.CliMiddleManager - * java.specification.version: 17
2025-10-02T07:15:17,573 INFO [main] org.apache.druid.cli.CliMiddleManager - * java.util.logging.manager: org.apache.logging.log4j.jul.LogManager
2025-10-02T07:15:17,574 INFO [main] org.apache.druid.cli.CliMiddleManager - * java.vendor: Debian
2025-10-02T07:15:17,575 INFO [main] org.apache.druid.cli.CliMiddleManager - * java.vendor.url: https://tracker.debian.org/openjdk-17
2025-10-02T07:15:17,575 INFO [main] org.apache.druid.cli.CliMiddleManager - * java.vendor.url.bug: https://bugs.debian.org/openjdk-17
2025-10-02T07:15:17,577 INFO [main] org.apache.druid.cli.CliMiddleManager - * java.version: 17.0.10
2025-10-02T07:15:17,579 INFO [main] org.apache.druid.cli.CliMiddleManager - * java.version.date: 2024-01-16
2025-10-02T07:15:17,579 INFO [main] org.apache.druid.cli.CliMiddleManager - * java.vm.compressedOopsMode: 32-bit
2025-10-02T07:15:17,581 INFO [main] org.apache.druid.cli.CliMiddleManager - * java.vm.info: mixed mode, sharing
2025-10-02T07:15:17,582 INFO [main] org.apache.druid.cli.CliMiddleManager - * java.vm.name: OpenJDK 64-Bit Server VM
2025-10-02T07:15:17,583 INFO [main] org.apache.druid.cli.CliMiddleManager - * java.vm.specification.name: Java Virtual Machine Specification
2025-10-02T07:15:17,584 INFO [main] org.apache.druid.cli.CliMiddleManager - * java.vm.specification.vendor: Oracle Corporation
2025-10-02T07:15:17,584 INFO [main] org.apache.druid.cli.CliMiddleManager - * java.vm.specification.version: 17
2025-10-02T07:15:17,584 INFO [main] org.apache.druid.cli.CliMiddleManager - * java.vm.vendor: Debian
2025-10-02T07:15:17,585 INFO [main] org.apache.druid.cli.CliMiddleManager - * java.vm.version: 17.0.10+7-Debian-1deb12u1
2025-10-02T07:15:17,586 INFO [main] org.apache.druid.cli.CliMiddleManager - * jdk.debug: release
2025-10-02T07:15:17,586 INFO [main] org.apache.druid.cli.CliMiddleManager - * line.separator: 

2025-10-02T07:15:17,590 INFO [main] org.apache.druid.cli.CliMiddleManager - * log4j.shutdownCallbackRegistry: org.apache.druid.common.config.Log4jShutdown
2025-10-02T07:15:17,591 INFO [main] org.apache.druid.cli.CliMiddleManager - * log4j.shutdownHookEnabled: true
2025-10-02T07:15:17,592 INFO [main] org.apache.druid.cli.CliMiddleManager - * log4j2.is.webapp: false
2025-10-02T07:15:17,593 INFO [main] org.apache.druid.cli.CliMiddleManager - * native.encoding: UTF-8
2025-10-02T07:15:17,594 INFO [main] org.apache.druid.cli.CliMiddleManager - * os.arch: amd64
2025-10-02T07:15:17,595 INFO [main] org.apache.druid.cli.CliMiddleManager - * os.name: Linux
2025-10-02T07:15:17,596 INFO [main] org.apache.druid.cli.CliMiddleManager - * os.version: 6.10.14-linuxkit
2025-10-02T07:15:17,596 INFO [main] org.apache.druid.cli.CliMiddleManager - * path.separator: :
2025-10-02T07:15:17,596 INFO [main] org.apache.druid.cli.CliMiddleManager - * sun.arch.data.model: 64
2025-10-02T07:15:17,596 INFO [main] org.apache.druid.cli.CliMiddleManager - * sun.boot.library.path: /usr/lib/jvm/java-17-openjdk-amd64/lib
2025-10-02T07:15:17,596 INFO [main] org.apache.druid.cli.CliMiddleManager - * sun.cpu.endian: little
2025-10-02T07:15:17,597 INFO [main] org.apache.druid.cli.CliMiddleManager - * sun.io.unicode.encoding: UnicodeLittle
2025-10-02T07:15:17,598 INFO [main] org.apache.druid.cli.CliMiddleManager - * sun.java.command: org.apache.druid.cli.Main server middleManager
2025-10-02T07:15:17,598 INFO [main] org.apache.druid.cli.CliMiddleManager - * sun.java.launcher: SUN_STANDARD
2025-10-02T07:15:17,598 INFO [main] org.apache.druid.cli.CliMiddleManager - * sun.jnu.encoding: UTF-8
2025-10-02T07:15:17,598 INFO [main] org.apache.druid.cli.CliMiddleManager - * sun.management.compiler: HotSpot 64-Bit Tiered Compilers
2025-10-02T07:15:17,598 INFO [main] org.apache.druid.cli.CliMiddleManager - * user.dir: /opt/druid
2025-10-02T07:15:17,599 INFO [main] org.apache.druid.cli.CliMiddleManager - * user.home: /opt/druid
2025-10-02T07:15:17,599 INFO [main] org.apache.druid.cli.CliMiddleManager - * user.language: en
2025-10-02T07:15:17,599 INFO [main] org.apache.druid.cli.CliMiddleManager - * user.name: druid
2025-10-02T07:15:17,599 INFO [main] org.apache.druid.cli.CliMiddleManager - * user.timezone: UTC
2025-10-02T07:15:17,759 INFO [main] org.eclipse.jetty.util.log - Logging initialized @10552ms to org.eclipse.jetty.util.log.Slf4jLog
2025-10-02T07:15:17,778 INFO [main] org.apache.druid.server.initialization.jetty.JettyServerModule - Creating http connector with port [8091]
2025-10-02T07:15:17,938 WARN [main] org.eclipse.jetty.server.handler.gzip.GzipHandler - minGzipSize of 0 is inefficient for short content, break even is size 23
2025-10-02T07:15:17,982 INFO [main] org.apache.druid.java.util.common.lifecycle.Lifecycle - Starting lifecycle [module] stage [INIT]
2025-10-02T07:15:17,983 INFO [main] org.apache.druid.java.util.common.lifecycle.Lifecycle - Starting lifecycle [module] stage [NORMAL]
2025-10-02T07:15:17,985 INFO [main] org.apache.curator.framework.imps.CuratorFrameworkImpl - Starting
2025-10-02T07:15:17,991 INFO [main] org.apache.zookeeper.ZooKeeper - Client environment:zookeeper.version=3.8.3-6ad6d364c7c0bcf0de452d54ebefa3058098ab56, built on 2023-10-05 10:34 UTC
2025-10-02T07:15:17,992 INFO [main] org.apache.zookeeper.ZooKeeper - Client environment:host.name=7571fdf58928
2025-10-02T07:15:17,992 INFO [main] org.apache.zookeeper.ZooKeeper - Client environment:java.version=17.0.10
2025-10-02T07:15:17,992 INFO [main] org.apache.zookeeper.ZooKeeper - Client environment:java.vendor=Debian
2025-10-02T07:15:17,993 INFO [main] org.apache.zookeeper.ZooKeeper - Client environment:java.home=/usr/lib/jvm/java-17-openjdk-amd64
2025-10-02T07:15:17,993 INFO [main] org.apache.zookeeper.ZooKeeper - Client environment:java.class.path=/opt/druid/overrides/*:/tmp/conf/druid/cluster/_common:/tmp/conf/druid/cluster/data/middleManager:lib/async-http-client-netty-utils-2.5.3.jar:lib/maven-settings-builder-3.1.1.jar:lib/json-simple-1.1.1.jar:lib/checker-qual-2.5.7.jar:lib/jetty-rewrite-9.4.53.v20231009.jar:lib/netty-resolver-4.1.100.Final.jar:lib/guice-4.1.0.jar:lib/jackson-datatype-guava-2.12.7.jar:lib/netty-reactive-streams-2.0.0.jar:lib/google-http-client-apache-v2-1.42.3.jar:lib/aws-java-sdk-sts-1.12.638.jar:lib/async-http-client-2.5.3.jar:lib/guice-assistedinject-4.1.0.jar:lib/jackson-databind-2.12.7.1.jar:lib/google-http-client-jackson2-1.42.3.jar:lib/jackson-jq-0.0.10.jar:lib/maven-model-builder-3.1.1.jar:lib/asm-commons-9.3.jar:lib/aether-connector-file-0.9.0.M2.jar:lib/accessors-smart-2.4.11.jar:lib/aws-java-sdk-ec2-1.12.638.jar:lib/aws-java-sdk-s3-1.12.638.jar:lib/jcodings-1.0.43.jar:lib/zookeeper-jute-3.8.3.jar:lib/disruptor-3.3.6.jar:lib/javax.activation-api-1.2.0.jar:lib/calcite-linq4j-1.35.0.jar:lib/derbyclient-10.14.2.0.jar:lib/google-http-client-1.42.3.jar:lib/netty-transport-classes-epoll-4.1.100.Final.jar:lib/maven-artifact-3.6.0.jar:lib/icu4j-73.2.jar:lib/reactive-streams-1.0.2.jar:lib/netty-resolver-dns-4.1.100.Final.jar:lib/guice-servlet-4.1.0.jar:lib/commons-collections-3.2.2.jar:lib/jna-platform-5.13.0.jar:lib/druid-indexing-hadoop-29.0.0.jar:lib/derbynet-10.14.2.0.jar:lib/txw2-2.3.1.jar:lib/guava-32.0.1-jre.jar:lib/asm-analysis-9.3.jar:lib/jcl-over-slf4j-1.7.36.jar:lib/curator-recipes-5.5.0.jar:lib/log4j-jul-2.18.0.jar:lib/log4j-1.2-api-2.18.0.jar:lib/netty-codec-4.1.100.Final.jar:lib/protobuf-java-3.24.0.jar:lib/httpclient-4.5.13.jar:lib/ipaddress-5.3.4.jar:lib/audience-annotations-0.12.0.jar:lib/druid-sql-29.0.0.jar:lib/maven-settings-3.1.1.jar:lib/airline-2.8.4.jar:lib/stax-ex-1.8.jar:lib/jaxb-runtime-2.3.1.jar:lib/druid-indexing-service-29.0.0.jar:lib/grpc-context-1.27.2.jar:lib/druid-processing-29.0.0.jar:lib/fastutil-extra-8.5.4.jar:lib/json-smart-2.4.11.jar:lib/jts-core-1.19.0.jar:lib/log4j-api-2.18.0.jar:lib/resilience4j-bulkhead-1.3.1.jar:lib/jetty-servlets-9.4.53.v20231009.jar:lib/okhttp-1.0.2.jar:lib/netty-codec-dns-4.1.100.Final.jar:lib/commons-math3-3.6.1.jar:lib/aws-java-sdk-core-1.12.638.jar:lib/FastInfoset-1.2.15.jar:lib/netty-common-4.1.100.Final.jar:lib/derby-10.14.2.0.jar:lib/log4j-slf4j-impl-2.18.0.jar:lib/jboss-logging-3.4.1.Final.jar:lib/curator-x-discovery-5.5.0.jar:lib/jmespath-java-1.12.638.jar:lib/error_prone_annotations-2.20.0.jar:lib/jetty-util-9.4.53.v20231009.jar:lib/cron-scheduler-0.1.jar:lib/vavr-match-0.10.2.jar:lib/aggdesigner-algorithm-6.0.jar:lib/airline-io-2.8.4.jar:lib/httpcore5-h2-5.1.3.jar:lib/jackson-jaxrs-base-2.12.7.jar:lib/jackson-module-guice-2.12.7.jar:lib/jetty-proxy-9.4.53.v20231009.jar:lib/zookeeper-3.8.3.jar:lib/hibernate-validator-6.2.5.Final.jar:lib/log4j-core-2.18.0.jar:lib/janino-3.1.9.jar:lib/jetty-http-9.4.53.v20231009.jar:lib/avatica-core-1.23.0.jar:lib/fastutil-core-8.5.4.jar:lib/maven-aether-provider-3.1.1.jar:lib/tesla-aether-0.0.5.jar:lib/uzaygezen-core-0.2.jar:lib/elasticache-java-cluster-client-1.2.0.jar:lib/commons-lang3-3.12.0.jar:lib/aether-spi-0.9.0.M2.jar:lib/jersey-servlet-1.19.4.jar:lib/druid-aws-common-29.0.0.jar:lib/json-path-2.3.0.jar:lib/druid-services-29.0.0.jar:lib/jaxb-api-2.3.1.jar:lib/metrics-core-4.2.22.jar:lib/aether-connector-okhttp-0.0.9.jar:lib/javax.inject-1.jar:lib/curator-framework-5.5.0.jar:lib/compress-lzf-1.0.4.jar:lib/zstd-jni-1.5.2-3.jar:lib/avatica-metrics-1.23.0.jar:lib/jetty-server-9.4.53.v20231009.jar:lib/netty-handler-proxy-4.1.100.Final.jar:lib/xz-1.9.jar:lib/commons-io-2.11.0.jar:lib/commons-codec-1.16.0.jar:lib/failureaccess-1.0.1.jar:lib/httpclient5-5.1.3.jar:lib/apiguardian-api-1.1.2.jar:lib/jetty-continuation-9.4.53.v20231009.jar:lib/avatica-server-1.23.0.jar:lib/jsr305-2.0.1.jar:lib/jersey-guice-1.19.4.jar:lib/guice-multibindings-4.1.0.jar:lib/aether-impl-0.9.0.M2.jar:lib/jetty-servlet-9.4.53.v20231009.jar:lib/netty-transport-native-unix-common-4.1.100.Final.jar:lib/druid-server-29.0.0.jar:lib/proj4j-1.2.2.jar:lib/asm-tree-9.3.jar:lib/netty-codec-http-4.1.100.Final.jar:lib/slf4j-api-1.7.36.jar:lib/javax.el-api-3.0.0.jar:lib/jackson-core-2.12.7.jar:lib/aether-api-0.9.0.M2.jar:lib/httpcore-4.4.11.jar:lib/jackson-jaxrs-smile-provider-2.12.7.jar:lib/jetty-security-9.4.53.v20231009.jar:lib/gson-2.10.jar:lib/plexus-utils-3.0.24.jar:lib/datasketches-memory-2.2.0.jar:lib/jackson-module-jaxb-annotations-2.12.7.jar:lib/jackson-jaxrs-json-provider-2.12.7.jar:lib/google-http-client-gson-1.42.3.jar:lib/jakarta.xml.bind-api-2.3.2.jar:lib/antlr4-runtime-4.5.3.jar:lib/commons-compiler-3.1.9.jar:lib/jdbi-2.63.1.jar:lib/rhino-1.7.14.jar:lib/aws-java-sdk-kms-1.12.638.jar:lib/j2objc-annotations-2.8.jar:lib/netty-3.10.6.Final.jar:lib/jakarta.activation-api-1.2.1.jar:lib/resilience4j-core-1.3.1.jar:lib/commons-beanutils-1.9.4.jar:lib/caffeine-2.8.0.jar:lib/sigar-1.6.5.132.jar:lib/jakarta.validation-api-2.0.2.jar:lib/calcite-core-1.35.0.jar:lib/opencensus-contrib-http-util-0.31.1.jar:lib/jetty-client-9.4.53.v20231009.jar:lib/jackson-dataformat-cbor-2.12.7.jar:lib/aether-util-0.9.0.M2.jar:lib/maven-repository-metadata-3.1.1.jar:lib/netty-transport-native-epoll-4.1.100.Final-linux-x86_64.jar:lib/druid-gcp-common-29.0.0.jar:lib/istack-commons-runtime-3.0.7.jar:lib/jna-5.13.0.jar:lib/jackson-dataformat-smile-2.12.7.jar:lib/asm-9.3.jar:lib/netty-buffer-4.1.100.Final.jar:lib/commons-lang-2.6.jar:lib/commons-logging-1.1.1.jar:lib/commons-collections4-4.2.jar:lib/maven-model-3.1.1.jar:lib/jts-io-common-1.19.0.jar:lib/vavr-0.10.2.jar:lib/commons-compress-1.24.0.jar:lib/fastutil-8.5.4.jar:lib/joni-2.1.27.jar:lib/joda-time-2.12.5.jar:lib/commons-text-1.10.0.jar:lib/plexus-interpolation-1.19.jar:lib/aopalliance-1.0.jar:lib/web-console-29.0.0.jar:lib/RoaringBitmap-0.9.49.jar:lib/datasketches-java-4.2.0.jar:lib/curator-client-5.5.0.jar:lib/opencsv-4.6.jar:lib/jetty-util-ajax-9.4.53.v20231009.jar:lib/javax.activation-1.2.0.jar:lib/jersey-core-1.19.4.jar:lib/commons-dbcp2-2.0.1.jar:lib/javax.servlet-api-3.1.0.jar:lib/jakarta.inject-api-1.0.3.jar:lib/netty-codec-socks-4.1.100.Final.jar:lib/netty-handler-4.1.100.Final.jar:lib/commons-pool2-2.2.jar:lib/jackson-annotations-2.12.7.jar:lib/httpcore5-5.1.3.jar:lib/google-oauth-client-1.34.1.jar:lib/jersey-server-1.19.4.jar:lib/oshi-core-6.4.4.jar:lib/wagon-provider-api-2.4.jar:lib/snappy-java-1.1.10.4.jar:lib/google-api-client-2.2.0.jar:lib/config-magic-0.9.jar:lib/shims-0.9.49.jar:lib/jakarta.el-3.0.4.jar:lib/jackson-datatype-joda-2.12.7.jar:lib/classmate-1.5.1.jar:lib/netty-transport-4.1.100.Final.jar:lib/jsr311-api-1.1.1.jar:lib/lz4-java-1.8.0.jar:lib/opencensus-api-0.31.1.jar:lib/jetty-io-9.4.53.v20231009.jar:
2025-10-02T07:15:17,994 INFO [main] org.apache.zookeeper.ZooKeeper - Client environment:java.library.path=/usr/java/packages/lib:/usr/lib/x86_64-linux-gnu/jni:/lib/x86_64-linux-gnu:/usr/lib/x86_64-linux-gnu:/usr/lib/jni:/lib:/usr/lib
2025-10-02T07:15:17,995 INFO [main] org.apache.zookeeper.ZooKeeper - Client environment:java.io.tmpdir=var/tmp
2025-10-02T07:15:17,995 INFO [main] org.apache.zookeeper.ZooKeeper - Client environment:java.compiler=<NA>
2025-10-02T07:15:17,995 INFO [main] org.apache.zookeeper.ZooKeeper - Client environment:os.name=Linux
2025-10-02T07:15:17,995 INFO [main] org.apache.zookeeper.ZooKeeper - Client environment:os.arch=amd64
2025-10-02T07:15:17,995 INFO [main] org.apache.zookeeper.ZooKeeper - Client environment:os.version=6.10.14-linuxkit
2025-10-02T07:15:17,996 INFO [main] org.apache.zookeeper.ZooKeeper - Client environment:user.name=druid
2025-10-02T07:15:17,997 INFO [main] org.apache.zookeeper.ZooKeeper - Client environment:user.home=/opt/druid
2025-10-02T07:15:17,997 INFO [main] org.apache.zookeeper.ZooKeeper - Client environment:user.dir=/opt/druid
2025-10-02T07:15:17,997 INFO [main] org.apache.zookeeper.ZooKeeper - Client environment:os.memory.free=147MB
2025-10-02T07:15:17,997 INFO [main] org.apache.zookeeper.ZooKeeper - Client environment:os.memory.max=256MB
2025-10-02T07:15:17,997 INFO [main] org.apache.zookeeper.ZooKeeper - Client environment:os.memory.total=256MB
2025-10-02T07:15:18,005 INFO [main] org.apache.zookeeper.ZooKeeper - Initiating client connection, connectString=zookeeper sessionTimeout=30000 watcher=org.apache.curator.ConnectionState@3ba97962
2025-10-02T07:15:18,008 INFO [main] org.apache.zookeeper.common.X509Util - Setting -D jdk.tls.rejectClientInitiatedRenegotiation=true to disable client-initiated TLS renegotiation
2025-10-02T07:15:18,013 INFO [main] org.apache.zookeeper.ClientCnxnSocket - jute.maxbuffer value is 1048575 Bytes
2025-10-02T07:15:18,024 INFO [main] org.apache.zookeeper.ClientCnxn - zookeeper.request.timeout value is 0. feature enabled=false
2025-10-02T07:15:18,042 INFO [main] org.apache.curator.framework.imps.CuratorFrameworkImpl - Default schema
2025-10-02T07:15:18,046 INFO [main] org.apache.druid.indexing.worker.WorkerCuratorCoordinator - WorkerCuratorCoordinator good to go sir. Server[middlemanager:8091]
2025-10-02T07:15:18,050 INFO [main-SendThread(zookeeper:2181)] org.apache.zookeeper.ClientCnxn - Opening socket connection to server zookeeper/172.18.0.3:2181.
2025-10-02T07:15:18,054 INFO [main-SendThread(zookeeper:2181)] org.apache.zookeeper.ClientCnxn - SASL config status: Will not attempt to authenticate using SASL (unknown error)
2025-10-02T07:15:18,078 INFO [main-SendThread(zookeeper:2181)] org.apache.zookeeper.ClientCnxn - Socket connection established, initiating session, client: /172.18.0.8:42650, server: zookeeper/172.18.0.3:2181
2025-10-02T07:15:18,115 INFO [main-SendThread(zookeeper:2181)] org.apache.zookeeper.ClientCnxn - Session establishment complete on server zookeeper/172.18.0.3:2181, session id = 0x10001be5df60000, negotiated timeout = 30000
2025-10-02T07:15:18,125 INFO [main-EventThread] org.apache.curator.framework.state.ConnectionStateManager - State change: CONNECTED
2025-10-02T07:15:18,144 INFO [main-EventThread] org.apache.curator.framework.imps.EnsembleTracker - New config event received: {}
2025-10-02T07:15:18,146 INFO [main-EventThread] org.apache.curator.framework.imps.EnsembleTracker - New config event received: {}
2025-10-02T07:15:18,448 INFO [NodeRoleWatcher[OVERLORD]] org.apache.druid.discovery.BaseNodeRoleWatcher - Node watcher of role [overlord] is now initialized with 0 nodes.
2025-10-02T07:15:18,486 INFO [main] org.apache.druid.java.util.common.lifecycle.Lifecycle - Starting lifecycle [module] stage [SERVER]
2025-10-02T07:15:18,499 INFO [main] org.eclipse.jetty.server.Server - jetty-9.4.53.v20231009; built: 2023-10-09T12:29:09.265Z; git: 27bde00a0b95a1d5bbee0eae7984f891d2d0f8c9; jvm 17.0.10+7-Debian-1deb12u1
2025-10-02T07:15:18,560 INFO [main] org.eclipse.jetty.server.session - DefaultSessionIdManager workerName=node0
2025-10-02T07:15:18,561 INFO [main] org.eclipse.jetty.server.session - No SessionScavenger set, using defaults
2025-10-02T07:15:18,563 INFO [main] org.eclipse.jetty.server.session - node0 Scavenging every 660000ms
2025-10-02T07:15:18,735 INFO [main] com.sun.jersey.server.impl.application.WebApplicationImpl - Initiating Jersey application, version 'Jersey: 1.19.4 05/24/2017 03:20 PM'
2025-10-02T07:15:19,733 INFO [main] org.eclipse.jetty.server.handler.ContextHandler - Started o.e.j.s.ServletContextHandler@7577589{/,null,AVAILABLE}
2025-10-02T07:15:19,755 INFO [main] org.eclipse.jetty.server.AbstractConnector - Started ServerConnector@4a9ff419{HTTP/1.1, (http/1.1)}{0.0.0.0:8091}
2025-10-02T07:15:19,756 INFO [main] org.eclipse.jetty.server.Server - Started @12551ms
2025-10-02T07:15:19,782 INFO [main] org.apache.druid.java.util.common.lifecycle.Lifecycle - Starting lifecycle [module] stage [ANNOUNCEMENTS]
2025-10-02T07:15:19,835 INFO [main] org.apache.druid.curator.discovery.CuratorDruidNodeAnnouncer - Announced self [{"druidNode":{"service":"druid/middleManager","host":"middlemanager","bindOnHost":false,"plaintextPort":8091,"port":-1,"tlsPort":-1,"enablePlaintextPort":true,"enableTlsPort":false},"nodeType":"middleManager","services":{"workerNodeService":{"type":"workerNodeService","ip":"7571fdf58928","capacity":2,"version":"0","category":"_default_worker_category"}},"startTime":"2025-10-02T07:15:17.949Z"}].
2025-10-02T07:15:19,836 INFO [main] org.apache.druid.java.util.common.lifecycle.Lifecycle - Successfully started lifecycle [module]
2025-10-02T07:15:20,759 INFO [NodeRoleWatcher[OVERLORD]] org.apache.druid.discovery.BaseNodeRoleWatcher - Node [http://overlord:8090] of role [overlord] detected.
2025-10-02T07:17:22,872 INFO [WorkerTaskManager-NoticeHandler] org.apache.druid.indexing.worker.WorkerTaskManager - Task[index_parallel_wikipedia_dcjobjnd_2025-10-02T07:17:22.312Z] started.
2025-10-02T07:17:22,881 INFO [forking-task-runner-0] org.apache.druid.indexing.overlord.ForkingTaskRunner - Running command: java --add-exports=java.base/jdk.internal.misc=ALL-UNNAMED --add-exports=java.base/jdk.internal.ref=ALL-UNNAMED --add-opens=java.base/java.nio=ALL-UNNAMED --add-opens=java.base/sun.nio.ch=ALL-UNNAMED --add-opens=java.base/jdk.internal.ref=ALL-UNNAMED --add-opens=java.base/java.io=ALL-UNNAMED --add-opens=java.base/java.lang=ALL-UNNAMED --add-opens=jdk.management/com.sun.management.internal=ALL-UNNAMED -cp /opt/druid/overrides/*:/tmp/conf/druid/cluster/_common:/tmp/conf/druid/cluster/data/middleManager:lib/async-http-client-netty-utils-2.5.3.jar:lib/maven-settings-builder-3.1.1.jar:lib/json-simple-1.1.1.jar:lib/checker-qual-2.5.7.jar:lib/jetty-rewrite-9.4.53.v20231009.jar:lib/netty-resolver-4.1.100.Final.jar:lib/guice-4.1.0.jar:lib/jackson-datatype-guava-2.12.7.jar:lib/netty-reactive-streams-2.0.0.jar:lib/google-http-client-apache-v2-1.42.3.jar:lib/aws-java-sdk-sts-1.12.638.jar:lib/async-http-client-2.5.3.jar:lib/guice-assistedinject-4.1.0.jar:lib/jackson-databind-2.12.7.1.jar:lib/google-http-client-jackson2-1.42.3.jar:lib/jackson-jq-0.0.10.jar:lib/maven-model-builder-3.1.1.jar:lib/asm-commons-9.3.jar:lib/aether-connector-file-0.9.0.M2.jar:lib/accessors-smart-2.4.11.jar:lib/aws-java-sdk-ec2-1.12.638.jar:lib/aws-java-sdk-s3-1.12.638.jar:lib/jcodings-1.0.43.jar:lib/zookeeper-jute-3.8.3.jar:lib/disruptor-3.3.6.jar:lib/javax.activation-api-1.2.0.jar:lib/calcite-linq4j-1.35.0.jar:lib/derbyclient-10.14.2.0.jar:lib/google-http-client-1.42.3.jar:lib/netty-transport-classes-epoll-4.1.100.Final.jar:lib/maven-artifact-3.6.0.jar:lib/icu4j-73.2.jar:lib/reactive-streams-1.0.2.jar:lib/netty-resolver-dns-4.1.100.Final.jar:lib/guice-servlet-4.1.0.jar:lib/commons-collections-3.2.2.jar:lib/jna-platform-5.13.0.jar:lib/druid-indexing-hadoop-29.0.0.jar:lib/derbynet-10.14.2.0.jar:lib/txw2-2.3.1.jar:lib/guava-32.0.1-jre.jar:lib/asm-analysis-9.3.jar:lib/jcl-over-slf4j-1.7.36.jar:lib/curator-recipes-5.5.0.jar:lib/log4j-jul-2.18.0.jar:lib/log4j-1.2-api-2.18.0.jar:lib/netty-codec-4.1.100.Final.jar:lib/protobuf-java-3.24.0.jar:lib/httpclient-4.5.13.jar:lib/ipaddress-5.3.4.jar:lib/audience-annotations-0.12.0.jar:lib/druid-sql-29.0.0.jar:lib/maven-settings-3.1.1.jar:lib/airline-2.8.4.jar:lib/stax-ex-1.8.jar:lib/jaxb-runtime-2.3.1.jar:lib/druid-indexing-service-29.0.0.jar:lib/grpc-context-1.27.2.jar:lib/druid-processing-29.0.0.jar:lib/fastutil-extra-8.5.4.jar:lib/json-smart-2.4.11.jar:lib/jts-core-1.19.0.jar:lib/log4j-api-2.18.0.jar:lib/resilience4j-bulkhead-1.3.1.jar:lib/jetty-servlets-9.4.53.v20231009.jar:lib/okhttp-1.0.2.jar:lib/netty-codec-dns-4.1.100.Final.jar:lib/commons-math3-3.6.1.jar:lib/aws-java-sdk-core-1.12.638.jar:lib/FastInfoset-1.2.15.jar:lib/netty-common-4.1.100.Final.jar:lib/derby-10.14.2.0.jar:lib/log4j-slf4j-impl-2.18.0.jar:lib/jboss-logging-3.4.1.Final.jar:lib/curator-x-discovery-5.5.0.jar:lib/jmespath-java-1.12.638.jar:lib/error_prone_annotations-2.20.0.jar:lib/jetty-util-9.4.53.v20231009.jar:lib/cron-scheduler-0.1.jar:lib/vavr-match-0.10.2.jar:lib/aggdesigner-algorithm-6.0.jar:lib/airline-io-2.8.4.jar:lib/httpcore5-h2-5.1.3.jar:lib/jackson-jaxrs-base-2.12.7.jar:lib/jackson-module-guice-2.12.7.jar:lib/jetty-proxy-9.4.53.v20231009.jar:lib/zookeeper-3.8.3.jar:lib/hibernate-validator-6.2.5.Final.jar:lib/log4j-core-2.18.0.jar:lib/janino-3.1.9.jar:lib/jetty-http-9.4.53.v20231009.jar:lib/avatica-core-1.23.0.jar:lib/fastutil-core-8.5.4.jar:lib/maven-aether-provider-3.1.1.jar:lib/tesla-aether-0.0.5.jar:lib/uzaygezen-core-0.2.jar:lib/elasticache-java-cluster-client-1.2.0.jar:lib/commons-lang3-3.12.0.jar:lib/aether-spi-0.9.0.M2.jar:lib/jersey-servlet-1.19.4.jar:lib/druid-aws-common-29.0.0.jar:lib/json-path-2.3.0.jar:lib/druid-services-29.0.0.jar:lib/jaxb-api-2.3.1.jar:lib/metrics-core-4.2.22.jar:lib/aether-connector-okhttp-0.0.9.jar:lib/javax.inject-1.jar:lib/curator-framework-5.5.0.jar:lib/compress-lzf-1.0.4.jar:lib/zstd-jni-1.5.2-3.jar:lib/avatica-metrics-1.23.0.jar:lib/jetty-server-9.4.53.v20231009.jar:lib/netty-handler-proxy-4.1.100.Final.jar:lib/xz-1.9.jar:lib/commons-io-2.11.0.jar:lib/commons-codec-1.16.0.jar:lib/failureaccess-1.0.1.jar:lib/httpclient5-5.1.3.jar:lib/apiguardian-api-1.1.2.jar:lib/jetty-continuation-9.4.53.v20231009.jar:lib/avatica-server-1.23.0.jar:lib/jsr305-2.0.1.jar:lib/jersey-guice-1.19.4.jar:lib/guice-multibindings-4.1.0.jar:lib/aether-impl-0.9.0.M2.jar:lib/jetty-servlet-9.4.53.v20231009.jar:lib/netty-transport-native-unix-common-4.1.100.Final.jar:lib/druid-server-29.0.0.jar:lib/proj4j-1.2.2.jar:lib/asm-tree-9.3.jar:lib/netty-codec-http-4.1.100.Final.jar:lib/slf4j-api-1.7.36.jar:lib/javax.el-api-3.0.0.jar:lib/jackson-core-2.12.7.jar:lib/aether-api-0.9.0.M2.jar:lib/httpcore-4.4.11.jar:lib/jackson-jaxrs-smile-provider-2.12.7.jar:lib/jetty-security-9.4.53.v20231009.jar:lib/gson-2.10.jar:lib/plexus-utils-3.0.24.jar:lib/datasketches-memory-2.2.0.jar:lib/jackson-module-jaxb-annotations-2.12.7.jar:lib/jackson-jaxrs-json-provider-2.12.7.jar:lib/google-http-client-gson-1.42.3.jar:lib/jakarta.xml.bind-api-2.3.2.jar:lib/antlr4-runtime-4.5.3.jar:lib/commons-compiler-3.1.9.jar:lib/jdbi-2.63.1.jar:lib/rhino-1.7.14.jar:lib/aws-java-sdk-kms-1.12.638.jar:lib/j2objc-annotations-2.8.jar:lib/netty-3.10.6.Final.jar:lib/jakarta.activation-api-1.2.1.jar:lib/resilience4j-core-1.3.1.jar:lib/commons-beanutils-1.9.4.jar:lib/caffeine-2.8.0.jar:lib/sigar-1.6.5.132.jar:lib/jakarta.validation-api-2.0.2.jar:lib/calcite-core-1.35.0.jar:lib/opencensus-contrib-http-util-0.31.1.jar:lib/jetty-client-9.4.53.v20231009.jar:lib/jackson-dataformat-cbor-2.12.7.jar:lib/aether-util-0.9.0.M2.jar:lib/maven-repository-metadata-3.1.1.jar:lib/netty-transport-native-epoll-4.1.100.Final-linux-x86_64.jar:lib/druid-gcp-common-29.0.0.jar:lib/istack-commons-runtime-3.0.7.jar:lib/jna-5.13.0.jar:lib/jackson-dataformat-smile-2.12.7.jar:lib/asm-9.3.jar:lib/netty-buffer-4.1.100.Final.jar:lib/commons-lang-2.6.jar:lib/commons-logging-1.1.1.jar:lib/commons-collections4-4.2.jar:lib/maven-model-3.1.1.jar:lib/jts-io-common-1.19.0.jar:lib/vavr-0.10.2.jar:lib/commons-compress-1.24.0.jar:lib/fastutil-8.5.4.jar:lib/joni-2.1.27.jar:lib/joda-time-2.12.5.jar:lib/commons-text-1.10.0.jar:lib/plexus-interpolation-1.19.jar:lib/aopalliance-1.0.jar:lib/web-console-29.0.0.jar:lib/RoaringBitmap-0.9.49.jar:lib/datasketches-java-4.2.0.jar:lib/curator-client-5.5.0.jar:lib/opencsv-4.6.jar:lib/jetty-util-ajax-9.4.53.v20231009.jar:lib/javax.activation-1.2.0.jar:lib/jersey-core-1.19.4.jar:lib/commons-dbcp2-2.0.1.jar:lib/javax.servlet-api-3.1.0.jar:lib/jakarta.inject-api-1.0.3.jar:lib/netty-codec-socks-4.1.100.Final.jar:lib/netty-handler-4.1.100.Final.jar:lib/commons-pool2-2.2.jar:lib/jackson-annotations-2.12.7.jar:lib/httpcore5-5.1.3.jar:lib/google-oauth-client-1.34.1.jar:lib/jersey-server-1.19.4.jar:lib/oshi-core-6.4.4.jar:lib/wagon-provider-api-2.4.jar:lib/snappy-java-1.1.10.4.jar:lib/google-api-client-2.2.0.jar:lib/config-magic-0.9.jar:lib/shims-0.9.49.jar:lib/jakarta.el-3.0.4.jar:lib/jackson-datatype-joda-2.12.7.jar:lib/classmate-1.5.1.jar:lib/netty-transport-4.1.100.Final.jar:lib/jsr311-api-1.1.1.jar:lib/lz4-java-1.8.0.jar:lib/opencensus-api-0.31.1.jar:lib/jetty-io-9.4.53.v20231009.jar: -XX:ActiveProcessorCount=5 -server -Xms512m -Xmx512m -XX:MaxDirectMemorySize=512m -Duser.timezone=UTC -Dfile.encoding=UTF-8 -XX:+ExitOnOutOfMemoryError -Djava.util.logging.manager=org.apache.logging.log4j.jul.LogManager -Ddruid.monitoring.monitors=["org.apache.druid.java.util.metrics.JvmMonitor", "org.apache.druid.server.metrics.ServiceStatusMonitor"] -Ddruid.plaintextPort=8091 -Ddruid.indexing.doubleStorage=double -Ddruid.indexer.fork.property.druid.processing.numThreads=1 -Ddruid.metadata.storage.connector.password=<masked> -Ddruid.extensions.loadList=["druid-hdfs-storage", "druid-kafka-indexing-service", "druid-datasketches", "druid-multi-stage-query", "postgresql-metadata-storage"] -Ddruid.indexer.task.hadoopWorkingPath=var/druid/hadoop-tmp -Duser.timezone=UTC -Ddruid.zk.paths.base=/druid -Ddruid.service=druid/middleManager -Ddruid.metadata.storage.connector.connectURI=jdbc:postgresql://metadata-storage:5432/druid -Ddruid.selectors.coordinator.serviceName=druid/coordinator -Ddruid.selectors.indexing.serviceName=druid/overlord -Ddruid.metadata.storage.type=postgresql -Ddruid.indexer.logs.directory=var/druid/indexing-logs -Ddruid.worker.capacity=2 -Ddruid.storage.storageDirectory=var/druid/segments -Ddruid.worker.baseTaskDirs=["var/druid/task"] -Ddruid.indexer.fork.property.druid.processing.buffer.sizeBytes=67108864 -Ddruid.metadata.storage.connector.user=druid -Ddruid.indexer.logs.type=file -Ddruid.host=middlemanager -Ddruid.zk.service.host=zookeeper -Ddruid.lookup.enableLookupSyncOnStartup=false -Dfile.encoding=UTF-8 -Ddruid.sql.planner.useGroupingSetForExactDistinct=true -Ddruid.startup.logging.logProperties=true -Ddruid.sql.enable=true -Djava.io.tmpdir=var/tmp -Ddruid.emitter.logging.logLevel=info -Ddruid.indexer.fork.property.druid.processing.numMergeBuffers=2 -Ddruid.node.type=middleManager -Ddruid.server.http.numThreads=40 -Ddruid.emitter=noop -Ddruid.storage.type=local -Ddruid.expressions.useStrictBooleans=true -Ddruid.server.hiddenProperties=["druid.s3.accessKey","druid.s3.secretKey","druid.metadata.storage.connector.password", "password", "key", "token", "pwd"] -Ddruid.processing.numThreads=1 -Ddruid.processing.buffer.sizeBytes=67108864 -Ddruid.processing.numMergeBuffers=2 -DattemptId=1 -Ddruid.metrics.emitter.dimension.dataSource=wikipedia -Ddruid.metrics.emitter.dimension.taskId=index_parallel_wikipedia_dcjobjnd_2025-10-02T07:17:22.312Z -Ddruid.metrics.emitter.dimension.taskType=index_parallel -Ddruid.metrics.emitter.dimension.groupId=index_parallel_wikipedia_dcjobjnd_2025-10-02T07:17:22.312Z -Ddruid.host=middlemanager -Ddruid.plaintextPort=8100 -Ddruid.tlsPort=-1 -Ddruid.task.executor.service=druid/middleManager -Ddruid.task.executor.host=middlemanager -Ddruid.task.executor.plaintextPort=8091 -Ddruid.task.executor.enablePlaintextPort=true -Ddruid.task.executor.tlsPort=-1 -Ddruid.task.executor.enableTlsPort=false -Dlog4j2.configurationFactory=org.apache.druid.indexing.common.tasklogs.ConsoleLoggingEnforcementConfigurationFactory -Ddruid.indexer.task.baseTaskDir=/opt/druid/var/druid/task/slot0 -Ddruid.indexer.task.tmpStorageBytesPerTask=4611686018427387903 org.apache.druid.cli.Main internal peon var/druid/task/slot0/index_parallel_wikipedia_dcjobjnd_2025-10-02T07:17:22.312Z 1
2025-10-02T07:17:22,907 INFO [forking-task-runner-0] org.apache.druid.indexing.overlord.ForkingTaskRunner - Logging task index_parallel_wikipedia_dcjobjnd_2025-10-02T07:17:22.312Z output to: var/druid/task/slot0/index_parallel_wikipedia_dcjobjnd_2025-10-02T07:17:22.312Z/log
2025-10-02T07:17:33,420 INFO [forking-task-runner-0] org.apache.druid.indexing.common.tasklogs.FileTaskLogs - Wrote task log to: var/druid/indexing-logs/index_parallel_wikipedia_dcjobjnd_2025-10-02T07:17:22.312Z.log
2025-10-02T07:17:33,422 INFO [forking-task-runner-0] org.apache.druid.indexing.common.tasklogs.FileTaskLogs - Wrote task report to: var/druid/indexing-logs/index_parallel_wikipedia_dcjobjnd_2025-10-02T07:17:22.312Z.report.json
2025-10-02T07:17:33,422 INFO [forking-task-runner-0] org.apache.druid.indexing.overlord.ForkingTaskRunner - Process exited successfully for task: index_parallel_wikipedia_dcjobjnd_2025-10-02T07:17:22.312Z
2025-10-02T07:17:33,449 INFO [forking-task-runner-0] org.apache.druid.indexing.overlord.ForkingTaskRunner - Removing task directory: var/druid/task/slot0/index_parallel_wikipedia_dcjobjnd_2025-10-02T07:17:22.312Z
2025-10-02T07:17:33,455 INFO [WorkerTaskManager-NoticeHandler] org.apache.druid.indexing.worker.WorkerTaskManager - Task [index_parallel_wikipedia_dcjobjnd_2025-10-02T07:17:22.312Z] completed with status [SUCCESS].
2025-10-02T07:17:39,424 INFO [WorkerTaskManager-NoticeHandler] org.apache.druid.indexing.worker.WorkerTaskManager - Task[index_parallel_wikipedia_eopbiibj_2025-10-02T07:17:39.391Z] started.
2025-10-02T07:17:39,429 INFO [forking-task-runner-1] org.apache.druid.indexing.overlord.ForkingTaskRunner - Running command: java --add-exports=java.base/jdk.internal.misc=ALL-UNNAMED --add-exports=java.base/jdk.internal.ref=ALL-UNNAMED --add-opens=java.base/java.nio=ALL-UNNAMED --add-opens=java.base/sun.nio.ch=ALL-UNNAMED --add-opens=java.base/jdk.internal.ref=ALL-UNNAMED --add-opens=java.base/java.io=ALL-UNNAMED --add-opens=java.base/java.lang=ALL-UNNAMED --add-opens=jdk.management/com.sun.management.internal=ALL-UNNAMED -cp /opt/druid/overrides/*:/tmp/conf/druid/cluster/_common:/tmp/conf/druid/cluster/data/middleManager:lib/async-http-client-netty-utils-2.5.3.jar:lib/maven-settings-builder-3.1.1.jar:lib/json-simple-1.1.1.jar:lib/checker-qual-2.5.7.jar:lib/jetty-rewrite-9.4.53.v20231009.jar:lib/netty-resolver-4.1.100.Final.jar:lib/guice-4.1.0.jar:lib/jackson-datatype-guava-2.12.7.jar:lib/netty-reactive-streams-2.0.0.jar:lib/google-http-client-apache-v2-1.42.3.jar:lib/aws-java-sdk-sts-1.12.638.jar:lib/async-http-client-2.5.3.jar:lib/guice-assistedinject-4.1.0.jar:lib/jackson-databind-2.12.7.1.jar:lib/google-http-client-jackson2-1.42.3.jar:lib/jackson-jq-0.0.10.jar:lib/maven-model-builder-3.1.1.jar:lib/asm-commons-9.3.jar:lib/aether-connector-file-0.9.0.M2.jar:lib/accessors-smart-2.4.11.jar:lib/aws-java-sdk-ec2-1.12.638.jar:lib/aws-java-sdk-s3-1.12.638.jar:lib/jcodings-1.0.43.jar:lib/zookeeper-jute-3.8.3.jar:lib/disruptor-3.3.6.jar:lib/javax.activation-api-1.2.0.jar:lib/calcite-linq4j-1.35.0.jar:lib/derbyclient-10.14.2.0.jar:lib/google-http-client-1.42.3.jar:lib/netty-transport-classes-epoll-4.1.100.Final.jar:lib/maven-artifact-3.6.0.jar:lib/icu4j-73.2.jar:lib/reactive-streams-1.0.2.jar:lib/netty-resolver-dns-4.1.100.Final.jar:lib/guice-servlet-4.1.0.jar:lib/commons-collections-3.2.2.jar:lib/jna-platform-5.13.0.jar:lib/druid-indexing-hadoop-29.0.0.jar:lib/derbynet-10.14.2.0.jar:lib/txw2-2.3.1.jar:lib/guava-32.0.1-jre.jar:lib/asm-analysis-9.3.jar:lib/jcl-over-slf4j-1.7.36.jar:lib/curator-recipes-5.5.0.jar:lib/log4j-jul-2.18.0.jar:lib/log4j-1.2-api-2.18.0.jar:lib/netty-codec-4.1.100.Final.jar:lib/protobuf-java-3.24.0.jar:lib/httpclient-4.5.13.jar:lib/ipaddress-5.3.4.jar:lib/audience-annotations-0.12.0.jar:lib/druid-sql-29.0.0.jar:lib/maven-settings-3.1.1.jar:lib/airline-2.8.4.jar:lib/stax-ex-1.8.jar:lib/jaxb-runtime-2.3.1.jar:lib/druid-indexing-service-29.0.0.jar:lib/grpc-context-1.27.2.jar:lib/druid-processing-29.0.0.jar:lib/fastutil-extra-8.5.4.jar:lib/json-smart-2.4.11.jar:lib/jts-core-1.19.0.jar:lib/log4j-api-2.18.0.jar:lib/resilience4j-bulkhead-1.3.1.jar:lib/jetty-servlets-9.4.53.v20231009.jar:lib/okhttp-1.0.2.jar:lib/netty-codec-dns-4.1.100.Final.jar:lib/commons-math3-3.6.1.jar:lib/aws-java-sdk-core-1.12.638.jar:lib/FastInfoset-1.2.15.jar:lib/netty-common-4.1.100.Final.jar:lib/derby-10.14.2.0.jar:lib/log4j-slf4j-impl-2.18.0.jar:lib/jboss-logging-3.4.1.Final.jar:lib/curator-x-discovery-5.5.0.jar:lib/jmespath-java-1.12.638.jar:lib/error_prone_annotations-2.20.0.jar:lib/jetty-util-9.4.53.v20231009.jar:lib/cron-scheduler-0.1.jar:lib/vavr-match-0.10.2.jar:lib/aggdesigner-algorithm-6.0.jar:lib/airline-io-2.8.4.jar:lib/httpcore5-h2-5.1.3.jar:lib/jackson-jaxrs-base-2.12.7.jar:lib/jackson-module-guice-2.12.7.jar:lib/jetty-proxy-9.4.53.v20231009.jar:lib/zookeeper-3.8.3.jar:lib/hibernate-validator-6.2.5.Final.jar:lib/log4j-core-2.18.0.jar:lib/janino-3.1.9.jar:lib/jetty-http-9.4.53.v20231009.jar:lib/avatica-core-1.23.0.jar:lib/fastutil-core-8.5.4.jar:lib/maven-aether-provider-3.1.1.jar:lib/tesla-aether-0.0.5.jar:lib/uzaygezen-core-0.2.jar:lib/elasticache-java-cluster-client-1.2.0.jar:lib/commons-lang3-3.12.0.jar:lib/aether-spi-0.9.0.M2.jar:lib/jersey-servlet-1.19.4.jar:lib/druid-aws-common-29.0.0.jar:lib/json-path-2.3.0.jar:lib/druid-services-29.0.0.jar:lib/jaxb-api-2.3.1.jar:lib/metrics-core-4.2.22.jar:lib/aether-connector-okhttp-0.0.9.jar:lib/javax.inject-1.jar:lib/curator-framework-5.5.0.jar:lib/compress-lzf-1.0.4.jar:lib/zstd-jni-1.5.2-3.jar:lib/avatica-metrics-1.23.0.jar:lib/jetty-server-9.4.53.v20231009.jar:lib/netty-handler-proxy-4.1.100.Final.jar:lib/xz-1.9.jar:lib/commons-io-2.11.0.jar:lib/commons-codec-1.16.0.jar:lib/failureaccess-1.0.1.jar:lib/httpclient5-5.1.3.jar:lib/apiguardian-api-1.1.2.jar:lib/jetty-continuation-9.4.53.v20231009.jar:lib/avatica-server-1.23.0.jar:lib/jsr305-2.0.1.jar:lib/jersey-guice-1.19.4.jar:lib/guice-multibindings-4.1.0.jar:lib/aether-impl-0.9.0.M2.jar:lib/jetty-servlet-9.4.53.v20231009.jar:lib/netty-transport-native-unix-common-4.1.100.Final.jar:lib/druid-server-29.0.0.jar:lib/proj4j-1.2.2.jar:lib/asm-tree-9.3.jar:lib/netty-codec-http-4.1.100.Final.jar:lib/slf4j-api-1.7.36.jar:lib/javax.el-api-3.0.0.jar:lib/jackson-core-2.12.7.jar:lib/aether-api-0.9.0.M2.jar:lib/httpcore-4.4.11.jar:lib/jackson-jaxrs-smile-provider-2.12.7.jar:lib/jetty-security-9.4.53.v20231009.jar:lib/gson-2.10.jar:lib/plexus-utils-3.0.24.jar:lib/datasketches-memory-2.2.0.jar:lib/jackson-module-jaxb-annotations-2.12.7.jar:lib/jackson-jaxrs-json-provider-2.12.7.jar:lib/google-http-client-gson-1.42.3.jar:lib/jakarta.xml.bind-api-2.3.2.jar:lib/antlr4-runtime-4.5.3.jar:lib/commons-compiler-3.1.9.jar:lib/jdbi-2.63.1.jar:lib/rhino-1.7.14.jar:lib/aws-java-sdk-kms-1.12.638.jar:lib/j2objc-annotations-2.8.jar:lib/netty-3.10.6.Final.jar:lib/jakarta.activation-api-1.2.1.jar:lib/resilience4j-core-1.3.1.jar:lib/commons-beanutils-1.9.4.jar:lib/caffeine-2.8.0.jar:lib/sigar-1.6.5.132.jar:lib/jakarta.validation-api-2.0.2.jar:lib/calcite-core-1.35.0.jar:lib/opencensus-contrib-http-util-0.31.1.jar:lib/jetty-client-9.4.53.v20231009.jar:lib/jackson-dataformat-cbor-2.12.7.jar:lib/aether-util-0.9.0.M2.jar:lib/maven-repository-metadata-3.1.1.jar:lib/netty-transport-native-epoll-4.1.100.Final-linux-x86_64.jar:lib/druid-gcp-common-29.0.0.jar:lib/istack-commons-runtime-3.0.7.jar:lib/jna-5.13.0.jar:lib/jackson-dataformat-smile-2.12.7.jar:lib/asm-9.3.jar:lib/netty-buffer-4.1.100.Final.jar:lib/commons-lang-2.6.jar:lib/commons-logging-1.1.1.jar:lib/commons-collections4-4.2.jar:lib/maven-model-3.1.1.jar:lib/jts-io-common-1.19.0.jar:lib/vavr-0.10.2.jar:lib/commons-compress-1.24.0.jar:lib/fastutil-8.5.4.jar:lib/joni-2.1.27.jar:lib/joda-time-2.12.5.jar:lib/commons-text-1.10.0.jar:lib/plexus-interpolation-1.19.jar:lib/aopalliance-1.0.jar:lib/web-console-29.0.0.jar:lib/RoaringBitmap-0.9.49.jar:lib/datasketches-java-4.2.0.jar:lib/curator-client-5.5.0.jar:lib/opencsv-4.6.jar:lib/jetty-util-ajax-9.4.53.v20231009.jar:lib/javax.activation-1.2.0.jar:lib/jersey-core-1.19.4.jar:lib/commons-dbcp2-2.0.1.jar:lib/javax.servlet-api-3.1.0.jar:lib/jakarta.inject-api-1.0.3.jar:lib/netty-codec-socks-4.1.100.Final.jar:lib/netty-handler-4.1.100.Final.jar:lib/commons-pool2-2.2.jar:lib/jackson-annotations-2.12.7.jar:lib/httpcore5-5.1.3.jar:lib/google-oauth-client-1.34.1.jar:lib/jersey-server-1.19.4.jar:lib/oshi-core-6.4.4.jar:lib/wagon-provider-api-2.4.jar:lib/snappy-java-1.1.10.4.jar:lib/google-api-client-2.2.0.jar:lib/config-magic-0.9.jar:lib/shims-0.9.49.jar:lib/jakarta.el-3.0.4.jar:lib/jackson-datatype-joda-2.12.7.jar:lib/classmate-1.5.1.jar:lib/netty-transport-4.1.100.Final.jar:lib/jsr311-api-1.1.1.jar:lib/lz4-java-1.8.0.jar:lib/opencensus-api-0.31.1.jar:lib/jetty-io-9.4.53.v20231009.jar: -XX:ActiveProcessorCount=5 -server -Xms512m -Xmx512m -XX:MaxDirectMemorySize=512m -Duser.timezone=UTC -Dfile.encoding=UTF-8 -XX:+ExitOnOutOfMemoryError -Djava.util.logging.manager=org.apache.logging.log4j.jul.LogManager -Ddruid.monitoring.monitors=["org.apache.druid.java.util.metrics.JvmMonitor", "org.apache.druid.server.metrics.ServiceStatusMonitor"] -Ddruid.plaintextPort=8091 -Ddruid.indexing.doubleStorage=double -Ddruid.indexer.fork.property.druid.processing.numThreads=1 -Ddruid.metadata.storage.connector.password=<masked> -Ddruid.extensions.loadList=["druid-hdfs-storage", "druid-kafka-indexing-service", "druid-datasketches", "druid-multi-stage-query", "postgresql-metadata-storage"] -Ddruid.indexer.task.hadoopWorkingPath=var/druid/hadoop-tmp -Duser.timezone=UTC -Ddruid.zk.paths.base=/druid -Ddruid.service=druid/middleManager -Ddruid.metadata.storage.connector.connectURI=jdbc:postgresql://metadata-storage:5432/druid -Ddruid.selectors.coordinator.serviceName=druid/coordinator -Ddruid.selectors.indexing.serviceName=druid/overlord -Ddruid.metadata.storage.type=postgresql -Ddruid.indexer.logs.directory=var/druid/indexing-logs -Ddruid.worker.capacity=2 -Ddruid.storage.storageDirectory=var/druid/segments -Ddruid.worker.baseTaskDirs=["var/druid/task"] -Ddruid.indexer.fork.property.druid.processing.buffer.sizeBytes=67108864 -Ddruid.metadata.storage.connector.user=druid -Ddruid.indexer.logs.type=file -Ddruid.host=middlemanager -Ddruid.zk.service.host=zookeeper -Ddruid.lookup.enableLookupSyncOnStartup=false -Dfile.encoding=UTF-8 -Ddruid.sql.planner.useGroupingSetForExactDistinct=true -Ddruid.startup.logging.logProperties=true -Ddruid.sql.enable=true -Djava.io.tmpdir=var/tmp -Ddruid.emitter.logging.logLevel=info -Ddruid.indexer.fork.property.druid.processing.numMergeBuffers=2 -Ddruid.node.type=middleManager -Ddruid.server.http.numThreads=40 -Ddruid.emitter=noop -Ddruid.storage.type=local -Ddruid.expressions.useStrictBooleans=true -Ddruid.server.hiddenProperties=["druid.s3.accessKey","druid.s3.secretKey","druid.metadata.storage.connector.password", "password", "key", "token", "pwd"] -Ddruid.processing.numThreads=1 -Ddruid.processing.buffer.sizeBytes=67108864 -Ddruid.processing.numMergeBuffers=2 -DattemptId=1 -Ddruid.metrics.emitter.dimension.dataSource=wikipedia -Ddruid.metrics.emitter.dimension.taskId=index_parallel_wikipedia_eopbiibj_2025-10-02T07:17:39.391Z -Ddruid.metrics.emitter.dimension.taskType=index_parallel -Ddruid.metrics.emitter.dimension.groupId=index_parallel_wikipedia_eopbiibj_2025-10-02T07:17:39.391Z -Ddruid.host=middlemanager -Ddruid.plaintextPort=8100 -Ddruid.tlsPort=-1 -Ddruid.task.executor.service=druid/middleManager -Ddruid.task.executor.host=middlemanager -Ddruid.task.executor.plaintextPort=8091 -Ddruid.task.executor.enablePlaintextPort=true -Ddruid.task.executor.tlsPort=-1 -Ddruid.task.executor.enableTlsPort=false -Dlog4j2.configurationFactory=org.apache.druid.indexing.common.tasklogs.ConsoleLoggingEnforcementConfigurationFactory -Ddruid.indexer.task.baseTaskDir=/opt/druid/var/druid/task/slot1 -Ddruid.indexer.task.tmpStorageBytesPerTask=4611686018427387903 org.apache.druid.cli.Main internal peon var/druid/task/slot1/index_parallel_wikipedia_eopbiibj_2025-10-02T07:17:39.391Z 1
2025-10-02T07:17:39,447 INFO [forking-task-runner-1] org.apache.druid.indexing.overlord.ForkingTaskRunner - Logging task index_parallel_wikipedia_eopbiibj_2025-10-02T07:17:39.391Z output to: var/druid/task/slot1/index_parallel_wikipedia_eopbiibj_2025-10-02T07:17:39.391Z/log
2025-10-02T07:17:48,924 INFO [forking-task-runner-1] org.apache.druid.indexing.common.tasklogs.FileTaskLogs - Wrote task log to: var/druid/indexing-logs/index_parallel_wikipedia_eopbiibj_2025-10-02T07:17:39.391Z.log
2025-10-02T07:17:48,924 INFO [forking-task-runner-1] org.apache.druid.indexing.common.tasklogs.FileTaskLogs - Wrote task report to: var/druid/indexing-logs/index_parallel_wikipedia_eopbiibj_2025-10-02T07:17:39.391Z.report.json
2025-10-02T07:17:48,925 INFO [forking-task-runner-1] org.apache.druid.indexing.overlord.ForkingTaskRunner - Process exited successfully for task: index_parallel_wikipedia_eopbiibj_2025-10-02T07:17:39.391Z
2025-10-02T07:17:48,932 INFO [forking-task-runner-1] org.apache.druid.indexing.overlord.ForkingTaskRunner - Removing task directory: var/druid/task/slot1/index_parallel_wikipedia_eopbiibj_2025-10-02T07:17:39.391Z
2025-10-02T07:17:48,939 INFO [WorkerTaskManager-NoticeHandler] org.apache.druid.indexing.worker.WorkerTaskManager - Task [index_parallel_wikipedia_eopbiibj_2025-10-02T07:17:39.391Z] completed with status [SUCCESS].
2025-10-02T07:27:45,265 INFO [Thread-51] org.apache.druid.java.util.common.lifecycle.Lifecycle - Lifecycle [module] running shutdown hook
2025-10-02T07:27:45,268 INFO [Thread-51] org.apache.druid.java.util.common.lifecycle.Lifecycle - Stopping lifecycle [module] stage [ANNOUNCEMENTS]
2025-10-02T07:27:45,278 INFO [Thread-51] org.apache.druid.curator.announcement.Announcer - Unannouncing [/druid/internal-discovery/MIDDLE_MANAGER/middlemanager:8091]
2025-10-02T07:27:45,300 INFO [Thread-51] org.apache.druid.curator.discovery.CuratorDruidNodeAnnouncer - Unannounced self [{"druidNode":{"service":"druid/middleManager","host":"middlemanager","bindOnHost":false,"plaintextPort":8091,"port":-1,"tlsPort":-1,"enablePlaintextPort":true,"enableTlsPort":false},"nodeType":"middleManager","services":{"workerNodeService":{"type":"workerNodeService","ip":"7571fdf58928","capacity":2,"version":"0","category":"_default_worker_category"}},"startTime":"2025-10-02T07:15:17.949Z"}].
2025-10-02T07:27:45,305 INFO [Thread-51] org.apache.druid.java.util.common.lifecycle.Lifecycle - Stopping lifecycle [module] stage [SERVER]
2025-10-02T07:27:45,338 INFO [Thread-51] org.eclipse.jetty.server.AbstractConnector - Stopped ServerConnector@4a9ff419{HTTP/1.1, (http/1.1)}{0.0.0.0:8091}
2025-10-02T07:27:45,339 INFO [Thread-51] org.eclipse.jetty.server.session - node0 Stopped scavenging
2025-10-02T07:27:45,344 INFO [Thread-51] org.eclipse.jetty.server.handler.ContextHandler - Stopped o.e.j.s.ServletContextHandler@7577589{/,null,STOPPED}
2025-10-02T07:27:45,354 INFO [Thread-51] org.apache.druid.java.util.common.lifecycle.Lifecycle - Stopping lifecycle [module] stage [NORMAL]
2025-10-02T07:27:45,356 INFO [Thread-51] org.apache.druid.indexing.overlord.ForkingTaskRunner - Waiting up to 300,000ms for shutdown.
2025-10-02T07:27:45,357 INFO [Thread-51] org.apache.druid.indexing.overlord.ForkingTaskRunner - Finished stopping in 1ms.
2025-10-02T07:27:45,392 INFO [Thread-51] org.apache.druid.indexing.worker.WorkerCuratorCoordinator - Stopping WorkerCuratorCoordinator for worker[middlemanager:8091]
2025-10-02T07:27:45,393 INFO [Thread-51] org.apache.druid.curator.announcement.Announcer - Unannouncing [/druid/indexer/announcements/middlemanager:8091]
2025-10-02T07:27:45,398 INFO [Thread-51] org.apache.druid.indexing.overlord.ForkingTaskRunner - Waiting up to 300,000ms for shutdown.
2025-10-02T07:27:45,399 INFO [Thread-51] org.apache.druid.indexing.overlord.ForkingTaskRunner - Finished stopping in 1ms.
2025-10-02T07:27:45,401 INFO [Curator-Framework-0] org.apache.curator.framework.imps.CuratorFrameworkImpl - backgroundOperationsLoop exiting
2025-10-02T07:27:45,511 INFO [Thread-51] org.apache.zookeeper.ZooKeeper - Session: 0x10001be5df60000 closed
2025-10-02T07:27:45,511 INFO [main-EventThread] org.apache.zookeeper.ClientCnxn - EventThread shut down for session: 0x10001be5df60000
2025-10-02T07:27:45,511 INFO [Thread-51] org.apache.druid.java.util.common.lifecycle.Lifecycle - Stopping lifecycle [module] stage [INIT]
2025-10-02T07:45:33,184 INFO [main] org.hibernate.validator.internal.util.Version - HV000001: Hibernate Validator 6.2.5.Final
2025-10-02T07:45:34,499 INFO [main] org.apache.druid.guice.ExtensionsLoader - Loading extension [druid-hdfs-storage], jars: aws-java-sdk-s3-1.12.638.jar, httpclient-4.5.13.jar, hadoop-client-api-3.3.6.jar, hadoop-aws-3.3.6.jar, aws-java-sdk-core-1.12.638.jar, jmespath-java-1.12.638.jar, hadoop-client-runtime-3.3.6.jar, druid-hdfs-storage-29.0.0.jar, commons-codec-1.16.0.jar, jsr305-2.0.1.jar, slf4j-api-1.7.36.jar, httpcore-4.4.11.jar, aws-java-sdk-kms-1.12.638.jar, jackson-dataformat-cbor-2.12.7.jar, commons-logging-1.1.1.jar, wildfly-openssl-1.1.3.Final.jar, joda-time-2.12.5.jar, snappy-java-1.1.10.4.jar
2025-10-02T07:45:34,529 INFO [main] org.apache.druid.guice.ExtensionsLoader - Loading extension [druid-kafka-indexing-service], jars: kafka-clients-3.6.1.jar, zstd-jni-1.5.2-3.jar, druid-kafka-indexing-service-29.0.0.jar, snappy-java-1.1.10.4.jar, lz4-java-1.8.0.jar
2025-10-02T07:45:34,553 INFO [main] org.apache.druid.guice.ExtensionsLoader - Loading extension [druid-datasketches], jars: druid-datasketches-29.0.0.jar, commons-math3-3.6.1.jar
2025-10-02T07:45:34,556 INFO [main] org.apache.druid.guice.ExtensionsLoader - Loading extension [druid-multi-stage-query], jars: druid-multi-stage-query-29.0.0.jar
2025-10-02T07:45:34,559 INFO [main] org.apache.druid.guice.ExtensionsLoader - Loading extension [postgresql-metadata-storage], jars: postgresql-42.6.0.jar, checker-qual-3.31.0.jar, postgresql-metadata-storage-29.0.0.jar
2025-10-02T07:45:35,079 INFO [main] org.apache.druid.guice.ExtensionsLoader - Loading extension [druid-hdfs-storage], jars: aws-java-sdk-s3-1.12.638.jar, httpclient-4.5.13.jar, hadoop-client-api-3.3.6.jar, hadoop-aws-3.3.6.jar, aws-java-sdk-core-1.12.638.jar, jmespath-java-1.12.638.jar, hadoop-client-runtime-3.3.6.jar, druid-hdfs-storage-29.0.0.jar, commons-codec-1.16.0.jar, jsr305-2.0.1.jar, slf4j-api-1.7.36.jar, httpcore-4.4.11.jar, aws-java-sdk-kms-1.12.638.jar, jackson-dataformat-cbor-2.12.7.jar, commons-logging-1.1.1.jar, wildfly-openssl-1.1.3.Final.jar, joda-time-2.12.5.jar, snappy-java-1.1.10.4.jar
2025-10-02T07:45:35,089 INFO [main] org.apache.druid.guice.ExtensionsLoader - Loading extension [druid-kafka-indexing-service], jars: kafka-clients-3.6.1.jar, zstd-jni-1.5.2-3.jar, druid-kafka-indexing-service-29.0.0.jar, snappy-java-1.1.10.4.jar, lz4-java-1.8.0.jar
2025-10-02T07:45:35,094 INFO [main] org.apache.druid.guice.ExtensionsLoader - Loading extension [druid-datasketches], jars: druid-datasketches-29.0.0.jar, commons-math3-3.6.1.jar
2025-10-02T07:45:35,111 INFO [main] org.apache.druid.guice.ExtensionsLoader - Loading extension [druid-multi-stage-query], jars: druid-multi-stage-query-29.0.0.jar
2025-10-02T07:45:35,132 INFO [main] org.apache.druid.guice.ExtensionsLoader - Loading extension [postgresql-metadata-storage], jars: postgresql-42.6.0.jar, checker-qual-3.31.0.jar, postgresql-metadata-storage-29.0.0.jar
