2025-10-01T11:20:41,042 INFO [main] org.hibernate.validator.internal.util.Version - HV000001: Hibernate Validator 6.2.5.Final
2025-10-01T11:20:42,307 INFO [main] org.apache.druid.guice.ExtensionsLoader - Loading extension [druid-hdfs-storage], jars: aws-java-sdk-s3-1.12.638.jar, httpclient-4.5.13.jar, hadoop-client-api-3.3.6.jar, hadoop-aws-3.3.6.jar, aws-java-sdk-core-1.12.638.jar, jmespath-java-1.12.638.jar, hadoop-client-runtime-3.3.6.jar, druid-hdfs-storage-29.0.0.jar, commons-codec-1.16.0.jar, jsr305-2.0.1.jar, slf4j-api-1.7.36.jar, httpcore-4.4.11.jar, aws-java-sdk-kms-1.12.638.jar, jackson-dataformat-cbor-2.12.7.jar, commons-logging-1.1.1.jar, wildfly-openssl-1.1.3.Final.jar, joda-time-2.12.5.jar, snappy-java-1.1.10.4.jar
2025-10-01T11:20:42,350 INFO [main] org.apache.druid.guice.ExtensionsLoader - Loading extension [druid-kafka-indexing-service], jars: kafka-clients-3.6.1.jar, zstd-jni-1.5.2-3.jar, druid-kafka-indexing-service-29.0.0.jar, snappy-java-1.1.10.4.jar, lz4-java-1.8.0.jar
2025-10-01T11:20:42,367 INFO [main] org.apache.druid.guice.ExtensionsLoader - Loading extension [druid-datasketches], jars: druid-datasketches-29.0.0.jar, commons-math3-3.6.1.jar
2025-10-01T11:20:42,374 INFO [main] org.apache.druid.guice.ExtensionsLoader - Loading extension [druid-multi-stage-query], jars: druid-multi-stage-query-29.0.0.jar
2025-10-01T11:20:42,382 INFO [main] org.apache.druid.guice.ExtensionsLoader - Loading extension [postgresql-metadata-storage], jars: postgresql-42.6.0.jar, checker-qual-3.31.0.jar, postgresql-metadata-storage-29.0.0.jar
2025-10-01T11:20:42,974 INFO [main] org.apache.druid.guice.ExtensionsLoader - Loading extension [druid-hdfs-storage], jars: aws-java-sdk-s3-1.12.638.jar, httpclient-4.5.13.jar, hadoop-client-api-3.3.6.jar, hadoop-aws-3.3.6.jar, aws-java-sdk-core-1.12.638.jar, jmespath-java-1.12.638.jar, hadoop-client-runtime-3.3.6.jar, druid-hdfs-storage-29.0.0.jar, commons-codec-1.16.0.jar, jsr305-2.0.1.jar, slf4j-api-1.7.36.jar, httpcore-4.4.11.jar, aws-java-sdk-kms-1.12.638.jar, jackson-dataformat-cbor-2.12.7.jar, commons-logging-1.1.1.jar, wildfly-openssl-1.1.3.Final.jar, joda-time-2.12.5.jar, snappy-java-1.1.10.4.jar
2025-10-01T11:20:42,982 INFO [main] org.apache.druid.guice.ExtensionsLoader - Loading extension [druid-kafka-indexing-service], jars: kafka-clients-3.6.1.jar, zstd-jni-1.5.2-3.jar, druid-kafka-indexing-service-29.0.0.jar, snappy-java-1.1.10.4.jar, lz4-java-1.8.0.jar
2025-10-01T11:20:42,994 INFO [main] org.apache.druid.guice.ExtensionsLoader - Loading extension [druid-datasketches], jars: druid-datasketches-29.0.0.jar, commons-math3-3.6.1.jar
2025-10-01T11:20:43,001 INFO [main] org.apache.druid.guice.ExtensionsLoader - Loading extension [druid-multi-stage-query], jars: druid-multi-stage-query-29.0.0.jar
2025-10-01T11:20:43,017 INFO [main] org.apache.druid.guice.ExtensionsLoader - Loading extension [postgresql-metadata-storage], jars: postgresql-42.6.0.jar, checker-qual-3.31.0.jar, postgresql-metadata-storage-29.0.0.jar
2025-10-01T11:20:45,342 WARN [main] org.apache.hadoop.util.NativeCodeLoader - Unable to load native-hadoop library for your platform... using builtin-java classes where applicable
2025-10-01T11:20:48,908 INFO [main] org.apache.druid.server.emitter.EmitterModule - Using emitter [NoopEmitter{}] for metrics and alerts, with dimensions [{version=29.0.0}].
2025-10-01T11:20:49,359 WARN [main] org.apache.druid.indexing.common.config.TaskConfig - Batch processing mode argument value is null or not valid:[null], defaulting to[CLOSED_SEGMENTS] 
2025-10-01T11:20:49,822 INFO [main] org.apache.druid.server.metrics.MetricsModule - Loaded 4 monitors: org.apache.druid.java.util.metrics.JvmMonitor, org.apache.druid.server.metrics.ServiceStatusMonitor, org.apache.druid.curator.DruidConnectionStateListener, org.apache.druid.server.initialization.jetty.JettyServerModule$JettyMonitor
2025-10-01T11:20:49,851 INFO [main] org.apache.druid.cli.CliMiddleManager - Starting up with processors [10], memory [268,435,456], maxMemory [268,435,456], directMemory [268,435,456]. Properties follow.
2025-10-01T11:20:49,856 INFO [main] org.apache.druid.cli.CliMiddleManager - * druid.emitter: noop
2025-10-01T11:20:49,856 INFO [main] org.apache.druid.cli.CliMiddleManager - * druid.emitter.logging.logLevel: info
2025-10-01T11:20:49,857 INFO [main] org.apache.druid.cli.CliMiddleManager - * druid.expressions.useStrictBooleans: true
2025-10-01T11:20:49,857 INFO [main] org.apache.druid.cli.CliMiddleManager - * druid.extensions.loadList: ["druid-hdfs-storage", "druid-kafka-indexing-service", "druid-datasketches", "druid-multi-stage-query", "postgresql-metadata-storage"]
2025-10-01T11:20:49,857 INFO [main] org.apache.druid.cli.CliMiddleManager - * druid.host: middlemanager
2025-10-01T11:20:49,858 INFO [main] org.apache.druid.cli.CliMiddleManager - * druid.indexer.fork.property.druid.processing.buffer.sizeBytes: 67108864
2025-10-01T11:20:49,858 INFO [main] org.apache.druid.cli.CliMiddleManager - * druid.indexer.fork.property.druid.processing.numMergeBuffers: 2
2025-10-01T11:20:49,858 INFO [main] org.apache.druid.cli.CliMiddleManager - * druid.indexer.fork.property.druid.processing.numThreads: 1
2025-10-01T11:20:49,858 INFO [main] org.apache.druid.cli.CliMiddleManager - * druid.indexer.logs.directory: var/druid/indexing-logs
2025-10-01T11:20:49,859 INFO [main] org.apache.druid.cli.CliMiddleManager - * druid.indexer.logs.type: file
2025-10-01T11:20:49,859 INFO [main] org.apache.druid.cli.CliMiddleManager - * druid.indexer.runner.javaOptsArray: ["-server","-Xms512m","-Xmx512m","-XX:MaxDirectMemorySize=512m","-Duser.timezone=UTC","-Dfile.encoding=UTF-8","-XX:+ExitOnOutOfMemoryError","-Djava.util.logging.manager=org.apache.logging.log4j.jul.LogManager"]
2025-10-01T11:20:49,859 INFO [main] org.apache.druid.cli.CliMiddleManager - * druid.indexer.task.hadoopWorkingPath: var/druid/hadoop-tmp
2025-10-01T11:20:49,859 INFO [main] org.apache.druid.cli.CliMiddleManager - * druid.indexing.doubleStorage: double
2025-10-01T11:20:49,860 INFO [main] org.apache.druid.cli.CliMiddleManager - * druid.lookup.enableLookupSyncOnStartup: false
2025-10-01T11:20:49,860 INFO [main] org.apache.druid.cli.CliMiddleManager - * druid.metadata.storage.connector.connectURI: jdbc:postgresql://metadata-storage:5432/druid
2025-10-01T11:20:49,862 INFO [main] org.apache.druid.cli.CliMiddleManager - * druid.metadata.storage.connector.password: <masked>
2025-10-01T11:20:49,862 INFO [main] org.apache.druid.cli.CliMiddleManager - * druid.metadata.storage.connector.user: druid
2025-10-01T11:20:49,863 INFO [main] org.apache.druid.cli.CliMiddleManager - * druid.metadata.storage.type: postgresql
2025-10-01T11:20:49,864 INFO [main] org.apache.druid.cli.CliMiddleManager - * druid.monitoring.monitors: ["org.apache.druid.java.util.metrics.JvmMonitor", "org.apache.druid.server.metrics.ServiceStatusMonitor"]
2025-10-01T11:20:49,864 INFO [main] org.apache.druid.cli.CliMiddleManager - * druid.node.type: middleManager
2025-10-01T11:20:49,864 INFO [main] org.apache.druid.cli.CliMiddleManager - * druid.plaintextPort: 8091
2025-10-01T11:20:49,865 INFO [main] org.apache.druid.cli.CliMiddleManager - * druid.selectors.coordinator.serviceName: druid/coordinator
2025-10-01T11:20:49,866 INFO [main] org.apache.druid.cli.CliMiddleManager - * druid.selectors.indexing.serviceName: druid/overlord
2025-10-01T11:20:49,868 INFO [main] org.apache.druid.cli.CliMiddleManager - * druid.server.hiddenProperties: ["druid.s3.accessKey","druid.s3.secretKey","druid.metadata.storage.connector.password", "password", "key", "token", "pwd"]
2025-10-01T11:20:49,869 INFO [main] org.apache.druid.cli.CliMiddleManager - * druid.server.http.numThreads: 40
2025-10-01T11:20:49,870 INFO [main] org.apache.druid.cli.CliMiddleManager - * druid.service: druid/middleManager
2025-10-01T11:20:49,870 INFO [main] org.apache.druid.cli.CliMiddleManager - * druid.sql.enable: true
2025-10-01T11:20:49,872 INFO [main] org.apache.druid.cli.CliMiddleManager - * druid.sql.planner.useGroupingSetForExactDistinct: true
2025-10-01T11:20:49,874 INFO [main] org.apache.druid.cli.CliMiddleManager - * druid.startup.logging.logProperties: true
2025-10-01T11:20:49,874 INFO [main] org.apache.druid.cli.CliMiddleManager - * druid.storage.storageDirectory: var/druid/segments
2025-10-01T11:20:49,874 INFO [main] org.apache.druid.cli.CliMiddleManager - * druid.storage.type: local
2025-10-01T11:20:49,875 INFO [main] org.apache.druid.cli.CliMiddleManager - * druid.worker.baseTaskDirs: ["var/druid/task"]
2025-10-01T11:20:49,875 INFO [main] org.apache.druid.cli.CliMiddleManager - * druid.worker.capacity: 2
2025-10-01T11:20:49,875 INFO [main] org.apache.druid.cli.CliMiddleManager - * druid.zk.paths.base: /druid
2025-10-01T11:20:49,875 INFO [main] org.apache.druid.cli.CliMiddleManager - * druid.zk.service.host: zookeeper
2025-10-01T11:20:49,877 INFO [main] org.apache.druid.cli.CliMiddleManager - * file.encoding: UTF-8
2025-10-01T11:20:49,878 INFO [main] org.apache.druid.cli.CliMiddleManager - * file.separator: /
2025-10-01T11:20:49,878 INFO [main] org.apache.druid.cli.CliMiddleManager - * java.class.path: /opt/druid/overrides/*:/tmp/conf/druid/cluster/_common:/tmp/conf/druid/cluster/data/middleManager:lib/async-http-client-netty-utils-2.5.3.jar:lib/maven-settings-builder-3.1.1.jar:lib/json-simple-1.1.1.jar:lib/checker-qual-2.5.7.jar:lib/jetty-rewrite-9.4.53.v20231009.jar:lib/netty-resolver-4.1.100.Final.jar:lib/guice-4.1.0.jar:lib/jackson-datatype-guava-2.12.7.jar:lib/netty-reactive-streams-2.0.0.jar:lib/google-http-client-apache-v2-1.42.3.jar:lib/aws-java-sdk-sts-1.12.638.jar:lib/async-http-client-2.5.3.jar:lib/guice-assistedinject-4.1.0.jar:lib/jackson-databind-2.12.7.1.jar:lib/google-http-client-jackson2-1.42.3.jar:lib/jackson-jq-0.0.10.jar:lib/maven-model-builder-3.1.1.jar:lib/asm-commons-9.3.jar:lib/aether-connector-file-0.9.0.M2.jar:lib/accessors-smart-2.4.11.jar:lib/aws-java-sdk-ec2-1.12.638.jar:lib/aws-java-sdk-s3-1.12.638.jar:lib/jcodings-1.0.43.jar:lib/zookeeper-jute-3.8.3.jar:lib/disruptor-3.3.6.jar:lib/javax.activation-api-1.2.0.jar:lib/calcite-linq4j-1.35.0.jar:lib/derbyclient-10.14.2.0.jar:lib/google-http-client-1.42.3.jar:lib/netty-transport-classes-epoll-4.1.100.Final.jar:lib/maven-artifact-3.6.0.jar:lib/icu4j-73.2.jar:lib/reactive-streams-1.0.2.jar:lib/netty-resolver-dns-4.1.100.Final.jar:lib/guice-servlet-4.1.0.jar:lib/commons-collections-3.2.2.jar:lib/jna-platform-5.13.0.jar:lib/druid-indexing-hadoop-29.0.0.jar:lib/derbynet-10.14.2.0.jar:lib/txw2-2.3.1.jar:lib/guava-32.0.1-jre.jar:lib/asm-analysis-9.3.jar:lib/jcl-over-slf4j-1.7.36.jar:lib/curator-recipes-5.5.0.jar:lib/log4j-jul-2.18.0.jar:lib/log4j-1.2-api-2.18.0.jar:lib/netty-codec-4.1.100.Final.jar:lib/protobuf-java-3.24.0.jar:lib/httpclient-4.5.13.jar:lib/ipaddress-5.3.4.jar:lib/audience-annotations-0.12.0.jar:lib/druid-sql-29.0.0.jar:lib/maven-settings-3.1.1.jar:lib/airline-2.8.4.jar:lib/stax-ex-1.8.jar:lib/jaxb-runtime-2.3.1.jar:lib/druid-indexing-service-29.0.0.jar:lib/grpc-context-1.27.2.jar:lib/druid-processing-29.0.0.jar:lib/fastutil-extra-8.5.4.jar:lib/json-smart-2.4.11.jar:lib/jts-core-1.19.0.jar:lib/log4j-api-2.18.0.jar:lib/resilience4j-bulkhead-1.3.1.jar:lib/jetty-servlets-9.4.53.v20231009.jar:lib/okhttp-1.0.2.jar:lib/netty-codec-dns-4.1.100.Final.jar:lib/commons-math3-3.6.1.jar:lib/aws-java-sdk-core-1.12.638.jar:lib/FastInfoset-1.2.15.jar:lib/netty-common-4.1.100.Final.jar:lib/derby-10.14.2.0.jar:lib/log4j-slf4j-impl-2.18.0.jar:lib/jboss-logging-3.4.1.Final.jar:lib/curator-x-discovery-5.5.0.jar:lib/jmespath-java-1.12.638.jar:lib/error_prone_annotations-2.20.0.jar:lib/jetty-util-9.4.53.v20231009.jar:lib/cron-scheduler-0.1.jar:lib/vavr-match-0.10.2.jar:lib/aggdesigner-algorithm-6.0.jar:lib/airline-io-2.8.4.jar:lib/httpcore5-h2-5.1.3.jar:lib/jackson-jaxrs-base-2.12.7.jar:lib/jackson-module-guice-2.12.7.jar:lib/jetty-proxy-9.4.53.v20231009.jar:lib/zookeeper-3.8.3.jar:lib/hibernate-validator-6.2.5.Final.jar:lib/log4j-core-2.18.0.jar:lib/janino-3.1.9.jar:lib/jetty-http-9.4.53.v20231009.jar:lib/avatica-core-1.23.0.jar:lib/fastutil-core-8.5.4.jar:lib/maven-aether-provider-3.1.1.jar:lib/tesla-aether-0.0.5.jar:lib/uzaygezen-core-0.2.jar:lib/elasticache-java-cluster-client-1.2.0.jar:lib/commons-lang3-3.12.0.jar:lib/aether-spi-0.9.0.M2.jar:lib/jersey-servlet-1.19.4.jar:lib/druid-aws-common-29.0.0.jar:lib/json-path-2.3.0.jar:lib/druid-services-29.0.0.jar:lib/jaxb-api-2.3.1.jar:lib/metrics-core-4.2.22.jar:lib/aether-connector-okhttp-0.0.9.jar:lib/javax.inject-1.jar:lib/curator-framework-5.5.0.jar:lib/compress-lzf-1.0.4.jar:lib/zstd-jni-1.5.2-3.jar:lib/avatica-metrics-1.23.0.jar:lib/jetty-server-9.4.53.v20231009.jar:lib/netty-handler-proxy-4.1.100.Final.jar:lib/xz-1.9.jar:lib/commons-io-2.11.0.jar:lib/commons-codec-1.16.0.jar:lib/failureaccess-1.0.1.jar:lib/httpclient5-5.1.3.jar:lib/apiguardian-api-1.1.2.jar:lib/jetty-continuation-9.4.53.v20231009.jar:lib/avatica-server-1.23.0.jar:lib/jsr305-2.0.1.jar:lib/jersey-guice-1.19.4.jar:lib/guice-multibindings-4.1.0.jar:lib/aether-impl-0.9.0.M2.jar:lib/jetty-servlet-9.4.53.v20231009.jar:lib/netty-transport-native-unix-common-4.1.100.Final.jar:lib/druid-server-29.0.0.jar:lib/proj4j-1.2.2.jar:lib/asm-tree-9.3.jar:lib/netty-codec-http-4.1.100.Final.jar:lib/slf4j-api-1.7.36.jar:lib/javax.el-api-3.0.0.jar:lib/jackson-core-2.12.7.jar:lib/aether-api-0.9.0.M2.jar:lib/httpcore-4.4.11.jar:lib/jackson-jaxrs-smile-provider-2.12.7.jar:lib/jetty-security-9.4.53.v20231009.jar:lib/gson-2.10.jar:lib/plexus-utils-3.0.24.jar:lib/datasketches-memory-2.2.0.jar:lib/jackson-module-jaxb-annotations-2.12.7.jar:lib/jackson-jaxrs-json-provider-2.12.7.jar:lib/google-http-client-gson-1.42.3.jar:lib/jakarta.xml.bind-api-2.3.2.jar:lib/antlr4-runtime-4.5.3.jar:lib/commons-compiler-3.1.9.jar:lib/jdbi-2.63.1.jar:lib/rhino-1.7.14.jar:lib/aws-java-sdk-kms-1.12.638.jar:lib/j2objc-annotations-2.8.jar:lib/netty-3.10.6.Final.jar:lib/jakarta.activation-api-1.2.1.jar:lib/resilience4j-core-1.3.1.jar:lib/commons-beanutils-1.9.4.jar:lib/caffeine-2.8.0.jar:lib/sigar-1.6.5.132.jar:lib/jakarta.validation-api-2.0.2.jar:lib/calcite-core-1.35.0.jar:lib/opencensus-contrib-http-util-0.31.1.jar:lib/jetty-client-9.4.53.v20231009.jar:lib/jackson-dataformat-cbor-2.12.7.jar:lib/aether-util-0.9.0.M2.jar:lib/maven-repository-metadata-3.1.1.jar:lib/netty-transport-native-epoll-4.1.100.Final-linux-x86_64.jar:lib/druid-gcp-common-29.0.0.jar:lib/istack-commons-runtime-3.0.7.jar:lib/jna-5.13.0.jar:lib/jackson-dataformat-smile-2.12.7.jar:lib/asm-9.3.jar:lib/netty-buffer-4.1.100.Final.jar:lib/commons-lang-2.6.jar:lib/commons-logging-1.1.1.jar:lib/commons-collections4-4.2.jar:lib/maven-model-3.1.1.jar:lib/jts-io-common-1.19.0.jar:lib/vavr-0.10.2.jar:lib/commons-compress-1.24.0.jar:lib/fastutil-8.5.4.jar:lib/joni-2.1.27.jar:lib/joda-time-2.12.5.jar:lib/commons-text-1.10.0.jar:lib/plexus-interpolation-1.19.jar:lib/aopalliance-1.0.jar:lib/web-console-29.0.0.jar:lib/RoaringBitmap-0.9.49.jar:lib/datasketches-java-4.2.0.jar:lib/curator-client-5.5.0.jar:lib/opencsv-4.6.jar:lib/jetty-util-ajax-9.4.53.v20231009.jar:lib/javax.activation-1.2.0.jar:lib/jersey-core-1.19.4.jar:lib/commons-dbcp2-2.0.1.jar:lib/javax.servlet-api-3.1.0.jar:lib/jakarta.inject-api-1.0.3.jar:lib/netty-codec-socks-4.1.100.Final.jar:lib/netty-handler-4.1.100.Final.jar:lib/commons-pool2-2.2.jar:lib/jackson-annotations-2.12.7.jar:lib/httpcore5-5.1.3.jar:lib/google-oauth-client-1.34.1.jar:lib/jersey-server-1.19.4.jar:lib/oshi-core-6.4.4.jar:lib/wagon-provider-api-2.4.jar:lib/snappy-java-1.1.10.4.jar:lib/google-api-client-2.2.0.jar:lib/config-magic-0.9.jar:lib/shims-0.9.49.jar:lib/jakarta.el-3.0.4.jar:lib/jackson-datatype-joda-2.12.7.jar:lib/classmate-1.5.1.jar:lib/netty-transport-4.1.100.Final.jar:lib/jsr311-api-1.1.1.jar:lib/lz4-java-1.8.0.jar:lib/opencensus-api-0.31.1.jar:lib/jetty-io-9.4.53.v20231009.jar:
2025-10-01T11:20:49,880 INFO [main] org.apache.druid.cli.CliMiddleManager - * java.class.version: 61.0
2025-10-01T11:20:49,880 INFO [main] org.apache.druid.cli.CliMiddleManager - * java.home: /usr/lib/jvm/java-17-openjdk-amd64
2025-10-01T11:20:49,880 INFO [main] org.apache.druid.cli.CliMiddleManager - * java.io.tmpdir: var/tmp
2025-10-01T11:20:49,884 INFO [main] org.apache.druid.cli.CliMiddleManager - * java.library.path: /usr/java/packages/lib:/usr/lib/x86_64-linux-gnu/jni:/lib/x86_64-linux-gnu:/usr/lib/x86_64-linux-gnu:/usr/lib/jni:/lib:/usr/lib
2025-10-01T11:20:49,884 INFO [main] org.apache.druid.cli.CliMiddleManager - * java.runtime.name: OpenJDK Runtime Environment
2025-10-01T11:20:49,884 INFO [main] org.apache.druid.cli.CliMiddleManager - * java.runtime.version: 17.0.10+7-Debian-1deb12u1
2025-10-01T11:20:49,884 INFO [main] org.apache.druid.cli.CliMiddleManager - * java.specification.name: Java Platform API Specification
2025-10-01T11:20:49,884 INFO [main] org.apache.druid.cli.CliMiddleManager - * java.specification.vendor: Oracle Corporation
2025-10-01T11:20:49,885 INFO [main] org.apache.druid.cli.CliMiddleManager - * java.specification.version: 17
2025-10-01T11:20:49,886 INFO [main] org.apache.druid.cli.CliMiddleManager - * java.util.logging.manager: org.apache.logging.log4j.jul.LogManager
2025-10-01T11:20:49,887 INFO [main] org.apache.druid.cli.CliMiddleManager - * java.vendor: Debian
2025-10-01T11:20:49,888 INFO [main] org.apache.druid.cli.CliMiddleManager - * java.vendor.url: https://tracker.debian.org/openjdk-17
2025-10-01T11:20:49,888 INFO [main] org.apache.druid.cli.CliMiddleManager - * java.vendor.url.bug: https://bugs.debian.org/openjdk-17
2025-10-01T11:20:49,889 INFO [main] org.apache.druid.cli.CliMiddleManager - * java.version: 17.0.10
2025-10-01T11:20:49,891 INFO [main] org.apache.druid.cli.CliMiddleManager - * java.version.date: 2024-01-16
2025-10-01T11:20:49,891 INFO [main] org.apache.druid.cli.CliMiddleManager - * java.vm.compressedOopsMode: 32-bit
2025-10-01T11:20:49,892 INFO [main] org.apache.druid.cli.CliMiddleManager - * java.vm.info: mixed mode, sharing
2025-10-01T11:20:49,893 INFO [main] org.apache.druid.cli.CliMiddleManager - * java.vm.name: OpenJDK 64-Bit Server VM
2025-10-01T11:20:49,894 INFO [main] org.apache.druid.cli.CliMiddleManager - * java.vm.specification.name: Java Virtual Machine Specification
2025-10-01T11:20:49,894 INFO [main] org.apache.druid.cli.CliMiddleManager - * java.vm.specification.vendor: Oracle Corporation
2025-10-01T11:20:49,894 INFO [main] org.apache.druid.cli.CliMiddleManager - * java.vm.specification.version: 17
2025-10-01T11:20:49,894 INFO [main] org.apache.druid.cli.CliMiddleManager - * java.vm.vendor: Debian
2025-10-01T11:20:49,895 INFO [main] org.apache.druid.cli.CliMiddleManager - * java.vm.version: 17.0.10+7-Debian-1deb12u1
2025-10-01T11:20:49,895 INFO [main] org.apache.druid.cli.CliMiddleManager - * jdk.debug: release
2025-10-01T11:20:49,895 INFO [main] org.apache.druid.cli.CliMiddleManager - * line.separator: 

2025-10-01T11:20:49,895 INFO [main] org.apache.druid.cli.CliMiddleManager - * log4j.shutdownCallbackRegistry: org.apache.druid.common.config.Log4jShutdown
2025-10-01T11:20:49,896 INFO [main] org.apache.druid.cli.CliMiddleManager - * log4j.shutdownHookEnabled: true
2025-10-01T11:20:49,896 INFO [main] org.apache.druid.cli.CliMiddleManager - * log4j2.is.webapp: false
2025-10-01T11:20:49,896 INFO [main] org.apache.druid.cli.CliMiddleManager - * native.encoding: UTF-8
2025-10-01T11:20:49,897 INFO [main] org.apache.druid.cli.CliMiddleManager - * os.arch: amd64
2025-10-01T11:20:49,897 INFO [main] org.apache.druid.cli.CliMiddleManager - * os.name: Linux
2025-10-01T11:20:49,898 INFO [main] org.apache.druid.cli.CliMiddleManager - * os.version: 6.10.14-linuxkit
2025-10-01T11:20:49,898 INFO [main] org.apache.druid.cli.CliMiddleManager - * path.separator: :
2025-10-01T11:20:49,898 INFO [main] org.apache.druid.cli.CliMiddleManager - * sun.arch.data.model: 64
2025-10-01T11:20:49,899 INFO [main] org.apache.druid.cli.CliMiddleManager - * sun.boot.library.path: /usr/lib/jvm/java-17-openjdk-amd64/lib
2025-10-01T11:20:49,899 INFO [main] org.apache.druid.cli.CliMiddleManager - * sun.cpu.endian: little
2025-10-01T11:20:49,899 INFO [main] org.apache.druid.cli.CliMiddleManager - * sun.io.unicode.encoding: UnicodeLittle
2025-10-01T11:20:49,899 INFO [main] org.apache.druid.cli.CliMiddleManager - * sun.java.command: org.apache.druid.cli.Main server middleManager
2025-10-01T11:20:49,899 INFO [main] org.apache.druid.cli.CliMiddleManager - * sun.java.launcher: SUN_STANDARD
2025-10-01T11:20:49,900 INFO [main] org.apache.druid.cli.CliMiddleManager - * sun.jnu.encoding: UTF-8
2025-10-01T11:20:49,900 INFO [main] org.apache.druid.cli.CliMiddleManager - * sun.management.compiler: HotSpot 64-Bit Tiered Compilers
2025-10-01T11:20:49,900 INFO [main] org.apache.druid.cli.CliMiddleManager - * user.dir: /opt/druid
2025-10-01T11:20:49,901 INFO [main] org.apache.druid.cli.CliMiddleManager - * user.home: /opt/druid
2025-10-01T11:20:49,901 INFO [main] org.apache.druid.cli.CliMiddleManager - * user.language: en
2025-10-01T11:20:49,901 INFO [main] org.apache.druid.cli.CliMiddleManager - * user.name: druid
2025-10-01T11:20:49,902 INFO [main] org.apache.druid.cli.CliMiddleManager - * user.timezone: UTC
2025-10-01T11:20:49,992 INFO [main] org.eclipse.jetty.util.log - Logging initialized @11718ms to org.eclipse.jetty.util.log.Slf4jLog
2025-10-01T11:20:50,013 INFO [main] org.apache.druid.server.initialization.jetty.JettyServerModule - Creating http connector with port [8091]
2025-10-01T11:20:50,173 WARN [main] org.eclipse.jetty.server.handler.gzip.GzipHandler - minGzipSize of 0 is inefficient for short content, break even is size 23
2025-10-01T11:20:50,247 INFO [main] org.apache.druid.java.util.common.lifecycle.Lifecycle - Starting lifecycle [module] stage [INIT]
2025-10-01T11:20:50,249 INFO [main] org.apache.druid.java.util.common.lifecycle.Lifecycle - Starting lifecycle [module] stage [NORMAL]
2025-10-01T11:20:50,252 INFO [main] org.apache.curator.framework.imps.CuratorFrameworkImpl - Starting
2025-10-01T11:20:50,265 INFO [main] org.apache.zookeeper.ZooKeeper - Client environment:zookeeper.version=3.8.3-6ad6d364c7c0bcf0de452d54ebefa3058098ab56, built on 2023-10-05 10:34 UTC
2025-10-01T11:20:50,265 INFO [main] org.apache.zookeeper.ZooKeeper - Client environment:host.name=add147330c58
2025-10-01T11:20:50,265 INFO [main] org.apache.zookeeper.ZooKeeper - Client environment:java.version=17.0.10
2025-10-01T11:20:50,266 INFO [main] org.apache.zookeeper.ZooKeeper - Client environment:java.vendor=Debian
2025-10-01T11:20:50,266 INFO [main] org.apache.zookeeper.ZooKeeper - Client environment:java.home=/usr/lib/jvm/java-17-openjdk-amd64
2025-10-01T11:20:50,266 INFO [main] org.apache.zookeeper.ZooKeeper - Client environment:java.class.path=/opt/druid/overrides/*:/tmp/conf/druid/cluster/_common:/tmp/conf/druid/cluster/data/middleManager:lib/async-http-client-netty-utils-2.5.3.jar:lib/maven-settings-builder-3.1.1.jar:lib/json-simple-1.1.1.jar:lib/checker-qual-2.5.7.jar:lib/jetty-rewrite-9.4.53.v20231009.jar:lib/netty-resolver-4.1.100.Final.jar:lib/guice-4.1.0.jar:lib/jackson-datatype-guava-2.12.7.jar:lib/netty-reactive-streams-2.0.0.jar:lib/google-http-client-apache-v2-1.42.3.jar:lib/aws-java-sdk-sts-1.12.638.jar:lib/async-http-client-2.5.3.jar:lib/guice-assistedinject-4.1.0.jar:lib/jackson-databind-2.12.7.1.jar:lib/google-http-client-jackson2-1.42.3.jar:lib/jackson-jq-0.0.10.jar:lib/maven-model-builder-3.1.1.jar:lib/asm-commons-9.3.jar:lib/aether-connector-file-0.9.0.M2.jar:lib/accessors-smart-2.4.11.jar:lib/aws-java-sdk-ec2-1.12.638.jar:lib/aws-java-sdk-s3-1.12.638.jar:lib/jcodings-1.0.43.jar:lib/zookeeper-jute-3.8.3.jar:lib/disruptor-3.3.6.jar:lib/javax.activation-api-1.2.0.jar:lib/calcite-linq4j-1.35.0.jar:lib/derbyclient-10.14.2.0.jar:lib/google-http-client-1.42.3.jar:lib/netty-transport-classes-epoll-4.1.100.Final.jar:lib/maven-artifact-3.6.0.jar:lib/icu4j-73.2.jar:lib/reactive-streams-1.0.2.jar:lib/netty-resolver-dns-4.1.100.Final.jar:lib/guice-servlet-4.1.0.jar:lib/commons-collections-3.2.2.jar:lib/jna-platform-5.13.0.jar:lib/druid-indexing-hadoop-29.0.0.jar:lib/derbynet-10.14.2.0.jar:lib/txw2-2.3.1.jar:lib/guava-32.0.1-jre.jar:lib/asm-analysis-9.3.jar:lib/jcl-over-slf4j-1.7.36.jar:lib/curator-recipes-5.5.0.jar:lib/log4j-jul-2.18.0.jar:lib/log4j-1.2-api-2.18.0.jar:lib/netty-codec-4.1.100.Final.jar:lib/protobuf-java-3.24.0.jar:lib/httpclient-4.5.13.jar:lib/ipaddress-5.3.4.jar:lib/audience-annotations-0.12.0.jar:lib/druid-sql-29.0.0.jar:lib/maven-settings-3.1.1.jar:lib/airline-2.8.4.jar:lib/stax-ex-1.8.jar:lib/jaxb-runtime-2.3.1.jar:lib/druid-indexing-service-29.0.0.jar:lib/grpc-context-1.27.2.jar:lib/druid-processing-29.0.0.jar:lib/fastutil-extra-8.5.4.jar:lib/json-smart-2.4.11.jar:lib/jts-core-1.19.0.jar:lib/log4j-api-2.18.0.jar:lib/resilience4j-bulkhead-1.3.1.jar:lib/jetty-servlets-9.4.53.v20231009.jar:lib/okhttp-1.0.2.jar:lib/netty-codec-dns-4.1.100.Final.jar:lib/commons-math3-3.6.1.jar:lib/aws-java-sdk-core-1.12.638.jar:lib/FastInfoset-1.2.15.jar:lib/netty-common-4.1.100.Final.jar:lib/derby-10.14.2.0.jar:lib/log4j-slf4j-impl-2.18.0.jar:lib/jboss-logging-3.4.1.Final.jar:lib/curator-x-discovery-5.5.0.jar:lib/jmespath-java-1.12.638.jar:lib/error_prone_annotations-2.20.0.jar:lib/jetty-util-9.4.53.v20231009.jar:lib/cron-scheduler-0.1.jar:lib/vavr-match-0.10.2.jar:lib/aggdesigner-algorithm-6.0.jar:lib/airline-io-2.8.4.jar:lib/httpcore5-h2-5.1.3.jar:lib/jackson-jaxrs-base-2.12.7.jar:lib/jackson-module-guice-2.12.7.jar:lib/jetty-proxy-9.4.53.v20231009.jar:lib/zookeeper-3.8.3.jar:lib/hibernate-validator-6.2.5.Final.jar:lib/log4j-core-2.18.0.jar:lib/janino-3.1.9.jar:lib/jetty-http-9.4.53.v20231009.jar:lib/avatica-core-1.23.0.jar:lib/fastutil-core-8.5.4.jar:lib/maven-aether-provider-3.1.1.jar:lib/tesla-aether-0.0.5.jar:lib/uzaygezen-core-0.2.jar:lib/elasticache-java-cluster-client-1.2.0.jar:lib/commons-lang3-3.12.0.jar:lib/aether-spi-0.9.0.M2.jar:lib/jersey-servlet-1.19.4.jar:lib/druid-aws-common-29.0.0.jar:lib/json-path-2.3.0.jar:lib/druid-services-29.0.0.jar:lib/jaxb-api-2.3.1.jar:lib/metrics-core-4.2.22.jar:lib/aether-connector-okhttp-0.0.9.jar:lib/javax.inject-1.jar:lib/curator-framework-5.5.0.jar:lib/compress-lzf-1.0.4.jar:lib/zstd-jni-1.5.2-3.jar:lib/avatica-metrics-1.23.0.jar:lib/jetty-server-9.4.53.v20231009.jar:lib/netty-handler-proxy-4.1.100.Final.jar:lib/xz-1.9.jar:lib/commons-io-2.11.0.jar:lib/commons-codec-1.16.0.jar:lib/failureaccess-1.0.1.jar:lib/httpclient5-5.1.3.jar:lib/apiguardian-api-1.1.2.jar:lib/jetty-continuation-9.4.53.v20231009.jar:lib/avatica-server-1.23.0.jar:lib/jsr305-2.0.1.jar:lib/jersey-guice-1.19.4.jar:lib/guice-multibindings-4.1.0.jar:lib/aether-impl-0.9.0.M2.jar:lib/jetty-servlet-9.4.53.v20231009.jar:lib/netty-transport-native-unix-common-4.1.100.Final.jar:lib/druid-server-29.0.0.jar:lib/proj4j-1.2.2.jar:lib/asm-tree-9.3.jar:lib/netty-codec-http-4.1.100.Final.jar:lib/slf4j-api-1.7.36.jar:lib/javax.el-api-3.0.0.jar:lib/jackson-core-2.12.7.jar:lib/aether-api-0.9.0.M2.jar:lib/httpcore-4.4.11.jar:lib/jackson-jaxrs-smile-provider-2.12.7.jar:lib/jetty-security-9.4.53.v20231009.jar:lib/gson-2.10.jar:lib/plexus-utils-3.0.24.jar:lib/datasketches-memory-2.2.0.jar:lib/jackson-module-jaxb-annotations-2.12.7.jar:lib/jackson-jaxrs-json-provider-2.12.7.jar:lib/google-http-client-gson-1.42.3.jar:lib/jakarta.xml.bind-api-2.3.2.jar:lib/antlr4-runtime-4.5.3.jar:lib/commons-compiler-3.1.9.jar:lib/jdbi-2.63.1.jar:lib/rhino-1.7.14.jar:lib/aws-java-sdk-kms-1.12.638.jar:lib/j2objc-annotations-2.8.jar:lib/netty-3.10.6.Final.jar:lib/jakarta.activation-api-1.2.1.jar:lib/resilience4j-core-1.3.1.jar:lib/commons-beanutils-1.9.4.jar:lib/caffeine-2.8.0.jar:lib/sigar-1.6.5.132.jar:lib/jakarta.validation-api-2.0.2.jar:lib/calcite-core-1.35.0.jar:lib/opencensus-contrib-http-util-0.31.1.jar:lib/jetty-client-9.4.53.v20231009.jar:lib/jackson-dataformat-cbor-2.12.7.jar:lib/aether-util-0.9.0.M2.jar:lib/maven-repository-metadata-3.1.1.jar:lib/netty-transport-native-epoll-4.1.100.Final-linux-x86_64.jar:lib/druid-gcp-common-29.0.0.jar:lib/istack-commons-runtime-3.0.7.jar:lib/jna-5.13.0.jar:lib/jackson-dataformat-smile-2.12.7.jar:lib/asm-9.3.jar:lib/netty-buffer-4.1.100.Final.jar:lib/commons-lang-2.6.jar:lib/commons-logging-1.1.1.jar:lib/commons-collections4-4.2.jar:lib/maven-model-3.1.1.jar:lib/jts-io-common-1.19.0.jar:lib/vavr-0.10.2.jar:lib/commons-compress-1.24.0.jar:lib/fastutil-8.5.4.jar:lib/joni-2.1.27.jar:lib/joda-time-2.12.5.jar:lib/commons-text-1.10.0.jar:lib/plexus-interpolation-1.19.jar:lib/aopalliance-1.0.jar:lib/web-console-29.0.0.jar:lib/RoaringBitmap-0.9.49.jar:lib/datasketches-java-4.2.0.jar:lib/curator-client-5.5.0.jar:lib/opencsv-4.6.jar:lib/jetty-util-ajax-9.4.53.v20231009.jar:lib/javax.activation-1.2.0.jar:lib/jersey-core-1.19.4.jar:lib/commons-dbcp2-2.0.1.jar:lib/javax.servlet-api-3.1.0.jar:lib/jakarta.inject-api-1.0.3.jar:lib/netty-codec-socks-4.1.100.Final.jar:lib/netty-handler-4.1.100.Final.jar:lib/commons-pool2-2.2.jar:lib/jackson-annotations-2.12.7.jar:lib/httpcore5-5.1.3.jar:lib/google-oauth-client-1.34.1.jar:lib/jersey-server-1.19.4.jar:lib/oshi-core-6.4.4.jar:lib/wagon-provider-api-2.4.jar:lib/snappy-java-1.1.10.4.jar:lib/google-api-client-2.2.0.jar:lib/config-magic-0.9.jar:lib/shims-0.9.49.jar:lib/jakarta.el-3.0.4.jar:lib/jackson-datatype-joda-2.12.7.jar:lib/classmate-1.5.1.jar:lib/netty-transport-4.1.100.Final.jar:lib/jsr311-api-1.1.1.jar:lib/lz4-java-1.8.0.jar:lib/opencensus-api-0.31.1.jar:lib/jetty-io-9.4.53.v20231009.jar:
2025-10-01T11:20:50,267 INFO [main] org.apache.zookeeper.ZooKeeper - Client environment:java.library.path=/usr/java/packages/lib:/usr/lib/x86_64-linux-gnu/jni:/lib/x86_64-linux-gnu:/usr/lib/x86_64-linux-gnu:/usr/lib/jni:/lib:/usr/lib
2025-10-01T11:20:50,267 INFO [main] org.apache.zookeeper.ZooKeeper - Client environment:java.io.tmpdir=var/tmp
2025-10-01T11:20:50,272 INFO [main] org.apache.zookeeper.ZooKeeper - Client environment:java.compiler=<NA>
2025-10-01T11:20:50,272 INFO [main] org.apache.zookeeper.ZooKeeper - Client environment:os.name=Linux
2025-10-01T11:20:50,272 INFO [main] org.apache.zookeeper.ZooKeeper - Client environment:os.arch=amd64
2025-10-01T11:20:50,273 INFO [main] org.apache.zookeeper.ZooKeeper - Client environment:os.version=6.10.14-linuxkit
2025-10-01T11:20:50,273 INFO [main] org.apache.zookeeper.ZooKeeper - Client environment:user.name=druid
2025-10-01T11:20:50,277 INFO [main] org.apache.zookeeper.ZooKeeper - Client environment:user.home=/opt/druid
2025-10-01T11:20:50,277 INFO [main] org.apache.zookeeper.ZooKeeper - Client environment:user.dir=/opt/druid
2025-10-01T11:20:50,278 INFO [main] org.apache.zookeeper.ZooKeeper - Client environment:os.memory.free=153MB
2025-10-01T11:20:50,278 INFO [main] org.apache.zookeeper.ZooKeeper - Client environment:os.memory.max=256MB
2025-10-01T11:20:50,278 INFO [main] org.apache.zookeeper.ZooKeeper - Client environment:os.memory.total=256MB
2025-10-01T11:20:50,286 INFO [main] org.apache.zookeeper.ZooKeeper - Initiating client connection, connectString=zookeeper sessionTimeout=30000 watcher=org.apache.curator.ConnectionState@7c0e4e4e
2025-10-01T11:20:50,295 INFO [main] org.apache.zookeeper.common.X509Util - Setting -D jdk.tls.rejectClientInitiatedRenegotiation=true to disable client-initiated TLS renegotiation
2025-10-01T11:20:50,304 INFO [main] org.apache.zookeeper.ClientCnxnSocket - jute.maxbuffer value is 1048575 Bytes
2025-10-01T11:20:50,318 INFO [main] org.apache.zookeeper.ClientCnxn - zookeeper.request.timeout value is 0. feature enabled=false
2025-10-01T11:20:50,335 INFO [main] org.apache.curator.framework.imps.CuratorFrameworkImpl - Default schema
2025-10-01T11:20:50,344 INFO [main] org.apache.druid.indexing.worker.WorkerCuratorCoordinator - WorkerCuratorCoordinator good to go sir. Server[middlemanager:8091]
2025-10-01T11:20:50,348 INFO [main-SendThread(zookeeper:2181)] org.apache.zookeeper.ClientCnxn - Opening socket connection to server zookeeper/172.18.0.2:2181.
2025-10-01T11:20:50,354 INFO [main-SendThread(zookeeper:2181)] org.apache.zookeeper.ClientCnxn - SASL config status: Will not attempt to authenticate using SASL (unknown error)
2025-10-01T11:20:50,374 INFO [main-SendThread(zookeeper:2181)] org.apache.zookeeper.ClientCnxn - Socket connection established, initiating session, client: /172.18.0.8:49258, server: zookeeper/172.18.0.2:2181
2025-10-01T11:20:50,393 INFO [main-SendThread(zookeeper:2181)] org.apache.zookeeper.ClientCnxn - Session establishment complete on server zookeeper/172.18.0.2:2181, session id = 0x10000c4f5270001, negotiated timeout = 30000
2025-10-01T11:20:50,409 INFO [main-EventThread] org.apache.curator.framework.state.ConnectionStateManager - State change: CONNECTED
2025-10-01T11:20:50,433 INFO [main-EventThread] org.apache.curator.framework.imps.EnsembleTracker - New config event received: {}
2025-10-01T11:20:50,435 INFO [main-EventThread] org.apache.curator.framework.imps.EnsembleTracker - New config event received: {}
2025-10-01T11:20:50,662 INFO [main] org.apache.druid.java.util.common.lifecycle.Lifecycle - Starting lifecycle [module] stage [SERVER]
2025-10-01T11:20:50,674 INFO [main] org.eclipse.jetty.server.Server - jetty-9.4.53.v20231009; built: 2023-10-09T12:29:09.265Z; git: 27bde00a0b95a1d5bbee0eae7984f891d2d0f8c9; jvm 17.0.10+7-Debian-1deb12u1
2025-10-01T11:20:50,703 INFO [NodeRoleWatcher[OVERLORD]] org.apache.druid.discovery.BaseNodeRoleWatcher - Node watcher of role [overlord] is now initialized with 0 nodes.
2025-10-01T11:20:50,745 INFO [main] org.eclipse.jetty.server.session - DefaultSessionIdManager workerName=node0
2025-10-01T11:20:50,750 INFO [main] org.eclipse.jetty.server.session - No SessionScavenger set, using defaults
2025-10-01T11:20:50,753 INFO [main] org.eclipse.jetty.server.session - node0 Scavenging every 660000ms
2025-10-01T11:20:50,977 INFO [main] com.sun.jersey.server.impl.application.WebApplicationImpl - Initiating Jersey application, version 'Jersey: 1.19.4 05/24/2017 03:20 PM'
2025-10-01T11:20:51,795 INFO [main] org.eclipse.jetty.server.handler.ContextHandler - Started o.e.j.s.ServletContextHandler@1e1598e5{/,null,AVAILABLE}
2025-10-01T11:20:51,828 INFO [main] org.eclipse.jetty.server.AbstractConnector - Started ServerConnector@51dbed72{HTTP/1.1, (http/1.1)}{0.0.0.0:8091}
2025-10-01T11:20:51,830 INFO [main] org.eclipse.jetty.server.Server - Started @13559ms
2025-10-01T11:20:51,879 INFO [main] org.apache.druid.java.util.common.lifecycle.Lifecycle - Starting lifecycle [module] stage [ANNOUNCEMENTS]
2025-10-01T11:20:51,942 INFO [main] org.apache.druid.curator.discovery.CuratorDruidNodeAnnouncer - Announced self [{"druidNode":{"service":"druid/middleManager","host":"middlemanager","bindOnHost":false,"plaintextPort":8091,"port":-1,"tlsPort":-1,"enablePlaintextPort":true,"enableTlsPort":false},"nodeType":"middleManager","services":{"workerNodeService":{"type":"workerNodeService","ip":"add147330c58","capacity":2,"version":"0","category":"_default_worker_category"}},"startTime":"2025-10-01T11:20:50.184Z"}].
2025-10-01T11:20:51,946 INFO [main] org.apache.druid.java.util.common.lifecycle.Lifecycle - Successfully started lifecycle [module]
2025-10-01T11:20:52,656 INFO [NodeRoleWatcher[OVERLORD]] org.apache.druid.discovery.BaseNodeRoleWatcher - Node [http://overlord:8090] of role [overlord] detected.
2025-10-01T11:23:18,892 INFO [Thread-51] org.apache.druid.java.util.common.lifecycle.Lifecycle - Lifecycle [module] running shutdown hook
2025-10-01T11:23:18,895 INFO [Thread-51] org.apache.druid.java.util.common.lifecycle.Lifecycle - Stopping lifecycle [module] stage [ANNOUNCEMENTS]
2025-10-01T11:23:18,897 INFO [Thread-51] org.apache.druid.curator.announcement.Announcer - Unannouncing [/druid/internal-discovery/MIDDLE_MANAGER/middlemanager:8091]
2025-10-01T11:23:18,914 INFO [Thread-51] org.apache.druid.curator.discovery.CuratorDruidNodeAnnouncer - Unannounced self [{"druidNode":{"service":"druid/middleManager","host":"middlemanager","bindOnHost":false,"plaintextPort":8091,"port":-1,"tlsPort":-1,"enablePlaintextPort":true,"enableTlsPort":false},"nodeType":"middleManager","services":{"workerNodeService":{"type":"workerNodeService","ip":"add147330c58","capacity":2,"version":"0","category":"_default_worker_category"}},"startTime":"2025-10-01T11:20:50.184Z"}].
2025-10-01T11:23:18,920 INFO [Thread-51] org.apache.druid.java.util.common.lifecycle.Lifecycle - Stopping lifecycle [module] stage [SERVER]
2025-10-01T11:23:18,928 INFO [Thread-51] org.eclipse.jetty.server.AbstractConnector - Stopped ServerConnector@51dbed72{HTTP/1.1, (http/1.1)}{0.0.0.0:8091}
2025-10-01T11:23:18,929 INFO [Thread-51] org.eclipse.jetty.server.session - node0 Stopped scavenging
2025-10-01T11:23:18,930 INFO [Thread-51] org.eclipse.jetty.server.handler.ContextHandler - Stopped o.e.j.s.ServletContextHandler@1e1598e5{/,null,STOPPED}
2025-10-01T11:23:18,942 INFO [Thread-51] org.apache.druid.java.util.common.lifecycle.Lifecycle - Stopping lifecycle [module] stage [NORMAL]
2025-10-01T11:23:18,947 INFO [Thread-51] org.apache.druid.indexing.overlord.ForkingTaskRunner - Waiting up to 300,000ms for shutdown.
2025-10-01T11:23:18,948 INFO [Thread-51] org.apache.druid.indexing.overlord.ForkingTaskRunner - Finished stopping in 2ms.
2025-10-01T11:23:18,972 INFO [Thread-51] org.apache.druid.indexing.worker.WorkerCuratorCoordinator - Stopping WorkerCuratorCoordinator for worker[middlemanager:8091]
2025-10-01T11:23:18,989 INFO [Thread-51] org.apache.druid.curator.announcement.Announcer - Unannouncing [/druid/indexer/announcements/middlemanager:8091]
2025-10-01T11:23:18,993 INFO [Thread-51] org.apache.druid.indexing.overlord.ForkingTaskRunner - Waiting up to 300,000ms for shutdown.
2025-10-01T11:23:18,995 INFO [Thread-51] org.apache.druid.indexing.overlord.ForkingTaskRunner - Finished stopping in 2ms.
2025-10-01T11:23:18,997 INFO [Curator-Framework-0] org.apache.curator.framework.imps.CuratorFrameworkImpl - backgroundOperationsLoop exiting
2025-10-01T11:23:19,108 INFO [Thread-51] org.apache.zookeeper.ZooKeeper - Session: 0x10000c4f5270001 closed
2025-10-01T11:23:19,108 INFO [main-EventThread] org.apache.zookeeper.ClientCnxn - EventThread shut down for session: 0x10000c4f5270001
2025-10-01T11:23:19,108 INFO [Thread-51] org.apache.druid.java.util.common.lifecycle.Lifecycle - Stopping lifecycle [module] stage [INIT]
2025-10-01T11:23:40,976 INFO [main] org.hibernate.validator.internal.util.Version - HV000001: Hibernate Validator 6.2.5.Final
2025-10-01T11:23:42,123 INFO [main] org.apache.druid.guice.ExtensionsLoader - Loading extension [druid-hdfs-storage], jars: aws-java-sdk-s3-1.12.638.jar, httpclient-4.5.13.jar, hadoop-client-api-3.3.6.jar, hadoop-aws-3.3.6.jar, aws-java-sdk-core-1.12.638.jar, jmespath-java-1.12.638.jar, hadoop-client-runtime-3.3.6.jar, druid-hdfs-storage-29.0.0.jar, commons-codec-1.16.0.jar, jsr305-2.0.1.jar, slf4j-api-1.7.36.jar, httpcore-4.4.11.jar, aws-java-sdk-kms-1.12.638.jar, jackson-dataformat-cbor-2.12.7.jar, commons-logging-1.1.1.jar, wildfly-openssl-1.1.3.Final.jar, joda-time-2.12.5.jar, snappy-java-1.1.10.4.jar
2025-10-01T11:23:42,154 INFO [main] org.apache.druid.guice.ExtensionsLoader - Loading extension [druid-kafka-indexing-service], jars: kafka-clients-3.6.1.jar, zstd-jni-1.5.2-3.jar, druid-kafka-indexing-service-29.0.0.jar, snappy-java-1.1.10.4.jar, lz4-java-1.8.0.jar
2025-10-01T11:23:42,180 INFO [main] org.apache.druid.guice.ExtensionsLoader - Loading extension [druid-datasketches], jars: druid-datasketches-29.0.0.jar, commons-math3-3.6.1.jar
2025-10-01T11:23:42,183 INFO [main] org.apache.druid.guice.ExtensionsLoader - Loading extension [druid-multi-stage-query], jars: druid-multi-stage-query-29.0.0.jar
2025-10-01T11:23:42,186 INFO [main] org.apache.druid.guice.ExtensionsLoader - Loading extension [postgresql-metadata-storage], jars: postgresql-42.6.0.jar, checker-qual-3.31.0.jar, postgresql-metadata-storage-29.0.0.jar
2025-10-01T11:23:42,711 INFO [main] org.apache.druid.guice.ExtensionsLoader - Loading extension [druid-hdfs-storage], jars: aws-java-sdk-s3-1.12.638.jar, httpclient-4.5.13.jar, hadoop-client-api-3.3.6.jar, hadoop-aws-3.3.6.jar, aws-java-sdk-core-1.12.638.jar, jmespath-java-1.12.638.jar, hadoop-client-runtime-3.3.6.jar, druid-hdfs-storage-29.0.0.jar, commons-codec-1.16.0.jar, jsr305-2.0.1.jar, slf4j-api-1.7.36.jar, httpcore-4.4.11.jar, aws-java-sdk-kms-1.12.638.jar, jackson-dataformat-cbor-2.12.7.jar, commons-logging-1.1.1.jar, wildfly-openssl-1.1.3.Final.jar, joda-time-2.12.5.jar, snappy-java-1.1.10.4.jar
2025-10-01T11:23:42,726 INFO [main] org.apache.druid.guice.ExtensionsLoader - Loading extension [druid-kafka-indexing-service], jars: kafka-clients-3.6.1.jar, zstd-jni-1.5.2-3.jar, druid-kafka-indexing-service-29.0.0.jar, snappy-java-1.1.10.4.jar, lz4-java-1.8.0.jar
2025-10-01T11:23:42,729 INFO [main] org.apache.druid.guice.ExtensionsLoader - Loading extension [druid-datasketches], jars: druid-datasketches-29.0.0.jar, commons-math3-3.6.1.jar
2025-10-01T11:23:42,740 INFO [main] org.apache.druid.guice.ExtensionsLoader - Loading extension [druid-multi-stage-query], jars: druid-multi-stage-query-29.0.0.jar
2025-10-01T11:23:42,757 INFO [main] org.apache.druid.guice.ExtensionsLoader - Loading extension [postgresql-metadata-storage], jars: postgresql-42.6.0.jar, checker-qual-3.31.0.jar, postgresql-metadata-storage-29.0.0.jar
2025-10-01T11:23:44,884 WARN [main] org.apache.hadoop.util.NativeCodeLoader - Unable to load native-hadoop library for your platform... using builtin-java classes where applicable
2025-10-01T11:23:47,448 INFO [main] org.apache.druid.server.emitter.EmitterModule - Using emitter [NoopEmitter{}] for metrics and alerts, with dimensions [{version=29.0.0}].
2025-10-01T11:23:48,155 WARN [main] org.apache.druid.indexing.common.config.TaskConfig - Batch processing mode argument value is null or not valid:[null], defaulting to[CLOSED_SEGMENTS] 
2025-10-01T11:23:48,643 INFO [main] org.apache.druid.server.metrics.MetricsModule - Loaded 4 monitors: org.apache.druid.java.util.metrics.JvmMonitor, org.apache.druid.server.metrics.ServiceStatusMonitor, org.apache.druid.curator.DruidConnectionStateListener, org.apache.druid.server.initialization.jetty.JettyServerModule$JettyMonitor
2025-10-01T11:23:48,663 INFO [main] org.apache.druid.cli.CliMiddleManager - Starting up with processors [10], memory [268,435,456], maxMemory [268,435,456], directMemory [268,435,456]. Properties follow.
2025-10-01T11:23:48,665 INFO [main] org.apache.druid.cli.CliMiddleManager - * druid.emitter: noop
2025-10-01T11:23:48,668 INFO [main] org.apache.druid.cli.CliMiddleManager - * druid.emitter.logging.logLevel: info
2025-10-01T11:23:48,669 INFO [main] org.apache.druid.cli.CliMiddleManager - * druid.expressions.useStrictBooleans: true
2025-10-01T11:23:48,669 INFO [main] org.apache.druid.cli.CliMiddleManager - * druid.extensions.loadList: ["druid-hdfs-storage", "druid-kafka-indexing-service", "druid-datasketches", "druid-multi-stage-query", "postgresql-metadata-storage"]
2025-10-01T11:23:48,669 INFO [main] org.apache.druid.cli.CliMiddleManager - * druid.host: middlemanager
2025-10-01T11:23:48,670 INFO [main] org.apache.druid.cli.CliMiddleManager - * druid.indexer.fork.property.druid.processing.buffer.sizeBytes: 67108864
2025-10-01T11:23:48,670 INFO [main] org.apache.druid.cli.CliMiddleManager - * druid.indexer.fork.property.druid.processing.numMergeBuffers: 2
2025-10-01T11:23:48,670 INFO [main] org.apache.druid.cli.CliMiddleManager - * druid.indexer.fork.property.druid.processing.numThreads: 1
2025-10-01T11:23:48,670 INFO [main] org.apache.druid.cli.CliMiddleManager - * druid.indexer.logs.directory: var/druid/indexing-logs
2025-10-01T11:23:48,671 INFO [main] org.apache.druid.cli.CliMiddleManager - * druid.indexer.logs.type: file
2025-10-01T11:23:48,671 INFO [main] org.apache.druid.cli.CliMiddleManager - * druid.indexer.runner.javaOptsArray: ["-server","-Xms512m","-Xmx512m","-XX:MaxDirectMemorySize=512m","-Duser.timezone=UTC","-Dfile.encoding=UTF-8","-XX:+ExitOnOutOfMemoryError","-Djava.util.logging.manager=org.apache.logging.log4j.jul.LogManager"]
2025-10-01T11:23:48,671 INFO [main] org.apache.druid.cli.CliMiddleManager - * druid.indexer.task.hadoopWorkingPath: var/druid/hadoop-tmp
2025-10-01T11:23:48,672 INFO [main] org.apache.druid.cli.CliMiddleManager - * druid.indexing.doubleStorage: double
2025-10-01T11:23:48,672 INFO [main] org.apache.druid.cli.CliMiddleManager - * druid.lookup.enableLookupSyncOnStartup: false
2025-10-01T11:23:48,672 INFO [main] org.apache.druid.cli.CliMiddleManager - * druid.metadata.storage.connector.connectURI: jdbc:postgresql://metadata-storage:5432/druid
2025-10-01T11:23:48,673 INFO [main] org.apache.druid.cli.CliMiddleManager - * druid.metadata.storage.connector.password: <masked>
2025-10-01T11:23:48,673 INFO [main] org.apache.druid.cli.CliMiddleManager - * druid.metadata.storage.connector.user: druid
2025-10-01T11:23:48,673 INFO [main] org.apache.druid.cli.CliMiddleManager - * druid.metadata.storage.type: postgresql
2025-10-01T11:23:48,673 INFO [main] org.apache.druid.cli.CliMiddleManager - * druid.monitoring.monitors: ["org.apache.druid.java.util.metrics.JvmMonitor", "org.apache.druid.server.metrics.ServiceStatusMonitor"]
2025-10-01T11:23:48,674 INFO [main] org.apache.druid.cli.CliMiddleManager - * druid.node.type: middleManager
2025-10-01T11:23:48,674 INFO [main] org.apache.druid.cli.CliMiddleManager - * druid.plaintextPort: 8091
2025-10-01T11:23:48,674 INFO [main] org.apache.druid.cli.CliMiddleManager - * druid.selectors.coordinator.serviceName: druid/coordinator
2025-10-01T11:23:48,674 INFO [main] org.apache.druid.cli.CliMiddleManager - * druid.selectors.indexing.serviceName: druid/overlord
2025-10-01T11:23:48,674 INFO [main] org.apache.druid.cli.CliMiddleManager - * druid.server.hiddenProperties: ["druid.s3.accessKey","druid.s3.secretKey","druid.metadata.storage.connector.password", "password", "key", "token", "pwd"]
2025-10-01T11:23:48,675 INFO [main] org.apache.druid.cli.CliMiddleManager - * druid.server.http.numThreads: 40
2025-10-01T11:23:48,675 INFO [main] org.apache.druid.cli.CliMiddleManager - * druid.service: druid/middleManager
2025-10-01T11:23:48,675 INFO [main] org.apache.druid.cli.CliMiddleManager - * druid.sql.enable: true
2025-10-01T11:23:48,675 INFO [main] org.apache.druid.cli.CliMiddleManager - * druid.sql.planner.useGroupingSetForExactDistinct: true
2025-10-01T11:23:48,675 INFO [main] org.apache.druid.cli.CliMiddleManager - * druid.startup.logging.logProperties: true
2025-10-01T11:23:48,676 INFO [main] org.apache.druid.cli.CliMiddleManager - * druid.storage.storageDirectory: var/druid/segments
2025-10-01T11:23:48,676 INFO [main] org.apache.druid.cli.CliMiddleManager - * druid.storage.type: local
2025-10-01T11:23:48,676 INFO [main] org.apache.druid.cli.CliMiddleManager - * druid.worker.baseTaskDirs: ["var/druid/task"]
2025-10-01T11:23:48,676 INFO [main] org.apache.druid.cli.CliMiddleManager - * druid.worker.capacity: 2
2025-10-01T11:23:48,676 INFO [main] org.apache.druid.cli.CliMiddleManager - * druid.zk.paths.base: /druid
2025-10-01T11:23:48,676 INFO [main] org.apache.druid.cli.CliMiddleManager - * druid.zk.service.host: zookeeper
2025-10-01T11:23:48,677 INFO [main] org.apache.druid.cli.CliMiddleManager - * file.encoding: UTF-8
2025-10-01T11:23:48,677 INFO [main] org.apache.druid.cli.CliMiddleManager - * file.separator: /
2025-10-01T11:23:48,677 INFO [main] org.apache.druid.cli.CliMiddleManager - * java.class.path: /opt/druid/overrides/*:/tmp/conf/druid/cluster/_common:/tmp/conf/druid/cluster/data/middleManager:lib/async-http-client-netty-utils-2.5.3.jar:lib/maven-settings-builder-3.1.1.jar:lib/json-simple-1.1.1.jar:lib/checker-qual-2.5.7.jar:lib/jetty-rewrite-9.4.53.v20231009.jar:lib/netty-resolver-4.1.100.Final.jar:lib/guice-4.1.0.jar:lib/jackson-datatype-guava-2.12.7.jar:lib/netty-reactive-streams-2.0.0.jar:lib/google-http-client-apache-v2-1.42.3.jar:lib/aws-java-sdk-sts-1.12.638.jar:lib/async-http-client-2.5.3.jar:lib/guice-assistedinject-4.1.0.jar:lib/jackson-databind-2.12.7.1.jar:lib/google-http-client-jackson2-1.42.3.jar:lib/jackson-jq-0.0.10.jar:lib/maven-model-builder-3.1.1.jar:lib/asm-commons-9.3.jar:lib/aether-connector-file-0.9.0.M2.jar:lib/accessors-smart-2.4.11.jar:lib/aws-java-sdk-ec2-1.12.638.jar:lib/aws-java-sdk-s3-1.12.638.jar:lib/jcodings-1.0.43.jar:lib/zookeeper-jute-3.8.3.jar:lib/disruptor-3.3.6.jar:lib/javax.activation-api-1.2.0.jar:lib/calcite-linq4j-1.35.0.jar:lib/derbyclient-10.14.2.0.jar:lib/google-http-client-1.42.3.jar:lib/netty-transport-classes-epoll-4.1.100.Final.jar:lib/maven-artifact-3.6.0.jar:lib/icu4j-73.2.jar:lib/reactive-streams-1.0.2.jar:lib/netty-resolver-dns-4.1.100.Final.jar:lib/guice-servlet-4.1.0.jar:lib/commons-collections-3.2.2.jar:lib/jna-platform-5.13.0.jar:lib/druid-indexing-hadoop-29.0.0.jar:lib/derbynet-10.14.2.0.jar:lib/txw2-2.3.1.jar:lib/guava-32.0.1-jre.jar:lib/asm-analysis-9.3.jar:lib/jcl-over-slf4j-1.7.36.jar:lib/curator-recipes-5.5.0.jar:lib/log4j-jul-2.18.0.jar:lib/log4j-1.2-api-2.18.0.jar:lib/netty-codec-4.1.100.Final.jar:lib/protobuf-java-3.24.0.jar:lib/httpclient-4.5.13.jar:lib/ipaddress-5.3.4.jar:lib/audience-annotations-0.12.0.jar:lib/druid-sql-29.0.0.jar:lib/maven-settings-3.1.1.jar:lib/airline-2.8.4.jar:lib/stax-ex-1.8.jar:lib/jaxb-runtime-2.3.1.jar:lib/druid-indexing-service-29.0.0.jar:lib/grpc-context-1.27.2.jar:lib/druid-processing-29.0.0.jar:lib/fastutil-extra-8.5.4.jar:lib/json-smart-2.4.11.jar:lib/jts-core-1.19.0.jar:lib/log4j-api-2.18.0.jar:lib/resilience4j-bulkhead-1.3.1.jar:lib/jetty-servlets-9.4.53.v20231009.jar:lib/okhttp-1.0.2.jar:lib/netty-codec-dns-4.1.100.Final.jar:lib/commons-math3-3.6.1.jar:lib/aws-java-sdk-core-1.12.638.jar:lib/FastInfoset-1.2.15.jar:lib/netty-common-4.1.100.Final.jar:lib/derby-10.14.2.0.jar:lib/log4j-slf4j-impl-2.18.0.jar:lib/jboss-logging-3.4.1.Final.jar:lib/curator-x-discovery-5.5.0.jar:lib/jmespath-java-1.12.638.jar:lib/error_prone_annotations-2.20.0.jar:lib/jetty-util-9.4.53.v20231009.jar:lib/cron-scheduler-0.1.jar:lib/vavr-match-0.10.2.jar:lib/aggdesigner-algorithm-6.0.jar:lib/airline-io-2.8.4.jar:lib/httpcore5-h2-5.1.3.jar:lib/jackson-jaxrs-base-2.12.7.jar:lib/jackson-module-guice-2.12.7.jar:lib/jetty-proxy-9.4.53.v20231009.jar:lib/zookeeper-3.8.3.jar:lib/hibernate-validator-6.2.5.Final.jar:lib/log4j-core-2.18.0.jar:lib/janino-3.1.9.jar:lib/jetty-http-9.4.53.v20231009.jar:lib/avatica-core-1.23.0.jar:lib/fastutil-core-8.5.4.jar:lib/maven-aether-provider-3.1.1.jar:lib/tesla-aether-0.0.5.jar:lib/uzaygezen-core-0.2.jar:lib/elasticache-java-cluster-client-1.2.0.jar:lib/commons-lang3-3.12.0.jar:lib/aether-spi-0.9.0.M2.jar:lib/jersey-servlet-1.19.4.jar:lib/druid-aws-common-29.0.0.jar:lib/json-path-2.3.0.jar:lib/druid-services-29.0.0.jar:lib/jaxb-api-2.3.1.jar:lib/metrics-core-4.2.22.jar:lib/aether-connector-okhttp-0.0.9.jar:lib/javax.inject-1.jar:lib/curator-framework-5.5.0.jar:lib/compress-lzf-1.0.4.jar:lib/zstd-jni-1.5.2-3.jar:lib/avatica-metrics-1.23.0.jar:lib/jetty-server-9.4.53.v20231009.jar:lib/netty-handler-proxy-4.1.100.Final.jar:lib/xz-1.9.jar:lib/commons-io-2.11.0.jar:lib/commons-codec-1.16.0.jar:lib/failureaccess-1.0.1.jar:lib/httpclient5-5.1.3.jar:lib/apiguardian-api-1.1.2.jar:lib/jetty-continuation-9.4.53.v20231009.jar:lib/avatica-server-1.23.0.jar:lib/jsr305-2.0.1.jar:lib/jersey-guice-1.19.4.jar:lib/guice-multibindings-4.1.0.jar:lib/aether-impl-0.9.0.M2.jar:lib/jetty-servlet-9.4.53.v20231009.jar:lib/netty-transport-native-unix-common-4.1.100.Final.jar:lib/druid-server-29.0.0.jar:lib/proj4j-1.2.2.jar:lib/asm-tree-9.3.jar:lib/netty-codec-http-4.1.100.Final.jar:lib/slf4j-api-1.7.36.jar:lib/javax.el-api-3.0.0.jar:lib/jackson-core-2.12.7.jar:lib/aether-api-0.9.0.M2.jar:lib/httpcore-4.4.11.jar:lib/jackson-jaxrs-smile-provider-2.12.7.jar:lib/jetty-security-9.4.53.v20231009.jar:lib/gson-2.10.jar:lib/plexus-utils-3.0.24.jar:lib/datasketches-memory-2.2.0.jar:lib/jackson-module-jaxb-annotations-2.12.7.jar:lib/jackson-jaxrs-json-provider-2.12.7.jar:lib/google-http-client-gson-1.42.3.jar:lib/jakarta.xml.bind-api-2.3.2.jar:lib/antlr4-runtime-4.5.3.jar:lib/commons-compiler-3.1.9.jar:lib/jdbi-2.63.1.jar:lib/rhino-1.7.14.jar:lib/aws-java-sdk-kms-1.12.638.jar:lib/j2objc-annotations-2.8.jar:lib/netty-3.10.6.Final.jar:lib/jakarta.activation-api-1.2.1.jar:lib/resilience4j-core-1.3.1.jar:lib/commons-beanutils-1.9.4.jar:lib/caffeine-2.8.0.jar:lib/sigar-1.6.5.132.jar:lib/jakarta.validation-api-2.0.2.jar:lib/calcite-core-1.35.0.jar:lib/opencensus-contrib-http-util-0.31.1.jar:lib/jetty-client-9.4.53.v20231009.jar:lib/jackson-dataformat-cbor-2.12.7.jar:lib/aether-util-0.9.0.M2.jar:lib/maven-repository-metadata-3.1.1.jar:lib/netty-transport-native-epoll-4.1.100.Final-linux-x86_64.jar:lib/druid-gcp-common-29.0.0.jar:lib/istack-commons-runtime-3.0.7.jar:lib/jna-5.13.0.jar:lib/jackson-dataformat-smile-2.12.7.jar:lib/asm-9.3.jar:lib/netty-buffer-4.1.100.Final.jar:lib/commons-lang-2.6.jar:lib/commons-logging-1.1.1.jar:lib/commons-collections4-4.2.jar:lib/maven-model-3.1.1.jar:lib/jts-io-common-1.19.0.jar:lib/vavr-0.10.2.jar:lib/commons-compress-1.24.0.jar:lib/fastutil-8.5.4.jar:lib/joni-2.1.27.jar:lib/joda-time-2.12.5.jar:lib/commons-text-1.10.0.jar:lib/plexus-interpolation-1.19.jar:lib/aopalliance-1.0.jar:lib/web-console-29.0.0.jar:lib/RoaringBitmap-0.9.49.jar:lib/datasketches-java-4.2.0.jar:lib/curator-client-5.5.0.jar:lib/opencsv-4.6.jar:lib/jetty-util-ajax-9.4.53.v20231009.jar:lib/javax.activation-1.2.0.jar:lib/jersey-core-1.19.4.jar:lib/commons-dbcp2-2.0.1.jar:lib/javax.servlet-api-3.1.0.jar:lib/jakarta.inject-api-1.0.3.jar:lib/netty-codec-socks-4.1.100.Final.jar:lib/netty-handler-4.1.100.Final.jar:lib/commons-pool2-2.2.jar:lib/jackson-annotations-2.12.7.jar:lib/httpcore5-5.1.3.jar:lib/google-oauth-client-1.34.1.jar:lib/jersey-server-1.19.4.jar:lib/oshi-core-6.4.4.jar:lib/wagon-provider-api-2.4.jar:lib/snappy-java-1.1.10.4.jar:lib/google-api-client-2.2.0.jar:lib/config-magic-0.9.jar:lib/shims-0.9.49.jar:lib/jakarta.el-3.0.4.jar:lib/jackson-datatype-joda-2.12.7.jar:lib/classmate-1.5.1.jar:lib/netty-transport-4.1.100.Final.jar:lib/jsr311-api-1.1.1.jar:lib/lz4-java-1.8.0.jar:lib/opencensus-api-0.31.1.jar:lib/jetty-io-9.4.53.v20231009.jar:
2025-10-01T11:23:48,679 INFO [main] org.apache.druid.cli.CliMiddleManager - * java.class.version: 61.0
2025-10-01T11:23:48,679 INFO [main] org.apache.druid.cli.CliMiddleManager - * java.home: /usr/lib/jvm/java-17-openjdk-amd64
2025-10-01T11:23:48,679 INFO [main] org.apache.druid.cli.CliMiddleManager - * java.io.tmpdir: var/tmp
2025-10-01T11:23:48,680 INFO [main] org.apache.druid.cli.CliMiddleManager - * java.library.path: /usr/java/packages/lib:/usr/lib/x86_64-linux-gnu/jni:/lib/x86_64-linux-gnu:/usr/lib/x86_64-linux-gnu:/usr/lib/jni:/lib:/usr/lib
2025-10-01T11:23:48,680 INFO [main] org.apache.druid.cli.CliMiddleManager - * java.runtime.name: OpenJDK Runtime Environment
2025-10-01T11:23:48,680 INFO [main] org.apache.druid.cli.CliMiddleManager - * java.runtime.version: 17.0.10+7-Debian-1deb12u1
2025-10-01T11:23:48,680 INFO [main] org.apache.druid.cli.CliMiddleManager - * java.specification.name: Java Platform API Specification
2025-10-01T11:23:48,681 INFO [main] org.apache.druid.cli.CliMiddleManager - * java.specification.vendor: Oracle Corporation
2025-10-01T11:23:48,681 INFO [main] org.apache.druid.cli.CliMiddleManager - * java.specification.version: 17
2025-10-01T11:23:48,682 INFO [main] org.apache.druid.cli.CliMiddleManager - * java.util.logging.manager: org.apache.logging.log4j.jul.LogManager
2025-10-01T11:23:48,682 INFO [main] org.apache.druid.cli.CliMiddleManager - * java.vendor: Debian
2025-10-01T11:23:48,682 INFO [main] org.apache.druid.cli.CliMiddleManager - * java.vendor.url: https://tracker.debian.org/openjdk-17
2025-10-01T11:23:48,683 INFO [main] org.apache.druid.cli.CliMiddleManager - * java.vendor.url.bug: https://bugs.debian.org/openjdk-17
2025-10-01T11:23:48,683 INFO [main] org.apache.druid.cli.CliMiddleManager - * java.version: 17.0.10
2025-10-01T11:23:48,683 INFO [main] org.apache.druid.cli.CliMiddleManager - * java.version.date: 2024-01-16
2025-10-01T11:23:48,683 INFO [main] org.apache.druid.cli.CliMiddleManager - * java.vm.compressedOopsMode: 32-bit
2025-10-01T11:23:48,683 INFO [main] org.apache.druid.cli.CliMiddleManager - * java.vm.info: mixed mode, sharing
2025-10-01T11:23:48,684 INFO [main] org.apache.druid.cli.CliMiddleManager - * java.vm.name: OpenJDK 64-Bit Server VM
2025-10-01T11:23:48,684 INFO [main] org.apache.druid.cli.CliMiddleManager - * java.vm.specification.name: Java Virtual Machine Specification
2025-10-01T11:23:48,684 INFO [main] org.apache.druid.cli.CliMiddleManager - * java.vm.specification.vendor: Oracle Corporation
2025-10-01T11:23:48,684 INFO [main] org.apache.druid.cli.CliMiddleManager - * java.vm.specification.version: 17
2025-10-01T11:23:48,685 INFO [main] org.apache.druid.cli.CliMiddleManager - * java.vm.vendor: Debian
2025-10-01T11:23:48,685 INFO [main] org.apache.druid.cli.CliMiddleManager - * java.vm.version: 17.0.10+7-Debian-1deb12u1
2025-10-01T11:23:48,685 INFO [main] org.apache.druid.cli.CliMiddleManager - * jdk.debug: release
2025-10-01T11:23:48,685 INFO [main] org.apache.druid.cli.CliMiddleManager - * line.separator: 

2025-10-01T11:23:48,686 INFO [main] org.apache.druid.cli.CliMiddleManager - * log4j.shutdownCallbackRegistry: org.apache.druid.common.config.Log4jShutdown
2025-10-01T11:23:48,686 INFO [main] org.apache.druid.cli.CliMiddleManager - * log4j.shutdownHookEnabled: true
2025-10-01T11:23:48,687 INFO [main] org.apache.druid.cli.CliMiddleManager - * log4j2.is.webapp: false
2025-10-01T11:23:48,687 INFO [main] org.apache.druid.cli.CliMiddleManager - * native.encoding: UTF-8
2025-10-01T11:23:48,687 INFO [main] org.apache.druid.cli.CliMiddleManager - * os.arch: amd64
2025-10-01T11:23:48,687 INFO [main] org.apache.druid.cli.CliMiddleManager - * os.name: Linux
2025-10-01T11:23:48,687 INFO [main] org.apache.druid.cli.CliMiddleManager - * os.version: 6.10.14-linuxkit
2025-10-01T11:23:48,688 INFO [main] org.apache.druid.cli.CliMiddleManager - * path.separator: :
2025-10-01T11:23:48,688 INFO [main] org.apache.druid.cli.CliMiddleManager - * sun.arch.data.model: 64
2025-10-01T11:23:48,690 INFO [main] org.apache.druid.cli.CliMiddleManager - * sun.boot.library.path: /usr/lib/jvm/java-17-openjdk-amd64/lib
2025-10-01T11:23:48,690 INFO [main] org.apache.druid.cli.CliMiddleManager - * sun.cpu.endian: little
2025-10-01T11:23:48,690 INFO [main] org.apache.druid.cli.CliMiddleManager - * sun.io.unicode.encoding: UnicodeLittle
2025-10-01T11:23:48,690 INFO [main] org.apache.druid.cli.CliMiddleManager - * sun.java.command: org.apache.druid.cli.Main server middleManager
2025-10-01T11:23:48,690 INFO [main] org.apache.druid.cli.CliMiddleManager - * sun.java.launcher: SUN_STANDARD
2025-10-01T11:23:48,691 INFO [main] org.apache.druid.cli.CliMiddleManager - * sun.jnu.encoding: UTF-8
2025-10-01T11:23:48,691 INFO [main] org.apache.druid.cli.CliMiddleManager - * sun.management.compiler: HotSpot 64-Bit Tiered Compilers
2025-10-01T11:23:48,691 INFO [main] org.apache.druid.cli.CliMiddleManager - * user.dir: /opt/druid
2025-10-01T11:23:48,691 INFO [main] org.apache.druid.cli.CliMiddleManager - * user.home: /opt/druid
2025-10-01T11:23:48,691 INFO [main] org.apache.druid.cli.CliMiddleManager - * user.language: en
2025-10-01T11:23:48,692 INFO [main] org.apache.druid.cli.CliMiddleManager - * user.name: druid
2025-10-01T11:23:48,692 INFO [main] org.apache.druid.cli.CliMiddleManager - * user.timezone: UTC
2025-10-01T11:23:48,814 INFO [main] org.eclipse.jetty.util.log - Logging initialized @10476ms to org.eclipse.jetty.util.log.Slf4jLog
2025-10-01T11:23:48,850 INFO [main] org.apache.druid.server.initialization.jetty.JettyServerModule - Creating http connector with port [8091]
2025-10-01T11:23:48,993 WARN [main] org.eclipse.jetty.server.handler.gzip.GzipHandler - minGzipSize of 0 is inefficient for short content, break even is size 23
2025-10-01T11:23:49,058 INFO [main] org.apache.druid.java.util.common.lifecycle.Lifecycle - Starting lifecycle [module] stage [INIT]
2025-10-01T11:23:49,060 INFO [main] org.apache.druid.java.util.common.lifecycle.Lifecycle - Starting lifecycle [module] stage [NORMAL]
2025-10-01T11:23:49,063 INFO [main] org.apache.curator.framework.imps.CuratorFrameworkImpl - Starting
2025-10-01T11:23:49,072 INFO [main] org.apache.zookeeper.ZooKeeper - Client environment:zookeeper.version=3.8.3-6ad6d364c7c0bcf0de452d54ebefa3058098ab56, built on 2023-10-05 10:34 UTC
2025-10-01T11:23:49,073 INFO [main] org.apache.zookeeper.ZooKeeper - Client environment:host.name=ad6482da0a45
2025-10-01T11:23:49,075 INFO [main] org.apache.zookeeper.ZooKeeper - Client environment:java.version=17.0.10
2025-10-01T11:23:49,075 INFO [main] org.apache.zookeeper.ZooKeeper - Client environment:java.vendor=Debian
2025-10-01T11:23:49,076 INFO [main] org.apache.zookeeper.ZooKeeper - Client environment:java.home=/usr/lib/jvm/java-17-openjdk-amd64
2025-10-01T11:23:49,076 INFO [main] org.apache.zookeeper.ZooKeeper - Client environment:java.class.path=/opt/druid/overrides/*:/tmp/conf/druid/cluster/_common:/tmp/conf/druid/cluster/data/middleManager:lib/async-http-client-netty-utils-2.5.3.jar:lib/maven-settings-builder-3.1.1.jar:lib/json-simple-1.1.1.jar:lib/checker-qual-2.5.7.jar:lib/jetty-rewrite-9.4.53.v20231009.jar:lib/netty-resolver-4.1.100.Final.jar:lib/guice-4.1.0.jar:lib/jackson-datatype-guava-2.12.7.jar:lib/netty-reactive-streams-2.0.0.jar:lib/google-http-client-apache-v2-1.42.3.jar:lib/aws-java-sdk-sts-1.12.638.jar:lib/async-http-client-2.5.3.jar:lib/guice-assistedinject-4.1.0.jar:lib/jackson-databind-2.12.7.1.jar:lib/google-http-client-jackson2-1.42.3.jar:lib/jackson-jq-0.0.10.jar:lib/maven-model-builder-3.1.1.jar:lib/asm-commons-9.3.jar:lib/aether-connector-file-0.9.0.M2.jar:lib/accessors-smart-2.4.11.jar:lib/aws-java-sdk-ec2-1.12.638.jar:lib/aws-java-sdk-s3-1.12.638.jar:lib/jcodings-1.0.43.jar:lib/zookeeper-jute-3.8.3.jar:lib/disruptor-3.3.6.jar:lib/javax.activation-api-1.2.0.jar:lib/calcite-linq4j-1.35.0.jar:lib/derbyclient-10.14.2.0.jar:lib/google-http-client-1.42.3.jar:lib/netty-transport-classes-epoll-4.1.100.Final.jar:lib/maven-artifact-3.6.0.jar:lib/icu4j-73.2.jar:lib/reactive-streams-1.0.2.jar:lib/netty-resolver-dns-4.1.100.Final.jar:lib/guice-servlet-4.1.0.jar:lib/commons-collections-3.2.2.jar:lib/jna-platform-5.13.0.jar:lib/druid-indexing-hadoop-29.0.0.jar:lib/derbynet-10.14.2.0.jar:lib/txw2-2.3.1.jar:lib/guava-32.0.1-jre.jar:lib/asm-analysis-9.3.jar:lib/jcl-over-slf4j-1.7.36.jar:lib/curator-recipes-5.5.0.jar:lib/log4j-jul-2.18.0.jar:lib/log4j-1.2-api-2.18.0.jar:lib/netty-codec-4.1.100.Final.jar:lib/protobuf-java-3.24.0.jar:lib/httpclient-4.5.13.jar:lib/ipaddress-5.3.4.jar:lib/audience-annotations-0.12.0.jar:lib/druid-sql-29.0.0.jar:lib/maven-settings-3.1.1.jar:lib/airline-2.8.4.jar:lib/stax-ex-1.8.jar:lib/jaxb-runtime-2.3.1.jar:lib/druid-indexing-service-29.0.0.jar:lib/grpc-context-1.27.2.jar:lib/druid-processing-29.0.0.jar:lib/fastutil-extra-8.5.4.jar:lib/json-smart-2.4.11.jar:lib/jts-core-1.19.0.jar:lib/log4j-api-2.18.0.jar:lib/resilience4j-bulkhead-1.3.1.jar:lib/jetty-servlets-9.4.53.v20231009.jar:lib/okhttp-1.0.2.jar:lib/netty-codec-dns-4.1.100.Final.jar:lib/commons-math3-3.6.1.jar:lib/aws-java-sdk-core-1.12.638.jar:lib/FastInfoset-1.2.15.jar:lib/netty-common-4.1.100.Final.jar:lib/derby-10.14.2.0.jar:lib/log4j-slf4j-impl-2.18.0.jar:lib/jboss-logging-3.4.1.Final.jar:lib/curator-x-discovery-5.5.0.jar:lib/jmespath-java-1.12.638.jar:lib/error_prone_annotations-2.20.0.jar:lib/jetty-util-9.4.53.v20231009.jar:lib/cron-scheduler-0.1.jar:lib/vavr-match-0.10.2.jar:lib/aggdesigner-algorithm-6.0.jar:lib/airline-io-2.8.4.jar:lib/httpcore5-h2-5.1.3.jar:lib/jackson-jaxrs-base-2.12.7.jar:lib/jackson-module-guice-2.12.7.jar:lib/jetty-proxy-9.4.53.v20231009.jar:lib/zookeeper-3.8.3.jar:lib/hibernate-validator-6.2.5.Final.jar:lib/log4j-core-2.18.0.jar:lib/janino-3.1.9.jar:lib/jetty-http-9.4.53.v20231009.jar:lib/avatica-core-1.23.0.jar:lib/fastutil-core-8.5.4.jar:lib/maven-aether-provider-3.1.1.jar:lib/tesla-aether-0.0.5.jar:lib/uzaygezen-core-0.2.jar:lib/elasticache-java-cluster-client-1.2.0.jar:lib/commons-lang3-3.12.0.jar:lib/aether-spi-0.9.0.M2.jar:lib/jersey-servlet-1.19.4.jar:lib/druid-aws-common-29.0.0.jar:lib/json-path-2.3.0.jar:lib/druid-services-29.0.0.jar:lib/jaxb-api-2.3.1.jar:lib/metrics-core-4.2.22.jar:lib/aether-connector-okhttp-0.0.9.jar:lib/javax.inject-1.jar:lib/curator-framework-5.5.0.jar:lib/compress-lzf-1.0.4.jar:lib/zstd-jni-1.5.2-3.jar:lib/avatica-metrics-1.23.0.jar:lib/jetty-server-9.4.53.v20231009.jar:lib/netty-handler-proxy-4.1.100.Final.jar:lib/xz-1.9.jar:lib/commons-io-2.11.0.jar:lib/commons-codec-1.16.0.jar:lib/failureaccess-1.0.1.jar:lib/httpclient5-5.1.3.jar:lib/apiguardian-api-1.1.2.jar:lib/jetty-continuation-9.4.53.v20231009.jar:lib/avatica-server-1.23.0.jar:lib/jsr305-2.0.1.jar:lib/jersey-guice-1.19.4.jar:lib/guice-multibindings-4.1.0.jar:lib/aether-impl-0.9.0.M2.jar:lib/jetty-servlet-9.4.53.v20231009.jar:lib/netty-transport-native-unix-common-4.1.100.Final.jar:lib/druid-server-29.0.0.jar:lib/proj4j-1.2.2.jar:lib/asm-tree-9.3.jar:lib/netty-codec-http-4.1.100.Final.jar:lib/slf4j-api-1.7.36.jar:lib/javax.el-api-3.0.0.jar:lib/jackson-core-2.12.7.jar:lib/aether-api-0.9.0.M2.jar:lib/httpcore-4.4.11.jar:lib/jackson-jaxrs-smile-provider-2.12.7.jar:lib/jetty-security-9.4.53.v20231009.jar:lib/gson-2.10.jar:lib/plexus-utils-3.0.24.jar:lib/datasketches-memory-2.2.0.jar:lib/jackson-module-jaxb-annotations-2.12.7.jar:lib/jackson-jaxrs-json-provider-2.12.7.jar:lib/google-http-client-gson-1.42.3.jar:lib/jakarta.xml.bind-api-2.3.2.jar:lib/antlr4-runtime-4.5.3.jar:lib/commons-compiler-3.1.9.jar:lib/jdbi-2.63.1.jar:lib/rhino-1.7.14.jar:lib/aws-java-sdk-kms-1.12.638.jar:lib/j2objc-annotations-2.8.jar:lib/netty-3.10.6.Final.jar:lib/jakarta.activation-api-1.2.1.jar:lib/resilience4j-core-1.3.1.jar:lib/commons-beanutils-1.9.4.jar:lib/caffeine-2.8.0.jar:lib/sigar-1.6.5.132.jar:lib/jakarta.validation-api-2.0.2.jar:lib/calcite-core-1.35.0.jar:lib/opencensus-contrib-http-util-0.31.1.jar:lib/jetty-client-9.4.53.v20231009.jar:lib/jackson-dataformat-cbor-2.12.7.jar:lib/aether-util-0.9.0.M2.jar:lib/maven-repository-metadata-3.1.1.jar:lib/netty-transport-native-epoll-4.1.100.Final-linux-x86_64.jar:lib/druid-gcp-common-29.0.0.jar:lib/istack-commons-runtime-3.0.7.jar:lib/jna-5.13.0.jar:lib/jackson-dataformat-smile-2.12.7.jar:lib/asm-9.3.jar:lib/netty-buffer-4.1.100.Final.jar:lib/commons-lang-2.6.jar:lib/commons-logging-1.1.1.jar:lib/commons-collections4-4.2.jar:lib/maven-model-3.1.1.jar:lib/jts-io-common-1.19.0.jar:lib/vavr-0.10.2.jar:lib/commons-compress-1.24.0.jar:lib/fastutil-8.5.4.jar:lib/joni-2.1.27.jar:lib/joda-time-2.12.5.jar:lib/commons-text-1.10.0.jar:lib/plexus-interpolation-1.19.jar:lib/aopalliance-1.0.jar:lib/web-console-29.0.0.jar:lib/RoaringBitmap-0.9.49.jar:lib/datasketches-java-4.2.0.jar:lib/curator-client-5.5.0.jar:lib/opencsv-4.6.jar:lib/jetty-util-ajax-9.4.53.v20231009.jar:lib/javax.activation-1.2.0.jar:lib/jersey-core-1.19.4.jar:lib/commons-dbcp2-2.0.1.jar:lib/javax.servlet-api-3.1.0.jar:lib/jakarta.inject-api-1.0.3.jar:lib/netty-codec-socks-4.1.100.Final.jar:lib/netty-handler-4.1.100.Final.jar:lib/commons-pool2-2.2.jar:lib/jackson-annotations-2.12.7.jar:lib/httpcore5-5.1.3.jar:lib/google-oauth-client-1.34.1.jar:lib/jersey-server-1.19.4.jar:lib/oshi-core-6.4.4.jar:lib/wagon-provider-api-2.4.jar:lib/snappy-java-1.1.10.4.jar:lib/google-api-client-2.2.0.jar:lib/config-magic-0.9.jar:lib/shims-0.9.49.jar:lib/jakarta.el-3.0.4.jar:lib/jackson-datatype-joda-2.12.7.jar:lib/classmate-1.5.1.jar:lib/netty-transport-4.1.100.Final.jar:lib/jsr311-api-1.1.1.jar:lib/lz4-java-1.8.0.jar:lib/opencensus-api-0.31.1.jar:lib/jetty-io-9.4.53.v20231009.jar:
2025-10-01T11:23:49,078 INFO [main] org.apache.zookeeper.ZooKeeper - Client environment:java.library.path=/usr/java/packages/lib:/usr/lib/x86_64-linux-gnu/jni:/lib/x86_64-linux-gnu:/usr/lib/x86_64-linux-gnu:/usr/lib/jni:/lib:/usr/lib
2025-10-01T11:23:49,079 INFO [main] org.apache.zookeeper.ZooKeeper - Client environment:java.io.tmpdir=var/tmp
2025-10-01T11:23:49,079 INFO [main] org.apache.zookeeper.ZooKeeper - Client environment:java.compiler=<NA>
2025-10-01T11:23:49,079 INFO [main] org.apache.zookeeper.ZooKeeper - Client environment:os.name=Linux
2025-10-01T11:23:49,079 INFO [main] org.apache.zookeeper.ZooKeeper - Client environment:os.arch=amd64
2025-10-01T11:23:49,079 INFO [main] org.apache.zookeeper.ZooKeeper - Client environment:os.version=6.10.14-linuxkit
2025-10-01T11:23:49,080 INFO [main] org.apache.zookeeper.ZooKeeper - Client environment:user.name=druid
2025-10-01T11:23:49,080 INFO [main] org.apache.zookeeper.ZooKeeper - Client environment:user.home=/opt/druid
2025-10-01T11:23:49,080 INFO [main] org.apache.zookeeper.ZooKeeper - Client environment:user.dir=/opt/druid
2025-10-01T11:23:49,080 INFO [main] org.apache.zookeeper.ZooKeeper - Client environment:os.memory.free=145MB
2025-10-01T11:23:49,081 INFO [main] org.apache.zookeeper.ZooKeeper - Client environment:os.memory.max=256MB
2025-10-01T11:23:49,081 INFO [main] org.apache.zookeeper.ZooKeeper - Client environment:os.memory.total=256MB
2025-10-01T11:23:49,088 INFO [main] org.apache.zookeeper.ZooKeeper - Initiating client connection, connectString=zookeeper sessionTimeout=30000 watcher=org.apache.curator.ConnectionState@1c58d7be
2025-10-01T11:23:49,095 INFO [main] org.apache.zookeeper.common.X509Util - Setting -D jdk.tls.rejectClientInitiatedRenegotiation=true to disable client-initiated TLS renegotiation
2025-10-01T11:23:49,098 INFO [main] org.apache.zookeeper.ClientCnxnSocket - jute.maxbuffer value is 1048575 Bytes
2025-10-01T11:23:49,112 INFO [main] org.apache.zookeeper.ClientCnxn - zookeeper.request.timeout value is 0. feature enabled=false
2025-10-01T11:23:49,131 INFO [main] org.apache.curator.framework.imps.CuratorFrameworkImpl - Default schema
2025-10-01T11:23:49,131 INFO [main-SendThread(zookeeper:2181)] org.apache.zookeeper.ClientCnxn - Opening socket connection to server zookeeper/172.18.0.3:2181.
2025-10-01T11:23:49,134 INFO [main-SendThread(zookeeper:2181)] org.apache.zookeeper.ClientCnxn - SASL config status: Will not attempt to authenticate using SASL (unknown error)
2025-10-01T11:23:49,136 INFO [main] org.apache.druid.indexing.worker.WorkerCuratorCoordinator - WorkerCuratorCoordinator good to go sir. Server[middlemanager:8091]
2025-10-01T11:23:49,152 INFO [main-SendThread(zookeeper:2181)] org.apache.zookeeper.ClientCnxn - Socket connection established, initiating session, client: /172.18.0.8:42222, server: zookeeper/172.18.0.3:2181
2025-10-01T11:23:49,170 INFO [main-SendThread(zookeeper:2181)] org.apache.zookeeper.ClientCnxn - Session establishment complete on server zookeeper/172.18.0.3:2181, session id = 0x10000c7b4d50000, negotiated timeout = 30000
2025-10-01T11:23:49,174 INFO [main-EventThread] org.apache.curator.framework.state.ConnectionStateManager - State change: CONNECTED
2025-10-01T11:23:49,195 INFO [main-EventThread] org.apache.curator.framework.imps.EnsembleTracker - New config event received: {}
2025-10-01T11:23:49,198 INFO [main-EventThread] org.apache.curator.framework.imps.EnsembleTracker - New config event received: {}
2025-10-01T11:23:49,388 INFO [main] org.apache.druid.java.util.common.lifecycle.Lifecycle - Starting lifecycle [module] stage [SERVER]
2025-10-01T11:23:49,393 INFO [main] org.eclipse.jetty.server.Server - jetty-9.4.53.v20231009; built: 2023-10-09T12:29:09.265Z; git: 27bde00a0b95a1d5bbee0eae7984f891d2d0f8c9; jvm 17.0.10+7-Debian-1deb12u1
2025-10-01T11:23:49,429 INFO [NodeRoleWatcher[OVERLORD]] org.apache.druid.discovery.BaseNodeRoleWatcher - Node watcher of role [overlord] is now initialized with 0 nodes.
2025-10-01T11:23:49,489 INFO [main] org.eclipse.jetty.server.session - DefaultSessionIdManager workerName=node0
2025-10-01T11:23:49,493 INFO [main] org.eclipse.jetty.server.session - No SessionScavenger set, using defaults
2025-10-01T11:23:49,498 INFO [main] org.eclipse.jetty.server.session - node0 Scavenging every 660000ms
2025-10-01T11:23:49,758 INFO [main] com.sun.jersey.server.impl.application.WebApplicationImpl - Initiating Jersey application, version 'Jersey: 1.19.4 05/24/2017 03:20 PM'
2025-10-01T11:23:50,571 INFO [main] org.eclipse.jetty.server.handler.ContextHandler - Started o.e.j.s.ServletContextHandler@31b91435{/,null,AVAILABLE}
2025-10-01T11:23:50,733 INFO [main] org.eclipse.jetty.server.AbstractConnector - Started ServerConnector@7682bf66{HTTP/1.1, (http/1.1)}{0.0.0.0:8091}
2025-10-01T11:23:50,739 INFO [main] org.eclipse.jetty.server.Server - Started @12407ms
2025-10-01T11:23:50,784 INFO [main] org.apache.druid.java.util.common.lifecycle.Lifecycle - Starting lifecycle [module] stage [ANNOUNCEMENTS]
2025-10-01T11:23:50,851 INFO [main] org.apache.druid.curator.discovery.CuratorDruidNodeAnnouncer - Announced self [{"druidNode":{"service":"druid/middleManager","host":"middlemanager","bindOnHost":false,"plaintextPort":8091,"port":-1,"tlsPort":-1,"enablePlaintextPort":true,"enableTlsPort":false},"nodeType":"middleManager","services":{"workerNodeService":{"type":"workerNodeService","ip":"ad6482da0a45","capacity":2,"version":"0","category":"_default_worker_category"}},"startTime":"2025-10-01T11:23:49.006Z"}].
2025-10-01T11:23:50,852 INFO [main] org.apache.druid.java.util.common.lifecycle.Lifecycle - Successfully started lifecycle [module]
2025-10-01T11:23:51,557 INFO [NodeRoleWatcher[OVERLORD]] org.apache.druid.discovery.BaseNodeRoleWatcher - Node [http://overlord:8090] of role [overlord] detected.
