2025-10-02T00:09:20,427 INFO [TaskQueue-StorageSync] org.apache.druid.indexing.overlord.TaskQueue - Synced 0 tasks from storage (0 tasks added, 0 tasks removed).
2025-10-02T00:18:41,847 INFO [TaskQueue-StorageSync] org.apache.druid.indexing.overlord.TaskQueue - Synced 0 tasks from storage (0 tasks added, 0 tasks removed).
2025-10-02T00:28:02,499 INFO [TaskQueue-StorageSync] org.apache.druid.indexing.overlord.TaskQueue - Synced 0 tasks from storage (0 tasks added, 0 tasks removed).
2025-10-02T00:37:23,238 INFO [TaskQueue-StorageSync] org.apache.druid.indexing.overlord.TaskQueue - Synced 0 tasks from storage (0 tasks added, 0 tasks removed).
2025-10-02T00:55:04,216 INFO [TaskQueue-StorageSync] org.apache.druid.indexing.overlord.TaskQueue - Synced 0 tasks from storage (0 tasks added, 0 tasks removed).
2025-10-02T01:07:52,873 INFO [TaskQueue-StorageSync] org.apache.druid.indexing.overlord.TaskQueue - Synced 0 tasks from storage (0 tasks added, 0 tasks removed).
2025-10-02T01:17:13,253 INFO [TaskQueue-StorageSync] org.apache.druid.indexing.overlord.TaskQueue - Synced 0 tasks from storage (0 tasks added, 0 tasks removed).
2025-10-02T01:26:29,151 INFO [TaskQueue-StorageSync] org.apache.druid.indexing.overlord.TaskQueue - Synced 0 tasks from storage (0 tasks added, 0 tasks removed).
2025-10-02T01:44:04,006 INFO [TaskQueue-StorageSync] org.apache.druid.indexing.overlord.TaskQueue - Synced 0 tasks from storage (0 tasks added, 0 tasks removed).
2025-10-02T01:45:04,048 INFO [TaskQueue-StorageSync] org.apache.druid.indexing.overlord.TaskQueue - Synced 0 tasks from storage (0 tasks added, 0 tasks removed).
2025-10-02T01:46:04,052 INFO [TaskQueue-StorageSync] org.apache.druid.indexing.overlord.TaskQueue - Synced 0 tasks from storage (0 tasks added, 0 tasks removed).
2025-10-02T01:53:54,707 INFO [TaskQueue-StorageSync] org.apache.druid.indexing.overlord.TaskQueue - Synced 0 tasks from storage (0 tasks added, 0 tasks removed).
2025-10-02T02:11:39,845 INFO [TaskQueue-StorageSync] org.apache.druid.indexing.overlord.TaskQueue - Synced 0 tasks from storage (0 tasks added, 0 tasks removed).
2025-10-02T02:21:01,085 INFO [TaskQueue-StorageSync] org.apache.druid.indexing.overlord.TaskQueue - Synced 0 tasks from storage (0 tasks added, 0 tasks removed).
2025-10-02T02:30:22,161 INFO [TaskQueue-StorageSync] org.apache.druid.indexing.overlord.TaskQueue - Synced 0 tasks from storage (0 tasks added, 0 tasks removed).
2025-10-02T02:47:59,781 INFO [TaskQueue-StorageSync] org.apache.druid.indexing.overlord.TaskQueue - Synced 0 tasks from storage (0 tasks added, 0 tasks removed).
2025-10-02T02:57:21,103 INFO [TaskQueue-StorageSync] org.apache.druid.indexing.overlord.TaskQueue - Synced 0 tasks from storage (0 tasks added, 0 tasks removed).
2025-10-02T03:06:36,834 INFO [TaskQueue-StorageSync] org.apache.druid.indexing.overlord.TaskQueue - Synced 0 tasks from storage (0 tasks added, 0 tasks removed).
2025-10-02T03:24:19,218 INFO [TaskQueue-StorageSync] org.apache.druid.indexing.overlord.TaskQueue - Synced 0 tasks from storage (0 tasks added, 0 tasks removed).
2025-10-02T03:35:53,807 INFO [TaskQueue-StorageSync] org.apache.druid.indexing.overlord.TaskQueue - Synced 0 tasks from storage (0 tasks added, 0 tasks removed).
2025-10-02T03:38:09,586 INFO [TaskQueue-StorageSync] org.apache.druid.indexing.overlord.TaskQueue - Synced 0 tasks from storage (0 tasks added, 0 tasks removed).
2025-10-02T03:39:38,036 INFO [TaskQueue-StorageSync] org.apache.druid.indexing.overlord.TaskQueue - Synced 0 tasks from storage (0 tasks added, 0 tasks removed).
2025-10-02T03:47:48,541 INFO [TaskQueue-StorageSync] org.apache.druid.indexing.overlord.TaskQueue - Synced 0 tasks from storage (0 tasks added, 0 tasks removed).
2025-10-02T03:57:05,385 INFO [TaskQueue-StorageSync] org.apache.druid.indexing.overlord.TaskQueue - Synced 0 tasks from storage (0 tasks added, 0 tasks removed).
2025-10-02T04:05:57,088 INFO [TaskQueue-StorageSync] org.apache.druid.indexing.overlord.TaskQueue - Synced 0 tasks from storage (0 tasks added, 0 tasks removed).
2025-10-02T04:13:08,623 INFO [TaskQueue-StorageSync] org.apache.druid.indexing.overlord.TaskQueue - Synced 0 tasks from storage (0 tasks added, 0 tasks removed).
2025-10-02T04:22:14,614 INFO [TaskQueue-StorageSync] org.apache.druid.indexing.overlord.TaskQueue - Synced 0 tasks from storage (0 tasks added, 0 tasks removed).
2025-10-02T06:12:54,711 INFO [TaskQueue-StorageSync] org.apache.druid.indexing.overlord.TaskQueue - Synced 0 tasks from storage (0 tasks added, 0 tasks removed).
2025-10-02T06:13:54,715 INFO [TaskQueue-StorageSync] org.apache.druid.indexing.overlord.TaskQueue - Synced 0 tasks from storage (0 tasks added, 0 tasks removed).
2025-10-02T06:14:54,717 INFO [TaskQueue-StorageSync] org.apache.druid.indexing.overlord.TaskQueue - Synced 0 tasks from storage (0 tasks added, 0 tasks removed).
2025-10-02T06:15:43,733 INFO [Curator-PathChildrenCache-0] org.apache.druid.indexing.overlord.RemoteTaskRunner - Kaboom! Worker[middlemanager:8091] removed!
2025-10-02T06:15:43,739 INFO [Curator-PathChildrenCache-0] org.apache.druid.indexing.overlord.RemoteTaskRunner - [middlemanager:8091]: Found 0 tasks assigned
2025-10-02T06:15:44,566 INFO [Thread-53] org.apache.druid.java.util.common.lifecycle.Lifecycle - Lifecycle [module] running shutdown hook
2025-10-02T06:15:44,571 INFO [Thread-53] org.apache.druid.java.util.common.lifecycle.Lifecycle - Stopping lifecycle [module] stage [ANNOUNCEMENTS]
2025-10-02T06:15:44,574 INFO [Thread-53] org.apache.druid.curator.announcement.Announcer - Unannouncing [/druid/internal-discovery/OVERLORD/overlord:8090]
2025-10-02T06:15:44,589 INFO [Thread-53] org.apache.druid.curator.discovery.CuratorDruidNodeAnnouncer - Unannounced self [{"druidNode":{"service":"druid/overlord","host":"overlord","bindOnHost":false,"plaintextPort":8090,"port":-1,"tlsPort":-1,"enablePlaintextPort":true,"enableTlsPort":false},"nodeType":"overlord","services":{},"startTime":"2025-10-01T11:23:49.160Z"}].
2025-10-02T06:15:44,594 INFO [Thread-53] org.apache.druid.java.util.common.lifecycle.Lifecycle - Stopping lifecycle [module] stage [SERVER]
2025-10-02T06:15:44,609 INFO [Thread-53] org.eclipse.jetty.server.AbstractConnector - Stopped ServerConnector@c6d7256{HTTP/1.1, (http/1.1)}{0.0.0.0:8090}
2025-10-02T06:15:44,610 INFO [Thread-53] org.eclipse.jetty.server.session - node0 Stopped scavenging
2025-10-02T06:15:44,612 INFO [Thread-53] org.eclipse.jetty.server.handler.ContextHandler - Stopped o.e.j.s.ServletContextHandler@31cd0efa{/,jar:file:/opt/druid/lib/web-console-29.0.0.jar!/org/apache/druid/console,STOPPED}
2025-10-02T06:15:44,625 INFO [Thread-53] org.apache.druid.java.util.common.lifecycle.Lifecycle - Stopping lifecycle [module] stage [NORMAL]
2025-10-02T06:15:44,629 INFO [Thread-53] org.apache.druid.java.util.common.lifecycle.Lifecycle - Stopping lifecycle [task-master] stage [ANNOUNCEMENTS]
2025-10-02T06:15:44,630 INFO [Thread-53] org.apache.druid.java.util.common.lifecycle.Lifecycle - Stopping lifecycle [task-master] stage [SERVER]
2025-10-02T06:15:44,630 INFO [Thread-53] org.apache.druid.java.util.common.lifecycle.Lifecycle - Stopping lifecycle [task-master] stage [NORMAL]
2025-10-02T06:15:44,630 INFO [Thread-53] org.apache.druid.curator.discovery.CuratorServiceAnnouncer - Unannouncing service[DruidNode{serviceName='druid/overlord', host='overlord', bindOnHost=false, port=-1, plaintextPort=8090, enablePlaintextPort=true, tlsPort=-1, enableTlsPort=false}]
2025-10-02T06:15:44,632 INFO [Thread-53] org.apache.druid.indexing.common.actions.SegmentAllocationQueue - Not leader anymore. Stopping queue processing.
2025-10-02T06:15:44,632 INFO [Thread-53] org.apache.druid.indexing.overlord.duty.OverlordDutyExecutor - Stopping OverlordDutyExecutor.
2025-10-02T06:15:44,632 INFO [Thread-53] org.apache.druid.indexing.overlord.duty.OverlordDutyExecutor - OverlordDutyExecutor has been stopped.
2025-10-02T06:15:44,632 INFO [Thread-53] org.apache.druid.indexing.overlord.supervisor.SupervisorManager - SupervisorManager stopped.
2025-10-02T06:15:44,633 INFO [Thread-53] org.apache.druid.indexing.overlord.RemoteTaskRunner - Stopping RemoteTaskRunner...
2025-10-02T06:15:44,637 INFO [Thread-53] org.apache.druid.java.util.common.lifecycle.Lifecycle - Stopping lifecycle [task-master] stage [INIT]
2025-10-02T06:15:44,657 INFO [Thread-53] org.apache.druid.indexing.common.actions.SegmentAllocationQueue - Tearing down segment allocation queue.
2025-10-02T06:15:44,660 INFO [Curator-Framework-0] org.apache.curator.framework.imps.CuratorFrameworkImpl - backgroundOperationsLoop exiting
2025-10-02T06:15:44,766 INFO [Thread-53] org.apache.zookeeper.ZooKeeper - Session: 0x10000c7b4d50004 closed
2025-10-02T06:15:44,766 INFO [main-EventThread] org.apache.zookeeper.ClientCnxn - EventThread shut down for session: 0x10000c7b4d50004
2025-10-02T06:15:44,767 INFO [Thread-53] org.apache.druid.java.util.common.lifecycle.Lifecycle - Stopping lifecycle [module] stage [INIT]
2025-10-02T07:15:09,927 INFO [main] org.hibernate.validator.internal.util.Version - HV000001: Hibernate Validator 6.2.5.Final
2025-10-02T07:15:11,152 INFO [main] org.apache.druid.guice.ExtensionsLoader - Loading extension [druid-hdfs-storage], jars: aws-java-sdk-s3-1.12.638.jar, httpclient-4.5.13.jar, hadoop-client-api-3.3.6.jar, hadoop-aws-3.3.6.jar, aws-java-sdk-core-1.12.638.jar, jmespath-java-1.12.638.jar, hadoop-client-runtime-3.3.6.jar, druid-hdfs-storage-29.0.0.jar, commons-codec-1.16.0.jar, jsr305-2.0.1.jar, slf4j-api-1.7.36.jar, httpcore-4.4.11.jar, aws-java-sdk-kms-1.12.638.jar, jackson-dataformat-cbor-2.12.7.jar, commons-logging-1.1.1.jar, wildfly-openssl-1.1.3.Final.jar, joda-time-2.12.5.jar, snappy-java-1.1.10.4.jar
2025-10-02T07:15:11,184 INFO [main] org.apache.druid.guice.ExtensionsLoader - Loading extension [druid-kafka-indexing-service], jars: kafka-clients-3.6.1.jar, zstd-jni-1.5.2-3.jar, druid-kafka-indexing-service-29.0.0.jar, snappy-java-1.1.10.4.jar, lz4-java-1.8.0.jar
2025-10-02T07:15:11,195 INFO [main] org.apache.druid.guice.ExtensionsLoader - Loading extension [druid-datasketches], jars: druid-datasketches-29.0.0.jar, commons-math3-3.6.1.jar
2025-10-02T07:15:11,199 INFO [main] org.apache.druid.guice.ExtensionsLoader - Loading extension [druid-multi-stage-query], jars: druid-multi-stage-query-29.0.0.jar
2025-10-02T07:15:11,204 INFO [main] org.apache.druid.guice.ExtensionsLoader - Loading extension [postgresql-metadata-storage], jars: postgresql-42.6.0.jar, checker-qual-3.31.0.jar, postgresql-metadata-storage-29.0.0.jar
2025-10-02T07:15:11,814 INFO [main] org.apache.druid.guice.ExtensionsLoader - Loading extension [druid-hdfs-storage], jars: aws-java-sdk-s3-1.12.638.jar, httpclient-4.5.13.jar, hadoop-client-api-3.3.6.jar, hadoop-aws-3.3.6.jar, aws-java-sdk-core-1.12.638.jar, jmespath-java-1.12.638.jar, hadoop-client-runtime-3.3.6.jar, druid-hdfs-storage-29.0.0.jar, commons-codec-1.16.0.jar, jsr305-2.0.1.jar, slf4j-api-1.7.36.jar, httpcore-4.4.11.jar, aws-java-sdk-kms-1.12.638.jar, jackson-dataformat-cbor-2.12.7.jar, commons-logging-1.1.1.jar, wildfly-openssl-1.1.3.Final.jar, joda-time-2.12.5.jar, snappy-java-1.1.10.4.jar
2025-10-02T07:15:11,829 INFO [main] org.apache.druid.guice.ExtensionsLoader - Loading extension [druid-kafka-indexing-service], jars: kafka-clients-3.6.1.jar, zstd-jni-1.5.2-3.jar, druid-kafka-indexing-service-29.0.0.jar, snappy-java-1.1.10.4.jar, lz4-java-1.8.0.jar
2025-10-02T07:15:11,836 INFO [main] org.apache.druid.guice.ExtensionsLoader - Loading extension [druid-datasketches], jars: druid-datasketches-29.0.0.jar, commons-math3-3.6.1.jar
2025-10-02T07:15:11,846 INFO [main] org.apache.druid.guice.ExtensionsLoader - Loading extension [druid-multi-stage-query], jars: druid-multi-stage-query-29.0.0.jar
2025-10-02T07:15:11,881 INFO [main] org.apache.druid.guice.ExtensionsLoader - Loading extension [postgresql-metadata-storage], jars: postgresql-42.6.0.jar, checker-qual-3.31.0.jar, postgresql-metadata-storage-29.0.0.jar
2025-10-02T07:15:13,948 WARN [main] org.apache.hadoop.util.NativeCodeLoader - Unable to load native-hadoop library for your platform... using builtin-java classes where applicable
2025-10-02T07:15:16,945 INFO [main] org.apache.druid.metadata.storage.postgresql.PostgreSQLConnector - Configured PostgreSQL as metadata storage
2025-10-02T07:15:17,078 INFO [main] org.apache.druid.metadata.storage.postgresql.PostgreSQLConnector - Configured PostgreSQL as metadata storage
2025-10-02T07:15:17,145 INFO [main] org.apache.druid.server.emitter.EmitterModule - Using emitter [NoopEmitter{}] for metrics and alerts, with dimensions [{version=29.0.0}].
2025-10-02T07:15:18,107 INFO [main] org.apache.druid.server.metrics.MetricsModule - Loaded 4 monitors: org.apache.druid.java.util.metrics.JvmMonitor, org.apache.druid.server.metrics.ServiceStatusMonitor, org.apache.druid.curator.DruidConnectionStateListener, org.apache.druid.server.initialization.jetty.JettyServerModule$JettyMonitor
2025-10-02T07:15:18,143 INFO [main] org.apache.druid.cli.CliOverlord - Starting up with processors [10], memory [536,870,912], maxMemory [536,870,912], directMemory [536,870,912]. Properties follow.
2025-10-02T07:15:18,147 INFO [main] org.apache.druid.cli.CliOverlord - * derby.stream.error.file: var/druid/derby.log
2025-10-02T07:15:18,147 INFO [main] org.apache.druid.cli.CliOverlord - * druid.emitter: noop
2025-10-02T07:15:18,148 INFO [main] org.apache.druid.cli.CliOverlord - * druid.emitter.logging.logLevel: info
2025-10-02T07:15:18,148 INFO [main] org.apache.druid.cli.CliOverlord - * druid.expressions.useStrictBooleans: true
2025-10-02T07:15:18,152 INFO [main] org.apache.druid.cli.CliOverlord - * druid.extensions.loadList: ["druid-hdfs-storage", "druid-kafka-indexing-service", "druid-datasketches", "druid-multi-stage-query", "postgresql-metadata-storage"]
2025-10-02T07:15:18,152 INFO [main] org.apache.druid.cli.CliOverlord - * druid.host: overlord
2025-10-02T07:15:18,153 INFO [main] org.apache.druid.cli.CliOverlord - * druid.indexer.logs.directory: var/druid/indexing-logs
2025-10-02T07:15:18,154 INFO [main] org.apache.druid.cli.CliOverlord - * druid.indexer.logs.type: file
2025-10-02T07:15:18,154 INFO [main] org.apache.druid.cli.CliOverlord - * druid.indexer.queue.startDelay: PT5S
2025-10-02T07:15:18,154 INFO [main] org.apache.druid.cli.CliOverlord - * druid.indexer.runner.maxZnodeBytes: 9437184
2025-10-02T07:15:18,155 INFO [main] org.apache.druid.cli.CliOverlord - * druid.indexer.runner.type: remote
2025-10-02T07:15:18,155 INFO [main] org.apache.druid.cli.CliOverlord - * druid.indexer.storage.type: metadata
2025-10-02T07:15:18,155 INFO [main] org.apache.druid.cli.CliOverlord - * druid.indexing.doubleStorage: double
2025-10-02T07:15:18,155 INFO [main] org.apache.druid.cli.CliOverlord - * druid.lookup.enableLookupSyncOnStartup: false
2025-10-02T07:15:18,156 INFO [main] org.apache.druid.cli.CliOverlord - * druid.metadata.storage.connector.connectURI: jdbc:postgresql://metadata-storage:5432/druid
2025-10-02T07:15:18,156 INFO [main] org.apache.druid.cli.CliOverlord - * druid.metadata.storage.connector.password: <masked>
2025-10-02T07:15:18,156 INFO [main] org.apache.druid.cli.CliOverlord - * druid.metadata.storage.connector.user: druid
2025-10-02T07:15:18,157 INFO [main] org.apache.druid.cli.CliOverlord - * druid.metadata.storage.type: postgresql
2025-10-02T07:15:18,157 INFO [main] org.apache.druid.cli.CliOverlord - * druid.monitoring.monitors: ["org.apache.druid.java.util.metrics.JvmMonitor", "org.apache.druid.server.metrics.ServiceStatusMonitor"]
2025-10-02T07:15:18,157 INFO [main] org.apache.druid.cli.CliOverlord - * druid.node.type: overlord
2025-10-02T07:15:18,157 INFO [main] org.apache.druid.cli.CliOverlord - * druid.plaintextPort: 8090
2025-10-02T07:15:18,158 INFO [main] org.apache.druid.cli.CliOverlord - * druid.selectors.coordinator.serviceName: druid/coordinator
2025-10-02T07:15:18,159 INFO [main] org.apache.druid.cli.CliOverlord - * druid.selectors.indexing.serviceName: druid/overlord
2025-10-02T07:15:18,159 INFO [main] org.apache.druid.cli.CliOverlord - * druid.server.hiddenProperties: ["druid.s3.accessKey","druid.s3.secretKey","druid.metadata.storage.connector.password", "password", "key", "token", "pwd"]
2025-10-02T07:15:18,159 INFO [main] org.apache.druid.cli.CliOverlord - * druid.service: druid/overlord
2025-10-02T07:15:18,159 INFO [main] org.apache.druid.cli.CliOverlord - * druid.sql.enable: true
2025-10-02T07:15:18,159 INFO [main] org.apache.druid.cli.CliOverlord - * druid.sql.planner.useGroupingSetForExactDistinct: true
2025-10-02T07:15:18,159 INFO [main] org.apache.druid.cli.CliOverlord - * druid.startup.logging.logProperties: true
2025-10-02T07:15:18,159 INFO [main] org.apache.druid.cli.CliOverlord - * druid.storage.storageDirectory: var/druid/segments
2025-10-02T07:15:18,159 INFO [main] org.apache.druid.cli.CliOverlord - * druid.storage.type: local
2025-10-02T07:15:18,161 INFO [main] org.apache.druid.cli.CliOverlord - * druid.zk.paths.base: /druid
2025-10-02T07:15:18,161 INFO [main] org.apache.druid.cli.CliOverlord - * druid.zk.service.host: zookeeper
2025-10-02T07:15:18,161 INFO [main] org.apache.druid.cli.CliOverlord - * file.encoding: UTF-8
2025-10-02T07:15:18,161 INFO [main] org.apache.druid.cli.CliOverlord - * file.separator: /
2025-10-02T07:15:18,161 INFO [main] org.apache.druid.cli.CliOverlord - * java.class.path: /opt/druid/overrides/*:/tmp/conf/druid/cluster/_common:/tmp/conf/druid/cluster/master/coordinator-overlord:lib/async-http-client-netty-utils-2.5.3.jar:lib/maven-settings-builder-3.1.1.jar:lib/json-simple-1.1.1.jar:lib/checker-qual-2.5.7.jar:lib/jetty-rewrite-9.4.53.v20231009.jar:lib/netty-resolver-4.1.100.Final.jar:lib/guice-4.1.0.jar:lib/jackson-datatype-guava-2.12.7.jar:lib/netty-reactive-streams-2.0.0.jar:lib/google-http-client-apache-v2-1.42.3.jar:lib/aws-java-sdk-sts-1.12.638.jar:lib/async-http-client-2.5.3.jar:lib/guice-assistedinject-4.1.0.jar:lib/jackson-databind-2.12.7.1.jar:lib/google-http-client-jackson2-1.42.3.jar:lib/jackson-jq-0.0.10.jar:lib/maven-model-builder-3.1.1.jar:lib/asm-commons-9.3.jar:lib/aether-connector-file-0.9.0.M2.jar:lib/accessors-smart-2.4.11.jar:lib/aws-java-sdk-ec2-1.12.638.jar:lib/aws-java-sdk-s3-1.12.638.jar:lib/jcodings-1.0.43.jar:lib/zookeeper-jute-3.8.3.jar:lib/disruptor-3.3.6.jar:lib/javax.activation-api-1.2.0.jar:lib/calcite-linq4j-1.35.0.jar:lib/derbyclient-10.14.2.0.jar:lib/google-http-client-1.42.3.jar:lib/netty-transport-classes-epoll-4.1.100.Final.jar:lib/maven-artifact-3.6.0.jar:lib/icu4j-73.2.jar:lib/reactive-streams-1.0.2.jar:lib/netty-resolver-dns-4.1.100.Final.jar:lib/guice-servlet-4.1.0.jar:lib/commons-collections-3.2.2.jar:lib/jna-platform-5.13.0.jar:lib/druid-indexing-hadoop-29.0.0.jar:lib/derbynet-10.14.2.0.jar:lib/txw2-2.3.1.jar:lib/guava-32.0.1-jre.jar:lib/asm-analysis-9.3.jar:lib/jcl-over-slf4j-1.7.36.jar:lib/curator-recipes-5.5.0.jar:lib/log4j-jul-2.18.0.jar:lib/log4j-1.2-api-2.18.0.jar:lib/netty-codec-4.1.100.Final.jar:lib/protobuf-java-3.24.0.jar:lib/httpclient-4.5.13.jar:lib/ipaddress-5.3.4.jar:lib/audience-annotations-0.12.0.jar:lib/druid-sql-29.0.0.jar:lib/maven-settings-3.1.1.jar:lib/airline-2.8.4.jar:lib/stax-ex-1.8.jar:lib/jaxb-runtime-2.3.1.jar:lib/druid-indexing-service-29.0.0.jar:lib/grpc-context-1.27.2.jar:lib/druid-processing-29.0.0.jar:lib/fastutil-extra-8.5.4.jar:lib/json-smart-2.4.11.jar:lib/jts-core-1.19.0.jar:lib/log4j-api-2.18.0.jar:lib/resilience4j-bulkhead-1.3.1.jar:lib/jetty-servlets-9.4.53.v20231009.jar:lib/okhttp-1.0.2.jar:lib/netty-codec-dns-4.1.100.Final.jar:lib/commons-math3-3.6.1.jar:lib/aws-java-sdk-core-1.12.638.jar:lib/FastInfoset-1.2.15.jar:lib/netty-common-4.1.100.Final.jar:lib/derby-10.14.2.0.jar:lib/log4j-slf4j-impl-2.18.0.jar:lib/jboss-logging-3.4.1.Final.jar:lib/curator-x-discovery-5.5.0.jar:lib/jmespath-java-1.12.638.jar:lib/error_prone_annotations-2.20.0.jar:lib/jetty-util-9.4.53.v20231009.jar:lib/cron-scheduler-0.1.jar:lib/vavr-match-0.10.2.jar:lib/aggdesigner-algorithm-6.0.jar:lib/airline-io-2.8.4.jar:lib/httpcore5-h2-5.1.3.jar:lib/jackson-jaxrs-base-2.12.7.jar:lib/jackson-module-guice-2.12.7.jar:lib/jetty-proxy-9.4.53.v20231009.jar:lib/zookeeper-3.8.3.jar:lib/hibernate-validator-6.2.5.Final.jar:lib/log4j-core-2.18.0.jar:lib/janino-3.1.9.jar:lib/jetty-http-9.4.53.v20231009.jar:lib/avatica-core-1.23.0.jar:lib/fastutil-core-8.5.4.jar:lib/maven-aether-provider-3.1.1.jar:lib/tesla-aether-0.0.5.jar:lib/uzaygezen-core-0.2.jar:lib/elasticache-java-cluster-client-1.2.0.jar:lib/commons-lang3-3.12.0.jar:lib/aether-spi-0.9.0.M2.jar:lib/jersey-servlet-1.19.4.jar:lib/druid-aws-common-29.0.0.jar:lib/json-path-2.3.0.jar:lib/druid-services-29.0.0.jar:lib/jaxb-api-2.3.1.jar:lib/metrics-core-4.2.22.jar:lib/aether-connector-okhttp-0.0.9.jar:lib/javax.inject-1.jar:lib/curator-framework-5.5.0.jar:lib/compress-lzf-1.0.4.jar:lib/zstd-jni-1.5.2-3.jar:lib/avatica-metrics-1.23.0.jar:lib/jetty-server-9.4.53.v20231009.jar:lib/netty-handler-proxy-4.1.100.Final.jar:lib/xz-1.9.jar:lib/commons-io-2.11.0.jar:lib/commons-codec-1.16.0.jar:lib/failureaccess-1.0.1.jar:lib/httpclient5-5.1.3.jar:lib/apiguardian-api-1.1.2.jar:lib/jetty-continuation-9.4.53.v20231009.jar:lib/avatica-server-1.23.0.jar:lib/jsr305-2.0.1.jar:lib/jersey-guice-1.19.4.jar:lib/guice-multibindings-4.1.0.jar:lib/aether-impl-0.9.0.M2.jar:lib/jetty-servlet-9.4.53.v20231009.jar:lib/netty-transport-native-unix-common-4.1.100.Final.jar:lib/druid-server-29.0.0.jar:lib/proj4j-1.2.2.jar:lib/asm-tree-9.3.jar:lib/netty-codec-http-4.1.100.Final.jar:lib/slf4j-api-1.7.36.jar:lib/javax.el-api-3.0.0.jar:lib/jackson-core-2.12.7.jar:lib/aether-api-0.9.0.M2.jar:lib/httpcore-4.4.11.jar:lib/jackson-jaxrs-smile-provider-2.12.7.jar:lib/jetty-security-9.4.53.v20231009.jar:lib/gson-2.10.jar:lib/plexus-utils-3.0.24.jar:lib/datasketches-memory-2.2.0.jar:lib/jackson-module-jaxb-annotations-2.12.7.jar:lib/jackson-jaxrs-json-provider-2.12.7.jar:lib/google-http-client-gson-1.42.3.jar:lib/jakarta.xml.bind-api-2.3.2.jar:lib/antlr4-runtime-4.5.3.jar:lib/commons-compiler-3.1.9.jar:lib/jdbi-2.63.1.jar:lib/rhino-1.7.14.jar:lib/aws-java-sdk-kms-1.12.638.jar:lib/j2objc-annotations-2.8.jar:lib/netty-3.10.6.Final.jar:lib/jakarta.activation-api-1.2.1.jar:lib/resilience4j-core-1.3.1.jar:lib/commons-beanutils-1.9.4.jar:lib/caffeine-2.8.0.jar:lib/sigar-1.6.5.132.jar:lib/jakarta.validation-api-2.0.2.jar:lib/calcite-core-1.35.0.jar:lib/opencensus-contrib-http-util-0.31.1.jar:lib/jetty-client-9.4.53.v20231009.jar:lib/jackson-dataformat-cbor-2.12.7.jar:lib/aether-util-0.9.0.M2.jar:lib/maven-repository-metadata-3.1.1.jar:lib/netty-transport-native-epoll-4.1.100.Final-linux-x86_64.jar:lib/druid-gcp-common-29.0.0.jar:lib/istack-commons-runtime-3.0.7.jar:lib/jna-5.13.0.jar:lib/jackson-dataformat-smile-2.12.7.jar:lib/asm-9.3.jar:lib/netty-buffer-4.1.100.Final.jar:lib/commons-lang-2.6.jar:lib/commons-logging-1.1.1.jar:lib/commons-collections4-4.2.jar:lib/maven-model-3.1.1.jar:lib/jts-io-common-1.19.0.jar:lib/vavr-0.10.2.jar:lib/commons-compress-1.24.0.jar:lib/fastutil-8.5.4.jar:lib/joni-2.1.27.jar:lib/joda-time-2.12.5.jar:lib/commons-text-1.10.0.jar:lib/plexus-interpolation-1.19.jar:lib/aopalliance-1.0.jar:lib/web-console-29.0.0.jar:lib/RoaringBitmap-0.9.49.jar:lib/datasketches-java-4.2.0.jar:lib/curator-client-5.5.0.jar:lib/opencsv-4.6.jar:lib/jetty-util-ajax-9.4.53.v20231009.jar:lib/javax.activation-1.2.0.jar:lib/jersey-core-1.19.4.jar:lib/commons-dbcp2-2.0.1.jar:lib/javax.servlet-api-3.1.0.jar:lib/jakarta.inject-api-1.0.3.jar:lib/netty-codec-socks-4.1.100.Final.jar:lib/netty-handler-4.1.100.Final.jar:lib/commons-pool2-2.2.jar:lib/jackson-annotations-2.12.7.jar:lib/httpcore5-5.1.3.jar:lib/google-oauth-client-1.34.1.jar:lib/jersey-server-1.19.4.jar:lib/oshi-core-6.4.4.jar:lib/wagon-provider-api-2.4.jar:lib/snappy-java-1.1.10.4.jar:lib/google-api-client-2.2.0.jar:lib/config-magic-0.9.jar:lib/shims-0.9.49.jar:lib/jakarta.el-3.0.4.jar:lib/jackson-datatype-joda-2.12.7.jar:lib/classmate-1.5.1.jar:lib/netty-transport-4.1.100.Final.jar:lib/jsr311-api-1.1.1.jar:lib/lz4-java-1.8.0.jar:lib/opencensus-api-0.31.1.jar:lib/jetty-io-9.4.53.v20231009.jar:
2025-10-02T07:15:18,162 INFO [main] org.apache.druid.cli.CliOverlord - * java.class.version: 61.0
2025-10-02T07:15:18,163 INFO [main] org.apache.druid.cli.CliOverlord - * java.home: /usr/lib/jvm/java-17-openjdk-amd64
2025-10-02T07:15:18,164 INFO [main] org.apache.druid.cli.CliOverlord - * java.io.tmpdir: var/tmp
2025-10-02T07:15:18,165 INFO [main] org.apache.druid.cli.CliOverlord - * java.library.path: /usr/java/packages/lib:/usr/lib/x86_64-linux-gnu/jni:/lib/x86_64-linux-gnu:/usr/lib/x86_64-linux-gnu:/usr/lib/jni:/lib:/usr/lib
2025-10-02T07:15:18,166 INFO [main] org.apache.druid.cli.CliOverlord - * java.runtime.name: OpenJDK Runtime Environment
2025-10-02T07:15:18,167 INFO [main] org.apache.druid.cli.CliOverlord - * java.runtime.version: 17.0.10+7-Debian-1deb12u1
2025-10-02T07:15:18,168 INFO [main] org.apache.druid.cli.CliOverlord - * java.specification.name: Java Platform API Specification
2025-10-02T07:15:18,170 INFO [main] org.apache.druid.cli.CliOverlord - * java.specification.vendor: Oracle Corporation
2025-10-02T07:15:18,170 INFO [main] org.apache.druid.cli.CliOverlord - * java.specification.version: 17
2025-10-02T07:15:18,171 INFO [main] org.apache.druid.cli.CliOverlord - * java.util.logging.manager: org.apache.logging.log4j.jul.LogManager
2025-10-02T07:15:18,172 INFO [main] org.apache.druid.cli.CliOverlord - * java.vendor: Debian
2025-10-02T07:15:18,174 INFO [main] org.apache.druid.cli.CliOverlord - * java.vendor.url: https://tracker.debian.org/openjdk-17
2025-10-02T07:15:18,175 INFO [main] org.apache.druid.cli.CliOverlord - * java.vendor.url.bug: https://bugs.debian.org/openjdk-17
2025-10-02T07:15:18,176 INFO [main] org.apache.druid.cli.CliOverlord - * java.version: 17.0.10
2025-10-02T07:15:18,176 INFO [main] org.apache.druid.cli.CliOverlord - * java.version.date: 2024-01-16
2025-10-02T07:15:18,177 INFO [main] org.apache.druid.cli.CliOverlord - * java.vm.compressedOopsMode: 32-bit
2025-10-02T07:15:18,180 INFO [main] org.apache.druid.cli.CliOverlord - * java.vm.info: mixed mode, sharing
2025-10-02T07:15:18,180 INFO [main] org.apache.druid.cli.CliOverlord - * java.vm.name: OpenJDK 64-Bit Server VM
2025-10-02T07:15:18,181 INFO [main] org.apache.druid.cli.CliOverlord - * java.vm.specification.name: Java Virtual Machine Specification
2025-10-02T07:15:18,182 INFO [main] org.apache.druid.cli.CliOverlord - * java.vm.specification.vendor: Oracle Corporation
2025-10-02T07:15:18,182 INFO [main] org.apache.druid.cli.CliOverlord - * java.vm.specification.version: 17
2025-10-02T07:15:18,183 INFO [main] org.apache.druid.cli.CliOverlord - * java.vm.vendor: Debian
2025-10-02T07:15:18,183 INFO [main] org.apache.druid.cli.CliOverlord - * java.vm.version: 17.0.10+7-Debian-1deb12u1
2025-10-02T07:15:18,183 INFO [main] org.apache.druid.cli.CliOverlord - * jdk.debug: release
2025-10-02T07:15:18,186 INFO [main] org.apache.druid.cli.CliOverlord - * line.separator: 

2025-10-02T07:15:18,187 INFO [main] org.apache.druid.cli.CliOverlord - * log4j.shutdownCallbackRegistry: org.apache.druid.common.config.Log4jShutdown
2025-10-02T07:15:18,189 INFO [main] org.apache.druid.cli.CliOverlord - * log4j.shutdownHookEnabled: true
2025-10-02T07:15:18,189 INFO [main] org.apache.druid.cli.CliOverlord - * log4j2.is.webapp: false
2025-10-02T07:15:18,189 INFO [main] org.apache.druid.cli.CliOverlord - * native.encoding: UTF-8
2025-10-02T07:15:18,189 INFO [main] org.apache.druid.cli.CliOverlord - * os.arch: amd64
2025-10-02T07:15:18,189 INFO [main] org.apache.druid.cli.CliOverlord - * os.name: Linux
2025-10-02T07:15:18,190 INFO [main] org.apache.druid.cli.CliOverlord - * os.version: 6.10.14-linuxkit
2025-10-02T07:15:18,190 INFO [main] org.apache.druid.cli.CliOverlord - * path.separator: :
2025-10-02T07:15:18,190 INFO [main] org.apache.druid.cli.CliOverlord - * sun.arch.data.model: 64
2025-10-02T07:15:18,190 INFO [main] org.apache.druid.cli.CliOverlord - * sun.boot.library.path: /usr/lib/jvm/java-17-openjdk-amd64/lib
2025-10-02T07:15:18,191 INFO [main] org.apache.druid.cli.CliOverlord - * sun.cpu.endian: little
2025-10-02T07:15:18,191 INFO [main] org.apache.druid.cli.CliOverlord - * sun.io.unicode.encoding: UnicodeLittle
2025-10-02T07:15:18,193 INFO [main] org.apache.druid.cli.CliOverlord - * sun.java.command: org.apache.druid.cli.Main server overlord
2025-10-02T07:15:18,193 INFO [main] org.apache.druid.cli.CliOverlord - * sun.java.launcher: SUN_STANDARD
2025-10-02T07:15:18,193 INFO [main] org.apache.druid.cli.CliOverlord - * sun.jnu.encoding: UTF-8
2025-10-02T07:15:18,193 INFO [main] org.apache.druid.cli.CliOverlord - * sun.management.compiler: HotSpot 64-Bit Tiered Compilers
2025-10-02T07:15:18,194 INFO [main] org.apache.druid.cli.CliOverlord - * user.dir: /opt/druid
2025-10-02T07:15:18,194 INFO [main] org.apache.druid.cli.CliOverlord - * user.home: /opt/druid
2025-10-02T07:15:18,194 INFO [main] org.apache.druid.cli.CliOverlord - * user.language: en
2025-10-02T07:15:18,195 INFO [main] org.apache.druid.cli.CliOverlord - * user.name: druid
2025-10-02T07:15:18,196 INFO [main] org.apache.druid.cli.CliOverlord - * user.timezone: UTC
2025-10-02T07:15:18,303 INFO [main] org.eclipse.jetty.util.log - Logging initialized @11278ms to org.eclipse.jetty.util.log.Slf4jLog
2025-10-02T07:15:18,327 INFO [main] org.apache.druid.server.initialization.jetty.JettyServerModule - Creating http connector with port [8090]
2025-10-02T07:15:18,479 WARN [main] org.eclipse.jetty.server.handler.gzip.GzipHandler - minGzipSize of 0 is inefficient for short content, break even is size 23
2025-10-02T07:15:18,538 INFO [main] org.apache.druid.java.util.common.lifecycle.Lifecycle - Starting lifecycle [module] stage [INIT]
2025-10-02T07:15:18,541 INFO [main] org.apache.druid.java.util.common.lifecycle.Lifecycle - Starting lifecycle [module] stage [NORMAL]
2025-10-02T07:15:18,936 INFO [main] org.apache.druid.metadata.SQLMetadataConnector - Table[druid_config] already exists
2025-10-02T07:15:19,027 INFO [main] org.apache.druid.metadata.SQLMetadataConnector - Table[druid_audit] already exists
2025-10-02T07:15:19,027 INFO [main] org.apache.curator.framework.imps.CuratorFrameworkImpl - Starting
2025-10-02T07:15:19,040 INFO [main] org.apache.zookeeper.ZooKeeper - Client environment:zookeeper.version=3.8.3-6ad6d364c7c0bcf0de452d54ebefa3058098ab56, built on 2023-10-05 10:34 UTC
2025-10-02T07:15:19,043 INFO [main] org.apache.zookeeper.ZooKeeper - Client environment:host.name=c18ced599923
2025-10-02T07:15:19,046 INFO [main] org.apache.zookeeper.ZooKeeper - Client environment:java.version=17.0.10
2025-10-02T07:15:19,046 INFO [main] org.apache.zookeeper.ZooKeeper - Client environment:java.vendor=Debian
2025-10-02T07:15:19,047 INFO [main] org.apache.zookeeper.ZooKeeper - Client environment:java.home=/usr/lib/jvm/java-17-openjdk-amd64
2025-10-02T07:15:19,047 INFO [main] org.apache.zookeeper.ZooKeeper - Client environment:java.class.path=/opt/druid/overrides/*:/tmp/conf/druid/cluster/_common:/tmp/conf/druid/cluster/master/coordinator-overlord:lib/async-http-client-netty-utils-2.5.3.jar:lib/maven-settings-builder-3.1.1.jar:lib/json-simple-1.1.1.jar:lib/checker-qual-2.5.7.jar:lib/jetty-rewrite-9.4.53.v20231009.jar:lib/netty-resolver-4.1.100.Final.jar:lib/guice-4.1.0.jar:lib/jackson-datatype-guava-2.12.7.jar:lib/netty-reactive-streams-2.0.0.jar:lib/google-http-client-apache-v2-1.42.3.jar:lib/aws-java-sdk-sts-1.12.638.jar:lib/async-http-client-2.5.3.jar:lib/guice-assistedinject-4.1.0.jar:lib/jackson-databind-2.12.7.1.jar:lib/google-http-client-jackson2-1.42.3.jar:lib/jackson-jq-0.0.10.jar:lib/maven-model-builder-3.1.1.jar:lib/asm-commons-9.3.jar:lib/aether-connector-file-0.9.0.M2.jar:lib/accessors-smart-2.4.11.jar:lib/aws-java-sdk-ec2-1.12.638.jar:lib/aws-java-sdk-s3-1.12.638.jar:lib/jcodings-1.0.43.jar:lib/zookeeper-jute-3.8.3.jar:lib/disruptor-3.3.6.jar:lib/javax.activation-api-1.2.0.jar:lib/calcite-linq4j-1.35.0.jar:lib/derbyclient-10.14.2.0.jar:lib/google-http-client-1.42.3.jar:lib/netty-transport-classes-epoll-4.1.100.Final.jar:lib/maven-artifact-3.6.0.jar:lib/icu4j-73.2.jar:lib/reactive-streams-1.0.2.jar:lib/netty-resolver-dns-4.1.100.Final.jar:lib/guice-servlet-4.1.0.jar:lib/commons-collections-3.2.2.jar:lib/jna-platform-5.13.0.jar:lib/druid-indexing-hadoop-29.0.0.jar:lib/derbynet-10.14.2.0.jar:lib/txw2-2.3.1.jar:lib/guava-32.0.1-jre.jar:lib/asm-analysis-9.3.jar:lib/jcl-over-slf4j-1.7.36.jar:lib/curator-recipes-5.5.0.jar:lib/log4j-jul-2.18.0.jar:lib/log4j-1.2-api-2.18.0.jar:lib/netty-codec-4.1.100.Final.jar:lib/protobuf-java-3.24.0.jar:lib/httpclient-4.5.13.jar:lib/ipaddress-5.3.4.jar:lib/audience-annotations-0.12.0.jar:lib/druid-sql-29.0.0.jar:lib/maven-settings-3.1.1.jar:lib/airline-2.8.4.jar:lib/stax-ex-1.8.jar:lib/jaxb-runtime-2.3.1.jar:lib/druid-indexing-service-29.0.0.jar:lib/grpc-context-1.27.2.jar:lib/druid-processing-29.0.0.jar:lib/fastutil-extra-8.5.4.jar:lib/json-smart-2.4.11.jar:lib/jts-core-1.19.0.jar:lib/log4j-api-2.18.0.jar:lib/resilience4j-bulkhead-1.3.1.jar:lib/jetty-servlets-9.4.53.v20231009.jar:lib/okhttp-1.0.2.jar:lib/netty-codec-dns-4.1.100.Final.jar:lib/commons-math3-3.6.1.jar:lib/aws-java-sdk-core-1.12.638.jar:lib/FastInfoset-1.2.15.jar:lib/netty-common-4.1.100.Final.jar:lib/derby-10.14.2.0.jar:lib/log4j-slf4j-impl-2.18.0.jar:lib/jboss-logging-3.4.1.Final.jar:lib/curator-x-discovery-5.5.0.jar:lib/jmespath-java-1.12.638.jar:lib/error_prone_annotations-2.20.0.jar:lib/jetty-util-9.4.53.v20231009.jar:lib/cron-scheduler-0.1.jar:lib/vavr-match-0.10.2.jar:lib/aggdesigner-algorithm-6.0.jar:lib/airline-io-2.8.4.jar:lib/httpcore5-h2-5.1.3.jar:lib/jackson-jaxrs-base-2.12.7.jar:lib/jackson-module-guice-2.12.7.jar:lib/jetty-proxy-9.4.53.v20231009.jar:lib/zookeeper-3.8.3.jar:lib/hibernate-validator-6.2.5.Final.jar:lib/log4j-core-2.18.0.jar:lib/janino-3.1.9.jar:lib/jetty-http-9.4.53.v20231009.jar:lib/avatica-core-1.23.0.jar:lib/fastutil-core-8.5.4.jar:lib/maven-aether-provider-3.1.1.jar:lib/tesla-aether-0.0.5.jar:lib/uzaygezen-core-0.2.jar:lib/elasticache-java-cluster-client-1.2.0.jar:lib/commons-lang3-3.12.0.jar:lib/aether-spi-0.9.0.M2.jar:lib/jersey-servlet-1.19.4.jar:lib/druid-aws-common-29.0.0.jar:lib/json-path-2.3.0.jar:lib/druid-services-29.0.0.jar:lib/jaxb-api-2.3.1.jar:lib/metrics-core-4.2.22.jar:lib/aether-connector-okhttp-0.0.9.jar:lib/javax.inject-1.jar:lib/curator-framework-5.5.0.jar:lib/compress-lzf-1.0.4.jar:lib/zstd-jni-1.5.2-3.jar:lib/avatica-metrics-1.23.0.jar:lib/jetty-server-9.4.53.v20231009.jar:lib/netty-handler-proxy-4.1.100.Final.jar:lib/xz-1.9.jar:lib/commons-io-2.11.0.jar:lib/commons-codec-1.16.0.jar:lib/failureaccess-1.0.1.jar:lib/httpclient5-5.1.3.jar:lib/apiguardian-api-1.1.2.jar:lib/jetty-continuation-9.4.53.v20231009.jar:lib/avatica-server-1.23.0.jar:lib/jsr305-2.0.1.jar:lib/jersey-guice-1.19.4.jar:lib/guice-multibindings-4.1.0.jar:lib/aether-impl-0.9.0.M2.jar:lib/jetty-servlet-9.4.53.v20231009.jar:lib/netty-transport-native-unix-common-4.1.100.Final.jar:lib/druid-server-29.0.0.jar:lib/proj4j-1.2.2.jar:lib/asm-tree-9.3.jar:lib/netty-codec-http-4.1.100.Final.jar:lib/slf4j-api-1.7.36.jar:lib/javax.el-api-3.0.0.jar:lib/jackson-core-2.12.7.jar:lib/aether-api-0.9.0.M2.jar:lib/httpcore-4.4.11.jar:lib/jackson-jaxrs-smile-provider-2.12.7.jar:lib/jetty-security-9.4.53.v20231009.jar:lib/gson-2.10.jar:lib/plexus-utils-3.0.24.jar:lib/datasketches-memory-2.2.0.jar:lib/jackson-module-jaxb-annotations-2.12.7.jar:lib/jackson-jaxrs-json-provider-2.12.7.jar:lib/google-http-client-gson-1.42.3.jar:lib/jakarta.xml.bind-api-2.3.2.jar:lib/antlr4-runtime-4.5.3.jar:lib/commons-compiler-3.1.9.jar:lib/jdbi-2.63.1.jar:lib/rhino-1.7.14.jar:lib/aws-java-sdk-kms-1.12.638.jar:lib/j2objc-annotations-2.8.jar:lib/netty-3.10.6.Final.jar:lib/jakarta.activation-api-1.2.1.jar:lib/resilience4j-core-1.3.1.jar:lib/commons-beanutils-1.9.4.jar:lib/caffeine-2.8.0.jar:lib/sigar-1.6.5.132.jar:lib/jakarta.validation-api-2.0.2.jar:lib/calcite-core-1.35.0.jar:lib/opencensus-contrib-http-util-0.31.1.jar:lib/jetty-client-9.4.53.v20231009.jar:lib/jackson-dataformat-cbor-2.12.7.jar:lib/aether-util-0.9.0.M2.jar:lib/maven-repository-metadata-3.1.1.jar:lib/netty-transport-native-epoll-4.1.100.Final-linux-x86_64.jar:lib/druid-gcp-common-29.0.0.jar:lib/istack-commons-runtime-3.0.7.jar:lib/jna-5.13.0.jar:lib/jackson-dataformat-smile-2.12.7.jar:lib/asm-9.3.jar:lib/netty-buffer-4.1.100.Final.jar:lib/commons-lang-2.6.jar:lib/commons-logging-1.1.1.jar:lib/commons-collections4-4.2.jar:lib/maven-model-3.1.1.jar:lib/jts-io-common-1.19.0.jar:lib/vavr-0.10.2.jar:lib/commons-compress-1.24.0.jar:lib/fastutil-8.5.4.jar:lib/joni-2.1.27.jar:lib/joda-time-2.12.5.jar:lib/commons-text-1.10.0.jar:lib/plexus-interpolation-1.19.jar:lib/aopalliance-1.0.jar:lib/web-console-29.0.0.jar:lib/RoaringBitmap-0.9.49.jar:lib/datasketches-java-4.2.0.jar:lib/curator-client-5.5.0.jar:lib/opencsv-4.6.jar:lib/jetty-util-ajax-9.4.53.v20231009.jar:lib/javax.activation-1.2.0.jar:lib/jersey-core-1.19.4.jar:lib/commons-dbcp2-2.0.1.jar:lib/javax.servlet-api-3.1.0.jar:lib/jakarta.inject-api-1.0.3.jar:lib/netty-codec-socks-4.1.100.Final.jar:lib/netty-handler-4.1.100.Final.jar:lib/commons-pool2-2.2.jar:lib/jackson-annotations-2.12.7.jar:lib/httpcore5-5.1.3.jar:lib/google-oauth-client-1.34.1.jar:lib/jersey-server-1.19.4.jar:lib/oshi-core-6.4.4.jar:lib/wagon-provider-api-2.4.jar:lib/snappy-java-1.1.10.4.jar:lib/google-api-client-2.2.0.jar:lib/config-magic-0.9.jar:lib/shims-0.9.49.jar:lib/jakarta.el-3.0.4.jar:lib/jackson-datatype-joda-2.12.7.jar:lib/classmate-1.5.1.jar:lib/netty-transport-4.1.100.Final.jar:lib/jsr311-api-1.1.1.jar:lib/lz4-java-1.8.0.jar:lib/opencensus-api-0.31.1.jar:lib/jetty-io-9.4.53.v20231009.jar:
2025-10-02T07:15:19,052 INFO [main] org.apache.zookeeper.ZooKeeper - Client environment:java.library.path=/usr/java/packages/lib:/usr/lib/x86_64-linux-gnu/jni:/lib/x86_64-linux-gnu:/usr/lib/x86_64-linux-gnu:/usr/lib/jni:/lib:/usr/lib
2025-10-02T07:15:19,052 INFO [main] org.apache.zookeeper.ZooKeeper - Client environment:java.io.tmpdir=var/tmp
2025-10-02T07:15:19,052 INFO [main] org.apache.zookeeper.ZooKeeper - Client environment:java.compiler=<NA>
2025-10-02T07:15:19,052 INFO [main] org.apache.zookeeper.ZooKeeper - Client environment:os.name=Linux
2025-10-02T07:15:19,054 INFO [main] org.apache.zookeeper.ZooKeeper - Client environment:os.arch=amd64
2025-10-02T07:15:19,056 INFO [main] org.apache.zookeeper.ZooKeeper - Client environment:os.version=6.10.14-linuxkit
2025-10-02T07:15:19,057 INFO [main] org.apache.zookeeper.ZooKeeper - Client environment:user.name=druid
2025-10-02T07:15:19,058 INFO [main] org.apache.zookeeper.ZooKeeper - Client environment:user.home=/opt/druid
2025-10-02T07:15:19,060 INFO [main] org.apache.zookeeper.ZooKeeper - Client environment:user.dir=/opt/druid
2025-10-02T07:15:19,060 INFO [main] org.apache.zookeeper.ZooKeeper - Client environment:os.memory.free=382MB
2025-10-02T07:15:19,061 INFO [main] org.apache.zookeeper.ZooKeeper - Client environment:os.memory.max=512MB
2025-10-02T07:15:19,061 INFO [main] org.apache.zookeeper.ZooKeeper - Client environment:os.memory.total=512MB
2025-10-02T07:15:19,072 INFO [main] org.apache.zookeeper.ZooKeeper - Initiating client connection, connectString=zookeeper sessionTimeout=30000 watcher=org.apache.curator.ConnectionState@773c7147
2025-10-02T07:15:19,078 INFO [main] org.apache.zookeeper.common.X509Util - Setting -D jdk.tls.rejectClientInitiatedRenegotiation=true to disable client-initiated TLS renegotiation
2025-10-02T07:15:19,086 INFO [main] org.apache.zookeeper.ClientCnxnSocket - jute.maxbuffer value is 1048575 Bytes
2025-10-02T07:15:19,108 INFO [main] org.apache.zookeeper.ClientCnxn - zookeeper.request.timeout value is 0. feature enabled=false
2025-10-02T07:15:19,129 INFO [main-SendThread(zookeeper:2181)] org.apache.zookeeper.ClientCnxn - Opening socket connection to server zookeeper/172.18.0.3:2181.
2025-10-02T07:15:19,134 INFO [main] org.apache.curator.framework.imps.CuratorFrameworkImpl - Default schema
2025-10-02T07:15:19,136 INFO [main-SendThread(zookeeper:2181)] org.apache.zookeeper.ClientCnxn - SASL config status: Will not attempt to authenticate using SASL (unknown error)
2025-10-02T07:15:19,144 INFO [main] org.apache.druid.metadata.SQLMetadataConnector - Table[druid_tasks] already exists
2025-10-02T07:15:19,156 INFO [main-SendThread(zookeeper:2181)] org.apache.zookeeper.ClientCnxn - Socket connection established, initiating session, client: /172.18.0.4:43870, server: zookeeper/172.18.0.3:2181
2025-10-02T07:15:19,171 INFO [main-SendThread(zookeeper:2181)] org.apache.zookeeper.ClientCnxn - Session establishment complete on server zookeeper/172.18.0.3:2181, session id = 0x10001be5df60003, negotiated timeout = 30000
2025-10-02T07:15:19,179 INFO [main] org.apache.druid.metadata.SQLMetadataConnector - Index [idx_druid_tasks_active_created_date] on Table [druid_tasks] already exists
2025-10-02T07:15:19,181 INFO [main] org.apache.druid.metadata.SQLMetadataConnector - Index [idx_druid_tasks_datasource_active] on Table [druid_tasks] already exists
2025-10-02T07:15:19,184 INFO [main-EventThread] org.apache.curator.framework.state.ConnectionStateManager - State change: CONNECTED
2025-10-02T07:15:19,198 INFO [main] org.apache.druid.metadata.SQLMetadataConnector - Table[druid_tasks] already has column[type].
2025-10-02T07:15:19,223 INFO [main] org.apache.druid.metadata.SQLMetadataConnector - Table[druid_tasks] already has column[group_id].
2025-10-02T07:15:19,229 INFO [main-EventThread] org.apache.curator.framework.imps.EnsembleTracker - New config event received: {}
2025-10-02T07:15:19,230 INFO [main] org.apache.druid.metadata.SQLMetadataConnector - Table[druid_tasklogs] already exists
2025-10-02T07:15:19,230 INFO [main-EventThread] org.apache.curator.framework.imps.EnsembleTracker - New config event received: {}
2025-10-02T07:15:19,234 INFO [main] org.apache.druid.metadata.SQLMetadataConnector - Table[druid_tasklocks] already exists
2025-10-02T07:15:19,299 INFO [main] org.apache.druid.metadata.SQLMetadataConnector - Table[druid_dataSource] already exists
2025-10-02T07:15:19,310 INFO [main] org.apache.druid.metadata.SQLMetadataConnector - Table[druid_pendingSegments] already exists
2025-10-02T07:15:19,318 INFO [main] org.apache.druid.metadata.SQLMetadataConnector - Table[druid_segments] already exists
2025-10-02T07:15:19,328 INFO [main] org.apache.druid.metadata.SQLMetadataConnector - Table[druid_segments] already has column[used_status_last_updated].
2025-10-02T07:15:19,346 INFO [main] org.apache.druid.metadata.SQLMetadataConnector - Table[druid_upgradeSegments] already exists
2025-10-02T07:15:19,347 INFO [main] org.apache.druid.indexing.common.actions.SegmentAllocationQueue - Initializing segment allocation queue.
2025-10-02T07:15:19,365 INFO [main] org.apache.druid.metadata.SQLMetadataConnector - Table[druid_supervisors] already exists
2025-10-02T07:15:19,403 INFO [main] org.apache.druid.java.util.common.lifecycle.Lifecycle - Starting lifecycle [module] stage [SERVER]
2025-10-02T07:15:19,413 INFO [main] org.eclipse.jetty.server.Server - jetty-9.4.53.v20231009; built: 2023-10-09T12:29:09.265Z; git: 27bde00a0b95a1d5bbee0eae7984f891d2d0f8c9; jvm 17.0.10+7-Debian-1deb12u1
2025-10-02T07:15:19,484 INFO [LeaderSelector[/druid/overlord/_OVERLORD]] org.apache.druid.indexing.overlord.TaskMaster - By the power of Grayskull, I have the power!
2025-10-02T07:15:19,504 INFO [LeaderSelector[/druid/overlord/_OVERLORD]] org.apache.druid.java.util.common.lifecycle.Lifecycle - Starting lifecycle [task-master] stage [INIT]
2025-10-02T07:15:19,505 INFO [LeaderSelector[/druid/overlord/_OVERLORD]] org.apache.druid.java.util.common.lifecycle.Lifecycle - Starting lifecycle [task-master] stage [NORMAL]
2025-10-02T07:15:19,509 INFO [LeaderSelector[/druid/overlord/_OVERLORD]] org.apache.druid.indexing.overlord.RemoteTaskRunner - Starting RemoteTaskRunner...
2025-10-02T07:15:19,623 INFO [main] org.eclipse.jetty.server.session - DefaultSessionIdManager workerName=node0
2025-10-02T07:15:19,629 INFO [main] org.eclipse.jetty.server.session - No SessionScavenger set, using defaults
2025-10-02T07:15:19,640 INFO [main] org.eclipse.jetty.server.session - node0 Scavenging every 600000ms
2025-10-02T07:15:19,635 INFO [Curator-PathChildrenCache-0] org.apache.druid.indexing.overlord.RemoteTaskRunner - Worker[middlemanager:8091] reportin' for duty!
2025-10-02T07:15:19,757 INFO [LeaderSelector[/druid/overlord/_OVERLORD]] org.apache.druid.indexing.overlord.TaskQueue - Synced 0 tasks from storage (0 tasks added, 0 tasks removed).
2025-10-02T07:15:19,778 INFO [LeaderSelector[/druid/overlord/_OVERLORD]] org.apache.druid.indexing.overlord.TaskLockbox - Synced 0 locks for 0 activeTasks from storage (0 locks ignored).
2025-10-02T07:15:19,789 INFO [TaskQueue-Manager] org.apache.druid.indexing.overlord.TaskQueue - Beginning management in PT5S.
2025-10-02T07:15:19,795 INFO [LeaderSelector[/druid/overlord/_OVERLORD]] org.apache.druid.indexing.overlord.supervisor.SupervisorManager - Loading stored supervisors from database
2025-10-02T07:15:19,802 INFO [LeaderSelector[/druid/overlord/_OVERLORD]] org.apache.druid.indexing.overlord.duty.OverlordDutyExecutor - Starting OverlordDutyExecutor.
2025-10-02T07:15:19,804 INFO [LeaderSelector[/druid/overlord/_OVERLORD]] org.apache.druid.indexing.overlord.duty.OverlordDutyExecutor - OverlordDutyExecutor is now running.
2025-10-02T07:15:19,804 INFO [LeaderSelector[/druid/overlord/_OVERLORD]] org.apache.druid.indexing.common.actions.SegmentAllocationQueue - Elected leader. Starting queue processing.
2025-10-02T07:15:19,822 INFO [LeaderSelector[/druid/overlord/_OVERLORD]] org.apache.druid.curator.discovery.CuratorServiceAnnouncer - Announcing service[DruidNode{serviceName='druid/overlord', host='overlord', bindOnHost=false, port=-1, plaintextPort=8090, enablePlaintextPort=true, tlsPort=-1, enableTlsPort=false}]
2025-10-02T07:15:19,889 INFO [LeaderSelector[/druid/overlord/_OVERLORD]] org.apache.druid.java.util.common.lifecycle.Lifecycle - Starting lifecycle [task-master] stage [SERVER]
2025-10-02T07:15:19,890 INFO [LeaderSelector[/druid/overlord/_OVERLORD]] org.apache.druid.java.util.common.lifecycle.Lifecycle - Starting lifecycle [task-master] stage [ANNOUNCEMENTS]
2025-10-02T07:15:19,891 INFO [LeaderSelector[/druid/overlord/_OVERLORD]] org.apache.druid.java.util.common.lifecycle.Lifecycle - Successfully started lifecycle [task-master]
2025-10-02T07:15:19,915 INFO [main] com.sun.jersey.server.impl.application.WebApplicationImpl - Initiating Jersey application, version 'Jersey: 1.19.4 05/24/2017 03:20 PM'
2025-10-02T07:15:20,626 INFO [main] org.eclipse.jetty.server.handler.ContextHandler - Started o.e.j.s.ServletContextHandler@165824f5{/,jar:file:/opt/druid/lib/web-console-29.0.0.jar!/org/apache/druid/console,AVAILABLE}
2025-10-02T07:15:20,637 INFO [main] org.eclipse.jetty.server.AbstractConnector - Started ServerConnector@742dc3fe{HTTP/1.1, (http/1.1)}{0.0.0.0:8090}
2025-10-02T07:15:20,637 INFO [main] org.eclipse.jetty.server.Server - Started @13614ms
2025-10-02T07:15:20,648 INFO [main] org.apache.druid.java.util.common.lifecycle.Lifecycle - Starting lifecycle [module] stage [ANNOUNCEMENTS]
2025-10-02T07:15:20,675 INFO [main] org.apache.druid.curator.discovery.CuratorDruidNodeAnnouncer - Announced self [{"druidNode":{"service":"druid/overlord","host":"overlord","bindOnHost":false,"plaintextPort":8090,"port":-1,"tlsPort":-1,"enablePlaintextPort":true,"enableTlsPort":false},"nodeType":"overlord","services":{},"startTime":"2025-10-02T07:15:18.482Z"}].
2025-10-02T07:15:20,676 INFO [main] org.apache.druid.java.util.common.lifecycle.Lifecycle - Successfully started lifecycle [module]
2025-10-02T07:16:19,754 INFO [TaskQueue-StorageSync] org.apache.druid.indexing.overlord.TaskQueue - Synced 0 tasks from storage (0 tasks added, 0 tasks removed).
2025-10-02T07:17:19,745 INFO [TaskQueue-StorageSync] org.apache.druid.indexing.overlord.TaskQueue - Synced 0 tasks from storage (0 tasks added, 0 tasks removed).
2025-10-02T07:17:22,318 INFO [qtp1377456236-80] org.apache.druid.indexing.overlord.MetadataTaskStorage - Inserting task [index_parallel_wikipedia_dcjobjnd_2025-10-02T07:17:22.312Z] with status [TaskStatus{id=index_parallel_wikipedia_dcjobjnd_2025-10-02T07:17:22.312Z, status=RUNNING, duration=-1, errorMsg=null}].
2025-10-02T07:17:22,363 INFO [qtp1377456236-80] org.apache.druid.indexing.overlord.TaskLockbox - Adding task[index_parallel_wikipedia_dcjobjnd_2025-10-02T07:17:22.312Z] to activeTasks
2025-10-02T07:17:22,365 INFO [TaskQueue-Manager] org.apache.druid.indexing.common.task.AbstractBatchIndexTask - Using time chunk lock since forceTimeChunkLock is [true] and mode is [REPLACE_LEGACY].
2025-10-02T07:17:22,378 INFO [TaskQueue-Manager] org.apache.druid.indexing.overlord.TaskLockbox - Added task[index_parallel_wikipedia_dcjobjnd_2025-10-02T07:17:22.312Z] to TaskLock[TimeChunkLock{type=EXCLUSIVE, groupId='index_parallel_wikipedia_dcjobjnd_2025-10-02T07:17:22.312Z', dataSource='wikipedia', interval=2015-09-12T00:00:00.000Z/2015-09-13T00:00:00.000Z, version='2025-10-02T07:17:22.371Z', priority=50, revoked=false}]
2025-10-02T07:17:22,379 INFO [TaskQueue-Manager] org.apache.druid.indexing.overlord.MetadataTaskStorage - Adding lock on interval[2015-09-12T00:00:00.000Z/2015-09-13T00:00:00.000Z] version[2025-10-02T07:17:22.371Z] for task [index_parallel_wikipedia_dcjobjnd_2025-10-02T07:17:22.312Z].
2025-10-02T07:17:22,421 INFO [TaskQueue-Manager] org.apache.druid.indexing.overlord.TaskQueue - Asking taskRunner to run: index_parallel_wikipedia_dcjobjnd_2025-10-02T07:17:22.312Z
2025-10-02T07:17:22,423 INFO [TaskQueue-Manager] org.apache.druid.indexing.overlord.RemoteTaskRunner - Added pending task index_parallel_wikipedia_dcjobjnd_2025-10-02T07:17:22.312Z
2025-10-02T07:17:22,486 INFO [rtr-pending-tasks-runner-0] org.apache.druid.indexing.overlord.RemoteTaskRunner - Assigning task [index_parallel_wikipedia_dcjobjnd_2025-10-02T07:17:22.312Z] to worker [middlemanager:8091]
2025-10-02T07:17:22,547 INFO [rtr-pending-tasks-runner-0] org.apache.druid.indexing.overlord.RemoteTaskRunner - Task [index_parallel_wikipedia_dcjobjnd_2025-10-02T07:17:22.312Z] started running on worker [middlemanager:8091]
2025-10-02T07:17:22,921 INFO [Curator-PathChildrenCache-1] org.apache.druid.indexing.overlord.RemoteTaskRunner - Worker[middlemanager:8091] wrote RUNNING status for task [index_parallel_wikipedia_dcjobjnd_2025-10-02T07:17:22.312Z] on [TaskLocation{host='null', port=-1, tlsPort=-1, k8sPodName=null}]
2025-10-02T07:17:22,925 INFO [Curator-PathChildrenCache-1] org.apache.druid.indexing.overlord.RemoteTaskRunner - Worker[middlemanager:8091] wrote RUNNING status for task [index_parallel_wikipedia_dcjobjnd_2025-10-02T07:17:22.312Z] on [TaskLocation{host='middlemanager', port=8100, tlsPort=-1, k8sPodName=null}]
2025-10-02T07:17:27,968 INFO [qtp1377456236-74] org.apache.druid.indexing.overlord.TaskLockbox - Task[index_parallel_wikipedia_dcjobjnd_2025-10-02T07:17:22.312Z] already present in TaskLock[index_parallel_wikipedia_dcjobjnd_2025-10-02T07:17:22.312Z]
2025-10-02T07:17:28,023 INFO [qtp1377456236-82] org.apache.druid.indexing.overlord.TaskLockbox - Task[index_parallel_wikipedia_dcjobjnd_2025-10-02T07:17:22.312Z] already present in TaskLock[index_parallel_wikipedia_dcjobjnd_2025-10-02T07:17:22.312Z]
2025-10-02T07:17:32,764 INFO [qtp1377456236-89] org.apache.druid.metadata.IndexerSQLMetadataStorageCoordinator - Found these segments already exist in DB: []
2025-10-02T07:17:32,787 INFO [qtp1377456236-89] org.apache.druid.metadata.IndexerSQLMetadataStorageCoordinator - Published segments to DB: [wikipedia_2015-09-12T00:00:00.000Z_2015-09-13T00:00:00.000Z_2025-10-02T07:17:22.371Z]
2025-10-02T07:17:33,457 INFO [Curator-PathChildrenCache-1] org.apache.druid.indexing.overlord.RemoteTaskRunner - Worker[middlemanager:8091] wrote SUCCESS status for task [index_parallel_wikipedia_dcjobjnd_2025-10-02T07:17:22.312Z] on [TaskLocation{host='middlemanager', port=8100, tlsPort=-1, k8sPodName=null}]
2025-10-02T07:17:33,457 INFO [Curator-PathChildrenCache-1] org.apache.druid.indexing.overlord.RemoteTaskRunner - Worker[middlemanager:8091] completed task[index_parallel_wikipedia_dcjobjnd_2025-10-02T07:17:22.312Z] with status[SUCCESS]
2025-10-02T07:17:33,457 INFO [Curator-PathChildrenCache-1] org.apache.druid.indexing.overlord.TaskQueue - Received status[SUCCESS] for task[index_parallel_wikipedia_dcjobjnd_2025-10-02T07:17:22.312Z].
2025-10-02T07:17:33,463 INFO [TaskQueue-OnComplete-0] org.apache.druid.indexing.overlord.MetadataTaskStorage - Updating status of task [index_parallel_wikipedia_dcjobjnd_2025-10-02T07:17:22.312Z] to [TaskStatus{id=index_parallel_wikipedia_dcjobjnd_2025-10-02T07:17:22.312Z, status=SUCCESS, duration=10580, errorMsg=null}].
2025-10-02T07:17:33,465 INFO [TaskQueue-OnComplete-0] org.apache.druid.indexing.overlord.RemoteTaskRunner - Shutdown [index_parallel_wikipedia_dcjobjnd_2025-10-02T07:17:22.312Z] because: [notified status change from task]
2025-10-02T07:17:33,465 INFO [TaskQueue-OnComplete-0] org.apache.druid.indexing.overlord.RemoteTaskRunner - Cleaning up task[index_parallel_wikipedia_dcjobjnd_2025-10-02T07:17:22.312Z] on worker[middlemanager:8091]
2025-10-02T07:17:33,468 INFO [TaskQueue-OnComplete-0] org.apache.druid.indexing.overlord.TaskLockbox - Removing task[index_parallel_wikipedia_dcjobjnd_2025-10-02T07:17:22.312Z] from activeTasks
2025-10-02T07:17:33,469 INFO [Curator-PathChildrenCache-1] org.apache.druid.indexing.overlord.RemoteTaskRunner - Task[index_parallel_wikipedia_dcjobjnd_2025-10-02T07:17:22.312Z] went bye bye.
2025-10-02T07:17:33,470 INFO [TaskQueue-OnComplete-0] org.apache.druid.indexing.overlord.TaskLockbox - Removing task[index_parallel_wikipedia_dcjobjnd_2025-10-02T07:17:22.312Z] from TaskLock[TimeChunkLock{type=EXCLUSIVE, groupId='index_parallel_wikipedia_dcjobjnd_2025-10-02T07:17:22.312Z', dataSource='wikipedia', interval=2015-09-12T00:00:00.000Z/2015-09-13T00:00:00.000Z, version='2025-10-02T07:17:22.371Z', priority=50, revoked=false}]
2025-10-02T07:17:33,470 INFO [TaskQueue-OnComplete-0] org.apache.druid.indexing.overlord.TaskLockbox - TaskLock is now empty: TimeChunkLock{type=EXCLUSIVE, groupId='index_parallel_wikipedia_dcjobjnd_2025-10-02T07:17:22.312Z', dataSource='wikipedia', interval=2015-09-12T00:00:00.000Z/2015-09-13T00:00:00.000Z, version='2025-10-02T07:17:22.371Z', priority=50, revoked=false}
2025-10-02T07:17:33,476 INFO [TaskQueue-OnComplete-0] org.apache.druid.indexing.overlord.MetadataTaskStorage - Deleting TaskLock with id[1]: TimeChunkLock{type=EXCLUSIVE, groupId='index_parallel_wikipedia_dcjobjnd_2025-10-02T07:17:22.312Z', dataSource='wikipedia', interval=2015-09-12T00:00:00.000Z/2015-09-13T00:00:00.000Z, version='2025-10-02T07:17:22.371Z', priority=50, revoked=false}
2025-10-02T07:17:33,477 INFO [TaskQueue-OnComplete-0] org.apache.druid.indexing.overlord.TaskQueue - Completed task[index_parallel_wikipedia_dcjobjnd_2025-10-02T07:17:22.312Z] with status[SUCCESS] in [10580]ms.
2025-10-02T07:17:39,394 INFO [qtp1377456236-87] org.apache.druid.indexing.overlord.MetadataTaskStorage - Inserting task [index_parallel_wikipedia_eopbiibj_2025-10-02T07:17:39.391Z] with status [TaskStatus{id=index_parallel_wikipedia_eopbiibj_2025-10-02T07:17:39.391Z, status=RUNNING, duration=-1, errorMsg=null}].
2025-10-02T07:17:39,399 INFO [qtp1377456236-87] org.apache.druid.indexing.overlord.TaskLockbox - Adding task[index_parallel_wikipedia_eopbiibj_2025-10-02T07:17:39.391Z] to activeTasks
2025-10-02T07:17:39,399 INFO [TaskQueue-Manager] org.apache.druid.indexing.common.task.AbstractBatchIndexTask - Using time chunk lock since forceTimeChunkLock is [true] and mode is [REPLACE_LEGACY].
2025-10-02T07:17:39,400 INFO [TaskQueue-Manager] org.apache.druid.indexing.overlord.TaskLockbox - Added task[index_parallel_wikipedia_eopbiibj_2025-10-02T07:17:39.391Z] to TaskLock[TimeChunkLock{type=EXCLUSIVE, groupId='index_parallel_wikipedia_eopbiibj_2025-10-02T07:17:39.391Z', dataSource='wikipedia', interval=2015-09-12T00:00:00.000Z/2015-09-13T00:00:00.000Z, version='2025-10-02T07:17:39.400Z', priority=50, revoked=false}]
2025-10-02T07:17:39,400 INFO [TaskQueue-Manager] org.apache.druid.indexing.overlord.MetadataTaskStorage - Adding lock on interval[2015-09-12T00:00:00.000Z/2015-09-13T00:00:00.000Z] version[2025-10-02T07:17:39.400Z] for task [index_parallel_wikipedia_eopbiibj_2025-10-02T07:17:39.391Z].
2025-10-02T07:17:39,403 INFO [TaskQueue-Manager] org.apache.druid.indexing.overlord.TaskQueue - Asking taskRunner to run: index_parallel_wikipedia_eopbiibj_2025-10-02T07:17:39.391Z
2025-10-02T07:17:39,403 INFO [TaskQueue-Manager] org.apache.druid.indexing.overlord.RemoteTaskRunner - Added pending task index_parallel_wikipedia_eopbiibj_2025-10-02T07:17:39.391Z
2025-10-02T07:17:39,404 INFO [rtr-pending-tasks-runner-0] org.apache.druid.indexing.overlord.RemoteTaskRunner - Assigning task [index_parallel_wikipedia_eopbiibj_2025-10-02T07:17:39.391Z] to worker [middlemanager:8091]
2025-10-02T07:17:39,410 INFO [rtr-pending-tasks-runner-0] org.apache.druid.indexing.overlord.RemoteTaskRunner - Task [index_parallel_wikipedia_eopbiibj_2025-10-02T07:17:39.391Z] started running on worker [middlemanager:8091]
2025-10-02T07:17:39,429 INFO [Curator-PathChildrenCache-1] org.apache.druid.indexing.overlord.RemoteTaskRunner - Worker[middlemanager:8091] wrote RUNNING status for task [index_parallel_wikipedia_eopbiibj_2025-10-02T07:17:39.391Z] on [TaskLocation{host='null', port=-1, tlsPort=-1, k8sPodName=null}]
2025-10-02T07:17:39,452 INFO [Curator-PathChildrenCache-1] org.apache.druid.indexing.overlord.RemoteTaskRunner - Worker[middlemanager:8091] wrote RUNNING status for task [index_parallel_wikipedia_eopbiibj_2025-10-02T07:17:39.391Z] on [TaskLocation{host='middlemanager', port=8100, tlsPort=-1, k8sPodName=null}]
2025-10-02T07:17:44,420 INFO [qtp1377456236-82] org.apache.druid.indexing.overlord.TaskLockbox - Task[index_parallel_wikipedia_eopbiibj_2025-10-02T07:17:39.391Z] already present in TaskLock[index_parallel_wikipedia_eopbiibj_2025-10-02T07:17:39.391Z]
2025-10-02T07:17:44,465 INFO [qtp1377456236-89] org.apache.druid.indexing.overlord.TaskLockbox - Task[index_parallel_wikipedia_eopbiibj_2025-10-02T07:17:39.391Z] already present in TaskLock[index_parallel_wikipedia_eopbiibj_2025-10-02T07:17:39.391Z]
2025-10-02T07:17:48,298 INFO [qtp1377456236-89] org.apache.druid.metadata.IndexerSQLMetadataStorageCoordinator - Found these segments already exist in DB: []
2025-10-02T07:17:48,300 INFO [qtp1377456236-89] org.apache.druid.metadata.IndexerSQLMetadataStorageCoordinator - Published segments to DB: [wikipedia_2015-09-12T00:00:00.000Z_2015-09-13T00:00:00.000Z_2025-10-02T07:17:39.400Z]
2025-10-02T07:17:48,939 INFO [Curator-PathChildrenCache-1] org.apache.druid.indexing.overlord.RemoteTaskRunner - Worker[middlemanager:8091] wrote SUCCESS status for task [index_parallel_wikipedia_eopbiibj_2025-10-02T07:17:39.391Z] on [TaskLocation{host='middlemanager', port=8100, tlsPort=-1, k8sPodName=null}]
2025-10-02T07:17:48,940 INFO [Curator-PathChildrenCache-1] org.apache.druid.indexing.overlord.RemoteTaskRunner - Worker[middlemanager:8091] completed task[index_parallel_wikipedia_eopbiibj_2025-10-02T07:17:39.391Z] with status[SUCCESS]
2025-10-02T07:17:48,940 INFO [Curator-PathChildrenCache-1] org.apache.druid.indexing.overlord.TaskQueue - Received status[SUCCESS] for task[index_parallel_wikipedia_eopbiibj_2025-10-02T07:17:39.391Z].
2025-10-02T07:17:48,943 INFO [TaskQueue-OnComplete-1] org.apache.druid.indexing.overlord.MetadataTaskStorage - Updating status of task [index_parallel_wikipedia_eopbiibj_2025-10-02T07:17:39.391Z] to [TaskStatus{id=index_parallel_wikipedia_eopbiibj_2025-10-02T07:17:39.391Z, status=SUCCESS, duration=9509, errorMsg=null}].
2025-10-02T07:17:48,945 INFO [TaskQueue-OnComplete-1] org.apache.druid.indexing.overlord.RemoteTaskRunner - Shutdown [index_parallel_wikipedia_eopbiibj_2025-10-02T07:17:39.391Z] because: [notified status change from task]
2025-10-02T07:17:48,945 INFO [TaskQueue-OnComplete-1] org.apache.druid.indexing.overlord.RemoteTaskRunner - Cleaning up task[index_parallel_wikipedia_eopbiibj_2025-10-02T07:17:39.391Z] on worker[middlemanager:8091]
2025-10-02T07:17:48,947 INFO [TaskQueue-OnComplete-1] org.apache.druid.indexing.overlord.TaskLockbox - Removing task[index_parallel_wikipedia_eopbiibj_2025-10-02T07:17:39.391Z] from activeTasks
2025-10-02T07:17:48,947 INFO [Curator-PathChildrenCache-1] org.apache.druid.indexing.overlord.RemoteTaskRunner - Task[index_parallel_wikipedia_eopbiibj_2025-10-02T07:17:39.391Z] went bye bye.
2025-10-02T07:17:48,947 INFO [TaskQueue-OnComplete-1] org.apache.druid.indexing.overlord.TaskLockbox - Removing task[index_parallel_wikipedia_eopbiibj_2025-10-02T07:17:39.391Z] from TaskLock[TimeChunkLock{type=EXCLUSIVE, groupId='index_parallel_wikipedia_eopbiibj_2025-10-02T07:17:39.391Z', dataSource='wikipedia', interval=2015-09-12T00:00:00.000Z/2015-09-13T00:00:00.000Z, version='2025-10-02T07:17:39.400Z', priority=50, revoked=false}]
2025-10-02T07:17:48,948 INFO [TaskQueue-OnComplete-1] org.apache.druid.indexing.overlord.TaskLockbox - TaskLock is now empty: TimeChunkLock{type=EXCLUSIVE, groupId='index_parallel_wikipedia_eopbiibj_2025-10-02T07:17:39.391Z', dataSource='wikipedia', interval=2015-09-12T00:00:00.000Z/2015-09-13T00:00:00.000Z, version='2025-10-02T07:17:39.400Z', priority=50, revoked=false}
2025-10-02T07:17:48,951 INFO [TaskQueue-OnComplete-1] org.apache.druid.indexing.overlord.MetadataTaskStorage - Deleting TaskLock with id[2]: TimeChunkLock{type=EXCLUSIVE, groupId='index_parallel_wikipedia_eopbiibj_2025-10-02T07:17:39.391Z', dataSource='wikipedia', interval=2015-09-12T00:00:00.000Z/2015-09-13T00:00:00.000Z, version='2025-10-02T07:17:39.400Z', priority=50, revoked=false}
2025-10-02T07:17:48,953 INFO [TaskQueue-OnComplete-1] org.apache.druid.indexing.overlord.TaskQueue - Completed task[index_parallel_wikipedia_eopbiibj_2025-10-02T07:17:39.391Z] with status[SUCCESS] in [9509]ms.
2025-10-02T07:18:19,751 INFO [TaskQueue-StorageSync] org.apache.druid.indexing.overlord.TaskQueue - Synced 0 tasks from storage (0 tasks added, 0 tasks removed).
2025-10-02T07:19:19,746 INFO [TaskQueue-StorageSync] org.apache.druid.indexing.overlord.TaskQueue - Synced 0 tasks from storage (0 tasks added, 0 tasks removed).
2025-10-02T07:20:19,752 INFO [TaskQueue-StorageSync] org.apache.druid.indexing.overlord.TaskQueue - Synced 0 tasks from storage (0 tasks added, 0 tasks removed).
2025-10-02T07:21:19,757 INFO [TaskQueue-StorageSync] org.apache.druid.indexing.overlord.TaskQueue - Synced 0 tasks from storage (0 tasks added, 0 tasks removed).
2025-10-02T07:22:19,753 INFO [TaskQueue-StorageSync] org.apache.druid.indexing.overlord.TaskQueue - Synced 0 tasks from storage (0 tasks added, 0 tasks removed).
2025-10-02T07:23:19,750 INFO [TaskQueue-StorageSync] org.apache.druid.indexing.overlord.TaskQueue - Synced 0 tasks from storage (0 tasks added, 0 tasks removed).
2025-10-02T07:24:19,750 INFO [TaskQueue-StorageSync] org.apache.druid.indexing.overlord.TaskQueue - Synced 0 tasks from storage (0 tasks added, 0 tasks removed).
2025-10-02T07:25:19,760 INFO [TaskQueue-StorageSync] org.apache.druid.indexing.overlord.TaskQueue - Synced 0 tasks from storage (0 tasks added, 0 tasks removed).
2025-10-02T07:26:19,756 INFO [TaskQueue-StorageSync] org.apache.druid.indexing.overlord.TaskQueue - Synced 0 tasks from storage (0 tasks added, 0 tasks removed).
2025-10-02T07:27:19,757 INFO [TaskQueue-StorageSync] org.apache.druid.indexing.overlord.TaskQueue - Synced 0 tasks from storage (0 tasks added, 0 tasks removed).
2025-10-02T07:27:45,400 INFO [Curator-PathChildrenCache-0] org.apache.druid.indexing.overlord.RemoteTaskRunner - Kaboom! Worker[middlemanager:8091] removed!
2025-10-02T07:27:45,402 INFO [Curator-PathChildrenCache-0] org.apache.druid.indexing.overlord.RemoteTaskRunner - [middlemanager:8091]: Found 0 tasks assigned
2025-10-02T07:27:46,129 INFO [Thread-53] org.apache.druid.java.util.common.lifecycle.Lifecycle - Lifecycle [module] running shutdown hook
2025-10-02T07:27:46,132 INFO [Thread-53] org.apache.druid.java.util.common.lifecycle.Lifecycle - Stopping lifecycle [module] stage [ANNOUNCEMENTS]
2025-10-02T07:27:46,138 INFO [Thread-53] org.apache.druid.curator.announcement.Announcer - Unannouncing [/druid/internal-discovery/OVERLORD/overlord:8090]
2025-10-02T07:27:46,161 INFO [Thread-53] org.apache.druid.curator.discovery.CuratorDruidNodeAnnouncer - Unannounced self [{"druidNode":{"service":"druid/overlord","host":"overlord","bindOnHost":false,"plaintextPort":8090,"port":-1,"tlsPort":-1,"enablePlaintextPort":true,"enableTlsPort":false},"nodeType":"overlord","services":{},"startTime":"2025-10-02T07:15:18.482Z"}].
2025-10-02T07:27:46,163 INFO [Thread-53] org.apache.druid.java.util.common.lifecycle.Lifecycle - Stopping lifecycle [module] stage [SERVER]
2025-10-02T07:27:46,175 INFO [Thread-53] org.eclipse.jetty.server.AbstractConnector - Stopped ServerConnector@742dc3fe{HTTP/1.1, (http/1.1)}{0.0.0.0:8090}
2025-10-02T07:27:46,176 INFO [Thread-53] org.eclipse.jetty.server.session - node0 Stopped scavenging
2025-10-02T07:27:46,178 INFO [Thread-53] org.eclipse.jetty.server.handler.ContextHandler - Stopped o.e.j.s.ServletContextHandler@165824f5{/,jar:file:/opt/druid/lib/web-console-29.0.0.jar!/org/apache/druid/console,STOPPED}
2025-10-02T07:27:46,190 INFO [Thread-53] org.apache.druid.java.util.common.lifecycle.Lifecycle - Stopping lifecycle [module] stage [NORMAL]
2025-10-02T07:27:46,192 INFO [Thread-53] org.apache.druid.java.util.common.lifecycle.Lifecycle - Stopping lifecycle [task-master] stage [ANNOUNCEMENTS]
2025-10-02T07:27:46,195 INFO [Thread-53] org.apache.druid.java.util.common.lifecycle.Lifecycle - Stopping lifecycle [task-master] stage [SERVER]
2025-10-02T07:27:46,196 INFO [Thread-53] org.apache.druid.java.util.common.lifecycle.Lifecycle - Stopping lifecycle [task-master] stage [NORMAL]
2025-10-02T07:27:46,197 INFO [Thread-53] org.apache.druid.curator.discovery.CuratorServiceAnnouncer - Unannouncing service[DruidNode{serviceName='druid/overlord', host='overlord', bindOnHost=false, port=-1, plaintextPort=8090, enablePlaintextPort=true, tlsPort=-1, enableTlsPort=false}]
2025-10-02T07:27:46,201 INFO [Thread-53] org.apache.druid.indexing.common.actions.SegmentAllocationQueue - Not leader anymore. Stopping queue processing.
2025-10-02T07:27:46,201 INFO [Thread-53] org.apache.druid.indexing.overlord.duty.OverlordDutyExecutor - Stopping OverlordDutyExecutor.
2025-10-02T07:27:46,201 INFO [Thread-53] org.apache.druid.indexing.overlord.duty.OverlordDutyExecutor - OverlordDutyExecutor has been stopped.
2025-10-02T07:27:46,201 INFO [Thread-53] org.apache.druid.indexing.overlord.supervisor.SupervisorManager - SupervisorManager stopped.
2025-10-02T07:27:46,201 INFO [TaskQueue-Manager] org.apache.druid.indexing.overlord.TaskQueue - Interrupted, exiting!
2025-10-02T07:27:46,201 INFO [Thread-53] org.apache.druid.indexing.overlord.RemoteTaskRunner - Stopping RemoteTaskRunner...
2025-10-02T07:27:46,202 INFO [Thread-53] org.apache.druid.java.util.common.lifecycle.Lifecycle - Stopping lifecycle [task-master] stage [INIT]
2025-10-02T07:27:46,216 INFO [Thread-53] org.apache.druid.indexing.common.actions.SegmentAllocationQueue - Tearing down segment allocation queue.
2025-10-02T07:27:46,218 INFO [Curator-Framework-0] org.apache.curator.framework.imps.CuratorFrameworkImpl - backgroundOperationsLoop exiting
2025-10-02T07:27:46,329 INFO [main-EventThread] org.apache.zookeeper.ClientCnxn - EventThread shut down for session: 0x10001be5df60003
2025-10-02T07:27:46,329 INFO [Thread-53] org.apache.zookeeper.ZooKeeper - Session: 0x10001be5df60003 closed
2025-10-02T07:27:46,330 INFO [Thread-53] org.apache.druid.java.util.common.lifecycle.Lifecycle - Stopping lifecycle [module] stage [INIT]
2025-10-02T07:45:32,641 INFO [main] org.hibernate.validator.internal.util.Version - HV000001: Hibernate Validator 6.2.5.Final
2025-10-02T07:45:34,060 INFO [main] org.apache.druid.guice.ExtensionsLoader - Loading extension [druid-hdfs-storage], jars: aws-java-sdk-s3-1.12.638.jar, httpclient-4.5.13.jar, hadoop-client-api-3.3.6.jar, hadoop-aws-3.3.6.jar, aws-java-sdk-core-1.12.638.jar, jmespath-java-1.12.638.jar, hadoop-client-runtime-3.3.6.jar, druid-hdfs-storage-29.0.0.jar, commons-codec-1.16.0.jar, jsr305-2.0.1.jar, slf4j-api-1.7.36.jar, httpcore-4.4.11.jar, aws-java-sdk-kms-1.12.638.jar, jackson-dataformat-cbor-2.12.7.jar, commons-logging-1.1.1.jar, wildfly-openssl-1.1.3.Final.jar, joda-time-2.12.5.jar, snappy-java-1.1.10.4.jar
2025-10-02T07:45:34,089 INFO [main] org.apache.druid.guice.ExtensionsLoader - Loading extension [druid-kafka-indexing-service], jars: kafka-clients-3.6.1.jar, zstd-jni-1.5.2-3.jar, druid-kafka-indexing-service-29.0.0.jar, snappy-java-1.1.10.4.jar, lz4-java-1.8.0.jar
2025-10-02T07:45:34,107 INFO [main] org.apache.druid.guice.ExtensionsLoader - Loading extension [druid-datasketches], jars: druid-datasketches-29.0.0.jar, commons-math3-3.6.1.jar
2025-10-02T07:45:34,112 INFO [main] org.apache.druid.guice.ExtensionsLoader - Loading extension [druid-multi-stage-query], jars: druid-multi-stage-query-29.0.0.jar
2025-10-02T07:45:34,115 INFO [main] org.apache.druid.guice.ExtensionsLoader - Loading extension [postgresql-metadata-storage], jars: postgresql-42.6.0.jar, checker-qual-3.31.0.jar, postgresql-metadata-storage-29.0.0.jar
2025-10-02T07:45:34,665 INFO [main] org.apache.druid.guice.ExtensionsLoader - Loading extension [druid-hdfs-storage], jars: aws-java-sdk-s3-1.12.638.jar, httpclient-4.5.13.jar, hadoop-client-api-3.3.6.jar, hadoop-aws-3.3.6.jar, aws-java-sdk-core-1.12.638.jar, jmespath-java-1.12.638.jar, hadoop-client-runtime-3.3.6.jar, druid-hdfs-storage-29.0.0.jar, commons-codec-1.16.0.jar, jsr305-2.0.1.jar, slf4j-api-1.7.36.jar, httpcore-4.4.11.jar, aws-java-sdk-kms-1.12.638.jar, jackson-dataformat-cbor-2.12.7.jar, commons-logging-1.1.1.jar, wildfly-openssl-1.1.3.Final.jar, joda-time-2.12.5.jar, snappy-java-1.1.10.4.jar
2025-10-02T07:45:34,677 INFO [main] org.apache.druid.guice.ExtensionsLoader - Loading extension [druid-kafka-indexing-service], jars: kafka-clients-3.6.1.jar, zstd-jni-1.5.2-3.jar, druid-kafka-indexing-service-29.0.0.jar, snappy-java-1.1.10.4.jar, lz4-java-1.8.0.jar
2025-10-02T07:45:34,682 INFO [main] org.apache.druid.guice.ExtensionsLoader - Loading extension [druid-datasketches], jars: druid-datasketches-29.0.0.jar, commons-math3-3.6.1.jar
2025-10-02T07:45:34,702 INFO [main] org.apache.druid.guice.ExtensionsLoader - Loading extension [druid-multi-stage-query], jars: druid-multi-stage-query-29.0.0.jar
2025-10-02T07:45:34,722 INFO [main] org.apache.druid.guice.ExtensionsLoader - Loading extension [postgresql-metadata-storage], jars: postgresql-42.6.0.jar, checker-qual-3.31.0.jar, postgresql-metadata-storage-29.0.0.jar
