2025-10-02T06:15:43,546 INFO [Thread-87] org.apache.druid.java.util.common.lifecycle.Lifecycle - Lifecycle [module] running shutdown hook
2025-10-02T06:15:43,592 INFO [Thread-87] org.apache.druid.java.util.common.lifecycle.Lifecycle - Stopping lifecycle [module] stage [ANNOUNCEMENTS]
2025-10-02T06:15:43,603 INFO [Thread-87] org.apache.druid.curator.announcement.Announcer - Unannouncing [/druid/internal-discovery/ROUTER/router:8888]
2025-10-02T06:15:43,797 INFO [Thread-87] org.apache.druid.curator.discovery.CuratorDruidNodeAnnouncer - Unannounced self [{"druidNode":{"service":"druid/router","host":"router","bindOnHost":false,"plaintextPort":8888,"port":-1,"tlsPort":-1,"enablePlaintextPort":true,"enableTlsPort":false},"nodeType":"router","services":{},"startTime":"2025-10-01T11:23:49.509Z"}].
2025-10-02T06:15:43,800 INFO [Thread-87] org.apache.druid.curator.discovery.CuratorServiceAnnouncer - Unannouncing service[DruidNode{serviceName='druid/router', host='router', bindOnHost=false, port=-1, plaintextPort=8888, enablePlaintextPort=true, tlsPort=-1, enableTlsPort=false}]
2025-10-02T06:15:43,813 INFO [Thread-87] org.apache.druid.java.util.common.lifecycle.Lifecycle - Stopping lifecycle [module] stage [SERVER]
2025-10-02T06:15:43,827 INFO [Thread-87] org.eclipse.jetty.server.AbstractConnector - Stopped ServerConnector@6369d01c{HTTP/1.1, (http/1.1)}{0.0.0.0:8888}
2025-10-02T06:15:43,827 INFO [Thread-87] org.eclipse.jetty.server.session - node0 Stopped scavenging
2025-10-02T06:15:43,837 INFO [Thread-87] org.eclipse.jetty.server.handler.ContextHandler - Stopped o.e.j.s.ServletContextHandler@2ae08750{/,jar:file:/opt/druid/lib/web-console-29.0.0.jar!/org/apache/druid/console,STOPPED}
2025-10-02T06:15:43,844 INFO [Thread-87] org.apache.druid.java.util.common.lifecycle.Lifecycle - Stopping lifecycle [module] stage [NORMAL]
2025-10-02T06:15:43,886 INFO [Curator-Framework-0] org.apache.curator.framework.imps.CuratorFrameworkImpl - backgroundOperationsLoop exiting
2025-10-02T06:15:43,998 INFO [Thread-87] org.apache.zookeeper.ZooKeeper - Session: 0x10000c7b4d50003 closed
2025-10-02T06:15:43,998 INFO [main-EventThread] org.apache.zookeeper.ClientCnxn - EventThread shut down for session: 0x10000c7b4d50003
2025-10-02T06:15:43,998 INFO [Thread-87] org.apache.druid.java.util.common.lifecycle.Lifecycle - Stopping lifecycle [module] stage [INIT]
2025-10-02T07:15:10,129 INFO [main] org.hibernate.validator.internal.util.Version - HV000001: Hibernate Validator 6.2.5.Final
2025-10-02T07:15:11,340 INFO [main] org.apache.druid.guice.ExtensionsLoader - Loading extension [druid-hdfs-storage], jars: aws-java-sdk-s3-1.12.638.jar, httpclient-4.5.13.jar, hadoop-client-api-3.3.6.jar, hadoop-aws-3.3.6.jar, aws-java-sdk-core-1.12.638.jar, jmespath-java-1.12.638.jar, hadoop-client-runtime-3.3.6.jar, druid-hdfs-storage-29.0.0.jar, commons-codec-1.16.0.jar, jsr305-2.0.1.jar, slf4j-api-1.7.36.jar, httpcore-4.4.11.jar, aws-java-sdk-kms-1.12.638.jar, jackson-dataformat-cbor-2.12.7.jar, commons-logging-1.1.1.jar, wildfly-openssl-1.1.3.Final.jar, joda-time-2.12.5.jar, snappy-java-1.1.10.4.jar
2025-10-02T07:15:11,369 INFO [main] org.apache.druid.guice.ExtensionsLoader - Loading extension [druid-kafka-indexing-service], jars: kafka-clients-3.6.1.jar, zstd-jni-1.5.2-3.jar, druid-kafka-indexing-service-29.0.0.jar, snappy-java-1.1.10.4.jar, lz4-java-1.8.0.jar
2025-10-02T07:15:11,393 INFO [main] org.apache.druid.guice.ExtensionsLoader - Loading extension [druid-datasketches], jars: druid-datasketches-29.0.0.jar, commons-math3-3.6.1.jar
2025-10-02T07:15:11,396 INFO [main] org.apache.druid.guice.ExtensionsLoader - Loading extension [druid-multi-stage-query], jars: druid-multi-stage-query-29.0.0.jar
2025-10-02T07:15:11,400 INFO [main] org.apache.druid.guice.ExtensionsLoader - Loading extension [postgresql-metadata-storage], jars: postgresql-42.6.0.jar, checker-qual-3.31.0.jar, postgresql-metadata-storage-29.0.0.jar
2025-10-02T07:15:11,933 INFO [main] org.apache.druid.guice.ExtensionsLoader - Loading extension [druid-hdfs-storage], jars: aws-java-sdk-s3-1.12.638.jar, httpclient-4.5.13.jar, hadoop-client-api-3.3.6.jar, hadoop-aws-3.3.6.jar, aws-java-sdk-core-1.12.638.jar, jmespath-java-1.12.638.jar, hadoop-client-runtime-3.3.6.jar, druid-hdfs-storage-29.0.0.jar, commons-codec-1.16.0.jar, jsr305-2.0.1.jar, slf4j-api-1.7.36.jar, httpcore-4.4.11.jar, aws-java-sdk-kms-1.12.638.jar, jackson-dataformat-cbor-2.12.7.jar, commons-logging-1.1.1.jar, wildfly-openssl-1.1.3.Final.jar, joda-time-2.12.5.jar, snappy-java-1.1.10.4.jar
2025-10-02T07:15:11,944 INFO [main] org.apache.druid.guice.ExtensionsLoader - Loading extension [druid-kafka-indexing-service], jars: kafka-clients-3.6.1.jar, zstd-jni-1.5.2-3.jar, druid-kafka-indexing-service-29.0.0.jar, snappy-java-1.1.10.4.jar, lz4-java-1.8.0.jar
2025-10-02T07:15:11,946 INFO [main] org.apache.druid.guice.ExtensionsLoader - Loading extension [druid-datasketches], jars: druid-datasketches-29.0.0.jar, commons-math3-3.6.1.jar
2025-10-02T07:15:11,957 INFO [main] org.apache.druid.guice.ExtensionsLoader - Loading extension [druid-multi-stage-query], jars: druid-multi-stage-query-29.0.0.jar
2025-10-02T07:15:11,979 INFO [main] org.apache.druid.guice.ExtensionsLoader - Loading extension [postgresql-metadata-storage], jars: postgresql-42.6.0.jar, checker-qual-3.31.0.jar, postgresql-metadata-storage-29.0.0.jar
2025-10-02T07:15:14,190 WARN [main] org.apache.hadoop.util.NativeCodeLoader - Unable to load native-hadoop library for your platform... using builtin-java classes where applicable
2025-10-02T07:15:17,042 INFO [main] org.apache.druid.server.emitter.EmitterModule - Using emitter [NoopEmitter{}] for metrics and alerts, with dimensions [{version=29.0.0}].
2025-10-02T07:15:17,469 INFO [main] org.apache.druid.server.metrics.MetricsModule - Loaded 5 monitors: org.apache.druid.java.util.metrics.JvmMonitor, org.apache.druid.server.metrics.ServiceStatusMonitor, org.apache.druid.query.ExecutorServiceMonitor, org.apache.druid.curator.DruidConnectionStateListener, org.apache.druid.server.initialization.jetty.JettyServerModule$JettyMonitor
2025-10-02T07:15:17,550 INFO [main] org.apache.druid.cli.CliRouter - Starting up with processors [10], memory [536,870,912], maxMemory [536,870,912], directMemory [268,435,456]. Properties follow.
2025-10-02T07:15:17,553 INFO [main] org.apache.druid.cli.CliRouter - * druid.emitter: noop
2025-10-02T07:15:17,554 INFO [main] org.apache.druid.cli.CliRouter - * druid.emitter.logging.logLevel: info
2025-10-02T07:15:17,554 INFO [main] org.apache.druid.cli.CliRouter - * druid.expressions.useStrictBooleans: true
2025-10-02T07:15:17,555 INFO [main] org.apache.druid.cli.CliRouter - * druid.extensions.loadList: ["druid-hdfs-storage", "druid-kafka-indexing-service", "druid-datasketches", "druid-multi-stage-query", "postgresql-metadata-storage"]
2025-10-02T07:15:17,555 INFO [main] org.apache.druid.cli.CliRouter - * druid.host: router
2025-10-02T07:15:17,556 INFO [main] org.apache.druid.cli.CliRouter - * druid.indexer.logs.directory: var/druid/indexing-logs
2025-10-02T07:15:17,556 INFO [main] org.apache.druid.cli.CliRouter - * druid.indexer.logs.type: file
2025-10-02T07:15:17,556 INFO [main] org.apache.druid.cli.CliRouter - * druid.indexing.doubleStorage: double
2025-10-02T07:15:17,557 INFO [main] org.apache.druid.cli.CliRouter - * druid.lookup.enableLookupSyncOnStartup: false
2025-10-02T07:15:17,557 INFO [main] org.apache.druid.cli.CliRouter - * druid.metadata.storage.connector.connectURI: jdbc:postgresql://metadata-storage:5432/druid
2025-10-02T07:15:17,557 INFO [main] org.apache.druid.cli.CliRouter - * druid.metadata.storage.connector.password: <masked>
2025-10-02T07:15:17,557 INFO [main] org.apache.druid.cli.CliRouter - * druid.metadata.storage.connector.user: druid
2025-10-02T07:15:17,558 INFO [main] org.apache.druid.cli.CliRouter - * druid.metadata.storage.type: postgresql
2025-10-02T07:15:17,560 INFO [main] org.apache.druid.cli.CliRouter - * druid.monitoring.monitors: ["org.apache.druid.java.util.metrics.JvmMonitor", "org.apache.druid.server.metrics.ServiceStatusMonitor"]
2025-10-02T07:15:17,560 INFO [main] org.apache.druid.cli.CliRouter - * druid.node.type: router
2025-10-02T07:15:17,561 INFO [main] org.apache.druid.cli.CliRouter - * druid.plaintextPort: 8888
2025-10-02T07:15:17,561 INFO [main] org.apache.druid.cli.CliRouter - * druid.router.coordinatorServiceName: druid/coordinator
2025-10-02T07:15:17,561 INFO [main] org.apache.druid.cli.CliRouter - * druid.router.defaultBrokerServiceName: druid/broker
2025-10-02T07:15:17,561 INFO [main] org.apache.druid.cli.CliRouter - * druid.router.http.numConnections: 40
2025-10-02T07:15:17,562 INFO [main] org.apache.druid.cli.CliRouter - * druid.router.http.numMaxThreads: 60
2025-10-02T07:15:17,563 INFO [main] org.apache.druid.cli.CliRouter - * druid.router.http.readTimeout: PT5M
2025-10-02T07:15:17,565 INFO [main] org.apache.druid.cli.CliRouter - * druid.router.managementProxy.enabled: true
2025-10-02T07:15:17,566 INFO [main] org.apache.druid.cli.CliRouter - * druid.selectors.coordinator.serviceName: druid/coordinator
2025-10-02T07:15:17,566 INFO [main] org.apache.druid.cli.CliRouter - * druid.selectors.indexing.serviceName: druid/overlord
2025-10-02T07:15:17,567 INFO [main] org.apache.druid.cli.CliRouter - * druid.server.hiddenProperties: ["druid.s3.accessKey","druid.s3.secretKey","druid.metadata.storage.connector.password", "password", "key", "token", "pwd"]
2025-10-02T07:15:17,567 INFO [main] org.apache.druid.cli.CliRouter - * druid.server.http.numThreads: 60
2025-10-02T07:15:17,567 INFO [main] org.apache.druid.cli.CliRouter - * druid.service: druid/router
2025-10-02T07:15:17,567 INFO [main] org.apache.druid.cli.CliRouter - * druid.sql.enable: true
2025-10-02T07:15:17,568 INFO [main] org.apache.druid.cli.CliRouter - * druid.sql.planner.useGroupingSetForExactDistinct: true
2025-10-02T07:15:17,568 INFO [main] org.apache.druid.cli.CliRouter - * druid.startup.logging.logProperties: true
2025-10-02T07:15:17,568 INFO [main] org.apache.druid.cli.CliRouter - * druid.storage.storageDirectory: var/druid/segments
2025-10-02T07:15:17,568 INFO [main] org.apache.druid.cli.CliRouter - * druid.storage.type: local
2025-10-02T07:15:17,569 INFO [main] org.apache.druid.cli.CliRouter - * druid.zk.paths.base: /druid
2025-10-02T07:15:17,569 INFO [main] org.apache.druid.cli.CliRouter - * druid.zk.service.host: zookeeper
2025-10-02T07:15:17,569 INFO [main] org.apache.druid.cli.CliRouter - * file.encoding: UTF-8
2025-10-02T07:15:17,570 INFO [main] org.apache.druid.cli.CliRouter - * file.separator: /
2025-10-02T07:15:17,570 INFO [main] org.apache.druid.cli.CliRouter - * java.class.path: /opt/druid/overrides/*:/tmp/conf/druid/cluster/_common:/tmp/conf/druid/cluster/query/router:lib/async-http-client-netty-utils-2.5.3.jar:lib/maven-settings-builder-3.1.1.jar:lib/json-simple-1.1.1.jar:lib/checker-qual-2.5.7.jar:lib/jetty-rewrite-9.4.53.v20231009.jar:lib/netty-resolver-4.1.100.Final.jar:lib/guice-4.1.0.jar:lib/jackson-datatype-guava-2.12.7.jar:lib/netty-reactive-streams-2.0.0.jar:lib/google-http-client-apache-v2-1.42.3.jar:lib/aws-java-sdk-sts-1.12.638.jar:lib/async-http-client-2.5.3.jar:lib/guice-assistedinject-4.1.0.jar:lib/jackson-databind-2.12.7.1.jar:lib/google-http-client-jackson2-1.42.3.jar:lib/jackson-jq-0.0.10.jar:lib/maven-model-builder-3.1.1.jar:lib/asm-commons-9.3.jar:lib/aether-connector-file-0.9.0.M2.jar:lib/accessors-smart-2.4.11.jar:lib/aws-java-sdk-ec2-1.12.638.jar:lib/aws-java-sdk-s3-1.12.638.jar:lib/jcodings-1.0.43.jar:lib/zookeeper-jute-3.8.3.jar:lib/disruptor-3.3.6.jar:lib/javax.activation-api-1.2.0.jar:lib/calcite-linq4j-1.35.0.jar:lib/derbyclient-10.14.2.0.jar:lib/google-http-client-1.42.3.jar:lib/netty-transport-classes-epoll-4.1.100.Final.jar:lib/maven-artifact-3.6.0.jar:lib/icu4j-73.2.jar:lib/reactive-streams-1.0.2.jar:lib/netty-resolver-dns-4.1.100.Final.jar:lib/guice-servlet-4.1.0.jar:lib/commons-collections-3.2.2.jar:lib/jna-platform-5.13.0.jar:lib/druid-indexing-hadoop-29.0.0.jar:lib/derbynet-10.14.2.0.jar:lib/txw2-2.3.1.jar:lib/guava-32.0.1-jre.jar:lib/asm-analysis-9.3.jar:lib/jcl-over-slf4j-1.7.36.jar:lib/curator-recipes-5.5.0.jar:lib/log4j-jul-2.18.0.jar:lib/log4j-1.2-api-2.18.0.jar:lib/netty-codec-4.1.100.Final.jar:lib/protobuf-java-3.24.0.jar:lib/httpclient-4.5.13.jar:lib/ipaddress-5.3.4.jar:lib/audience-annotations-0.12.0.jar:lib/druid-sql-29.0.0.jar:lib/maven-settings-3.1.1.jar:lib/airline-2.8.4.jar:lib/stax-ex-1.8.jar:lib/jaxb-runtime-2.3.1.jar:lib/druid-indexing-service-29.0.0.jar:lib/grpc-context-1.27.2.jar:lib/druid-processing-29.0.0.jar:lib/fastutil-extra-8.5.4.jar:lib/json-smart-2.4.11.jar:lib/jts-core-1.19.0.jar:lib/log4j-api-2.18.0.jar:lib/resilience4j-bulkhead-1.3.1.jar:lib/jetty-servlets-9.4.53.v20231009.jar:lib/okhttp-1.0.2.jar:lib/netty-codec-dns-4.1.100.Final.jar:lib/commons-math3-3.6.1.jar:lib/aws-java-sdk-core-1.12.638.jar:lib/FastInfoset-1.2.15.jar:lib/netty-common-4.1.100.Final.jar:lib/derby-10.14.2.0.jar:lib/log4j-slf4j-impl-2.18.0.jar:lib/jboss-logging-3.4.1.Final.jar:lib/curator-x-discovery-5.5.0.jar:lib/jmespath-java-1.12.638.jar:lib/error_prone_annotations-2.20.0.jar:lib/jetty-util-9.4.53.v20231009.jar:lib/cron-scheduler-0.1.jar:lib/vavr-match-0.10.2.jar:lib/aggdesigner-algorithm-6.0.jar:lib/airline-io-2.8.4.jar:lib/httpcore5-h2-5.1.3.jar:lib/jackson-jaxrs-base-2.12.7.jar:lib/jackson-module-guice-2.12.7.jar:lib/jetty-proxy-9.4.53.v20231009.jar:lib/zookeeper-3.8.3.jar:lib/hibernate-validator-6.2.5.Final.jar:lib/log4j-core-2.18.0.jar:lib/janino-3.1.9.jar:lib/jetty-http-9.4.53.v20231009.jar:lib/avatica-core-1.23.0.jar:lib/fastutil-core-8.5.4.jar:lib/maven-aether-provider-3.1.1.jar:lib/tesla-aether-0.0.5.jar:lib/uzaygezen-core-0.2.jar:lib/elasticache-java-cluster-client-1.2.0.jar:lib/commons-lang3-3.12.0.jar:lib/aether-spi-0.9.0.M2.jar:lib/jersey-servlet-1.19.4.jar:lib/druid-aws-common-29.0.0.jar:lib/json-path-2.3.0.jar:lib/druid-services-29.0.0.jar:lib/jaxb-api-2.3.1.jar:lib/metrics-core-4.2.22.jar:lib/aether-connector-okhttp-0.0.9.jar:lib/javax.inject-1.jar:lib/curator-framework-5.5.0.jar:lib/compress-lzf-1.0.4.jar:lib/zstd-jni-1.5.2-3.jar:lib/avatica-metrics-1.23.0.jar:lib/jetty-server-9.4.53.v20231009.jar:lib/netty-handler-proxy-4.1.100.Final.jar:lib/xz-1.9.jar:lib/commons-io-2.11.0.jar:lib/commons-codec-1.16.0.jar:lib/failureaccess-1.0.1.jar:lib/httpclient5-5.1.3.jar:lib/apiguardian-api-1.1.2.jar:lib/jetty-continuation-9.4.53.v20231009.jar:lib/avatica-server-1.23.0.jar:lib/jsr305-2.0.1.jar:lib/jersey-guice-1.19.4.jar:lib/guice-multibindings-4.1.0.jar:lib/aether-impl-0.9.0.M2.jar:lib/jetty-servlet-9.4.53.v20231009.jar:lib/netty-transport-native-unix-common-4.1.100.Final.jar:lib/druid-server-29.0.0.jar:lib/proj4j-1.2.2.jar:lib/asm-tree-9.3.jar:lib/netty-codec-http-4.1.100.Final.jar:lib/slf4j-api-1.7.36.jar:lib/javax.el-api-3.0.0.jar:lib/jackson-core-2.12.7.jar:lib/aether-api-0.9.0.M2.jar:lib/httpcore-4.4.11.jar:lib/jackson-jaxrs-smile-provider-2.12.7.jar:lib/jetty-security-9.4.53.v20231009.jar:lib/gson-2.10.jar:lib/plexus-utils-3.0.24.jar:lib/datasketches-memory-2.2.0.jar:lib/jackson-module-jaxb-annotations-2.12.7.jar:lib/jackson-jaxrs-json-provider-2.12.7.jar:lib/google-http-client-gson-1.42.3.jar:lib/jakarta.xml.bind-api-2.3.2.jar:lib/antlr4-runtime-4.5.3.jar:lib/commons-compiler-3.1.9.jar:lib/jdbi-2.63.1.jar:lib/rhino-1.7.14.jar:lib/aws-java-sdk-kms-1.12.638.jar:lib/j2objc-annotations-2.8.jar:lib/netty-3.10.6.Final.jar:lib/jakarta.activation-api-1.2.1.jar:lib/resilience4j-core-1.3.1.jar:lib/commons-beanutils-1.9.4.jar:lib/caffeine-2.8.0.jar:lib/sigar-1.6.5.132.jar:lib/jakarta.validation-api-2.0.2.jar:lib/calcite-core-1.35.0.jar:lib/opencensus-contrib-http-util-0.31.1.jar:lib/jetty-client-9.4.53.v20231009.jar:lib/jackson-dataformat-cbor-2.12.7.jar:lib/aether-util-0.9.0.M2.jar:lib/maven-repository-metadata-3.1.1.jar:lib/netty-transport-native-epoll-4.1.100.Final-linux-x86_64.jar:lib/druid-gcp-common-29.0.0.jar:lib/istack-commons-runtime-3.0.7.jar:lib/jna-5.13.0.jar:lib/jackson-dataformat-smile-2.12.7.jar:lib/asm-9.3.jar:lib/netty-buffer-4.1.100.Final.jar:lib/commons-lang-2.6.jar:lib/commons-logging-1.1.1.jar:lib/commons-collections4-4.2.jar:lib/maven-model-3.1.1.jar:lib/jts-io-common-1.19.0.jar:lib/vavr-0.10.2.jar:lib/commons-compress-1.24.0.jar:lib/fastutil-8.5.4.jar:lib/joni-2.1.27.jar:lib/joda-time-2.12.5.jar:lib/commons-text-1.10.0.jar:lib/plexus-interpolation-1.19.jar:lib/aopalliance-1.0.jar:lib/web-console-29.0.0.jar:lib/RoaringBitmap-0.9.49.jar:lib/datasketches-java-4.2.0.jar:lib/curator-client-5.5.0.jar:lib/opencsv-4.6.jar:lib/jetty-util-ajax-9.4.53.v20231009.jar:lib/javax.activation-1.2.0.jar:lib/jersey-core-1.19.4.jar:lib/commons-dbcp2-2.0.1.jar:lib/javax.servlet-api-3.1.0.jar:lib/jakarta.inject-api-1.0.3.jar:lib/netty-codec-socks-4.1.100.Final.jar:lib/netty-handler-4.1.100.Final.jar:lib/commons-pool2-2.2.jar:lib/jackson-annotations-2.12.7.jar:lib/httpcore5-5.1.3.jar:lib/google-oauth-client-1.34.1.jar:lib/jersey-server-1.19.4.jar:lib/oshi-core-6.4.4.jar:lib/wagon-provider-api-2.4.jar:lib/snappy-java-1.1.10.4.jar:lib/google-api-client-2.2.0.jar:lib/config-magic-0.9.jar:lib/shims-0.9.49.jar:lib/jakarta.el-3.0.4.jar:lib/jackson-datatype-joda-2.12.7.jar:lib/classmate-1.5.1.jar:lib/netty-transport-4.1.100.Final.jar:lib/jsr311-api-1.1.1.jar:lib/lz4-java-1.8.0.jar:lib/opencensus-api-0.31.1.jar:lib/jetty-io-9.4.53.v20231009.jar:
2025-10-02T07:15:17,571 INFO [main] org.apache.druid.cli.CliRouter - * java.class.version: 61.0
2025-10-02T07:15:17,571 INFO [main] org.apache.druid.cli.CliRouter - * java.home: /usr/lib/jvm/java-17-openjdk-amd64
2025-10-02T07:15:17,572 INFO [main] org.apache.druid.cli.CliRouter - * java.io.tmpdir: var/tmp
2025-10-02T07:15:17,572 INFO [main] org.apache.druid.cli.CliRouter - * java.library.path: /usr/java/packages/lib:/usr/lib/x86_64-linux-gnu/jni:/lib/x86_64-linux-gnu:/usr/lib/x86_64-linux-gnu:/usr/lib/jni:/lib:/usr/lib
2025-10-02T07:15:17,573 INFO [main] org.apache.druid.cli.CliRouter - * java.runtime.name: OpenJDK Runtime Environment
2025-10-02T07:15:17,573 INFO [main] org.apache.druid.cli.CliRouter - * java.runtime.version: 17.0.10+7-Debian-1deb12u1
2025-10-02T07:15:17,573 INFO [main] org.apache.druid.cli.CliRouter - * java.specification.name: Java Platform API Specification
2025-10-02T07:15:17,573 INFO [main] org.apache.druid.cli.CliRouter - * java.specification.vendor: Oracle Corporation
2025-10-02T07:15:17,573 INFO [main] org.apache.druid.cli.CliRouter - * java.specification.version: 17
2025-10-02T07:15:17,574 INFO [main] org.apache.druid.cli.CliRouter - * java.util.logging.manager: org.apache.logging.log4j.jul.LogManager
2025-10-02T07:15:17,576 INFO [main] org.apache.druid.cli.CliRouter - * java.vendor: Debian
2025-10-02T07:15:17,576 INFO [main] org.apache.druid.cli.CliRouter - * java.vendor.url: https://tracker.debian.org/openjdk-17
2025-10-02T07:15:17,577 INFO [main] org.apache.druid.cli.CliRouter - * java.vendor.url.bug: https://bugs.debian.org/openjdk-17
2025-10-02T07:15:17,577 INFO [main] org.apache.druid.cli.CliRouter - * java.version: 17.0.10
2025-10-02T07:15:17,578 INFO [main] org.apache.druid.cli.CliRouter - * java.version.date: 2024-01-16
2025-10-02T07:15:17,578 INFO [main] org.apache.druid.cli.CliRouter - * java.vm.compressedOopsMode: 32-bit
2025-10-02T07:15:17,578 INFO [main] org.apache.druid.cli.CliRouter - * java.vm.info: mixed mode, sharing
2025-10-02T07:15:17,578 INFO [main] org.apache.druid.cli.CliRouter - * java.vm.name: OpenJDK 64-Bit Server VM
2025-10-02T07:15:17,579 INFO [main] org.apache.druid.cli.CliRouter - * java.vm.specification.name: Java Virtual Machine Specification
2025-10-02T07:15:17,579 INFO [main] org.apache.druid.cli.CliRouter - * java.vm.specification.vendor: Oracle Corporation
2025-10-02T07:15:17,579 INFO [main] org.apache.druid.cli.CliRouter - * java.vm.specification.version: 17
2025-10-02T07:15:17,580 INFO [main] org.apache.druid.cli.CliRouter - * java.vm.vendor: Debian
2025-10-02T07:15:17,581 INFO [main] org.apache.druid.cli.CliRouter - * java.vm.version: 17.0.10+7-Debian-1deb12u1
2025-10-02T07:15:17,582 INFO [main] org.apache.druid.cli.CliRouter - * jdk.debug: release
2025-10-02T07:15:17,582 INFO [main] org.apache.druid.cli.CliRouter - * line.separator: 

2025-10-02T07:15:17,582 INFO [main] org.apache.druid.cli.CliRouter - * log4j.shutdownCallbackRegistry: org.apache.druid.common.config.Log4jShutdown
2025-10-02T07:15:17,582 INFO [main] org.apache.druid.cli.CliRouter - * log4j.shutdownHookEnabled: true
2025-10-02T07:15:17,583 INFO [main] org.apache.druid.cli.CliRouter - * log4j2.is.webapp: false
2025-10-02T07:15:17,584 INFO [main] org.apache.druid.cli.CliRouter - * native.encoding: UTF-8
2025-10-02T07:15:17,584 INFO [main] org.apache.druid.cli.CliRouter - * os.arch: amd64
2025-10-02T07:15:17,585 INFO [main] org.apache.druid.cli.CliRouter - * os.name: Linux
2025-10-02T07:15:17,585 INFO [main] org.apache.druid.cli.CliRouter - * os.version: 6.10.14-linuxkit
2025-10-02T07:15:17,585 INFO [main] org.apache.druid.cli.CliRouter - * path.separator: :
2025-10-02T07:15:17,586 INFO [main] org.apache.druid.cli.CliRouter - * sun.arch.data.model: 64
2025-10-02T07:15:17,586 INFO [main] org.apache.druid.cli.CliRouter - * sun.boot.library.path: /usr/lib/jvm/java-17-openjdk-amd64/lib
2025-10-02T07:15:17,590 INFO [main] org.apache.druid.cli.CliRouter - * sun.cpu.endian: little
2025-10-02T07:15:17,591 INFO [main] org.apache.druid.cli.CliRouter - * sun.io.unicode.encoding: UnicodeLittle
2025-10-02T07:15:17,591 INFO [main] org.apache.druid.cli.CliRouter - * sun.java.command: org.apache.druid.cli.Main server router
2025-10-02T07:15:17,592 INFO [main] org.apache.druid.cli.CliRouter - * sun.java.launcher: SUN_STANDARD
2025-10-02T07:15:17,592 INFO [main] org.apache.druid.cli.CliRouter - * sun.jnu.encoding: UTF-8
2025-10-02T07:15:17,593 INFO [main] org.apache.druid.cli.CliRouter - * sun.management.compiler: HotSpot 64-Bit Tiered Compilers
2025-10-02T07:15:17,593 INFO [main] org.apache.druid.cli.CliRouter - * user.dir: /opt/druid
2025-10-02T07:15:17,594 INFO [main] org.apache.druid.cli.CliRouter - * user.home: /opt/druid
2025-10-02T07:15:17,594 INFO [main] org.apache.druid.cli.CliRouter - * user.language: en
2025-10-02T07:15:17,595 INFO [main] org.apache.druid.cli.CliRouter - * user.name: druid
2025-10-02T07:15:17,595 INFO [main] org.apache.druid.cli.CliRouter - * user.timezone: UTC
2025-10-02T07:15:17,923 INFO [main] org.eclipse.jetty.util.log - Logging initialized @10619ms to org.eclipse.jetty.util.log.Slf4jLog
2025-10-02T07:15:17,932 INFO [main] org.apache.druid.server.initialization.jetty.JettyServerModule - Creating http connector with port [8888]
2025-10-02T07:15:18,022 INFO [main] org.apache.druid.query.DruidProcessingConfig - Detected max direct memory size of [268,435,456] bytes
2025-10-02T07:15:18,024 INFO [main] org.apache.druid.query.DruidProcessingConfig - Auto sizing buffers to [22,369,621] bytes each for [9] processing and [2] merge buffers. If you run out of direct memory, you may need to set these parameters explicitly using the guidelines at https://druid.apache.org/docs/latest/operations/basic-cluster-tuning.html#processing-threads-buffers.
2025-10-02T07:15:18,714 WARN [main] org.eclipse.jetty.server.handler.gzip.GzipHandler - minGzipSize of 0 is inefficient for short content, break even is size 23
2025-10-02T07:15:18,801 INFO [main] org.apache.druid.java.util.common.lifecycle.Lifecycle - Starting lifecycle [module] stage [INIT]
2025-10-02T07:15:18,804 INFO [main] org.apache.druid.java.util.common.lifecycle.Lifecycle - Starting lifecycle [module] stage [NORMAL]
2025-10-02T07:15:18,805 INFO [main] org.apache.curator.framework.imps.CuratorFrameworkImpl - Starting
2025-10-02T07:15:18,824 INFO [main] org.apache.zookeeper.ZooKeeper - Client environment:zookeeper.version=3.8.3-6ad6d364c7c0bcf0de452d54ebefa3058098ab56, built on 2023-10-05 10:34 UTC
2025-10-02T07:15:18,824 INFO [main] org.apache.zookeeper.ZooKeeper - Client environment:host.name=c36ebceaf518
2025-10-02T07:15:18,825 INFO [main] org.apache.zookeeper.ZooKeeper - Client environment:java.version=17.0.10
2025-10-02T07:15:18,825 INFO [main] org.apache.zookeeper.ZooKeeper - Client environment:java.vendor=Debian
2025-10-02T07:15:18,825 INFO [main] org.apache.zookeeper.ZooKeeper - Client environment:java.home=/usr/lib/jvm/java-17-openjdk-amd64
2025-10-02T07:15:18,825 INFO [main] org.apache.zookeeper.ZooKeeper - Client environment:java.class.path=/opt/druid/overrides/*:/tmp/conf/druid/cluster/_common:/tmp/conf/druid/cluster/query/router:lib/async-http-client-netty-utils-2.5.3.jar:lib/maven-settings-builder-3.1.1.jar:lib/json-simple-1.1.1.jar:lib/checker-qual-2.5.7.jar:lib/jetty-rewrite-9.4.53.v20231009.jar:lib/netty-resolver-4.1.100.Final.jar:lib/guice-4.1.0.jar:lib/jackson-datatype-guava-2.12.7.jar:lib/netty-reactive-streams-2.0.0.jar:lib/google-http-client-apache-v2-1.42.3.jar:lib/aws-java-sdk-sts-1.12.638.jar:lib/async-http-client-2.5.3.jar:lib/guice-assistedinject-4.1.0.jar:lib/jackson-databind-2.12.7.1.jar:lib/google-http-client-jackson2-1.42.3.jar:lib/jackson-jq-0.0.10.jar:lib/maven-model-builder-3.1.1.jar:lib/asm-commons-9.3.jar:lib/aether-connector-file-0.9.0.M2.jar:lib/accessors-smart-2.4.11.jar:lib/aws-java-sdk-ec2-1.12.638.jar:lib/aws-java-sdk-s3-1.12.638.jar:lib/jcodings-1.0.43.jar:lib/zookeeper-jute-3.8.3.jar:lib/disruptor-3.3.6.jar:lib/javax.activation-api-1.2.0.jar:lib/calcite-linq4j-1.35.0.jar:lib/derbyclient-10.14.2.0.jar:lib/google-http-client-1.42.3.jar:lib/netty-transport-classes-epoll-4.1.100.Final.jar:lib/maven-artifact-3.6.0.jar:lib/icu4j-73.2.jar:lib/reactive-streams-1.0.2.jar:lib/netty-resolver-dns-4.1.100.Final.jar:lib/guice-servlet-4.1.0.jar:lib/commons-collections-3.2.2.jar:lib/jna-platform-5.13.0.jar:lib/druid-indexing-hadoop-29.0.0.jar:lib/derbynet-10.14.2.0.jar:lib/txw2-2.3.1.jar:lib/guava-32.0.1-jre.jar:lib/asm-analysis-9.3.jar:lib/jcl-over-slf4j-1.7.36.jar:lib/curator-recipes-5.5.0.jar:lib/log4j-jul-2.18.0.jar:lib/log4j-1.2-api-2.18.0.jar:lib/netty-codec-4.1.100.Final.jar:lib/protobuf-java-3.24.0.jar:lib/httpclient-4.5.13.jar:lib/ipaddress-5.3.4.jar:lib/audience-annotations-0.12.0.jar:lib/druid-sql-29.0.0.jar:lib/maven-settings-3.1.1.jar:lib/airline-2.8.4.jar:lib/stax-ex-1.8.jar:lib/jaxb-runtime-2.3.1.jar:lib/druid-indexing-service-29.0.0.jar:lib/grpc-context-1.27.2.jar:lib/druid-processing-29.0.0.jar:lib/fastutil-extra-8.5.4.jar:lib/json-smart-2.4.11.jar:lib/jts-core-1.19.0.jar:lib/log4j-api-2.18.0.jar:lib/resilience4j-bulkhead-1.3.1.jar:lib/jetty-servlets-9.4.53.v20231009.jar:lib/okhttp-1.0.2.jar:lib/netty-codec-dns-4.1.100.Final.jar:lib/commons-math3-3.6.1.jar:lib/aws-java-sdk-core-1.12.638.jar:lib/FastInfoset-1.2.15.jar:lib/netty-common-4.1.100.Final.jar:lib/derby-10.14.2.0.jar:lib/log4j-slf4j-impl-2.18.0.jar:lib/jboss-logging-3.4.1.Final.jar:lib/curator-x-discovery-5.5.0.jar:lib/jmespath-java-1.12.638.jar:lib/error_prone_annotations-2.20.0.jar:lib/jetty-util-9.4.53.v20231009.jar:lib/cron-scheduler-0.1.jar:lib/vavr-match-0.10.2.jar:lib/aggdesigner-algorithm-6.0.jar:lib/airline-io-2.8.4.jar:lib/httpcore5-h2-5.1.3.jar:lib/jackson-jaxrs-base-2.12.7.jar:lib/jackson-module-guice-2.12.7.jar:lib/jetty-proxy-9.4.53.v20231009.jar:lib/zookeeper-3.8.3.jar:lib/hibernate-validator-6.2.5.Final.jar:lib/log4j-core-2.18.0.jar:lib/janino-3.1.9.jar:lib/jetty-http-9.4.53.v20231009.jar:lib/avatica-core-1.23.0.jar:lib/fastutil-core-8.5.4.jar:lib/maven-aether-provider-3.1.1.jar:lib/tesla-aether-0.0.5.jar:lib/uzaygezen-core-0.2.jar:lib/elasticache-java-cluster-client-1.2.0.jar:lib/commons-lang3-3.12.0.jar:lib/aether-spi-0.9.0.M2.jar:lib/jersey-servlet-1.19.4.jar:lib/druid-aws-common-29.0.0.jar:lib/json-path-2.3.0.jar:lib/druid-services-29.0.0.jar:lib/jaxb-api-2.3.1.jar:lib/metrics-core-4.2.22.jar:lib/aether-connector-okhttp-0.0.9.jar:lib/javax.inject-1.jar:lib/curator-framework-5.5.0.jar:lib/compress-lzf-1.0.4.jar:lib/zstd-jni-1.5.2-3.jar:lib/avatica-metrics-1.23.0.jar:lib/jetty-server-9.4.53.v20231009.jar:lib/netty-handler-proxy-4.1.100.Final.jar:lib/xz-1.9.jar:lib/commons-io-2.11.0.jar:lib/commons-codec-1.16.0.jar:lib/failureaccess-1.0.1.jar:lib/httpclient5-5.1.3.jar:lib/apiguardian-api-1.1.2.jar:lib/jetty-continuation-9.4.53.v20231009.jar:lib/avatica-server-1.23.0.jar:lib/jsr305-2.0.1.jar:lib/jersey-guice-1.19.4.jar:lib/guice-multibindings-4.1.0.jar:lib/aether-impl-0.9.0.M2.jar:lib/jetty-servlet-9.4.53.v20231009.jar:lib/netty-transport-native-unix-common-4.1.100.Final.jar:lib/druid-server-29.0.0.jar:lib/proj4j-1.2.2.jar:lib/asm-tree-9.3.jar:lib/netty-codec-http-4.1.100.Final.jar:lib/slf4j-api-1.7.36.jar:lib/javax.el-api-3.0.0.jar:lib/jackson-core-2.12.7.jar:lib/aether-api-0.9.0.M2.jar:lib/httpcore-4.4.11.jar:lib/jackson-jaxrs-smile-provider-2.12.7.jar:lib/jetty-security-9.4.53.v20231009.jar:lib/gson-2.10.jar:lib/plexus-utils-3.0.24.jar:lib/datasketches-memory-2.2.0.jar:lib/jackson-module-jaxb-annotations-2.12.7.jar:lib/jackson-jaxrs-json-provider-2.12.7.jar:lib/google-http-client-gson-1.42.3.jar:lib/jakarta.xml.bind-api-2.3.2.jar:lib/antlr4-runtime-4.5.3.jar:lib/commons-compiler-3.1.9.jar:lib/jdbi-2.63.1.jar:lib/rhino-1.7.14.jar:lib/aws-java-sdk-kms-1.12.638.jar:lib/j2objc-annotations-2.8.jar:lib/netty-3.10.6.Final.jar:lib/jakarta.activation-api-1.2.1.jar:lib/resilience4j-core-1.3.1.jar:lib/commons-beanutils-1.9.4.jar:lib/caffeine-2.8.0.jar:lib/sigar-1.6.5.132.jar:lib/jakarta.validation-api-2.0.2.jar:lib/calcite-core-1.35.0.jar:lib/opencensus-contrib-http-util-0.31.1.jar:lib/jetty-client-9.4.53.v20231009.jar:lib/jackson-dataformat-cbor-2.12.7.jar:lib/aether-util-0.9.0.M2.jar:lib/maven-repository-metadata-3.1.1.jar:lib/netty-transport-native-epoll-4.1.100.Final-linux-x86_64.jar:lib/druid-gcp-common-29.0.0.jar:lib/istack-commons-runtime-3.0.7.jar:lib/jna-5.13.0.jar:lib/jackson-dataformat-smile-2.12.7.jar:lib/asm-9.3.jar:lib/netty-buffer-4.1.100.Final.jar:lib/commons-lang-2.6.jar:lib/commons-logging-1.1.1.jar:lib/commons-collections4-4.2.jar:lib/maven-model-3.1.1.jar:lib/jts-io-common-1.19.0.jar:lib/vavr-0.10.2.jar:lib/commons-compress-1.24.0.jar:lib/fastutil-8.5.4.jar:lib/joni-2.1.27.jar:lib/joda-time-2.12.5.jar:lib/commons-text-1.10.0.jar:lib/plexus-interpolation-1.19.jar:lib/aopalliance-1.0.jar:lib/web-console-29.0.0.jar:lib/RoaringBitmap-0.9.49.jar:lib/datasketches-java-4.2.0.jar:lib/curator-client-5.5.0.jar:lib/opencsv-4.6.jar:lib/jetty-util-ajax-9.4.53.v20231009.jar:lib/javax.activation-1.2.0.jar:lib/jersey-core-1.19.4.jar:lib/commons-dbcp2-2.0.1.jar:lib/javax.servlet-api-3.1.0.jar:lib/jakarta.inject-api-1.0.3.jar:lib/netty-codec-socks-4.1.100.Final.jar:lib/netty-handler-4.1.100.Final.jar:lib/commons-pool2-2.2.jar:lib/jackson-annotations-2.12.7.jar:lib/httpcore5-5.1.3.jar:lib/google-oauth-client-1.34.1.jar:lib/jersey-server-1.19.4.jar:lib/oshi-core-6.4.4.jar:lib/wagon-provider-api-2.4.jar:lib/snappy-java-1.1.10.4.jar:lib/google-api-client-2.2.0.jar:lib/config-magic-0.9.jar:lib/shims-0.9.49.jar:lib/jakarta.el-3.0.4.jar:lib/jackson-datatype-joda-2.12.7.jar:lib/classmate-1.5.1.jar:lib/netty-transport-4.1.100.Final.jar:lib/jsr311-api-1.1.1.jar:lib/lz4-java-1.8.0.jar:lib/opencensus-api-0.31.1.jar:lib/jetty-io-9.4.53.v20231009.jar:
2025-10-02T07:15:18,826 INFO [main] org.apache.zookeeper.ZooKeeper - Client environment:java.library.path=/usr/java/packages/lib:/usr/lib/x86_64-linux-gnu/jni:/lib/x86_64-linux-gnu:/usr/lib/x86_64-linux-gnu:/usr/lib/jni:/lib:/usr/lib
2025-10-02T07:15:18,827 INFO [main] org.apache.zookeeper.ZooKeeper - Client environment:java.io.tmpdir=var/tmp
2025-10-02T07:15:18,827 INFO [main] org.apache.zookeeper.ZooKeeper - Client environment:java.compiler=<NA>
2025-10-02T07:15:18,828 INFO [main] org.apache.zookeeper.ZooKeeper - Client environment:os.name=Linux
2025-10-02T07:15:18,828 INFO [main] org.apache.zookeeper.ZooKeeper - Client environment:os.arch=amd64
2025-10-02T07:15:18,828 INFO [main] org.apache.zookeeper.ZooKeeper - Client environment:os.version=6.10.14-linuxkit
2025-10-02T07:15:18,829 INFO [main] org.apache.zookeeper.ZooKeeper - Client environment:user.name=druid
2025-10-02T07:15:18,829 INFO [main] org.apache.zookeeper.ZooKeeper - Client environment:user.home=/opt/druid
2025-10-02T07:15:18,829 INFO [main] org.apache.zookeeper.ZooKeeper - Client environment:user.dir=/opt/druid
2025-10-02T07:15:18,830 INFO [main] org.apache.zookeeper.ZooKeeper - Client environment:os.memory.free=383MB
2025-10-02T07:15:18,831 INFO [main] org.apache.zookeeper.ZooKeeper - Client environment:os.memory.max=512MB
2025-10-02T07:15:18,831 INFO [main] org.apache.zookeeper.ZooKeeper - Client environment:os.memory.total=512MB
2025-10-02T07:15:18,844 INFO [main] org.apache.zookeeper.ZooKeeper - Initiating client connection, connectString=zookeeper sessionTimeout=30000 watcher=org.apache.curator.ConnectionState@7c048b30
2025-10-02T07:15:18,857 INFO [main] org.apache.zookeeper.common.X509Util - Setting -D jdk.tls.rejectClientInitiatedRenegotiation=true to disable client-initiated TLS renegotiation
2025-10-02T07:15:18,862 INFO [main] org.apache.zookeeper.ClientCnxnSocket - jute.maxbuffer value is 1048575 Bytes
2025-10-02T07:15:18,869 INFO [main] org.apache.zookeeper.ClientCnxn - zookeeper.request.timeout value is 0. feature enabled=false
2025-10-02T07:15:18,884 INFO [main] org.apache.curator.framework.imps.CuratorFrameworkImpl - Default schema
2025-10-02T07:15:18,889 INFO [main-SendThread(zookeeper:2181)] org.apache.zookeeper.ClientCnxn - Opening socket connection to server zookeeper/172.18.0.3:2181.
2025-10-02T07:15:18,895 INFO [main-SendThread(zookeeper:2181)] org.apache.zookeeper.ClientCnxn - SASL config status: Will not attempt to authenticate using SASL (unknown error)
2025-10-02T07:15:18,933 INFO [main-SendThread(zookeeper:2181)] org.apache.zookeeper.ClientCnxn - Socket connection established, initiating session, client: /172.18.0.9:56548, server: zookeeper/172.18.0.3:2181
2025-10-02T07:15:18,948 INFO [main-SendThread(zookeeper:2181)] org.apache.zookeeper.ClientCnxn - Session establishment complete on server zookeeper/172.18.0.3:2181, session id = 0x10001be5df60001, negotiated timeout = 30000
2025-10-02T07:15:18,953 INFO [main-EventThread] org.apache.curator.framework.state.ConnectionStateManager - State change: CONNECTED
2025-10-02T07:15:18,987 INFO [main] org.apache.druid.java.util.common.lifecycle.Lifecycle - Starting lifecycle [module] stage [SERVER]
2025-10-02T07:15:18,988 INFO [main-EventThread] org.apache.curator.framework.imps.EnsembleTracker - New config event received: {}
2025-10-02T07:15:18,991 INFO [main-EventThread] org.apache.curator.framework.imps.EnsembleTracker - New config event received: {}
2025-10-02T07:15:19,008 INFO [main] org.eclipse.jetty.server.Server - jetty-9.4.53.v20231009; built: 2023-10-09T12:29:09.265Z; git: 27bde00a0b95a1d5bbee0eae7984f891d2d0f8c9; jvm 17.0.10+7-Debian-1deb12u1
2025-10-02T07:15:19,026 WARN [NodeRoleWatcher[COORDINATOR]] org.apache.druid.curator.discovery.CuratorDruidNodeDiscoveryProvider$NodeRoleWatcher - Ignored event type [CONNECTION_RECONNECTED] for node watcher of role [coordinator].
2025-10-02T07:15:19,043 INFO [NodeRoleWatcher[COORDINATOR]] org.apache.druid.discovery.BaseNodeRoleWatcher - Node watcher of role [coordinator] is now initialized with 0 nodes.
2025-10-02T07:15:19,042 INFO [NodeRoleWatcher[BROKER]] org.apache.druid.discovery.BaseNodeRoleWatcher - Node watcher of role [broker] is now initialized with 0 nodes.
2025-10-02T07:15:19,047 ERROR [CoordinatorRuleManager-Exec--0] org.apache.druid.server.router.CoordinatorRuleManager - Exception while polling for rules
org.apache.druid.java.util.common.IOE: A leader node could not be found for [COORDINATOR] service. Check logs of service [COORDINATOR] to confirm it is healthy.
	at org.apache.druid.discovery.DruidLeaderClient.getCurrentKnownLeader(DruidLeaderClient.java:265) ~[druid-server-29.0.0.jar:29.0.0]
	at org.apache.druid.discovery.DruidLeaderClient.makeRequest(DruidLeaderClient.java:120) ~[druid-server-29.0.0.jar:29.0.0]
	at org.apache.druid.server.router.CoordinatorRuleManager.poll(CoordinatorRuleManager.java:138) ~[druid-services-29.0.0.jar:29.0.0]
	at org.apache.druid.java.util.common.concurrent.ScheduledExecutors$1.call(ScheduledExecutors.java:55) ~[druid-processing-29.0.0.jar:29.0.0]
	at org.apache.druid.java.util.common.concurrent.ScheduledExecutors$1.call(ScheduledExecutors.java:51) ~[druid-processing-29.0.0.jar:29.0.0]
	at org.apache.druid.java.util.common.concurrent.ScheduledExecutors$2.run(ScheduledExecutors.java:97) ~[druid-processing-29.0.0.jar:29.0.0]
	at java.util.concurrent.Executors$RunnableAdapter.call(Executors.java:539) ~[?:?]
	at java.util.concurrent.FutureTask.run(FutureTask.java:264) ~[?:?]
	at java.util.concurrent.ScheduledThreadPoolExecutor$ScheduledFutureTask.run(ScheduledThreadPoolExecutor.java:304) ~[?:?]
	at java.util.concurrent.ThreadPoolExecutor.runWorker(ThreadPoolExecutor.java:1136) ~[?:?]
	at java.util.concurrent.ThreadPoolExecutor$Worker.run(ThreadPoolExecutor.java:635) ~[?:?]
	at java.lang.Thread.run(Thread.java:840) ~[?:?]
2025-10-02T07:15:19,194 INFO [main] org.eclipse.jetty.server.session - DefaultSessionIdManager workerName=node0
2025-10-02T07:15:19,195 INFO [main] org.eclipse.jetty.server.session - No SessionScavenger set, using defaults
2025-10-02T07:15:19,197 INFO [main] org.eclipse.jetty.server.session - node0 Scavenging every 660000ms
2025-10-02T07:15:19,438 INFO [main] com.sun.jersey.server.impl.application.WebApplicationImpl - Initiating Jersey application, version 'Jersey: 1.19.4 05/24/2017 03:20 PM'
2025-10-02T07:15:20,309 INFO [main] org.eclipse.jetty.server.handler.ContextHandler - Started o.e.j.s.ServletContextHandler@2f29e630{/,jar:file:/opt/druid/lib/web-console-29.0.0.jar!/org/apache/druid/console,AVAILABLE}
2025-10-02T07:15:20,321 INFO [main] org.eclipse.jetty.server.AbstractConnector - Started ServerConnector@35d2312f{HTTP/1.1, (http/1.1)}{0.0.0.0:8888}
2025-10-02T07:15:20,321 INFO [main] org.eclipse.jetty.server.Server - Started @13020ms
2025-10-02T07:15:20,355 INFO [main] org.apache.druid.java.util.common.lifecycle.Lifecycle - Starting lifecycle [module] stage [ANNOUNCEMENTS]
2025-10-02T07:15:20,364 INFO [main] org.apache.druid.curator.discovery.CuratorServiceAnnouncer - Announcing service[DruidNode{serviceName='druid/router', host='router', bindOnHost=false, port=-1, plaintextPort=8888, enablePlaintextPort=true, tlsPort=-1, enableTlsPort=false}]
2025-10-02T07:15:20,441 INFO [main] org.apache.druid.curator.discovery.CuratorDruidNodeAnnouncer - Announced self [{"druidNode":{"service":"druid/router","host":"router","bindOnHost":false,"plaintextPort":8888,"port":-1,"tlsPort":-1,"enablePlaintextPort":true,"enableTlsPort":false},"nodeType":"router","services":{},"startTime":"2025-10-02T07:15:18.731Z"}].
2025-10-02T07:15:20,442 INFO [main] org.apache.druid.java.util.common.lifecycle.Lifecycle - Successfully started lifecycle [module]
2025-10-02T07:15:21,242 INFO [NodeRoleWatcher[COORDINATOR]] org.apache.druid.discovery.BaseNodeRoleWatcher - Node [http://coordinator:8081] of role [coordinator] detected.
2025-10-02T07:15:26,956 INFO [NodeRoleWatcher[BROKER]] org.apache.druid.discovery.BaseNodeRoleWatcher - Node [http://broker:8082] of role [broker] detected.
2025-10-02T07:17:30,375 ERROR [qtp1981752140-77] org.apache.druid.server.security.PreResponseAuthorizationCheckFilter - Request did not have an authorization check performed, original response status [200].: {class=org.apache.druid.server.security.PreResponseAuthorizationCheckFilter, uri=/proxy/enabled, method=GET, remoteAddr=192.168.65.1}
2025-10-02T07:17:49,114 ERROR [qtp1981752140-82] org.apache.druid.server.security.PreResponseAuthorizationCheckFilter - Request did not have an authorization check performed, original response status [200].: {class=org.apache.druid.server.security.PreResponseAuthorizationCheckFilter, uri=/proxy/enabled, method=GET, remoteAddr=192.168.65.1}
2025-10-02T07:27:45,266 INFO [Thread-87] org.apache.druid.java.util.common.lifecycle.Lifecycle - Lifecycle [module] running shutdown hook
2025-10-02T07:27:45,272 INFO [Thread-87] org.apache.druid.java.util.common.lifecycle.Lifecycle - Stopping lifecycle [module] stage [ANNOUNCEMENTS]
2025-10-02T07:27:45,278 INFO [Thread-87] org.apache.druid.curator.announcement.Announcer - Unannouncing [/druid/internal-discovery/ROUTER/router:8888]
2025-10-02T07:27:45,295 INFO [Thread-87] org.apache.druid.curator.discovery.CuratorDruidNodeAnnouncer - Unannounced self [{"druidNode":{"service":"druid/router","host":"router","bindOnHost":false,"plaintextPort":8888,"port":-1,"tlsPort":-1,"enablePlaintextPort":true,"enableTlsPort":false},"nodeType":"router","services":{},"startTime":"2025-10-02T07:15:18.731Z"}].
2025-10-02T07:27:45,296 INFO [Thread-87] org.apache.druid.curator.discovery.CuratorServiceAnnouncer - Unannouncing service[DruidNode{serviceName='druid/router', host='router', bindOnHost=false, port=-1, plaintextPort=8888, enablePlaintextPort=true, tlsPort=-1, enableTlsPort=false}]
2025-10-02T07:27:45,319 INFO [Thread-87] org.apache.druid.java.util.common.lifecycle.Lifecycle - Stopping lifecycle [module] stage [SERVER]
2025-10-02T07:27:45,336 INFO [Thread-87] org.eclipse.jetty.server.AbstractConnector - Stopped ServerConnector@35d2312f{HTTP/1.1, (http/1.1)}{0.0.0.0:8888}
2025-10-02T07:27:45,336 INFO [Thread-87] org.eclipse.jetty.server.session - node0 Stopped scavenging
2025-10-02T07:27:45,357 INFO [Thread-87] org.eclipse.jetty.server.handler.ContextHandler - Stopped o.e.j.s.ServletContextHandler@2f29e630{/,jar:file:/opt/druid/lib/web-console-29.0.0.jar!/org/apache/druid/console,STOPPED}
2025-10-02T07:27:45,367 INFO [Thread-87] org.apache.druid.java.util.common.lifecycle.Lifecycle - Stopping lifecycle [module] stage [NORMAL]
2025-10-02T07:27:45,395 INFO [Curator-Framework-0] org.apache.curator.framework.imps.CuratorFrameworkImpl - backgroundOperationsLoop exiting
2025-10-02T07:27:45,503 INFO [main-EventThread] org.apache.zookeeper.ClientCnxn - EventThread shut down for session: 0x10001be5df60001
2025-10-02T07:27:45,503 INFO [Thread-87] org.apache.zookeeper.ZooKeeper - Session: 0x10001be5df60001 closed
2025-10-02T07:27:45,504 INFO [Thread-87] org.apache.druid.java.util.common.lifecycle.Lifecycle - Stopping lifecycle [module] stage [INIT]
2025-10-02T07:45:33,385 INFO [main] org.hibernate.validator.internal.util.Version - HV000001: Hibernate Validator 6.2.5.Final
2025-10-02T07:45:34,786 INFO [main] org.apache.druid.guice.ExtensionsLoader - Loading extension [druid-hdfs-storage], jars: aws-java-sdk-s3-1.12.638.jar, httpclient-4.5.13.jar, hadoop-client-api-3.3.6.jar, hadoop-aws-3.3.6.jar, aws-java-sdk-core-1.12.638.jar, jmespath-java-1.12.638.jar, hadoop-client-runtime-3.3.6.jar, druid-hdfs-storage-29.0.0.jar, commons-codec-1.16.0.jar, jsr305-2.0.1.jar, slf4j-api-1.7.36.jar, httpcore-4.4.11.jar, aws-java-sdk-kms-1.12.638.jar, jackson-dataformat-cbor-2.12.7.jar, commons-logging-1.1.1.jar, wildfly-openssl-1.1.3.Final.jar, joda-time-2.12.5.jar, snappy-java-1.1.10.4.jar
2025-10-02T07:45:34,827 INFO [main] org.apache.druid.guice.ExtensionsLoader - Loading extension [druid-kafka-indexing-service], jars: kafka-clients-3.6.1.jar, zstd-jni-1.5.2-3.jar, druid-kafka-indexing-service-29.0.0.jar, snappy-java-1.1.10.4.jar, lz4-java-1.8.0.jar
2025-10-02T07:45:34,839 INFO [main] org.apache.druid.guice.ExtensionsLoader - Loading extension [druid-datasketches], jars: druid-datasketches-29.0.0.jar, commons-math3-3.6.1.jar
2025-10-02T07:45:34,843 INFO [main] org.apache.druid.guice.ExtensionsLoader - Loading extension [druid-multi-stage-query], jars: druid-multi-stage-query-29.0.0.jar
2025-10-02T07:45:34,846 INFO [main] org.apache.druid.guice.ExtensionsLoader - Loading extension [postgresql-metadata-storage], jars: postgresql-42.6.0.jar, checker-qual-3.31.0.jar, postgresql-metadata-storage-29.0.0.jar
2025-10-02T07:45:35,307 INFO [main] org.apache.druid.guice.ExtensionsLoader - Loading extension [druid-hdfs-storage], jars: aws-java-sdk-s3-1.12.638.jar, httpclient-4.5.13.jar, hadoop-client-api-3.3.6.jar, hadoop-aws-3.3.6.jar, aws-java-sdk-core-1.12.638.jar, jmespath-java-1.12.638.jar, hadoop-client-runtime-3.3.6.jar, druid-hdfs-storage-29.0.0.jar, commons-codec-1.16.0.jar, jsr305-2.0.1.jar, slf4j-api-1.7.36.jar, httpcore-4.4.11.jar, aws-java-sdk-kms-1.12.638.jar, jackson-dataformat-cbor-2.12.7.jar, commons-logging-1.1.1.jar, wildfly-openssl-1.1.3.Final.jar, joda-time-2.12.5.jar, snappy-java-1.1.10.4.jar
2025-10-02T07:45:35,317 INFO [main] org.apache.druid.guice.ExtensionsLoader - Loading extension [druid-kafka-indexing-service], jars: kafka-clients-3.6.1.jar, zstd-jni-1.5.2-3.jar, druid-kafka-indexing-service-29.0.0.jar, snappy-java-1.1.10.4.jar, lz4-java-1.8.0.jar
2025-10-02T07:45:35,321 INFO [main] org.apache.druid.guice.ExtensionsLoader - Loading extension [druid-datasketches], jars: druid-datasketches-29.0.0.jar, commons-math3-3.6.1.jar
2025-10-02T07:45:35,340 INFO [main] org.apache.druid.guice.ExtensionsLoader - Loading extension [druid-multi-stage-query], jars: druid-multi-stage-query-29.0.0.jar
2025-10-02T07:45:35,358 INFO [main] org.apache.druid.guice.ExtensionsLoader - Loading extension [postgresql-metadata-storage], jars: postgresql-42.6.0.jar, checker-qual-3.31.0.jar, postgresql-metadata-storage-29.0.0.jar
