07:17:40.487 [main] WARN  org.apache.druid.indexing.common.tasklogs.ConsoleLoggingEnforcementConfigurationFactory - Clearing all configured appenders for logger root. Using Console instead.
07:17:40.489 [main] WARN  org.apache.druid.indexing.common.tasklogs.ConsoleLoggingEnforcementConfigurationFactory - Clearing all configured appenders for logger root. Using Console instead.
07:17:40.489 [main] WARN  org.apache.druid.indexing.common.tasklogs.ConsoleLoggingEnforcementConfigurationFactory - Clearing all configured appenders for logger org.apache.druid.initialization. Using Console instead.
07:17:40.489 [main] WARN  org.apache.druid.indexing.common.tasklogs.ConsoleLoggingEnforcementConfigurationFactory - Clearing all configured appenders for logger org.skife.config. Using Console instead.
07:17:40.489 [main] WARN  org.apache.druid.indexing.common.tasklogs.ConsoleLoggingEnforcementConfigurationFactory - Clearing all configured appenders for logger org.apache.druid.segment. Using Console instead.
07:17:40.489 [main] WARN  org.apache.druid.indexing.common.tasklogs.ConsoleLoggingEnforcementConfigurationFactory - Clearing all configured appenders for logger org.apache.kafka.clients.consumer.internals. Using Console instead.
07:17:40.489 [main] WARN  org.apache.druid.indexing.common.tasklogs.ConsoleLoggingEnforcementConfigurationFactory - Clearing all configured appenders for logger org.apache.druid.server.QueryResource. Using Console instead.
07:17:40.490 [main] WARN  org.apache.druid.indexing.common.tasklogs.ConsoleLoggingEnforcementConfigurationFactory - Clearing all configured appenders for logger org.apache.druid.server.coordinator. Using Console instead.
07:17:40.490 [main] WARN  org.apache.druid.indexing.common.tasklogs.ConsoleLoggingEnforcementConfigurationFactory - Clearing all configured appenders for logger com.sun.jersey.guice. Using Console instead.
07:17:40.490 [main] WARN  org.apache.druid.indexing.common.tasklogs.ConsoleLoggingEnforcementConfigurationFactory - Clearing all configured appenders for logger org.apache.druid.server.QueryLifecycle. Using Console instead.
2025-10-02T07:17:40,719 INFO [main] org.hibernate.validator.internal.util.Version - HV000001: Hibernate Validator 6.2.5.Final
2025-10-02T07:17:41,233 INFO [main] org.apache.druid.guice.ExtensionsLoader - Loading extension [druid-hdfs-storage], jars: aws-java-sdk-s3-1.12.638.jar, httpclient-4.5.13.jar, hadoop-client-api-3.3.6.jar, hadoop-aws-3.3.6.jar, aws-java-sdk-core-1.12.638.jar, jmespath-java-1.12.638.jar, hadoop-client-runtime-3.3.6.jar, druid-hdfs-storage-29.0.0.jar, commons-codec-1.16.0.jar, jsr305-2.0.1.jar, slf4j-api-1.7.36.jar, httpcore-4.4.11.jar, aws-java-sdk-kms-1.12.638.jar, jackson-dataformat-cbor-2.12.7.jar, commons-logging-1.1.1.jar, wildfly-openssl-1.1.3.Final.jar, joda-time-2.12.5.jar, snappy-java-1.1.10.4.jar
2025-10-02T07:17:41,247 INFO [main] org.apache.druid.guice.ExtensionsLoader - Loading extension [druid-kafka-indexing-service], jars: kafka-clients-3.6.1.jar, zstd-jni-1.5.2-3.jar, druid-kafka-indexing-service-29.0.0.jar, snappy-java-1.1.10.4.jar, lz4-java-1.8.0.jar
2025-10-02T07:17:41,249 INFO [main] org.apache.druid.guice.ExtensionsLoader - Loading extension [druid-datasketches], jars: druid-datasketches-29.0.0.jar, commons-math3-3.6.1.jar
2025-10-02T07:17:41,250 INFO [main] org.apache.druid.guice.ExtensionsLoader - Loading extension [druid-multi-stage-query], jars: druid-multi-stage-query-29.0.0.jar
2025-10-02T07:17:41,250 INFO [main] org.apache.druid.guice.ExtensionsLoader - Loading extension [postgresql-metadata-storage], jars: postgresql-42.6.0.jar, checker-qual-3.31.0.jar, postgresql-metadata-storage-29.0.0.jar
2025-10-02T07:17:41,481 INFO [main] org.apache.druid.guice.ExtensionsLoader - Loading extension [druid-hdfs-storage], jars: aws-java-sdk-s3-1.12.638.jar, httpclient-4.5.13.jar, hadoop-client-api-3.3.6.jar, hadoop-aws-3.3.6.jar, aws-java-sdk-core-1.12.638.jar, jmespath-java-1.12.638.jar, hadoop-client-runtime-3.3.6.jar, druid-hdfs-storage-29.0.0.jar, commons-codec-1.16.0.jar, jsr305-2.0.1.jar, slf4j-api-1.7.36.jar, httpcore-4.4.11.jar, aws-java-sdk-kms-1.12.638.jar, jackson-dataformat-cbor-2.12.7.jar, commons-logging-1.1.1.jar, wildfly-openssl-1.1.3.Final.jar, joda-time-2.12.5.jar, snappy-java-1.1.10.4.jar
2025-10-02T07:17:41,485 INFO [main] org.apache.druid.guice.ExtensionsLoader - Loading extension [druid-kafka-indexing-service], jars: kafka-clients-3.6.1.jar, zstd-jni-1.5.2-3.jar, druid-kafka-indexing-service-29.0.0.jar, snappy-java-1.1.10.4.jar, lz4-java-1.8.0.jar
2025-10-02T07:17:41,486 INFO [main] org.apache.druid.guice.ExtensionsLoader - Loading extension [druid-datasketches], jars: druid-datasketches-29.0.0.jar, commons-math3-3.6.1.jar
2025-10-02T07:17:41,490 INFO [main] org.apache.druid.guice.ExtensionsLoader - Loading extension [druid-multi-stage-query], jars: druid-multi-stage-query-29.0.0.jar
2025-10-02T07:17:41,496 INFO [main] org.apache.druid.guice.ExtensionsLoader - Loading extension [postgresql-metadata-storage], jars: postgresql-42.6.0.jar, checker-qual-3.31.0.jar, postgresql-metadata-storage-29.0.0.jar
2025-10-02T07:17:42,205 WARN [main] org.apache.hadoop.util.NativeCodeLoader - Unable to load native-hadoop library for your platform... using builtin-java classes where applicable
2025-10-02T07:17:42,980 INFO [main] org.apache.druid.guice.JsonConfigurator - Skipping druid.emitter.logging.logLevel property: one of it's prefixes is also used as a property key. Prefix: druid
2025-10-02T07:17:43,046 INFO [main] org.apache.druid.server.emitter.EmitterModule - Using emitter [NoopEmitter{}] for metrics and alerts, with dimensions [{version=29.0.0}].
2025-10-02T07:17:43,424 INFO [main] org.apache.druid.server.metrics.MetricsModule - Loaded 5 monitors: org.apache.druid.java.util.metrics.JvmMonitor, org.apache.druid.server.metrics.ServiceStatusMonitor, org.apache.druid.query.ExecutorServiceMonitor, org.apache.druid.curator.DruidConnectionStateListener, org.apache.druid.server.initialization.jetty.JettyServerModule$JettyMonitor
2025-10-02T07:17:43,450 INFO [main] org.apache.druid.cli.CliPeon - Starting up with processors [5], memory [536,870,912], maxMemory [536,870,912], directMemory [536,870,912]. Properties follow.
2025-10-02T07:17:43,450 INFO [main] org.apache.druid.cli.CliPeon - * attemptId: 1
2025-10-02T07:17:43,450 INFO [main] org.apache.druid.cli.CliPeon - * druid.emitter: noop
2025-10-02T07:17:43,450 INFO [main] org.apache.druid.cli.CliPeon - * druid.emitter.logging.logLevel: info
2025-10-02T07:17:43,450 INFO [main] org.apache.druid.cli.CliPeon - * druid.expressions.useStrictBooleans: true
2025-10-02T07:17:43,451 INFO [main] org.apache.druid.cli.CliPeon - * druid.extensions.loadList: ["druid-hdfs-storage", "druid-kafka-indexing-service", "druid-datasketches", "druid-multi-stage-query", "postgresql-metadata-storage"]
2025-10-02T07:17:43,451 INFO [main] org.apache.druid.cli.CliPeon - * druid.host: middlemanager
2025-10-02T07:17:43,451 INFO [main] org.apache.druid.cli.CliPeon - * druid.indexer.fork.property.druid.processing.buffer.sizeBytes: 67108864
2025-10-02T07:17:43,451 INFO [main] org.apache.druid.cli.CliPeon - * druid.indexer.fork.property.druid.processing.numMergeBuffers: 2
2025-10-02T07:17:43,451 INFO [main] org.apache.druid.cli.CliPeon - * druid.indexer.fork.property.druid.processing.numThreads: 1
2025-10-02T07:17:43,451 INFO [main] org.apache.druid.cli.CliPeon - * druid.indexer.logs.directory: var/druid/indexing-logs
2025-10-02T07:17:43,451 INFO [main] org.apache.druid.cli.CliPeon - * druid.indexer.logs.type: file
2025-10-02T07:17:43,451 INFO [main] org.apache.druid.cli.CliPeon - * druid.indexer.runner.javaOptsArray: ["-server","-Xms512m","-Xmx512m","-XX:MaxDirectMemorySize=512m","-Duser.timezone=UTC","-Dfile.encoding=UTF-8","-XX:+ExitOnOutOfMemoryError","-Djava.util.logging.manager=org.apache.logging.log4j.jul.LogManager"]
2025-10-02T07:17:43,451 INFO [main] org.apache.druid.cli.CliPeon - * druid.indexer.task.baseTaskDir: /opt/druid/var/druid/task/slot1
2025-10-02T07:17:43,451 INFO [main] org.apache.druid.cli.CliPeon - * druid.indexer.task.hadoopWorkingPath: var/druid/hadoop-tmp
2025-10-02T07:17:43,451 INFO [main] org.apache.druid.cli.CliPeon - * druid.indexer.task.tmpStorageBytesPerTask: 4611686018427387903
2025-10-02T07:17:43,451 INFO [main] org.apache.druid.cli.CliPeon - * druid.indexing.doubleStorage: double
2025-10-02T07:17:43,451 INFO [main] org.apache.druid.cli.CliPeon - * druid.lookup.enableLookupSyncOnStartup: false
2025-10-02T07:17:43,452 INFO [main] org.apache.druid.cli.CliPeon - * druid.metadata.storage.connector.connectURI: jdbc:postgresql://metadata-storage:5432/druid
2025-10-02T07:17:43,452 INFO [main] org.apache.druid.cli.CliPeon - * druid.metadata.storage.connector.password: <masked>
2025-10-02T07:17:43,452 INFO [main] org.apache.druid.cli.CliPeon - * druid.metadata.storage.connector.user: druid
2025-10-02T07:17:43,452 INFO [main] org.apache.druid.cli.CliPeon - * druid.metadata.storage.type: postgresql
2025-10-02T07:17:43,452 INFO [main] org.apache.druid.cli.CliPeon - * druid.metrics.emitter.dimension.dataSource: wikipedia
2025-10-02T07:17:43,452 INFO [main] org.apache.druid.cli.CliPeon - * druid.metrics.emitter.dimension.groupId: index_parallel_wikipedia_eopbiibj_2025-10-02T07:17:39.391Z
2025-10-02T07:17:43,452 INFO [main] org.apache.druid.cli.CliPeon - * druid.metrics.emitter.dimension.taskId: index_parallel_wikipedia_eopbiibj_2025-10-02T07:17:39.391Z
2025-10-02T07:17:43,452 INFO [main] org.apache.druid.cli.CliPeon - * druid.metrics.emitter.dimension.taskType: index_parallel
2025-10-02T07:17:43,452 INFO [main] org.apache.druid.cli.CliPeon - * druid.monitoring.monitors: ["org.apache.druid.java.util.metrics.JvmMonitor", "org.apache.druid.server.metrics.ServiceStatusMonitor"]
2025-10-02T07:17:43,452 INFO [main] org.apache.druid.cli.CliPeon - * druid.node.type: middleManager
2025-10-02T07:17:43,452 INFO [main] org.apache.druid.cli.CliPeon - * druid.plaintextPort: 8100
2025-10-02T07:17:43,453 INFO [main] org.apache.druid.cli.CliPeon - * druid.processing.buffer.sizeBytes: 67108864
2025-10-02T07:17:43,453 INFO [main] org.apache.druid.cli.CliPeon - * druid.processing.numMergeBuffers: 2
2025-10-02T07:17:43,453 INFO [main] org.apache.druid.cli.CliPeon - * druid.processing.numThreads: 1
2025-10-02T07:17:43,453 INFO [main] org.apache.druid.cli.CliPeon - * druid.selectors.coordinator.serviceName: druid/coordinator
2025-10-02T07:17:43,453 INFO [main] org.apache.druid.cli.CliPeon - * druid.selectors.indexing.serviceName: druid/overlord
2025-10-02T07:17:43,454 INFO [main] org.apache.druid.cli.CliPeon - * druid.server.hiddenProperties: ["druid.s3.accessKey","druid.s3.secretKey","druid.metadata.storage.connector.password", "password", "key", "token", "pwd"]
2025-10-02T07:17:43,454 INFO [main] org.apache.druid.cli.CliPeon - * druid.server.http.numThreads: 40
2025-10-02T07:17:43,454 INFO [main] org.apache.druid.cli.CliPeon - * druid.service: druid/middleManager
2025-10-02T07:17:43,454 INFO [main] org.apache.druid.cli.CliPeon - * druid.sql.enable: true
2025-10-02T07:17:43,454 INFO [main] org.apache.druid.cli.CliPeon - * druid.sql.planner.useGroupingSetForExactDistinct: true
2025-10-02T07:17:43,454 INFO [main] org.apache.druid.cli.CliPeon - * druid.startup.logging.logProperties: true
2025-10-02T07:17:43,454 INFO [main] org.apache.druid.cli.CliPeon - * druid.storage.storageDirectory: var/druid/segments
2025-10-02T07:17:43,454 INFO [main] org.apache.druid.cli.CliPeon - * druid.storage.type: local
2025-10-02T07:17:43,454 INFO [main] org.apache.druid.cli.CliPeon - * druid.task.executor.enablePlaintextPort: true
2025-10-02T07:17:43,455 INFO [main] org.apache.druid.cli.CliPeon - * druid.task.executor.enableTlsPort: false
2025-10-02T07:17:43,455 INFO [main] org.apache.druid.cli.CliPeon - * druid.task.executor.host: middlemanager
2025-10-02T07:17:43,455 INFO [main] org.apache.druid.cli.CliPeon - * druid.task.executor.plaintextPort: 8091
2025-10-02T07:17:43,455 INFO [main] org.apache.druid.cli.CliPeon - * druid.task.executor.service: druid/middleManager
2025-10-02T07:17:43,455 INFO [main] org.apache.druid.cli.CliPeon - * druid.task.executor.tlsPort: -1
2025-10-02T07:17:43,456 INFO [main] org.apache.druid.cli.CliPeon - * druid.tlsPort: -1
2025-10-02T07:17:43,456 INFO [main] org.apache.druid.cli.CliPeon - * druid.worker.baseTaskDirs: ["var/druid/task"]
2025-10-02T07:17:43,456 INFO [main] org.apache.druid.cli.CliPeon - * druid.worker.capacity: 2
2025-10-02T07:17:43,456 INFO [main] org.apache.druid.cli.CliPeon - * druid.zk.paths.base: /druid
2025-10-02T07:17:43,456 INFO [main] org.apache.druid.cli.CliPeon - * druid.zk.service.host: zookeeper
2025-10-02T07:17:43,456 INFO [main] org.apache.druid.cli.CliPeon - * file.encoding: UTF-8
2025-10-02T07:17:43,456 INFO [main] org.apache.druid.cli.CliPeon - * file.separator: /
2025-10-02T07:17:43,456 INFO [main] org.apache.druid.cli.CliPeon - * java.class.path: /opt/druid/overrides/*:/tmp/conf/druid/cluster/_common:/tmp/conf/druid/cluster/data/middleManager:lib/async-http-client-netty-utils-2.5.3.jar:lib/maven-settings-builder-3.1.1.jar:lib/json-simple-1.1.1.jar:lib/checker-qual-2.5.7.jar:lib/jetty-rewrite-9.4.53.v20231009.jar:lib/netty-resolver-4.1.100.Final.jar:lib/guice-4.1.0.jar:lib/jackson-datatype-guava-2.12.7.jar:lib/netty-reactive-streams-2.0.0.jar:lib/google-http-client-apache-v2-1.42.3.jar:lib/aws-java-sdk-sts-1.12.638.jar:lib/async-http-client-2.5.3.jar:lib/guice-assistedinject-4.1.0.jar:lib/jackson-databind-2.12.7.1.jar:lib/google-http-client-jackson2-1.42.3.jar:lib/jackson-jq-0.0.10.jar:lib/maven-model-builder-3.1.1.jar:lib/asm-commons-9.3.jar:lib/aether-connector-file-0.9.0.M2.jar:lib/accessors-smart-2.4.11.jar:lib/aws-java-sdk-ec2-1.12.638.jar:lib/aws-java-sdk-s3-1.12.638.jar:lib/jcodings-1.0.43.jar:lib/zookeeper-jute-3.8.3.jar:lib/disruptor-3.3.6.jar:lib/javax.activation-api-1.2.0.jar:lib/calcite-linq4j-1.35.0.jar:lib/derbyclient-10.14.2.0.jar:lib/google-http-client-1.42.3.jar:lib/netty-transport-classes-epoll-4.1.100.Final.jar:lib/maven-artifact-3.6.0.jar:lib/icu4j-73.2.jar:lib/reactive-streams-1.0.2.jar:lib/netty-resolver-dns-4.1.100.Final.jar:lib/guice-servlet-4.1.0.jar:lib/commons-collections-3.2.2.jar:lib/jna-platform-5.13.0.jar:lib/druid-indexing-hadoop-29.0.0.jar:lib/derbynet-10.14.2.0.jar:lib/txw2-2.3.1.jar:lib/guava-32.0.1-jre.jar:lib/asm-analysis-9.3.jar:lib/jcl-over-slf4j-1.7.36.jar:lib/curator-recipes-5.5.0.jar:lib/log4j-jul-2.18.0.jar:lib/log4j-1.2-api-2.18.0.jar:lib/netty-codec-4.1.100.Final.jar:lib/protobuf-java-3.24.0.jar:lib/httpclient-4.5.13.jar:lib/ipaddress-5.3.4.jar:lib/audience-annotations-0.12.0.jar:lib/druid-sql-29.0.0.jar:lib/maven-settings-3.1.1.jar:lib/airline-2.8.4.jar:lib/stax-ex-1.8.jar:lib/jaxb-runtime-2.3.1.jar:lib/druid-indexing-service-29.0.0.jar:lib/grpc-context-1.27.2.jar:lib/druid-processing-29.0.0.jar:lib/fastutil-extra-8.5.4.jar:lib/json-smart-2.4.11.jar:lib/jts-core-1.19.0.jar:lib/log4j-api-2.18.0.jar:lib/resilience4j-bulkhead-1.3.1.jar:lib/jetty-servlets-9.4.53.v20231009.jar:lib/okhttp-1.0.2.jar:lib/netty-codec-dns-4.1.100.Final.jar:lib/commons-math3-3.6.1.jar:lib/aws-java-sdk-core-1.12.638.jar:lib/FastInfoset-1.2.15.jar:lib/netty-common-4.1.100.Final.jar:lib/derby-10.14.2.0.jar:lib/log4j-slf4j-impl-2.18.0.jar:lib/jboss-logging-3.4.1.Final.jar:lib/curator-x-discovery-5.5.0.jar:lib/jmespath-java-1.12.638.jar:lib/error_prone_annotations-2.20.0.jar:lib/jetty-util-9.4.53.v20231009.jar:lib/cron-scheduler-0.1.jar:lib/vavr-match-0.10.2.jar:lib/aggdesigner-algorithm-6.0.jar:lib/airline-io-2.8.4.jar:lib/httpcore5-h2-5.1.3.jar:lib/jackson-jaxrs-base-2.12.7.jar:lib/jackson-module-guice-2.12.7.jar:lib/jetty-proxy-9.4.53.v20231009.jar:lib/zookeeper-3.8.3.jar:lib/hibernate-validator-6.2.5.Final.jar:lib/log4j-core-2.18.0.jar:lib/janino-3.1.9.jar:lib/jetty-http-9.4.53.v20231009.jar:lib/avatica-core-1.23.0.jar:lib/fastutil-core-8.5.4.jar:lib/maven-aether-provider-3.1.1.jar:lib/tesla-aether-0.0.5.jar:lib/uzaygezen-core-0.2.jar:lib/elasticache-java-cluster-client-1.2.0.jar:lib/commons-lang3-3.12.0.jar:lib/aether-spi-0.9.0.M2.jar:lib/jersey-servlet-1.19.4.jar:lib/druid-aws-common-29.0.0.jar:lib/json-path-2.3.0.jar:lib/druid-services-29.0.0.jar:lib/jaxb-api-2.3.1.jar:lib/metrics-core-4.2.22.jar:lib/aether-connector-okhttp-0.0.9.jar:lib/javax.inject-1.jar:lib/curator-framework-5.5.0.jar:lib/compress-lzf-1.0.4.jar:lib/zstd-jni-1.5.2-3.jar:lib/avatica-metrics-1.23.0.jar:lib/jetty-server-9.4.53.v20231009.jar:lib/netty-handler-proxy-4.1.100.Final.jar:lib/xz-1.9.jar:lib/commons-io-2.11.0.jar:lib/commons-codec-1.16.0.jar:lib/failureaccess-1.0.1.jar:lib/httpclient5-5.1.3.jar:lib/apiguardian-api-1.1.2.jar:lib/jetty-continuation-9.4.53.v20231009.jar:lib/avatica-server-1.23.0.jar:lib/jsr305-2.0.1.jar:lib/jersey-guice-1.19.4.jar:lib/guice-multibindings-4.1.0.jar:lib/aether-impl-0.9.0.M2.jar:lib/jetty-servlet-9.4.53.v20231009.jar:lib/netty-transport-native-unix-common-4.1.100.Final.jar:lib/druid-server-29.0.0.jar:lib/proj4j-1.2.2.jar:lib/asm-tree-9.3.jar:lib/netty-codec-http-4.1.100.Final.jar:lib/slf4j-api-1.7.36.jar:lib/javax.el-api-3.0.0.jar:lib/jackson-core-2.12.7.jar:lib/aether-api-0.9.0.M2.jar:lib/httpcore-4.4.11.jar:lib/jackson-jaxrs-smile-provider-2.12.7.jar:lib/jetty-security-9.4.53.v20231009.jar:lib/gson-2.10.jar:lib/plexus-utils-3.0.24.jar:lib/datasketches-memory-2.2.0.jar:lib/jackson-module-jaxb-annotations-2.12.7.jar:lib/jackson-jaxrs-json-provider-2.12.7.jar:lib/google-http-client-gson-1.42.3.jar:lib/jakarta.xml.bind-api-2.3.2.jar:lib/antlr4-runtime-4.5.3.jar:lib/commons-compiler-3.1.9.jar:lib/jdbi-2.63.1.jar:lib/rhino-1.7.14.jar:lib/aws-java-sdk-kms-1.12.638.jar:lib/j2objc-annotations-2.8.jar:lib/netty-3.10.6.Final.jar:lib/jakarta.activation-api-1.2.1.jar:lib/resilience4j-core-1.3.1.jar:lib/commons-beanutils-1.9.4.jar:lib/caffeine-2.8.0.jar:lib/sigar-1.6.5.132.jar:lib/jakarta.validation-api-2.0.2.jar:lib/calcite-core-1.35.0.jar:lib/opencensus-contrib-http-util-0.31.1.jar:lib/jetty-client-9.4.53.v20231009.jar:lib/jackson-dataformat-cbor-2.12.7.jar:lib/aether-util-0.9.0.M2.jar:lib/maven-repository-metadata-3.1.1.jar:lib/netty-transport-native-epoll-4.1.100.Final-linux-x86_64.jar:lib/druid-gcp-common-29.0.0.jar:lib/istack-commons-runtime-3.0.7.jar:lib/jna-5.13.0.jar:lib/jackson-dataformat-smile-2.12.7.jar:lib/asm-9.3.jar:lib/netty-buffer-4.1.100.Final.jar:lib/commons-lang-2.6.jar:lib/commons-logging-1.1.1.jar:lib/commons-collections4-4.2.jar:lib/maven-model-3.1.1.jar:lib/jts-io-common-1.19.0.jar:lib/vavr-0.10.2.jar:lib/commons-compress-1.24.0.jar:lib/fastutil-8.5.4.jar:lib/joni-2.1.27.jar:lib/joda-time-2.12.5.jar:lib/commons-text-1.10.0.jar:lib/plexus-interpolation-1.19.jar:lib/aopalliance-1.0.jar:lib/web-console-29.0.0.jar:lib/RoaringBitmap-0.9.49.jar:lib/datasketches-java-4.2.0.jar:lib/curator-client-5.5.0.jar:lib/opencsv-4.6.jar:lib/jetty-util-ajax-9.4.53.v20231009.jar:lib/javax.activation-1.2.0.jar:lib/jersey-core-1.19.4.jar:lib/commons-dbcp2-2.0.1.jar:lib/javax.servlet-api-3.1.0.jar:lib/jakarta.inject-api-1.0.3.jar:lib/netty-codec-socks-4.1.100.Final.jar:lib/netty-handler-4.1.100.Final.jar:lib/commons-pool2-2.2.jar:lib/jackson-annotations-2.12.7.jar:lib/httpcore5-5.1.3.jar:lib/google-oauth-client-1.34.1.jar:lib/jersey-server-1.19.4.jar:lib/oshi-core-6.4.4.jar:lib/wagon-provider-api-2.4.jar:lib/snappy-java-1.1.10.4.jar:lib/google-api-client-2.2.0.jar:lib/config-magic-0.9.jar:lib/shims-0.9.49.jar:lib/jakarta.el-3.0.4.jar:lib/jackson-datatype-joda-2.12.7.jar:lib/classmate-1.5.1.jar:lib/netty-transport-4.1.100.Final.jar:lib/jsr311-api-1.1.1.jar:lib/lz4-java-1.8.0.jar:lib/opencensus-api-0.31.1.jar:lib/jetty-io-9.4.53.v20231009.jar:
2025-10-02T07:17:43,456 INFO [main] org.apache.druid.cli.CliPeon - * java.class.version: 61.0
2025-10-02T07:17:43,457 INFO [main] org.apache.druid.cli.CliPeon - * java.home: /usr/lib/jvm/java-17-openjdk-amd64
2025-10-02T07:17:43,457 INFO [main] org.apache.druid.cli.CliPeon - * java.io.tmpdir: var/tmp
2025-10-02T07:17:43,457 INFO [main] org.apache.druid.cli.CliPeon - * java.library.path: /usr/java/packages/lib:/usr/lib/x86_64-linux-gnu/jni:/lib/x86_64-linux-gnu:/usr/lib/x86_64-linux-gnu:/usr/lib/jni:/lib:/usr/lib
2025-10-02T07:17:43,457 INFO [main] org.apache.druid.cli.CliPeon - * java.runtime.name: OpenJDK Runtime Environment
2025-10-02T07:17:43,457 INFO [main] org.apache.druid.cli.CliPeon - * java.runtime.version: 17.0.10+7-Debian-1deb12u1
2025-10-02T07:17:43,457 INFO [main] org.apache.druid.cli.CliPeon - * java.specification.name: Java Platform API Specification
2025-10-02T07:17:43,457 INFO [main] org.apache.druid.cli.CliPeon - * java.specification.vendor: Oracle Corporation
2025-10-02T07:17:43,457 INFO [main] org.apache.druid.cli.CliPeon - * java.specification.version: 17
2025-10-02T07:17:43,458 INFO [main] org.apache.druid.cli.CliPeon - * java.util.logging.manager: org.apache.logging.log4j.jul.LogManager
2025-10-02T07:17:43,458 INFO [main] org.apache.druid.cli.CliPeon - * java.vendor: Debian
2025-10-02T07:17:43,458 INFO [main] org.apache.druid.cli.CliPeon - * java.vendor.url: https://tracker.debian.org/openjdk-17
2025-10-02T07:17:43,458 INFO [main] org.apache.druid.cli.CliPeon - * java.vendor.url.bug: https://bugs.debian.org/openjdk-17
2025-10-02T07:17:43,458 INFO [main] org.apache.druid.cli.CliPeon - * java.version: 17.0.10
2025-10-02T07:17:43,458 INFO [main] org.apache.druid.cli.CliPeon - * java.version.date: 2024-01-16
2025-10-02T07:17:43,458 INFO [main] org.apache.druid.cli.CliPeon - * java.vm.compressedOopsMode: 32-bit
2025-10-02T07:17:43,458 INFO [main] org.apache.druid.cli.CliPeon - * java.vm.info: mixed mode, sharing
2025-10-02T07:17:43,458 INFO [main] org.apache.druid.cli.CliPeon - * java.vm.name: OpenJDK 64-Bit Server VM
2025-10-02T07:17:43,458 INFO [main] org.apache.druid.cli.CliPeon - * java.vm.specification.name: Java Virtual Machine Specification
2025-10-02T07:17:43,458 INFO [main] org.apache.druid.cli.CliPeon - * java.vm.specification.vendor: Oracle Corporation
2025-10-02T07:17:43,458 INFO [main] org.apache.druid.cli.CliPeon - * java.vm.specification.version: 17
2025-10-02T07:17:43,458 INFO [main] org.apache.druid.cli.CliPeon - * java.vm.vendor: Debian
2025-10-02T07:17:43,458 INFO [main] org.apache.druid.cli.CliPeon - * java.vm.version: 17.0.10+7-Debian-1deb12u1
2025-10-02T07:17:43,458 INFO [main] org.apache.druid.cli.CliPeon - * jdk.debug: release
2025-10-02T07:17:43,459 INFO [main] org.apache.druid.cli.CliPeon - * line.separator: 

2025-10-02T07:17:43,459 INFO [main] org.apache.druid.cli.CliPeon - * log4j.shutdownCallbackRegistry: org.apache.druid.common.config.Log4jShutdown
2025-10-02T07:17:43,459 INFO [main] org.apache.druid.cli.CliPeon - * log4j.shutdownHookEnabled: true
2025-10-02T07:17:43,459 INFO [main] org.apache.druid.cli.CliPeon - * log4j2.configurationFactory: org.apache.druid.indexing.common.tasklogs.ConsoleLoggingEnforcementConfigurationFactory
2025-10-02T07:17:43,459 INFO [main] org.apache.druid.cli.CliPeon - * log4j2.is.webapp: false
2025-10-02T07:17:43,459 INFO [main] org.apache.druid.cli.CliPeon - * native.encoding: UTF-8
2025-10-02T07:17:43,459 INFO [main] org.apache.druid.cli.CliPeon - * os.arch: amd64
2025-10-02T07:17:43,459 INFO [main] org.apache.druid.cli.CliPeon - * os.name: Linux
2025-10-02T07:17:43,459 INFO [main] org.apache.druid.cli.CliPeon - * os.version: 6.10.14-linuxkit
2025-10-02T07:17:43,460 INFO [main] org.apache.druid.cli.CliPeon - * path.separator: :
2025-10-02T07:17:43,460 INFO [main] org.apache.druid.cli.CliPeon - * sun.arch.data.model: 64
2025-10-02T07:17:43,460 INFO [main] org.apache.druid.cli.CliPeon - * sun.boot.library.path: /usr/lib/jvm/java-17-openjdk-amd64/lib
2025-10-02T07:17:43,460 INFO [main] org.apache.druid.cli.CliPeon - * sun.cpu.endian: little
2025-10-02T07:17:43,460 INFO [main] org.apache.druid.cli.CliPeon - * sun.io.unicode.encoding: UnicodeLittle
2025-10-02T07:17:43,460 INFO [main] org.apache.druid.cli.CliPeon - * sun.java.command: org.apache.druid.cli.Main internal peon var/druid/task/slot1/index_parallel_wikipedia_eopbiibj_2025-10-02T07:17:39.391Z 1
2025-10-02T07:17:43,460 INFO [main] org.apache.druid.cli.CliPeon - * sun.java.launcher: SUN_STANDARD
2025-10-02T07:17:43,460 INFO [main] org.apache.druid.cli.CliPeon - * sun.jnu.encoding: UTF-8
2025-10-02T07:17:43,460 INFO [main] org.apache.druid.cli.CliPeon - * sun.management.compiler: HotSpot 64-Bit Tiered Compilers
2025-10-02T07:17:43,460 INFO [main] org.apache.druid.cli.CliPeon - * user.dir: /opt/druid
2025-10-02T07:17:43,460 INFO [main] org.apache.druid.cli.CliPeon - * user.home: /opt/druid
2025-10-02T07:17:43,460 INFO [main] org.apache.druid.cli.CliPeon - * user.language: en
2025-10-02T07:17:43,460 INFO [main] org.apache.druid.cli.CliPeon - * user.name: druid
2025-10-02T07:17:43,461 INFO [main] org.apache.druid.cli.CliPeon - * user.timezone: UTC
2025-10-02T07:17:43,496 WARN [main] org.apache.druid.indexing.common.config.TaskConfig - Batch processing mode argument value is null or not valid:[null], defaulting to[CLOSED_SEGMENTS] 
2025-10-02T07:17:43,833 INFO [main] org.apache.druid.query.DruidProcessingConfig - Detected max direct memory size of [536,870,912] bytes
2025-10-02T07:17:43,859 INFO [main] org.apache.druid.segment.loading.SegmentLocalCacheManager - Using storage location strategy: [LeastBytesUsedStorageLocationSelectorStrategy]
2025-10-02T07:17:43,915 INFO [main] org.apache.druid.guice.StorageNodeModule - Segment cache not configured on ServerType [indexer-executor]. It will not be assignable for segment placement
2025-10-02T07:17:43,976 INFO [main] org.eclipse.jetty.util.log - Logging initialized @4506ms to org.eclipse.jetty.util.log.Slf4jLog
2025-10-02T07:17:43,984 INFO [main] org.apache.druid.server.initialization.jetty.JettyServerModule - Creating http connector with port [8100]
2025-10-02T07:17:44,079 WARN [main] org.eclipse.jetty.server.handler.gzip.GzipHandler - minGzipSize of 0 is inefficient for short content, break even is size 23
2025-10-02T07:17:44,083 INFO [main] org.apache.druid.offheap.OffheapBufferGenerator - Allocating new intermediate processing buffer[0] of size[67,108,864]
2025-10-02T07:17:44,092 INFO [main] org.apache.druid.offheap.OffheapBufferGenerator - Allocating new result merging buffer[0] of size[67,108,864]
2025-10-02T07:17:44,094 INFO [main] org.apache.druid.offheap.OffheapBufferGenerator - Allocating new result merging buffer[1] of size[67,108,864]
2025-10-02T07:17:44,166 INFO [main] org.apache.druid.java.util.common.lifecycle.Lifecycle - Starting lifecycle [module] stage [INIT]
2025-10-02T07:17:44,167 INFO [main] org.apache.druid.java.util.common.lifecycle.Lifecycle - Starting lifecycle [module] stage [NORMAL]
2025-10-02T07:17:44,175 INFO [main] org.apache.curator.framework.imps.CuratorFrameworkImpl - Starting
2025-10-02T07:17:44,177 INFO [main] org.apache.zookeeper.ZooKeeper - Client environment:zookeeper.version=3.8.3-6ad6d364c7c0bcf0de452d54ebefa3058098ab56, built on 2023-10-05 10:34 UTC
2025-10-02T07:17:44,177 INFO [main] org.apache.zookeeper.ZooKeeper - Client environment:host.name=7571fdf58928
2025-10-02T07:17:44,178 INFO [main] org.apache.zookeeper.ZooKeeper - Client environment:java.version=17.0.10
2025-10-02T07:17:44,178 INFO [main] org.apache.zookeeper.ZooKeeper - Client environment:java.vendor=Debian
2025-10-02T07:17:44,178 INFO [main] org.apache.zookeeper.ZooKeeper - Client environment:java.home=/usr/lib/jvm/java-17-openjdk-amd64
2025-10-02T07:17:44,178 INFO [main] org.apache.zookeeper.ZooKeeper - Client environment:java.class.path=/opt/druid/overrides/*:/tmp/conf/druid/cluster/_common:/tmp/conf/druid/cluster/data/middleManager:lib/async-http-client-netty-utils-2.5.3.jar:lib/maven-settings-builder-3.1.1.jar:lib/json-simple-1.1.1.jar:lib/checker-qual-2.5.7.jar:lib/jetty-rewrite-9.4.53.v20231009.jar:lib/netty-resolver-4.1.100.Final.jar:lib/guice-4.1.0.jar:lib/jackson-datatype-guava-2.12.7.jar:lib/netty-reactive-streams-2.0.0.jar:lib/google-http-client-apache-v2-1.42.3.jar:lib/aws-java-sdk-sts-1.12.638.jar:lib/async-http-client-2.5.3.jar:lib/guice-assistedinject-4.1.0.jar:lib/jackson-databind-2.12.7.1.jar:lib/google-http-client-jackson2-1.42.3.jar:lib/jackson-jq-0.0.10.jar:lib/maven-model-builder-3.1.1.jar:lib/asm-commons-9.3.jar:lib/aether-connector-file-0.9.0.M2.jar:lib/accessors-smart-2.4.11.jar:lib/aws-java-sdk-ec2-1.12.638.jar:lib/aws-java-sdk-s3-1.12.638.jar:lib/jcodings-1.0.43.jar:lib/zookeeper-jute-3.8.3.jar:lib/disruptor-3.3.6.jar:lib/javax.activation-api-1.2.0.jar:lib/calcite-linq4j-1.35.0.jar:lib/derbyclient-10.14.2.0.jar:lib/google-http-client-1.42.3.jar:lib/netty-transport-classes-epoll-4.1.100.Final.jar:lib/maven-artifact-3.6.0.jar:lib/icu4j-73.2.jar:lib/reactive-streams-1.0.2.jar:lib/netty-resolver-dns-4.1.100.Final.jar:lib/guice-servlet-4.1.0.jar:lib/commons-collections-3.2.2.jar:lib/jna-platform-5.13.0.jar:lib/druid-indexing-hadoop-29.0.0.jar:lib/derbynet-10.14.2.0.jar:lib/txw2-2.3.1.jar:lib/guava-32.0.1-jre.jar:lib/asm-analysis-9.3.jar:lib/jcl-over-slf4j-1.7.36.jar:lib/curator-recipes-5.5.0.jar:lib/log4j-jul-2.18.0.jar:lib/log4j-1.2-api-2.18.0.jar:lib/netty-codec-4.1.100.Final.jar:lib/protobuf-java-3.24.0.jar:lib/httpclient-4.5.13.jar:lib/ipaddress-5.3.4.jar:lib/audience-annotations-0.12.0.jar:lib/druid-sql-29.0.0.jar:lib/maven-settings-3.1.1.jar:lib/airline-2.8.4.jar:lib/stax-ex-1.8.jar:lib/jaxb-runtime-2.3.1.jar:lib/druid-indexing-service-29.0.0.jar:lib/grpc-context-1.27.2.jar:lib/druid-processing-29.0.0.jar:lib/fastutil-extra-8.5.4.jar:lib/json-smart-2.4.11.jar:lib/jts-core-1.19.0.jar:lib/log4j-api-2.18.0.jar:lib/resilience4j-bulkhead-1.3.1.jar:lib/jetty-servlets-9.4.53.v20231009.jar:lib/okhttp-1.0.2.jar:lib/netty-codec-dns-4.1.100.Final.jar:lib/commons-math3-3.6.1.jar:lib/aws-java-sdk-core-1.12.638.jar:lib/FastInfoset-1.2.15.jar:lib/netty-common-4.1.100.Final.jar:lib/derby-10.14.2.0.jar:lib/log4j-slf4j-impl-2.18.0.jar:lib/jboss-logging-3.4.1.Final.jar:lib/curator-x-discovery-5.5.0.jar:lib/jmespath-java-1.12.638.jar:lib/error_prone_annotations-2.20.0.jar:lib/jetty-util-9.4.53.v20231009.jar:lib/cron-scheduler-0.1.jar:lib/vavr-match-0.10.2.jar:lib/aggdesigner-algorithm-6.0.jar:lib/airline-io-2.8.4.jar:lib/httpcore5-h2-5.1.3.jar:lib/jackson-jaxrs-base-2.12.7.jar:lib/jackson-module-guice-2.12.7.jar:lib/jetty-proxy-9.4.53.v20231009.jar:lib/zookeeper-3.8.3.jar:lib/hibernate-validator-6.2.5.Final.jar:lib/log4j-core-2.18.0.jar:lib/janino-3.1.9.jar:lib/jetty-http-9.4.53.v20231009.jar:lib/avatica-core-1.23.0.jar:lib/fastutil-core-8.5.4.jar:lib/maven-aether-provider-3.1.1.jar:lib/tesla-aether-0.0.5.jar:lib/uzaygezen-core-0.2.jar:lib/elasticache-java-cluster-client-1.2.0.jar:lib/commons-lang3-3.12.0.jar:lib/aether-spi-0.9.0.M2.jar:lib/jersey-servlet-1.19.4.jar:lib/druid-aws-common-29.0.0.jar:lib/json-path-2.3.0.jar:lib/druid-services-29.0.0.jar:lib/jaxb-api-2.3.1.jar:lib/metrics-core-4.2.22.jar:lib/aether-connector-okhttp-0.0.9.jar:lib/javax.inject-1.jar:lib/curator-framework-5.5.0.jar:lib/compress-lzf-1.0.4.jar:lib/zstd-jni-1.5.2-3.jar:lib/avatica-metrics-1.23.0.jar:lib/jetty-server-9.4.53.v20231009.jar:lib/netty-handler-proxy-4.1.100.Final.jar:lib/xz-1.9.jar:lib/commons-io-2.11.0.jar:lib/commons-codec-1.16.0.jar:lib/failureaccess-1.0.1.jar:lib/httpclient5-5.1.3.jar:lib/apiguardian-api-1.1.2.jar:lib/jetty-continuation-9.4.53.v20231009.jar:lib/avatica-server-1.23.0.jar:lib/jsr305-2.0.1.jar:lib/jersey-guice-1.19.4.jar:lib/guice-multibindings-4.1.0.jar:lib/aether-impl-0.9.0.M2.jar:lib/jetty-servlet-9.4.53.v20231009.jar:lib/netty-transport-native-unix-common-4.1.100.Final.jar:lib/druid-server-29.0.0.jar:lib/proj4j-1.2.2.jar:lib/asm-tree-9.3.jar:lib/netty-codec-http-4.1.100.Final.jar:lib/slf4j-api-1.7.36.jar:lib/javax.el-api-3.0.0.jar:lib/jackson-core-2.12.7.jar:lib/aether-api-0.9.0.M2.jar:lib/httpcore-4.4.11.jar:lib/jackson-jaxrs-smile-provider-2.12.7.jar:lib/jetty-security-9.4.53.v20231009.jar:lib/gson-2.10.jar:lib/plexus-utils-3.0.24.jar:lib/datasketches-memory-2.2.0.jar:lib/jackson-module-jaxb-annotations-2.12.7.jar:lib/jackson-jaxrs-json-provider-2.12.7.jar:lib/google-http-client-gson-1.42.3.jar:lib/jakarta.xml.bind-api-2.3.2.jar:lib/antlr4-runtime-4.5.3.jar:lib/commons-compiler-3.1.9.jar:lib/jdbi-2.63.1.jar:lib/rhino-1.7.14.jar:lib/aws-java-sdk-kms-1.12.638.jar:lib/j2objc-annotations-2.8.jar:lib/netty-3.10.6.Final.jar:lib/jakarta.activation-api-1.2.1.jar:lib/resilience4j-core-1.3.1.jar:lib/commons-beanutils-1.9.4.jar:lib/caffeine-2.8.0.jar:lib/sigar-1.6.5.132.jar:lib/jakarta.validation-api-2.0.2.jar:lib/calcite-core-1.35.0.jar:lib/opencensus-contrib-http-util-0.31.1.jar:lib/jetty-client-9.4.53.v20231009.jar:lib/jackson-dataformat-cbor-2.12.7.jar:lib/aether-util-0.9.0.M2.jar:lib/maven-repository-metadata-3.1.1.jar:lib/netty-transport-native-epoll-4.1.100.Final-linux-x86_64.jar:lib/druid-gcp-common-29.0.0.jar:lib/istack-commons-runtime-3.0.7.jar:lib/jna-5.13.0.jar:lib/jackson-dataformat-smile-2.12.7.jar:lib/asm-9.3.jar:lib/netty-buffer-4.1.100.Final.jar:lib/commons-lang-2.6.jar:lib/commons-logging-1.1.1.jar:lib/commons-collections4-4.2.jar:lib/maven-model-3.1.1.jar:lib/jts-io-common-1.19.0.jar:lib/vavr-0.10.2.jar:lib/commons-compress-1.24.0.jar:lib/fastutil-8.5.4.jar:lib/joni-2.1.27.jar:lib/joda-time-2.12.5.jar:lib/commons-text-1.10.0.jar:lib/plexus-interpolation-1.19.jar:lib/aopalliance-1.0.jar:lib/web-console-29.0.0.jar:lib/RoaringBitmap-0.9.49.jar:lib/datasketches-java-4.2.0.jar:lib/curator-client-5.5.0.jar:lib/opencsv-4.6.jar:lib/jetty-util-ajax-9.4.53.v20231009.jar:lib/javax.activation-1.2.0.jar:lib/jersey-core-1.19.4.jar:lib/commons-dbcp2-2.0.1.jar:lib/javax.servlet-api-3.1.0.jar:lib/jakarta.inject-api-1.0.3.jar:lib/netty-codec-socks-4.1.100.Final.jar:lib/netty-handler-4.1.100.Final.jar:lib/commons-pool2-2.2.jar:lib/jackson-annotations-2.12.7.jar:lib/httpcore5-5.1.3.jar:lib/google-oauth-client-1.34.1.jar:lib/jersey-server-1.19.4.jar:lib/oshi-core-6.4.4.jar:lib/wagon-provider-api-2.4.jar:lib/snappy-java-1.1.10.4.jar:lib/google-api-client-2.2.0.jar:lib/config-magic-0.9.jar:lib/shims-0.9.49.jar:lib/jakarta.el-3.0.4.jar:lib/jackson-datatype-joda-2.12.7.jar:lib/classmate-1.5.1.jar:lib/netty-transport-4.1.100.Final.jar:lib/jsr311-api-1.1.1.jar:lib/lz4-java-1.8.0.jar:lib/opencensus-api-0.31.1.jar:lib/jetty-io-9.4.53.v20231009.jar:
2025-10-02T07:17:44,178 INFO [main] org.apache.zookeeper.ZooKeeper - Client environment:java.library.path=/usr/java/packages/lib:/usr/lib/x86_64-linux-gnu/jni:/lib/x86_64-linux-gnu:/usr/lib/x86_64-linux-gnu:/usr/lib/jni:/lib:/usr/lib
2025-10-02T07:17:44,178 INFO [main] org.apache.zookeeper.ZooKeeper - Client environment:java.io.tmpdir=var/tmp
2025-10-02T07:17:44,178 INFO [main] org.apache.zookeeper.ZooKeeper - Client environment:java.compiler=<NA>
2025-10-02T07:17:44,178 INFO [main] org.apache.zookeeper.ZooKeeper - Client environment:os.name=Linux
2025-10-02T07:17:44,178 INFO [main] org.apache.zookeeper.ZooKeeper - Client environment:os.arch=amd64
2025-10-02T07:17:44,178 INFO [main] org.apache.zookeeper.ZooKeeper - Client environment:os.version=6.10.14-linuxkit
2025-10-02T07:17:44,178 INFO [main] org.apache.zookeeper.ZooKeeper - Client environment:user.name=druid
2025-10-02T07:17:44,178 INFO [main] org.apache.zookeeper.ZooKeeper - Client environment:user.home=/opt/druid
2025-10-02T07:17:44,178 INFO [main] org.apache.zookeeper.ZooKeeper - Client environment:user.dir=/opt/druid
2025-10-02T07:17:44,178 INFO [main] org.apache.zookeeper.ZooKeeper - Client environment:os.memory.free=333MB
2025-10-02T07:17:44,178 INFO [main] org.apache.zookeeper.ZooKeeper - Client environment:os.memory.max=512MB
2025-10-02T07:17:44,178 INFO [main] org.apache.zookeeper.ZooKeeper - Client environment:os.memory.total=512MB
2025-10-02T07:17:44,181 INFO [main] org.apache.zookeeper.ZooKeeper - Initiating client connection, connectString=zookeeper sessionTimeout=30000 watcher=org.apache.curator.ConnectionState@23365142
2025-10-02T07:17:44,183 INFO [main] org.apache.zookeeper.common.X509Util - Setting -D jdk.tls.rejectClientInitiatedRenegotiation=true to disable client-initiated TLS renegotiation
2025-10-02T07:17:44,185 INFO [main] org.apache.zookeeper.ClientCnxnSocket - jute.maxbuffer value is 1048575 Bytes
2025-10-02T07:17:44,189 INFO [main] org.apache.zookeeper.ClientCnxn - zookeeper.request.timeout value is 0. feature enabled=false
2025-10-02T07:17:44,193 INFO [main] org.apache.curator.framework.imps.CuratorFrameworkImpl - Default schema
2025-10-02T07:17:44,195 INFO [main-SendThread(zookeeper:2181)] org.apache.zookeeper.ClientCnxn - Opening socket connection to server zookeeper/172.18.0.3:2181.
2025-10-02T07:17:44,197 INFO [main-SendThread(zookeeper:2181)] org.apache.zookeeper.ClientCnxn - SASL config status: Will not attempt to authenticate using SASL (unknown error)
2025-10-02T07:17:44,203 INFO [main-SendThread(zookeeper:2181)] org.apache.zookeeper.ClientCnxn - Socket connection established, initiating session, client: /172.18.0.8:44012, server: zookeeper/172.18.0.3:2181
2025-10-02T07:17:44,208 INFO [main-SendThread(zookeeper:2181)] org.apache.zookeeper.ClientCnxn - Session establishment complete on server zookeeper/172.18.0.3:2181, session id = 0x10001be5df60007, negotiated timeout = 30000
2025-10-02T07:17:44,210 INFO [main-EventThread] org.apache.curator.framework.state.ConnectionStateManager - State change: CONNECTED
2025-10-02T07:17:44,221 INFO [main-EventThread] org.apache.curator.framework.imps.EnsembleTracker - New config event received: {}
2025-10-02T07:17:44,222 INFO [main-EventThread] org.apache.curator.framework.imps.EnsembleTracker - New config event received: {}
2025-10-02T07:17:44,238 WARN [NodeRoleWatcher[COORDINATOR]] org.apache.druid.curator.discovery.CuratorDruidNodeDiscoveryProvider$NodeRoleWatcher - Ignored event type [CONNECTION_RECONNECTED] for node watcher of role [coordinator].
2025-10-02T07:17:44,239 WARN [NodeRoleWatcher[OVERLORD]] org.apache.druid.curator.discovery.CuratorDruidNodeDiscoveryProvider$NodeRoleWatcher - Ignored event type [CONNECTION_RECONNECTED] for node watcher of role [overlord].
2025-10-02T07:17:44,261 INFO [NodeRoleWatcher[OVERLORD]] org.apache.druid.discovery.BaseNodeRoleWatcher - Node [http://overlord:8090] of role [overlord] detected.
2025-10-02T07:17:44,261 INFO [NodeRoleWatcher[COORDINATOR]] org.apache.druid.discovery.BaseNodeRoleWatcher - Node [http://coordinator:8081] of role [coordinator] detected.
2025-10-02T07:17:44,261 INFO [NodeRoleWatcher[OVERLORD]] org.apache.druid.discovery.BaseNodeRoleWatcher - Node watcher of role [overlord] is now initialized with 1 nodes.
2025-10-02T07:17:44,261 INFO [NodeRoleWatcher[COORDINATOR]] org.apache.druid.discovery.BaseNodeRoleWatcher - Node watcher of role [coordinator] is now initialized with 1 nodes.
2025-10-02T07:17:44,337 INFO [main] org.apache.druid.indexing.worker.executor.ExecutorLifecycle - Running with task: {
  "type" : "index_parallel",
  "id" : "index_parallel_wikipedia_eopbiibj_2025-10-02T07:17:39.391Z",
  "groupId" : "index_parallel_wikipedia_eopbiibj_2025-10-02T07:17:39.391Z",
  "resource" : {
    "availabilityGroup" : "index_parallel_wikipedia_eopbiibj_2025-10-02T07:17:39.391Z",
    "requiredCapacity" : 1
  },
  "spec" : {
    "dataSchema" : {
      "dataSource" : "wikipedia",
      "timestampSpec" : {
        "column" : "time",
        "format" : "iso",
        "missingValue" : null
      },
      "dimensionsSpec" : {
        "dimensions" : [ {
          "type" : "string",
          "name" : "channel",
          "multiValueHandling" : "SORTED_ARRAY",
          "createBitmapIndex" : true
        }, {
          "type" : "string",
          "name" : "cityName",
          "multiValueHandling" : "SORTED_ARRAY",
          "createBitmapIndex" : true
        }, {
          "type" : "string",
          "name" : "comment",
          "multiValueHandling" : "SORTED_ARRAY",
          "createBitmapIndex" : true
        }, {
          "type" : "string",
          "name" : "countryIsoCode",
          "multiValueHandling" : "SORTED_ARRAY",
          "createBitmapIndex" : true
        }, {
          "type" : "string",
          "name" : "countryName",
          "multiValueHandling" : "SORTED_ARRAY",
          "createBitmapIndex" : true
        }, {
          "type" : "string",
          "name" : "isAnonymous",
          "multiValueHandling" : "SORTED_ARRAY",
          "createBitmapIndex" : true
        }, {
          "type" : "string",
          "name" : "isMinor",
          "multiValueHandling" : "SORTED_ARRAY",
          "createBitmapIndex" : true
        }, {
          "type" : "string",
          "name" : "isNew",
          "multiValueHandling" : "SORTED_ARRAY",
          "createBitmapIndex" : true
        }, {
          "type" : "string",
          "name" : "isRobot",
          "multiValueHandling" : "SORTED_ARRAY",
          "createBitmapIndex" : true
        }, {
          "type" : "string",
          "name" : "isUnpatrolled",
          "multiValueHandling" : "SORTED_ARRAY",
          "createBitmapIndex" : true
        }, {
          "type" : "string",
          "name" : "metroCode",
          "multiValueHandling" : "SORTED_ARRAY",
          "createBitmapIndex" : true
        }, {
          "type" : "string",
          "name" : "namespace",
          "multiValueHandling" : "SORTED_ARRAY",
          "createBitmapIndex" : true
        }, {
          "type" : "string",
          "name" : "page",
          "multiValueHandling" : "SORTED_ARRAY",
          "createBitmapIndex" : true
        }, {
          "type" : "string",
          "name" : "regionIsoCode",
          "multiValueHandling" : "SORTED_ARRAY",
          "createBitmapIndex" : true
        }, {
          "type" : "string",
          "name" : "regionName",
          "multiValueHandling" : "SORTED_ARRAY",
          "createBitmapIndex" : true
        }, {
          "type" : "string",
          "name" : "user",
          "multiValueHandling" : "SORTED_ARRAY",
          "createBitmapIndex" : true
        }, {
          "type" : "long",
          "name" : "added",
          "multiValueHandling" : "SORTED_ARRAY",
          "createBitmapIndex" : false
        }, {
          "type" : "long",
          "name" : "deleted",
          "multiValueHandling" : "SORTED_ARRAY",
          "createBitmapIndex" : false
        }, {
          "type" : "long",
          "name" : "delta",
          "multiValueHandling" : "SORTED_ARRAY",
          "createBitmapIndex" : false
        } ],
        "dimensionExclusions" : [ "__time", "time" ],
        "includeAllDimensions" : false,
        "useSchemaDiscovery" : false
      },
      "metricsSpec" : [ ],
      "granularitySpec" : {
        "type" : "uniform",
        "segmentGranularity" : "DAY",
        "queryGranularity" : {
          "type" : "none"
        },
        "rollup" : false,
        "intervals" : [ "2015-09-12T00:00:00.000Z/2015-09-13T00:00:00.000Z" ]
      },
      "transformSpec" : {
        "filter" : null,
        "transforms" : [ ]
      }
    },
    "ioConfig" : {
      "type" : "index_parallel",
      "inputSource" : {
        "type" : "local",
        "baseDir" : "/opt/druid/var/druid/ingestion/wikipedia",
        "filter" : "wikiticker-2015-09-12-sampled.json.gz"
      },
      "inputFormat" : {
        "type" : "json",
        "keepNullColumns" : false,
        "assumeNewlineDelimited" : false,
        "useJsonNodeReader" : false
      },
      "appendToExisting" : false,
      "dropExisting" : false
    },
    "tuningConfig" : {
      "type" : "index_parallel",
      "maxRowsPerSegment" : 5000000,
      "appendableIndexSpec" : {
        "type" : "onheap",
        "preserveExistingMetrics" : false
      },
      "maxRowsInMemory" : 25000,
      "maxBytesInMemory" : 0,
      "skipBytesInMemoryOverheadCheck" : false,
      "maxTotalRows" : null,
      "numShards" : null,
      "splitHintSpec" : null,
      "partitionsSpec" : {
        "type" : "dynamic",
        "maxRowsPerSegment" : 5000000,
        "maxTotalRows" : null
      },
      "indexSpec" : {
        "bitmap" : {
          "type" : "roaring"
        },
        "dimensionCompression" : "lz4",
        "stringDictionaryEncoding" : {
          "type" : "utf8"
        },
        "metricCompression" : "lz4",
        "longEncoding" : "longs"
      },
      "indexSpecForIntermediatePersists" : {
        "bitmap" : {
          "type" : "roaring"
        },
        "dimensionCompression" : "lz4",
        "stringDictionaryEncoding" : {
          "type" : "utf8"
        },
        "metricCompression" : "lz4",
        "longEncoding" : "longs"
      },
      "maxPendingPersists" : 0,
      "forceGuaranteedRollup" : false,
      "reportParseExceptions" : false,
      "pushTimeout" : 0,
      "segmentWriteOutMediumFactory" : null,
      "maxNumConcurrentSubTasks" : 1,
      "maxRetry" : 3,
      "taskStatusCheckPeriodMs" : 1000,
      "chatHandlerTimeout" : "PT10S",
      "chatHandlerNumRetries" : 5,
      "maxNumSegmentsToMerge" : 100,
      "totalNumMergeTasks" : 10,
      "logParseExceptions" : false,
      "maxParseExceptions" : 2147483647,
      "maxSavedParseExceptions" : 0,
      "maxColumnsToMerge" : -1,
      "awaitSegmentAvailabilityTimeoutMillis" : 0,
      "maxAllowedLockCount" : -1,
      "partitionDimensions" : [ ]
    }
  },
  "context" : {
    "forceTimeChunkLock" : true,
    "useLineageBasedSegmentAllocation" : true
  },
  "dataSource" : "wikipedia"
}
2025-10-02T07:17:44,338 INFO [main] org.apache.druid.indexing.worker.executor.ExecutorLifecycle - Attempting to lock file[/opt/druid/var/druid/task/slot1/index_parallel_wikipedia_eopbiibj_2025-10-02T07:17:39.391Z/lock].
2025-10-02T07:17:44,339 INFO [main] org.apache.druid.indexing.worker.executor.ExecutorLifecycle - Acquired lock file[/opt/druid/var/druid/task/slot1/index_parallel_wikipedia_eopbiibj_2025-10-02T07:17:39.391Z/lock] in 1ms.
2025-10-02T07:17:44,341 INFO [main] org.apache.druid.indexing.common.task.AbstractBatchIndexTask - Using time chunk lock since forceTimeChunkLock is [true] and mode is [REPLACE_LEGACY].
2025-10-02T07:17:44,449 INFO [main] org.apache.druid.segment.loading.SegmentLocalCacheManager - Using storage location strategy: [LeastBytesUsedStorageLocationSelectorStrategy]
2025-10-02T07:17:44,453 INFO [task-runner-0-priority-0] org.apache.druid.indexing.overlord.SingleTaskBackgroundRunner - Running task: index_parallel_wikipedia_eopbiibj_2025-10-02T07:17:39.391Z
2025-10-02T07:17:44,454 INFO [main] org.apache.druid.java.util.common.lifecycle.Lifecycle - Starting lifecycle [module] stage [SERVER]
2025-10-02T07:17:44,455 WARN [task-runner-0-priority-0] org.apache.druid.indexing.common.task.batch.parallel.ParallelIndexSupervisorTask - maxNumConcurrentSubTasks[1] is less than or equal to 1. Running sequentially. Please set maxNumConcurrentSubTasks to something higher than 1 if you want to run in parallel ingestion mode.
2025-10-02T07:17:44,456 INFO [main] org.eclipse.jetty.server.Server - jetty-9.4.53.v20231009; built: 2023-10-09T12:29:09.265Z; git: 27bde00a0b95a1d5bbee0eae7984f891d2d0f8c9; jvm 17.0.10+7-Debian-1deb12u1
2025-10-02T07:17:44,457 INFO [task-runner-0-priority-0] org.apache.druid.indexing.common.task.AbstractBatchIndexTask - Using time chunk lock since forceTimeChunkLock is [true] and mode is [REPLACE_LEGACY].
2025-10-02T07:17:44,470 WARN [task-runner-0-priority-0] org.apache.druid.indexing.common.task.IndexTask - Chat handler is already registered. Skipping chat handler registration.
2025-10-02T07:17:44,477 INFO [main] org.eclipse.jetty.server.session - DefaultSessionIdManager workerName=node0
2025-10-02T07:17:44,477 INFO [main] org.eclipse.jetty.server.session - No SessionScavenger set, using defaults
2025-10-02T07:17:44,478 INFO [main] org.eclipse.jetty.server.session - node0 Scavenging every 600000ms
2025-10-02T07:17:44,478 INFO [task-runner-0-priority-0] org.apache.druid.indexing.common.task.IndexTask - Skipping determine partition scan
2025-10-02T07:17:44,567 INFO [main] com.sun.jersey.server.impl.application.WebApplicationImpl - Initiating Jersey application, version 'Jersey: 1.19.4 05/24/2017 03:20 PM'
2025-10-02T07:17:45,291 INFO [main] org.eclipse.jetty.server.handler.ContextHandler - Started o.e.j.s.ServletContextHandler@7a85454b{/,null,AVAILABLE}
2025-10-02T07:17:45,310 INFO [main] org.eclipse.jetty.server.AbstractConnector - Started ServerConnector@2dfab167{HTTP/1.1, (http/1.1)}{0.0.0.0:8100}
2025-10-02T07:17:45,312 INFO [main] org.eclipse.jetty.server.Server - Started @5842ms
2025-10-02T07:17:45,312 INFO [main] org.apache.druid.java.util.common.lifecycle.Lifecycle - Starting lifecycle [module] stage [ANNOUNCEMENTS]
2025-10-02T07:17:45,313 INFO [main] org.apache.druid.java.util.common.lifecycle.Lifecycle - Successfully started lifecycle [module]
2025-10-02T07:17:45,624 INFO [task-runner-0-priority-0] org.apache.druid.segment.realtime.appenderator.AppenderatorImpl - Flushing in-memory data to disk because No more rows can be appended to sink,rowsCurrentlyInMemory[25000] is greater than maxRowsInMemory[25000].
2025-10-02T07:17:45,644 INFO [task-runner-0-priority-0] org.apache.druid.segment.realtime.appenderator.AppenderatorImpl - Persisted rows[25,000] and (estimated) bytes[17,355,938]
2025-10-02T07:17:45,886 INFO [task-runner-0-priority-0] org.apache.druid.segment.realtime.appenderator.BaseAppenderatorDriver - Pushing [1] segments in background
2025-10-02T07:17:45,889 INFO [task-runner-0-priority-0] org.apache.druid.segment.realtime.appenderator.BaseAppenderatorDriver - Pushing segments: [wikipedia_2015-09-12T00:00:00.000Z_2015-09-13T00:00:00.000Z_2025-10-02T07:17:39.400Z]
2025-10-02T07:17:46,780 INFO [[index_parallel_wikipedia_eopbiibj_2025-10-02T07:17:39.391Z]-appenderator-persist] org.apache.druid.segment.realtime.appenderator.AppenderatorImpl - Flushed in-memory data for segment[wikipedia_2015-09-12T00:00:00.000Z_2015-09-13T00:00:00.000Z_2025-10-02T07:17:39.400Z] spill[0] to disk in [1,137] ms (25,000 rows).
2025-10-02T07:17:46,792 INFO [[index_parallel_wikipedia_eopbiibj_2025-10-02T07:17:39.391Z]-appenderator-persist] org.apache.druid.segment.realtime.appenderator.AppenderatorImpl - Flushed in-memory data with commit metadata [null] for segments: wikipedia_2015-09-12T00:00:00.000Z_2015-09-13T00:00:00.000Z_2025-10-02T07:17:39.400Z
2025-10-02T07:17:46,793 INFO [[index_parallel_wikipedia_eopbiibj_2025-10-02T07:17:39.391Z]-appenderator-persist] org.apache.druid.segment.realtime.appenderator.AppenderatorImpl - Persisted stats: processed rows: [39244], persisted rows[25000], sinks: [1], total fireHydrants (across sinks): [1], persisted fireHydrants (across sinks): [1]
2025-10-02T07:17:46,793 INFO [[index_parallel_wikipedia_eopbiibj_2025-10-02T07:17:39.391Z]-appenderator-persist] org.apache.druid.segment.realtime.appenderator.AppenderatorImpl - Segment[wikipedia_2015-09-12T00:00:00.000Z_2015-09-13T00:00:00.000Z_2025-10-02T07:17:39.400Z] hydrant[FireHydrant{queryable=null, count=0}] already swapped. Ignoring request to persist.
2025-10-02T07:17:46,794 INFO [task-runner-0-priority-0] org.apache.druid.segment.realtime.appenderator.AppenderatorImpl - Persisted rows[14,244] and (estimated) bytes[10,096,284]
2025-10-02T07:17:47,204 INFO [[index_parallel_wikipedia_eopbiibj_2025-10-02T07:17:39.391Z]-appenderator-persist] org.apache.druid.segment.realtime.appenderator.AppenderatorImpl - Flushed in-memory data for segment[wikipedia_2015-09-12T00:00:00.000Z_2015-09-13T00:00:00.000Z_2025-10-02T07:17:39.400Z] spill[1] to disk in [409] ms (14,244 rows).
2025-10-02T07:17:47,207 INFO [[index_parallel_wikipedia_eopbiibj_2025-10-02T07:17:39.391Z]-appenderator-persist] org.apache.druid.segment.realtime.appenderator.AppenderatorImpl - Flushed in-memory data with commit metadata [null] for segments: wikipedia_2015-09-12T00:00:00.000Z_2015-09-13T00:00:00.000Z_2025-10-02T07:17:39.400Z
2025-10-02T07:17:47,208 INFO [[index_parallel_wikipedia_eopbiibj_2025-10-02T07:17:39.391Z]-appenderator-persist] org.apache.druid.segment.realtime.appenderator.AppenderatorImpl - Persisted stats: processed rows: [39244], persisted rows[14244], sinks: [1], total fireHydrants (across sinks): [2], persisted fireHydrants (across sinks): [2]
2025-10-02T07:17:47,209 INFO [[index_parallel_wikipedia_eopbiibj_2025-10-02T07:17:39.391Z]-appenderator-merge] org.apache.druid.segment.realtime.appenderator.AppenderatorImpl - Preparing to push (stats): processed rows: [39244], sinks: [1], fireHydrants (across sinks): [2]
2025-10-02T07:17:48,241 INFO [[index_parallel_wikipedia_eopbiibj_2025-10-02T07:17:39.391Z]-appenderator-merge] org.apache.druid.segment.realtime.appenderator.AppenderatorImpl - Segment[wikipedia_2015-09-12T00:00:00.000Z_2015-09-13T00:00:00.000Z_2025-10-02T07:17:39.400Z] of 5,473,972 bytes built from 2 incremental persist(s) in 965ms; pushed to deep storage in 22ms. Load spec is: {"type":"local","path":"/opt/druid/var/druid/segments/wikipedia/2015-09-12T00:00:00.000Z_2015-09-13T00:00:00.000Z/2025-10-02T07:17:39.400Z/0/index/"}
2025-10-02T07:17:48,241 INFO [[index_parallel_wikipedia_eopbiibj_2025-10-02T07:17:39.391Z]-appenderator-merge] org.apache.druid.segment.realtime.appenderator.AppenderatorImpl - Push complete...
2025-10-02T07:17:48,262 INFO [[index_parallel_wikipedia_eopbiibj_2025-10-02T07:17:39.391Z]-appenderator-persist] org.apache.druid.segment.realtime.appenderator.AppenderatorImpl - Dropped segment[wikipedia_2015-09-12T00:00:00.000Z_2015-09-13T00:00:00.000Z_2025-10-02T07:17:39.400Z].
2025-10-02T07:17:48,348 INFO [[index_parallel_wikipedia_eopbiibj_2025-10-02T07:17:39.391Z]-publish] org.apache.druid.segment.realtime.appenderator.BaseAppenderatorDriver - Published [1] segments with commit metadata [null]
2025-10-02T07:17:48,351 INFO [[index_parallel_wikipedia_eopbiibj_2025-10-02T07:17:39.391Z]-publish] org.apache.druid.segment.realtime.appenderator.BaseAppenderatorDriver - Published segments: [wikipedia_2015-09-12T00:00:00.000Z_2015-09-13T00:00:00.000Z_2025-10-02T07:17:39.400Z]
2025-10-02T07:17:48,353 INFO [task-runner-0-priority-0] org.apache.druid.indexing.common.task.IndexTask - Processed[39,244] events, unparseable[0], thrownAway[0].
2025-10-02T07:17:48,353 INFO [task-runner-0-priority-0] org.apache.druid.indexing.common.task.IndexTask - Published [1] segments
2025-10-02T07:17:48,363 WARN [task-runner-0-priority-0] org.apache.druid.segment.realtime.firehose.ServiceAnnouncingChatHandlerProvider - handler[index_parallel_wikipedia_eopbiibj_2025-10-02T07:17:39.391Z] not currently registered, ignoring.
2025-10-02T07:17:48,364 INFO [task-runner-0-priority-0] org.apache.druid.indexing.worker.executor.ExecutorLifecycle - Task completed with status: {
  "id" : "index_parallel_wikipedia_eopbiibj_2025-10-02T07:17:39.391Z",
  "status" : "SUCCESS",
  "duration" : 3910,
  "errorMsg" : null,
  "location" : {
    "host" : null,
    "port" : -1,
    "tlsPort" : -1
  }
}
2025-10-02T07:17:48,368 INFO [main] org.apache.druid.java.util.common.lifecycle.Lifecycle - Stopping lifecycle [module] stage [ANNOUNCEMENTS]
2025-10-02T07:17:48,369 INFO [main] org.apache.druid.java.util.common.lifecycle.Lifecycle - Stopping lifecycle [module] stage [SERVER]
2025-10-02T07:17:48,374 INFO [main] org.eclipse.jetty.server.AbstractConnector - Stopped ServerConnector@2dfab167{HTTP/1.1, (http/1.1)}{0.0.0.0:8100}
2025-10-02T07:17:48,374 INFO [main] org.eclipse.jetty.server.session - node0 Stopped scavenging
2025-10-02T07:17:48,375 INFO [main] org.eclipse.jetty.server.handler.ContextHandler - Stopped o.e.j.s.ServletContextHandler@7a85454b{/,null,STOPPED}
2025-10-02T07:17:48,379 INFO [main] org.apache.druid.indexing.overlord.SingleTaskBackgroundRunner - Starting graceful shutdown of task[index_parallel_wikipedia_eopbiibj_2025-10-02T07:17:39.391Z].
2025-10-02T07:17:48,379 INFO [main] org.apache.druid.java.util.common.lifecycle.Lifecycle - Stopping lifecycle [module] stage [NORMAL]
2025-10-02T07:17:48,403 INFO [LookupExtractorFactoryContainerProvider-MainThread] org.apache.druid.query.lookup.LookupReferencesManager - Lookup Management loop exited. Lookup notices are not handled anymore.
2025-10-02T07:17:48,411 INFO [Curator-Framework-0] org.apache.curator.framework.imps.CuratorFrameworkImpl - backgroundOperationsLoop exiting
2025-10-02T07:17:48,517 INFO [main-EventThread] org.apache.zookeeper.ClientCnxn - EventThread shut down for session: 0x10001be5df60007
2025-10-02T07:17:48,517 INFO [main] org.apache.zookeeper.ZooKeeper - Session: 0x10001be5df60007 closed
2025-10-02T07:17:48,529 INFO [main] org.apache.druid.java.util.common.lifecycle.Lifecycle - Stopping lifecycle [module] stage [INIT]
Finished peon task
